#
# A fatal error has been detected by the Java Runtime Environment:
#
#  SIGSEGV (0xb) at pc=0x00007f8a78c1dee5, pid=5710, tid=5734
#
# JRE version: OpenJDK Runtime Environment (9.0+11) (build 9.0.4+11)
# Java VM: OpenJDK 64-Bit Server VM (9.0.4+11, mixed mode, tiered, compressed oops, g1 gc, linux-amd64)
# Problematic frame:
# C  [liblwjgl_opengl.so+0x46ee5]  Java_org_lwjgl_opengl_GL11_glViewport+0x15
#
# Core dump will be written. Default location: Core dumps may be processed with "/usr/lib/systemd/systemd-coredump %P %u %g %s %t %c %h %e" (or dumping to /home/david/Dropbox/ICS12/cancer/core.5710)
#
# If you would like to submit a bug report, please visit:
#   http://bugreport.java.com/bugreport/crash.jsp
# The crash happened outside the Java Virtual Machine in native code.
# See problematic frame for where to report the bug.
#

---------------  S U M M A R Y ------------

Command Line: -Dorg.lwjgl.util.Debug=true Main

Host: Intel(R) Core(TM) i5-4200U CPU @ 1.60GHz, 4 cores, 7G, Arch Linux
Time: Tue May  8 10:17:38 2018 UTC elapsed time: 0 seconds (0d 0h 0m 0s)

---------------  T H R E A D  ---------------

Current thread (0x00007f8af48de800):  JavaThread "Thread-0" [_thread_in_native, id=5734, stack(0x00007f8a788d6000,0x00007f8a789d7000)]

Stack: [0x00007f8a788d6000,0x00007f8a789d7000],  sp=0x00007f8a789d4ef8,  free space=1019k
Native frames: (J=compiled Java code, A=aot compiled Java code, j=interpreted, Vv=VM code, C=native code)
C  [liblwjgl_opengl.so+0x46ee5]  Java_org_lwjgl_opengl_GL11_glViewport+0x15
j  Main.lambda$init$0(JII)V+4
j  Main$$Lambda$18.invoke(JII)V+4
j  org.lwjgl.glfw.GLFWWindowSizeCallbackI.callback(J)V+13
v  ~StubRoutines::call_stub
V  [libjvm.so+0x82d589]
V  [libjvm.so+0x84cb92]
V  [libjvm.so+0x84f49a]
C  [liblwjgl.so+0x2f933]

Java frames: (J=compiled Java code, j=interpreted, Vv=VM code)
j  org.lwjgl.opengl.GL11.glViewport(IIII)V+0
j  Main.lambda$init$0(JII)V+4
j  Main$$Lambda$18.invoke(JII)V+4
j  org.lwjgl.glfw.GLFWWindowSizeCallbackI.callback(J)V+13
v  ~StubRoutines::call_stub
j  org.lwjgl.system.JNI.invokeV(J)V+0
j  org.lwjgl.glfw.GLFW.glfwPollEvents()V+8
j  Main$2.run()V+0
v  ~StubRoutines::call_stub

siginfo: si_signo: 11 (SIGSEGV), si_code: 1 (SEGV_MAPERR), si_addr: 0x0000000000004268

Register to memory mapping:

RAX=0x0000000000000000 is an unknown value
RBX={method} {0x00007f8ad8cd8b18} 'glViewport' '(IIII)V' in 'org/lwjgl/opengl/GL11'
RCX=0x00000000000002fe is an unknown value
RDX=0x00000000000001c5 is an unknown value
RSP=0x00007f8a789d4ef8 is pointing into the stack for thread: 0x00007f8af48de800
RBP=0x00007f8a789d4f68 is pointing into the stack for thread: 0x00007f8af48de800
RSI=0x0000000000000000 is an unknown value
RDI=0x0000000000000000 is an unknown value
R8 =0x00000000000001c5 is an unknown value
R9 =0x00000000000002fe is an unknown value
R10=0x0000000000000000 is an unknown value
R11=0x000000008bf0bbf8 is an oop
java.lang.Class 
{0x000000008bf0bbf8} - klass: 'java/lang/Class'
R12=0x0000000000000000 is an unknown value
R13=0x00007f8ad8cd8b10 is pointing into metadata
R14=0x00007f8a789d4fa0 is pointing into the stack for thread: 0x00007f8af48de800
R15=0x00007f8af48de800 is a thread


Registers:
RAX=0x0000000000000000, RBX=0x00007f8ad8cd8b18, RCX=0x00000000000002fe, RDX=0x00000000000001c5
RSP=0x00007f8a789d4ef8, RBP=0x00007f8a789d4f68, RSI=0x0000000000000000, RDI=0x0000000000000000
R8 =0x00000000000001c5, R9 =0x00000000000002fe, R10=0x0000000000000000, R11=0x000000008bf0bbf8
R12=0x0000000000000000, R13=0x00007f8ad8cd8b10, R14=0x00007f8a789d4fa0, R15=0x00007f8af48de800
RIP=0x00007f8a78c1dee5, EFLAGS=0x0000000000010283, CSGSFS=0x002b000000000033, ERR=0x0000000000000004
  TRAPNO=0x000000000000000e

Top of Stack: (sp=0x00007f8a789d4ef8)
0x00007f8a789d4ef8:   00007f8adba42ab5 00007f8a789d4f68
0x00007f8a789d4f08:   00007f8adba4280a 00007f8ad892f5a8
0x00007f8a789d4f18:   00007f8adba427d3 00007f8a789d4f20
0x00007f8a789d4f28:   00007f8ad8cd8b10 00007f8a789d4fa0 

Instructions: (pc=0x00007f8a78c1dee5)
0x00007f8a78c1dec5:   8b 80 b8 33 00 00 5b ff e0 66 90 48 8b 07 41 89
0x00007f8a78c1ded5:   d2 89 ce 44 89 c2 44 89 c9 44 89 d7 48 8b 40 18
0x00007f8a78c1dee5:   48 8b 80 68 42 00 00 ff e0 66 90 48 8b 07 41 89
0x00007f8a78c1def5:   d2 89 ce 44 89 c2 4c 89 c9 44 89 d7 48 8b 40 18 


---------------  P R O C E S S  ---------------

Java Threads: ( => current thread )
=>0x00007f8af48de800 JavaThread "Thread-0" [_thread_in_native, id=5734, stack(0x00007f8a788d6000,0x00007f8a789d7000)]
  0x00007f8af41fd800 JavaThread "Service Thread" daemon [_thread_blocked, id=5732, stack(0x00007f8a936d1000,0x00007f8a937d2000)]
  0x00007f8af4195000 JavaThread "Common-Cleaner" daemon [_thread_blocked, id=5731, stack(0x00007f8a937d2000,0x00007f8a938d3000)]
  0x00007f8af4160000 JavaThread "Sweeper thread" daemon [_thread_blocked, id=5730, stack(0x00007f8a93cfd000,0x00007f8a93dfe000)]
  0x00007f8af415e000 JavaThread "C1 CompilerThread2" daemon [_thread_blocked, id=5729, stack(0x00007f8a93dfe000,0x00007f8a93eff000)]
  0x00007f8af415c000 JavaThread "C2 CompilerThread1" daemon [_thread_blocked, id=5728, stack(0x00007f8a93eff000,0x00007f8a94000000)]
  0x00007f8af415a000 JavaThread "C2 CompilerThread0" daemon [_thread_in_native, id=5727, stack(0x00007f8ab0047000,0x00007f8ab0148000)]
  0x00007f8af4158800 JavaThread "Signal Dispatcher" daemon [_thread_blocked, id=5726, stack(0x00007f8ad8014000,0x00007f8ad8115000)]
  0x00007f8af413e800 JavaThread "Finalizer" daemon [_thread_blocked, id=5725, stack(0x00007f8ad8115000,0x00007f8ad8216000)]
  0x00007f8af4136000 JavaThread "Reference Handler" daemon [_thread_blocked, id=5724, stack(0x00007f8ad8216000,0x00007f8ad8317000)]
  0x00007f8af4011000 JavaThread "main" [_thread_in_native, id=5711, stack(0x00007f8afcba6000,0x00007f8afcca5000)]

Other Threads:
  0x00007f8af412c800 VMThread "VM Thread" [stack: 0x00007f8ad8319000,0x00007f8ad8419000] [id=5723]
  0x00007f8af4200000 WatcherThread [stack: 0x00007f8a935d1000,0x00007f8a936d1000] [id=5733]
  0x00007f8af4026000 GCTaskThread "GC Thread#0" [stack: 0x00007f8af936d000,0x00007f8af946d000] [id=5712]
  0x00007f8af4027800 GCTaskThread "GC Thread#1" [stack: 0x00007f8af926b000,0x00007f8af936b000] [id=5713]
  0x00007f8af4029800 GCTaskThread "GC Thread#2" [stack: 0x00007f8af9169000,0x00007f8af9269000] [id=5714]
  0x00007f8af402b000 GCTaskThread "GC Thread#3" [stack: 0x00007f8af9067000,0x00007f8af9167000] [id=5715]
  0x00007f8af4059800 ConcurrentGCThread "G1 Main Marker" [stack: 0x00007f8af8280000,0x00007f8af8380000] [id=5721]
  0x00007f8af405b000 ConcurrentGCThread "G1 Marker#0" [stack: 0x00007f8af817e000,0x00007f8af827e000] [id=5722]
  0x00007f8af4032800 ConcurrentGCThread "G1 Refine#0" [stack: 0x00007f8af885b000,0x00007f8af895b000] [id=5719]
  0x00007f8af4030800 ConcurrentGCThread "G1 Refine#1" [stack: 0x00007f8af895d000,0x00007f8af8a5d000] [id=5718]
  0x00007f8af402f000 ConcurrentGCThread "G1 Refine#2" [stack: 0x00007f8af8a5f000,0x00007f8af8b5f000] [id=5717]
  0x00007f8af402d000 ConcurrentGCThread "G1 Refine#3" [stack: 0x00007f8af8b61000,0x00007f8af8c61000] [id=5716]
  0x00007f8af4034000 ConcurrentGCThread "G1 Young RemSet Sampling" [stack: 0x00007f8af8759000,0x00007f8af8859000] [id=5720]

Threads with active compile tasks:
C2 CompilerThread0 747       4       java.util.jar.JarFile::getEntry (60 bytes)

VM state:not at safepoint (normal execution)

VM Mutex/Monitor currently owned by a thread: None

Heap address: 0x0000000085200000, size: 1966 MB, Compressed Oops mode: 32-bit
Narrow klass base: 0x0000000000000000, Narrow klass shift: 3
Compressed class space size: 1073741824 Address: 0x0000000100000000

Heap:
 garbage-first heap   total 126976K, used 5096K [0x0000000085200000, 0x00000000853003e0, 0x0000000100000000)
  region size 1024K, 5 young (5120K), 2 survivors (2048K)
 Metaspace       used 10214K, capacity 10461K, committed 10624K, reserved 1058816K
  class space    used 786K, capacity 853K, committed 896K, reserved 1048576K
Heap Regions: E=young(eden), S=young(survivor), O=old, HS=humongous(starts), HC=humongous(continues), CS=collection set, F=free, A=archive, TS=gc time stamp, AC=allocation context, TAMS=top-at-mark-start (previous, next)
|   0|0x0000000085200000, 0x00000000852fa000, 0x0000000085300000| 97%| O|  |TS  1|AC  0|TAMS 0x0000000085200000, 0x0000000085200000|
|   1|0x0000000085300000, 0x0000000085300000, 0x0000000085400000|  0%| F|  |TS  0|AC  0|TAMS 0x0000000085300000, 0x0000000085300000|
|   2|0x0000000085400000, 0x0000000085400000, 0x0000000085500000|  0%| F|  |TS  0|AC  0|TAMS 0x0000000085400000, 0x0000000085400000|
|   3|0x0000000085500000, 0x0000000085500000, 0x0000000085600000|  0%| F|  |TS  0|AC  0|TAMS 0x0000000085500000, 0x0000000085500000|
|   4|0x0000000085600000, 0x0000000085600000, 0x0000000085700000|  0%| F|  |TS  0|AC  0|TAMS 0x0000000085600000, 0x0000000085600000|
|   5|0x0000000085700000, 0x0000000085700000, 0x0000000085800000|  0%| F|  |TS  0|AC  0|TAMS 0x0000000085700000, 0x0000000085700000|
|   6|0x0000000085800000, 0x0000000085800000, 0x0000000085900000|  0%| F|  |TS  0|AC  0|TAMS 0x0000000085800000, 0x0000000085800000|
|   7|0x0000000085900000, 0x0000000085900000, 0x0000000085a00000|  0%| F|  |TS  0|AC  0|TAMS 0x0000000085900000, 0x0000000085900000|
|   8|0x0000000085a00000, 0x0000000085a00000, 0x0000000085b00000|  0%| F|  |TS  0|AC  0|TAMS 0x0000000085a00000, 0x0000000085a00000|
|   9|0x0000000085b00000, 0x0000000085b00000, 0x0000000085c00000|  0%| F|  |TS  0|AC  0|TAMS 0x0000000085b00000, 0x0000000085b00000|
|  10|0x0000000085c00000, 0x0000000085c00000, 0x0000000085d00000|  0%| F|  |TS  0|AC  0|TAMS 0x0000000085c00000, 0x0000000085c00000|
|  11|0x0000000085d00000, 0x0000000085d00000, 0x0000000085e00000|  0%| F|  |TS  0|AC  0|TAMS 0x0000000085d00000, 0x0000000085d00000|
|  12|0x0000000085e00000, 0x0000000085e00000, 0x0000000085f00000|  0%| F|  |TS  0|AC  0|TAMS 0x0000000085e00000, 0x0000000085e00000|
|  13|0x0000000085f00000, 0x0000000085f00000, 0x0000000086000000|  0%| F|  |TS  0|AC  0|TAMS 0x0000000085f00000, 0x0000000085f00000|
|  14|0x0000000086000000, 0x0000000086000000, 0x0000000086100000|  0%| F|  |TS  0|AC  0|TAMS 0x0000000086000000, 0x0000000086000000|
|  15|0x0000000086100000, 0x0000000086100000, 0x0000000086200000|  0%| F|  |TS  0|AC  0|TAMS 0x0000000086100000, 0x0000000086100000|
|  16|0x0000000086200000, 0x0000000086200000, 0x0000000086300000|  0%| F|  |TS  0|AC  0|TAMS 0x0000000086200000, 0x0000000086200000|
|  17|0x0000000086300000, 0x0000000086300000, 0x0000000086400000|  0%| F|  |TS  0|AC  0|TAMS 0x0000000086300000, 0x0000000086300000|
|  18|0x0000000086400000, 0x0000000086400000, 0x0000000086500000|  0%| F|  |TS  0|AC  0|TAMS 0x0000000086400000, 0x0000000086400000|
|  19|0x0000000086500000, 0x0000000086500000, 0x0000000086600000|  0%| F|  |TS  0|AC  0|TAMS 0x0000000086500000, 0x0000000086500000|
|  20|0x0000000086600000, 0x0000000086600000, 0x0000000086700000|  0%| F|  |TS  0|AC  0|TAMS 0x0000000086600000, 0x0000000086600000|
|  21|0x0000000086700000, 0x0000000086700000, 0x0000000086800000|  0%| F|  |TS  0|AC  0|TAMS 0x0000000086700000, 0x0000000086700000|
|  22|0x0000000086800000, 0x0000000086800000, 0x0000000086900000|  0%| F|  |TS  0|AC  0|TAMS 0x0000000086800000, 0x0000000086800000|
|  23|0x0000000086900000, 0x0000000086900000, 0x0000000086a00000|  0%| F|  |TS  0|AC  0|TAMS 0x0000000086900000, 0x0000000086900000|
|  24|0x0000000086a00000, 0x0000000086a00000, 0x0000000086b00000|  0%| F|  |TS  0|AC  0|TAMS 0x0000000086a00000, 0x0000000086a00000|
|  25|0x0000000086b00000, 0x0000000086b00000, 0x0000000086c00000|  0%| F|  |TS  0|AC  0|TAMS 0x0000000086b00000, 0x0000000086b00000|
|  26|0x0000000086c00000, 0x0000000086c00000, 0x0000000086d00000|  0%| F|  |TS  0|AC  0|TAMS 0x0000000086c00000, 0x0000000086c00000|
|  27|0x0000000086d00000, 0x0000000086d00000, 0x0000000086e00000|  0%| F|  |TS  0|AC  0|TAMS 0x0000000086d00000, 0x0000000086d00000|
|  28|0x0000000086e00000, 0x0000000086e00000, 0x0000000086f00000|  0%| F|  |TS  0|AC  0|TAMS 0x0000000086e00000, 0x0000000086e00000|
|  29|0x0000000086f00000, 0x0000000086f00000, 0x0000000087000000|  0%| F|  |TS  0|AC  0|TAMS 0x0000000086f00000, 0x0000000086f00000|
|  30|0x0000000087000000, 0x0000000087000000, 0x0000000087100000|  0%| F|  |TS  0|AC  0|TAMS 0x0000000087000000, 0x0000000087000000|
|  31|0x0000000087100000, 0x0000000087100000, 0x0000000087200000|  0%| F|  |TS  0|AC  0|TAMS 0x0000000087100000, 0x0000000087100000|
|  32|0x0000000087200000, 0x0000000087200000, 0x0000000087300000|  0%| F|  |TS  0|AC  0|TAMS 0x0000000087200000, 0x0000000087200000|
|  33|0x0000000087300000, 0x0000000087300000, 0x0000000087400000|  0%| F|  |TS  0|AC  0|TAMS 0x0000000087300000, 0x0000000087300000|
|  34|0x0000000087400000, 0x0000000087400000, 0x0000000087500000|  0%| F|  |TS  0|AC  0|TAMS 0x0000000087400000, 0x0000000087400000|
|  35|0x0000000087500000, 0x0000000087500000, 0x0000000087600000|  0%| F|  |TS  0|AC  0|TAMS 0x0000000087500000, 0x0000000087500000|
|  36|0x0000000087600000, 0x0000000087600000, 0x0000000087700000|  0%| F|  |TS  0|AC  0|TAMS 0x0000000087600000, 0x0000000087600000|
|  37|0x0000000087700000, 0x0000000087700000, 0x0000000087800000|  0%| F|  |TS  0|AC  0|TAMS 0x0000000087700000, 0x0000000087700000|
|  38|0x0000000087800000, 0x0000000087800000, 0x0000000087900000|  0%| F|  |TS  0|AC  0|TAMS 0x0000000087800000, 0x0000000087800000|
|  39|0x0000000087900000, 0x0000000087900000, 0x0000000087a00000|  0%| F|  |TS  0|AC  0|TAMS 0x0000000087900000, 0x0000000087900000|
|  40|0x0000000087a00000, 0x0000000087a00000, 0x0000000087b00000|  0%| F|  |TS  0|AC  0|TAMS 0x0000000087a00000, 0x0000000087a00000|
|  41|0x0000000087b00000, 0x0000000087b00000, 0x0000000087c00000|  0%| F|  |TS  0|AC  0|TAMS 0x0000000087b00000, 0x0000000087b00000|
|  42|0x0000000087c00000, 0x0000000087c00000, 0x0000000087d00000|  0%| F|  |TS  0|AC  0|TAMS 0x0000000087c00000, 0x0000000087c00000|
|  43|0x0000000087d00000, 0x0000000087d00000, 0x0000000087e00000|  0%| F|  |TS  0|AC  0|TAMS 0x0000000087d00000, 0x0000000087d00000|
|  44|0x0000000087e00000, 0x0000000087e00000, 0x0000000087f00000|  0%| F|  |TS  0|AC  0|TAMS 0x0000000087e00000, 0x0000000087e00000|
|  45|0x0000000087f00000, 0x0000000087f00000, 0x0000000088000000|  0%| F|  |TS  0|AC  0|TAMS 0x0000000087f00000, 0x0000000087f00000|
|  46|0x0000000088000000, 0x0000000088000000, 0x0000000088100000|  0%| F|  |TS  0|AC  0|TAMS 0x0000000088000000, 0x0000000088000000|
|  47|0x0000000088100000, 0x0000000088100000, 0x0000000088200000|  0%| F|  |TS  0|AC  0|TAMS 0x0000000088100000, 0x0000000088100000|
|  48|0x0000000088200000, 0x0000000088200000, 0x0000000088300000|  0%| F|  |TS  0|AC  0|TAMS 0x0000000088200000, 0x0000000088200000|
|  49|0x0000000088300000, 0x0000000088300000, 0x0000000088400000|  0%| F|  |TS  0|AC  0|TAMS 0x0000000088300000, 0x0000000088300000|
|  50|0x0000000088400000, 0x0000000088400000, 0x0000000088500000|  0%| F|  |TS  0|AC  0|TAMS 0x0000000088400000, 0x0000000088400000|
|  51|0x0000000088500000, 0x0000000088500000, 0x0000000088600000|  0%| F|  |TS  0|AC  0|TAMS 0x0000000088500000, 0x0000000088500000|
|  52|0x0000000088600000, 0x0000000088600000, 0x0000000088700000|  0%| F|  |TS  0|AC  0|TAMS 0x0000000088600000, 0x0000000088600000|
|  53|0x0000000088700000, 0x0000000088700000, 0x0000000088800000|  0%| F|  |TS  0|AC  0|TAMS 0x0000000088700000, 0x0000000088700000|
|  54|0x0000000088800000, 0x0000000088800000, 0x0000000088900000|  0%| F|  |TS  0|AC  0|TAMS 0x0000000088800000, 0x0000000088800000|
|  55|0x0000000088900000, 0x0000000088900000, 0x0000000088a00000|  0%| F|  |TS  0|AC  0|TAMS 0x0000000088900000, 0x0000000088900000|
|  56|0x0000000088a00000, 0x0000000088a00000, 0x0000000088b00000|  0%| F|  |TS  0|AC  0|TAMS 0x0000000088a00000, 0x0000000088a00000|
|  57|0x0000000088b00000, 0x0000000088b00000, 0x0000000088c00000|  0%| F|  |TS  0|AC  0|TAMS 0x0000000088b00000, 0x0000000088b00000|
|  58|0x0000000088c00000, 0x0000000088c00000, 0x0000000088d00000|  0%| F|  |TS  0|AC  0|TAMS 0x0000000088c00000, 0x0000000088c00000|
|  59|0x0000000088d00000, 0x0000000088d00000, 0x0000000088e00000|  0%| F|  |TS  0|AC  0|TAMS 0x0000000088d00000, 0x0000000088d00000|
|  60|0x0000000088e00000, 0x0000000088e00000, 0x0000000088f00000|  0%| F|  |TS  0|AC  0|TAMS 0x0000000088e00000, 0x0000000088e00000|
|  61|0x0000000088f00000, 0x0000000088f00000, 0x0000000089000000|  0%| F|  |TS  0|AC  0|TAMS 0x0000000088f00000, 0x0000000088f00000|
|  62|0x0000000089000000, 0x0000000089000000, 0x0000000089100000|  0%| F|  |TS  0|AC  0|TAMS 0x0000000089000000, 0x0000000089000000|
|  63|0x0000000089100000, 0x0000000089100000, 0x0000000089200000|  0%| F|  |TS  0|AC  0|TAMS 0x0000000089100000, 0x0000000089100000|
|  64|0x0000000089200000, 0x0000000089200000, 0x0000000089300000|  0%| F|  |TS  0|AC  0|TAMS 0x0000000089200000, 0x0000000089200000|
|  65|0x0000000089300000, 0x0000000089300000, 0x0000000089400000|  0%| F|  |TS  0|AC  0|TAMS 0x0000000089300000, 0x0000000089300000|
|  66|0x0000000089400000, 0x0000000089400000, 0x0000000089500000|  0%| F|  |TS  0|AC  0|TAMS 0x0000000089400000, 0x0000000089400000|
|  67|0x0000000089500000, 0x0000000089500000, 0x0000000089600000|  0%| F|  |TS  0|AC  0|TAMS 0x0000000089500000, 0x0000000089500000|
|  68|0x0000000089600000, 0x0000000089600000, 0x0000000089700000|  0%| F|  |TS  0|AC  0|TAMS 0x0000000089600000, 0x0000000089600000|
|  69|0x0000000089700000, 0x0000000089700000, 0x0000000089800000|  0%| F|  |TS  0|AC  0|TAMS 0x0000000089700000, 0x0000000089700000|
|  70|0x0000000089800000, 0x0000000089800000, 0x0000000089900000|  0%| F|  |TS  0|AC  0|TAMS 0x0000000089800000, 0x0000000089800000|
|  71|0x0000000089900000, 0x0000000089900000, 0x0000000089a00000|  0%| F|  |TS  0|AC  0|TAMS 0x0000000089900000, 0x0000000089900000|
|  72|0x0000000089a00000, 0x0000000089a00000, 0x0000000089b00000|  0%| F|  |TS  0|AC  0|TAMS 0x0000000089a00000, 0x0000000089a00000|
|  73|0x0000000089b00000, 0x0000000089b00000, 0x0000000089c00000|  0%| F|  |TS  0|AC  0|TAMS 0x0000000089b00000, 0x0000000089b00000|
|  74|0x0000000089c00000, 0x0000000089c00000, 0x0000000089d00000|  0%| F|  |TS  0|AC  0|TAMS 0x0000000089c00000, 0x0000000089c00000|
|  75|0x0000000089d00000, 0x0000000089d00000, 0x0000000089e00000|  0%| F|  |TS  0|AC  0|TAMS 0x0000000089d00000, 0x0000000089d00000|
|  76|0x0000000089e00000, 0x0000000089e00000, 0x0000000089f00000|  0%| F|  |TS  0|AC  0|TAMS 0x0000000089e00000, 0x0000000089e00000|
|  77|0x0000000089f00000, 0x0000000089f00000, 0x000000008a000000|  0%| F|  |TS  0|AC  0|TAMS 0x0000000089f00000, 0x0000000089f00000|
|  78|0x000000008a000000, 0x000000008a000000, 0x000000008a100000|  0%| F|  |TS  0|AC  0|TAMS 0x000000008a000000, 0x000000008a000000|
|  79|0x000000008a100000, 0x000000008a100000, 0x000000008a200000|  0%| F|  |TS  0|AC  0|TAMS 0x000000008a100000, 0x000000008a100000|
|  80|0x000000008a200000, 0x000000008a200000, 0x000000008a300000|  0%| F|  |TS  0|AC  0|TAMS 0x000000008a200000, 0x000000008a200000|
|  81|0x000000008a300000, 0x000000008a300000, 0x000000008a400000|  0%| F|  |TS  0|AC  0|TAMS 0x000000008a300000, 0x000000008a300000|
|  82|0x000000008a400000, 0x000000008a400000, 0x000000008a500000|  0%| F|  |TS  0|AC  0|TAMS 0x000000008a400000, 0x000000008a400000|
|  83|0x000000008a500000, 0x000000008a500000, 0x000000008a600000|  0%| F|  |TS  0|AC  0|TAMS 0x000000008a500000, 0x000000008a500000|
|  84|0x000000008a600000, 0x000000008a600000, 0x000000008a700000|  0%| F|  |TS  0|AC  0|TAMS 0x000000008a600000, 0x000000008a600000|
|  85|0x000000008a700000, 0x000000008a700000, 0x000000008a800000|  0%| F|  |TS  0|AC  0|TAMS 0x000000008a700000, 0x000000008a700000|
|  86|0x000000008a800000, 0x000000008a800000, 0x000000008a900000|  0%| F|  |TS  0|AC  0|TAMS 0x000000008a800000, 0x000000008a800000|
|  87|0x000000008a900000, 0x000000008a900000, 0x000000008aa00000|  0%| F|  |TS  0|AC  0|TAMS 0x000000008a900000, 0x000000008a900000|
|  88|0x000000008aa00000, 0x000000008aa00000, 0x000000008ab00000|  0%| F|  |TS  0|AC  0|TAMS 0x000000008aa00000, 0x000000008aa00000|
|  89|0x000000008ab00000, 0x000000008ab00000, 0x000000008ac00000|  0%| F|  |TS  0|AC  0|TAMS 0x000000008ab00000, 0x000000008ab00000|
|  90|0x000000008ac00000, 0x000000008ac00000, 0x000000008ad00000|  0%| F|  |TS  0|AC  0|TAMS 0x000000008ac00000, 0x000000008ac00000|
|  91|0x000000008ad00000, 0x000000008ad00000, 0x000000008ae00000|  0%| F|  |TS  0|AC  0|TAMS 0x000000008ad00000, 0x000000008ad00000|
|  92|0x000000008ae00000, 0x000000008ae00000, 0x000000008af00000|  0%| F|  |TS  0|AC  0|TAMS 0x000000008ae00000, 0x000000008ae00000|
|  93|0x000000008af00000, 0x000000008af00000, 0x000000008b000000|  0%| F|  |TS  0|AC  0|TAMS 0x000000008af00000, 0x000000008af00000|
|  94|0x000000008b000000, 0x000000008b000000, 0x000000008b100000|  0%| F|  |TS  0|AC  0|TAMS 0x000000008b000000, 0x000000008b000000|
|  95|0x000000008b100000, 0x000000008b100000, 0x000000008b200000|  0%| F|  |TS  0|AC  0|TAMS 0x000000008b100000, 0x000000008b100000|
|  96|0x000000008b200000, 0x000000008b200000, 0x000000008b300000|  0%| F|  |TS  0|AC  0|TAMS 0x000000008b200000, 0x000000008b200000|
|  97|0x000000008b300000, 0x000000008b300000, 0x000000008b400000|  0%| F|  |TS  0|AC  0|TAMS 0x000000008b300000, 0x000000008b300000|
|  98|0x000000008b400000, 0x000000008b400000, 0x000000008b500000|  0%| F|  |TS  0|AC  0|TAMS 0x000000008b400000, 0x000000008b400000|
|  99|0x000000008b500000, 0x000000008b500000, 0x000000008b600000|  0%| F|  |TS  0|AC  0|TAMS 0x000000008b500000, 0x000000008b500000|
| 100|0x000000008b600000, 0x000000008b600000, 0x000000008b700000|  0%| F|  |TS  0|AC  0|TAMS 0x000000008b600000, 0x000000008b600000|
| 101|0x000000008b700000, 0x000000008b700000, 0x000000008b800000|  0%| F|  |TS  0|AC  0|TAMS 0x000000008b700000, 0x000000008b700000|
| 102|0x000000008b800000, 0x000000008b800000, 0x000000008b900000|  0%| F|  |TS  0|AC  0|TAMS 0x000000008b800000, 0x000000008b800000|
| 103|0x000000008b900000, 0x000000008b900000, 0x000000008ba00000|  0%| F|  |TS  0|AC  0|TAMS 0x000000008b900000, 0x000000008b900000|
| 104|0x000000008ba00000, 0x000000008ba00000, 0x000000008bb00000|  0%| F|  |TS  0|AC  0|TAMS 0x000000008ba00000, 0x000000008ba00000|
| 105|0x000000008bb00000, 0x000000008bb00000, 0x000000008bc00000|  0%| F|  |TS  0|AC  0|TAMS 0x000000008bb00000, 0x000000008bb00000|
| 106|0x000000008bc00000, 0x000000008bc00000, 0x000000008bd00000|  0%| F|  |TS  0|AC  0|TAMS 0x000000008bc00000, 0x000000008bc00000|
| 107|0x000000008bd00000, 0x000000008bd00000, 0x000000008be00000|  0%| F|  |TS  0|AC  0|TAMS 0x000000008bd00000, 0x000000008bd00000|
| 108|0x000000008be00000, 0x000000008bf00000, 0x000000008bf00000|100%| S|CS|TS  1|AC  0|TAMS 0x000000008be00000, 0x000000008be00000|
| 109|0x000000008bf00000, 0x000000008c000000, 0x000000008c000000|100%| S|CS|TS  1|AC  0|TAMS 0x000000008bf00000, 0x000000008bf00000|
| 110|0x000000008c000000, 0x000000008c000000, 0x000000008c100000|  0%| F|  |TS  1|AC  0|TAMS 0x000000008c000000, 0x000000008c000000|
| 111|0x000000008c100000, 0x000000008c100000, 0x000000008c200000|  0%| F|  |TS  1|AC  0|TAMS 0x000000008c100000, 0x000000008c100000|
| 112|0x000000008c200000, 0x000000008c200000, 0x000000008c300000|  0%| F|  |TS  1|AC  0|TAMS 0x000000008c200000, 0x000000008c200000|
| 113|0x000000008c300000, 0x000000008c300000, 0x000000008c400000|  0%| F|  |TS  1|AC  0|TAMS 0x000000008c300000, 0x000000008c300000|
| 114|0x000000008c400000, 0x000000008c400000, 0x000000008c500000|  0%| F|  |TS  1|AC  0|TAMS 0x000000008c400000, 0x000000008c400000|
| 115|0x000000008c500000, 0x000000008c500000, 0x000000008c600000|  0%| F|  |TS  1|AC  0|TAMS 0x000000008c500000, 0x000000008c500000|
| 116|0x000000008c600000, 0x000000008c600000, 0x000000008c700000|  0%| F|  |TS  1|AC  0|TAMS 0x000000008c600000, 0x000000008c600000|
| 117|0x000000008c700000, 0x000000008c700000, 0x000000008c800000|  0%| F|  |TS  1|AC  0|TAMS 0x000000008c700000, 0x000000008c700000|
| 118|0x000000008c800000, 0x000000008c800000, 0x000000008c900000|  0%| F|  |TS  1|AC  0|TAMS 0x000000008c800000, 0x000000008c800000|
| 119|0x000000008c900000, 0x000000008c900000, 0x000000008ca00000|  0%| F|  |TS  1|AC  0|TAMS 0x000000008c900000, 0x000000008c900000|
| 120|0x000000008ca00000, 0x000000008ca00000, 0x000000008cb00000|  0%| F|  |TS  1|AC  0|TAMS 0x000000008ca00000, 0x000000008ca00000|
| 121|0x000000008cb00000, 0x000000008cc00000, 0x000000008cc00000|100%| E|  |TS  1|AC  0|TAMS 0x000000008cb00000, 0x000000008cb00000|
| 122|0x000000008cc00000, 0x000000008cd00000, 0x000000008cd00000|100%| E|CS|TS  1|AC  0|TAMS 0x000000008cc00000, 0x000000008cc00000|
| 123|0x000000008cd00000, 0x000000008ce00000, 0x000000008ce00000|100%| E|CS|TS  1|AC  0|TAMS 0x000000008cd00000, 0x000000008cd00000|

Card table byte_map: [0x00007f8adb27c000,0x00007f8adb653000] byte_map_base: 0x00007f8adae53000

Marking Bits (Prev, Next): (CMBitMap*) 0x00007f8af4058840, (CMBitMap*) 0x00007f8af4058878
 Prev Bits: [0x00007f8ad8fed000, 0x00007f8adaea5000)
 Next Bits: [0x00007f8ab2148000, 0x00007f8ab4000000)

Polling page: 0x00007f8afccca000

CodeHeap 'non-profiled nmethods': size=120032Kb used=244Kb max_used=244Kb free=119787Kb
 bounds [0x00007f8ae34f2000, 0x00007f8ae3762000, 0x00007f8aeaa2a000]
CodeHeap 'profiled nmethods': size=120032Kb used=1360Kb max_used=1360Kb free=118671Kb
 bounds [0x00007f8adbfba000, 0x00007f8adc22a000, 0x00007f8ae34f2000]
CodeHeap 'non-nmethods': size=5696Kb used=1487Kb max_used=1501Kb free=4209Kb
 bounds [0x00007f8adba2a000, 0x00007f8adbc9a000, 0x00007f8adbfba000]
 total_blobs=1821 nmethods=807 adapters=761
 compilation: enabled

Compilation events (10 events):
Event: 0.589 Thread 0x00007f8af415e000  794       3       org.lwjgl.PointerBuffer::put (20 bytes)
Event: 0.590 Thread 0x00007f8af415e000 nmethod 794 0x00007f8adc109c10 code [0x00007f8adc109e00, 0x00007f8adc10a528]
Event: 0.590 Thread 0x00007f8af415e000  795       3       org.lwjgl.system.CustomBuffer::checkIndex (23 bytes)
Event: 0.590 Thread 0x00007f8af415e000 nmethod 795 0x00007f8adc10a790 code [0x00007f8adc10a960, 0x00007f8adc10ac08]
Event: 0.590 Thread 0x00007f8af415e000  790       3       jdk.internal.reflect.UnsafeQualifiedLongFieldAccessorImpl::<init> (7 bytes)
Event: 0.590 Thread 0x00007f8af415e000 nmethod 790 0x00007f8adc10ad10 code [0x00007f8adc10aec0, 0x00007f8adc10b0c8]
Event: 0.590 Thread 0x00007f8af415e000  791       3       jdk.internal.reflect.UnsafeQualifiedFieldAccessorImpl::<init> (11 bytes)
Event: 0.591 Thread 0x00007f8af415e000 nmethod 791 0x00007f8adc10b190 code [0x00007f8adc10b340, 0x00007f8adc10b4e8]
Event: 0.591 Thread 0x00007f8af415e000  793       3       jdk.internal.reflect.UnsafeFieldAccessorImpl::ensureObj (23 bytes)
Event: 0.591 Thread 0x00007f8af415e000 nmethod 793 0x00007f8adc10b590 code [0x00007f8adc10b7a0, 0x00007f8adc10c138]

GC Heap History (2 events):
Event: 0.540 GC heap before
{Heap before GC invocations=0 (full 0):
 garbage-first heap   total 126976K, used 14336K [0x0000000085200000, 0x00000000853003e0, 0x0000000100000000)
  region size 1024K, 14 young (14336K), 0 survivors (0K)
 Metaspace       used 9660K, capacity 9857K, committed 10112K, reserved 1058816K
  class space    used 730K, capacity 781K, committed 896K, reserved 1048576K
}
Event: 0.545 GC heap after
{Heap after GC invocations=1 (full 0):
 garbage-first heap   total 126976K, used 3048K [0x0000000085200000, 0x00000000853003e0, 0x0000000100000000)
  region size 1024K, 2 young (2048K), 2 survivors (2048K)
 Metaspace       used 9660K, capacity 9857K, committed 10112K, reserved 1058816K
  class space    used 730K, capacity 781K, committed 896K, reserved 1048576K
}

Deoptimization events (0 events):
No events

Classes redefined (0 events):
No events

Internal exceptions (10 events):
Event: 0.257 Thread 0x00007f8af4011000 Exception <a 'java/lang/NoSuchMethodError'{0x000000008c9e0050}: java.lang.Object.lambda$union$2(Ljava/util/regex/Pattern$CharPredicate;I)Z> (0x000000008c9e0050) thrown at [/build/java9-openjdk/src/jdk9u-jdk-9.0.4+11/hotspot/src/share/vm/interpreter/linkRe
Event: 0.261 Thread 0x00007f8af4011000 Exception <a 'java/lang/NoSuchMethodError'{0x000000008c9fa740}: java.lang.invoke.DirectMethodHandle$Holder.invokeStatic(Ljava/lang/Object;Ljava/lang/Object;)I> (0x000000008c9fa740) thrown at [/build/java9-openjdk/src/jdk9u-jdk-9.0.4+11/hotspot/src/share/v
Event: 0.264 Thread 0x00007f8af4011000 Exception <a 'java/lang/NoSuchMethodError'{0x000000008c8087c8}: method resolution failed> (0x000000008c8087c8) thrown at [/build/java9-openjdk/src/jdk9u-jdk-9.0.4+11/hotspot/src/share/vm/prims/methodHandles.cpp, line 1256]
Event: 0.265 Thread 0x00007f8af4011000 Exception <a 'java/lang/NoSuchMethodError'{0x000000008c80c410}: method resolution failed> (0x000000008c80c410) thrown at [/build/java9-openjdk/src/jdk9u-jdk-9.0.4+11/hotspot/src/share/vm/prims/methodHandles.cpp, line 1256]
Event: 0.265 Thread 0x00007f8af4011000 Exception <a 'java/lang/NoSuchMethodError'{0x000000008c80f910}: java.lang.invoke.DelegatingMethodHandle$Holder.delegate(Ljava/lang/Object;Ljava/lang/Object;ILjava/lang/Object;)V> (0x000000008c80f910) thrown at [/build/java9-openjdk/src/jdk9u-jdk-9.0.4+11/
Event: 0.266 Thread 0x00007f8af4011000 Exception <a 'java/lang/NoSuchMethodError'{0x000000008c813618}: java.lang.invoke.DirectMethodHandle$Holder.invokeSpecial(Ljava/lang/Object;Ljava/lang/Object;Ljava/lang/Object;)I> (0x000000008c813618) thrown at [/build/java9-openjdk/src/jdk9u-jdk-9.0.4+11/
Event: 0.267 Thread 0x00007f8af4011000 Exception <a 'java/lang/NoSuchMethodError'{0x000000008c81a640}: java.lang.invoke.DirectMethodHandle$Holder.invokeStaticInit(Ljava/lang/Object;Ljava/lang/Object;Ljava/lang/Object;)Ljava/lang/Object;> (0x000000008c81a640) thrown at [/build/java9-openjdk/src
Event: 0.405 Thread 0x00007f8af4011000 Exception <a 'java/lang/NoSuchMethodError'{0x000000008c6e3e98}: java.lang.invoke.DirectMethodHandle$Holder.invokeStatic(Ljava/lang/Object;JII)V> (0x000000008c6e3e98) thrown at [/build/java9-openjdk/src/jdk9u-jdk-9.0.4+11/hotspot/src/share/vm/interpreter/l
Event: 0.427 Thread 0x00007f8af4011000 Exception <a 'sun/nio/fs/UnixException'{0x000000008c55e928}> (0x000000008c55e928) thrown at [/build/java9-openjdk/src/jdk9u-jdk-9.0.4+11/hotspot/src/share/vm/prims/jni.cpp, line 604]
Event: 0.570 Thread 0x00007f8af4011000 Exception <a 'java/lang/NoSuchMethodError'{0x000000008cb10a08}: java.lang.invoke.DirectMethodHandle$Holder.invokeInterface(Ljava/lang/Object;Ljava/lang/Object;Ljava/lang/Object;)I> (0x000000008cb10a08) thrown at [/build/java9-openjdk/src/jdk9u-jdk-9.0.4+1

Events (10 events):
Event: 0.574 loading class jdk/internal/reflect/UnsafeQualifiedFieldAccessorImpl
Event: 0.574 loading class jdk/internal/reflect/UnsafeQualifiedFieldAccessorImpl done
Event: 0.574 loading class jdk/internal/reflect/UnsafeQualifiedLongFieldAccessorImpl done
Event: 0.587 loading class org/lwjgl/glfw/EventLoop$OnScreen
Event: 0.587 loading class org/lwjgl/glfw/EventLoop$OnScreen done
Event: 0.589 loading class Main$2
Event: 0.589 loading class Main$2 done
Event: 0.591 Thread 0x00007f8af48de800 Thread added: 0x00007f8af48de800
Event: 0.592 loading class org/lwjgl/opengl/GL$ICDStatic$WriteOnce
Event: 0.592 loading class org/lwjgl/opengl/GL$ICDStatic$WriteOnce done


Dynamic libraries:
85200000-8ce00000 rw-p 00000000 00:00 0 
8ce00000-100000000 ---p 00000000 00:00 0 
100000000-1000e0000 rw-p 00000000 00:00 0 
1000e0000-140000000 ---p 00000000 00:00 0 
560684c96000-560684c97000 r-xp 00000000 08:08 279043                     /usr/lib/jvm/java-9-openjdk/bin/java
560684e97000-560684e98000 r--p 00001000 08:08 279043                     /usr/lib/jvm/java-9-openjdk/bin/java
560684e98000-560684e99000 rw-p 00002000 08:08 279043                     /usr/lib/jvm/java-9-openjdk/bin/java
560685cca000-560685ceb000 rw-p 00000000 00:00 0                          [heap]
7f8a70000000-7f8a70023000 rw-p 00000000 00:00 0 
7f8a70023000-7f8a74000000 ---p 00000000 00:00 0 
7f8a74000000-7f8a74021000 rw-p 00000000 00:00 0 
7f8a74021000-7f8a78000000 ---p 00000000 00:00 0 
7f8a788d6000-7f8a788da000 ---p 00000000 00:00 0 
7f8a788da000-7f8a78b57000 rw-p 00000000 00:00 0 
7f8a78b57000-7f8a78bd7000 ---p 00000000 00:00 0 
7f8a78bd7000-7f8a78c42000 r-xp 00000000 00:2c 25306                      /tmp/lwjgldavid/3.1.6-build-14/liblwjgl_opengl.so
7f8a78c42000-7f8a78e41000 ---p 0006b000 00:2c 25306                      /tmp/lwjgldavid/3.1.6-build-14/liblwjgl_opengl.so
7f8a78e41000-7f8a78e42000 r--p 0006a000 00:2c 25306                      /tmp/lwjgldavid/3.1.6-build-14/liblwjgl_opengl.so
7f8a78e42000-7f8a78e43000 rw-p 0006b000 00:2c 25306                      /tmp/lwjgldavid/3.1.6-build-14/liblwjgl_opengl.so
7f8a78e43000-7f8a7a1f4000 rw-p 00000000 00:00 0 
7f8a7a1f4000-7f8a7a1fc000 r-xp 00000000 08:08 33619                      /usr/lib/libpciaccess.so.0.11.1
7f8a7a1fc000-7f8a7a3fc000 ---p 00008000 08:08 33619                      /usr/lib/libpciaccess.so.0.11.1
7f8a7a3fc000-7f8a7a3fd000 r--p 00008000 08:08 33619                      /usr/lib/libpciaccess.so.0.11.1
7f8a7a3fd000-7f8a7a3fe000 rw-p 00009000 08:08 33619                      /usr/lib/libpciaccess.so.0.11.1
7f8a7a3fe000-7f8a7a405000 r-xp 00000000 08:08 33639                      /usr/lib/libdrm_nouveau.so.2.0.0
7f8a7a405000-7f8a7a604000 ---p 00007000 08:08 33639                      /usr/lib/libdrm_nouveau.so.2.0.0
7f8a7a604000-7f8a7a605000 r--p 00006000 08:08 33639                      /usr/lib/libdrm_nouveau.so.2.0.0
7f8a7a605000-7f8a7a606000 rw-p 00007000 08:08 33639                      /usr/lib/libdrm_nouveau.so.2.0.0
7f8a7a606000-7f8a7a611000 r-xp 00000000 08:08 33633                      /usr/lib/libdrm_radeon.so.1.0.1
7f8a7a611000-7f8a7a810000 ---p 0000b000 08:08 33633                      /usr/lib/libdrm_radeon.so.1.0.1
7f8a7a810000-7f8a7a811000 r--p 0000a000 08:08 33633                      /usr/lib/libdrm_radeon.so.1.0.1
7f8a7a811000-7f8a7a812000 rw-p 0000b000 08:08 33633                      /usr/lib/libdrm_radeon.so.1.0.1
7f8a7a812000-7f8a7a835000 r-xp 00000000 08:08 33634                      /usr/lib/libdrm_intel.so.1.0.0
7f8a7a835000-7f8a7aa34000 ---p 00023000 08:08 33634                      /usr/lib/libdrm_intel.so.1.0.0
7f8a7aa34000-7f8a7aa35000 r--p 00022000 08:08 33634                      /usr/lib/libdrm_intel.so.1.0.0
7f8a7aa35000-7f8a7aa36000 rw-p 00023000 08:08 33634                      /usr/lib/libdrm_intel.so.1.0.0
7f8a7aa36000-7f8a7b2bf000 r-xp 00000000 08:08 138956                     /usr/lib/dri/i965_dri.so
7f8a7b2bf000-7f8a7b4be000 ---p 00889000 08:08 138956                     /usr/lib/dri/i965_dri.so
7f8a7b4be000-7f8a7b50f000 r--p 00888000 08:08 138956                     /usr/lib/dri/i965_dri.so
7f8a7b50f000-7f8a7b519000 rw-p 008d9000 08:08 138956                     /usr/lib/dri/i965_dri.so
7f8a7b519000-7f8a7b5be000 rw-p 00000000 00:00 0 
7f8a7b5be000-7f8a7b5ed000 r-xp 00000000 08:08 13951                      /usr/lib/libexpat.so.1.6.7
7f8a7b5ed000-7f8a7b7ed000 ---p 0002f000 08:08 13951                      /usr/lib/libexpat.so.1.6.7
7f8a7b7ed000-7f8a7b7ef000 r--p 0002f000 08:08 13951                      /usr/lib/libexpat.so.1.6.7
7f8a7b7ef000-7f8a7b7f0000 rw-p 00031000 08:08 13951                      /usr/lib/libexpat.so.1.6.7
7f8a7b7f0000-7f8a7b7f1000 r-xp 00000000 08:08 33789                      /usr/lib/libxshmfence.so.1.0.0
7f8a7b7f1000-7f8a7b9f0000 ---p 00001000 08:08 33789                      /usr/lib/libxshmfence.so.1.0.0
7f8a7b9f0000-7f8a7b9f1000 r--p 00000000 08:08 33789                      /usr/lib/libxshmfence.so.1.0.0
7f8a7b9f1000-7f8a7b9f2000 rw-p 00001000 08:08 33789                      /usr/lib/libxshmfence.so.1.0.0
7f8a7b9f2000-7f8a7b9f8000 r-xp 00000000 08:08 32562                      /usr/lib/libxcb-sync.so.1.0.0
7f8a7b9f8000-7f8a7bbf7000 ---p 00006000 08:08 32562                      /usr/lib/libxcb-sync.so.1.0.0
7f8a7bbf7000-7f8a7bbf8000 r--p 00005000 08:08 32562                      /usr/lib/libxcb-sync.so.1.0.0
7f8a7bbf8000-7f8a7bbf9000 rw-p 00006000 08:08 32562                      /usr/lib/libxcb-sync.so.1.0.0
7f8a7bbf9000-7f8a7bbfb000 r-xp 00000000 08:08 32554                      /usr/lib/libxcb-present.so.0.0.0
7f8a7bbfb000-7f8a7bdfa000 ---p 00002000 08:08 32554                      /usr/lib/libxcb-present.so.0.0.0
7f8a7bdfa000-7f8a7bdfb000 r--p 00001000 08:08 32554                      /usr/lib/libxcb-present.so.0.0.0
7f8a7bdfb000-7f8a7bdfc000 rw-p 00002000 08:08 32554                      /usr/lib/libxcb-present.so.0.0.0
7f8a7bdfc000-7f8a7bdff000 r-xp 00000000 08:08 32563                      /usr/lib/libxcb-dri3.so.0.0.0
7f8a7bdff000-7f8a7bffe000 ---p 00003000 08:08 32563                      /usr/lib/libxcb-dri3.so.0.0.0
7f8a7bffe000-7f8a7bfff000 r--p 00002000 08:08 32563                      /usr/lib/libxcb-dri3.so.0.0.0
7f8a7bfff000-7f8a7c000000 rw-p 00003000 08:08 32563                      /usr/lib/libxcb-dri3.so.0.0.0
7f8a7c000000-7f8a7c021000 rw-p 00000000 00:00 0 
7f8a7c021000-7f8a80000000 ---p 00000000 00:00 0 
7f8a80000000-7f8a80021000 rw-p 00000000 00:00 0 
7f8a80021000-7f8a84000000 ---p 00000000 00:00 0 
7f8a84000000-7f8a84227000 rw-p 00000000 00:00 0 
7f8a84227000-7f8a88000000 ---p 00000000 00:00 0 
7f8a88000000-7f8a88021000 rw-p 00000000 00:00 0 
7f8a88021000-7f8a8c000000 ---p 00000000 00:00 0 
7f8a8c000000-7f8a8c2a1000 rw-p 00000000 00:00 0 
7f8a8c2a1000-7f8a90000000 ---p 00000000 00:00 0 
7f8a900d0000-7f8a90110000 rw-s 00000000 08:04 3579799                    /home/david/#3579799 (deleted)
7f8a90110000-7f8a90112000 r-xp 00000000 08:08 33783                      /usr/lib/libXdamage.so.1.1.0
7f8a90112000-7f8a90311000 ---p 00002000 08:08 33783                      /usr/lib/libXdamage.so.1.1.0
7f8a90311000-7f8a90312000 r--p 00001000 08:08 33783                      /usr/lib/libXdamage.so.1.1.0
7f8a90312000-7f8a90313000 rw-p 00002000 08:08 33783                      /usr/lib/libXdamage.so.1.1.0
7f8a90313000-7f8a90317000 r-xp 00000000 08:08 32574                      /usr/lib/libxcb-dri2.so.0.0.0
7f8a90317000-7f8a90516000 ---p 00004000 08:08 32574                      /usr/lib/libxcb-dri2.so.0.0.0
7f8a90516000-7f8a90517000 r--p 00003000 08:08 32574                      /usr/lib/libxcb-dri2.so.0.0.0
7f8a90517000-7f8a90518000 rw-p 00004000 08:08 32574                      /usr/lib/libxcb-dri2.so.0.0.0
7f8a90518000-7f8a90531000 r-xp 00000000 08:08 32587                      /usr/lib/libxcb-glx.so.0.0.0
7f8a90531000-7f8a90730000 ---p 00019000 08:08 32587                      /usr/lib/libxcb-glx.so.0.0.0
7f8a90730000-7f8a90732000 r--p 00018000 08:08 32587                      /usr/lib/libxcb-glx.so.0.0.0
7f8a90732000-7f8a90733000 rw-p 0001a000 08:08 32587                      /usr/lib/libxcb-glx.so.0.0.0
7f8a90733000-7f8a90744000 r-xp 00000000 08:08 33646                      /usr/lib/libdrm.so.2.4.0
7f8a90744000-7f8a90943000 ---p 00011000 08:08 33646                      /usr/lib/libdrm.so.2.4.0
7f8a90943000-7f8a90944000 r--p 00010000 08:08 33646                      /usr/lib/libdrm.so.2.4.0
7f8a90944000-7f8a90945000 rw-p 00011000 08:08 33646                      /usr/lib/libdrm.so.2.4.0
7f8a90945000-7f8a90971000 r-xp 00000000 08:08 33904                      /usr/lib/libglapi.so.0.0.0
7f8a90971000-7f8a90b70000 ---p 0002c000 08:08 33904                      /usr/lib/libglapi.so.0.0.0
7f8a90b70000-7f8a90b74000 r--p 0002b000 08:08 33904                      /usr/lib/libglapi.so.0.0.0
7f8a90b74000-7f8a90b75000 rw-p 0002f000 08:08 33904                      /usr/lib/libglapi.so.0.0.0
7f8a90b75000-7f8a90b76000 rw-p 00000000 00:00 0 
7f8a90b76000-7f8a90be6000 r-xp 00000000 08:08 33911                      /usr/lib/libGLX_mesa.so.0.0.0
7f8a90be6000-7f8a90de5000 ---p 00070000 08:08 33911                      /usr/lib/libGLX_mesa.so.0.0.0
7f8a90de5000-7f8a90de8000 r--p 0006f000 08:08 33911                      /usr/lib/libGLX_mesa.so.0.0.0
7f8a90de8000-7f8a90de9000 rw-p 00072000 08:08 33911                      /usr/lib/libGLX_mesa.so.0.0.0
7f8a90de9000-7f8a90e57000 r-xp 00000000 08:08 33931                      /usr/lib/libGLdispatch.so.0.0.0
7f8a90e57000-7f8a91056000 ---p 0006e000 08:08 33931                      /usr/lib/libGLdispatch.so.0.0.0
7f8a91056000-7f8a9107e000 r--p 0006d000 08:08 33931                      /usr/lib/libGLdispatch.so.0.0.0
7f8a9107e000-7f8a9107f000 rw-p 00095000 08:08 33931                      /usr/lib/libGLdispatch.so.0.0.0
7f8a9107f000-7f8a9109f000 rw-p 00000000 00:00 0 
7f8a9109f000-7f8a910af000 r-xp 00000000 08:08 33934                      /usr/lib/libGLX.so.0.0.0
7f8a910af000-7f8a912ae000 ---p 00010000 08:08 33934                      /usr/lib/libGLX.so.0.0.0
7f8a912ae000-7f8a912af000 r--p 0000f000 08:08 33934                      /usr/lib/libGLX.so.0.0.0
7f8a912af000-7f8a912b0000 rw-p 00010000 08:08 33934                      /usr/lib/libGLX.so.0.0.0
7f8a912b0000-7f8a912d0000 rw-p 00000000 00:00 0 
7f8a912d0000-7f8a91340000 r-xp 00000000 08:08 33935                      /usr/lib/libGL.so.1.0.0
7f8a91340000-7f8a9153f000 ---p 00070000 08:08 33935                      /usr/lib/libGL.so.1.0.0
7f8a9153f000-7f8a91559000 r--p 0006f000 08:08 33935                      /usr/lib/libGL.so.1.0.0
7f8a91559000-7f8a9155a000 rw-p 00089000 08:08 33935                      /usr/lib/libGL.so.1.0.0
7f8a9155a000-7f8a9155b000 rw-p 00000000 00:00 0 
7f8a9155b000-7f8a9155c000 r-xp 00000000 08:08 33463                      /usr/lib/libX11-xcb.so.1.0.0
7f8a9155c000-7f8a9175b000 ---p 00001000 08:08 33463                      /usr/lib/libX11-xcb.so.1.0.0
7f8a9175b000-7f8a9175c000 r--p 00000000 08:08 33463                      /usr/lib/libX11-xcb.so.1.0.0
7f8a9175c000-7f8a9175d000 rw-p 00001000 08:08 33463                      /usr/lib/libX11-xcb.so.1.0.0
7f8a9175d000-7f8a9175f000 r-xp 00000000 08:08 34981                      /usr/lib/libXinerama.so.1.0.0
7f8a9175f000-7f8a9195e000 ---p 00002000 08:08 34981                      /usr/lib/libXinerama.so.1.0.0
7f8a9195e000-7f8a9195f000 r--p 00001000 08:08 34981                      /usr/lib/libXinerama.so.1.0.0
7f8a9195f000-7f8a91960000 rw-p 00002000 08:08 34981                      /usr/lib/libXinerama.so.1.0.0
7f8a91960000-7f8a91965000 r-xp 00000000 08:08 33778                      /usr/lib/libXfixes.so.3.1.0
7f8a91965000-7f8a91b64000 ---p 00005000 08:08 33778                      /usr/lib/libXfixes.so.3.1.0
7f8a91b64000-7f8a91b65000 r--p 00004000 08:08 33778                      /usr/lib/libXfixes.so.3.1.0
7f8a91b65000-7f8a91b66000 rw-p 00005000 08:08 33778                      /usr/lib/libXfixes.so.3.1.0
7f8a91b66000-7f8a91b6f000 r-xp 00000000 08:08 35041                      /usr/lib/libXcursor.so.1.0.2
7f8a91b6f000-7f8a91d6e000 ---p 00009000 08:08 35041                      /usr/lib/libXcursor.so.1.0.2
7f8a91d6e000-7f8a91d6f000 r--p 00008000 08:08 35041                      /usr/lib/libXcursor.so.1.0.2
7f8a91d6f000-7f8a91d70000 rw-p 00009000 08:08 35041                      /usr/lib/libXcursor.so.1.0.2
7f8a91d70000-7f8a91d79000 r-xp 00000000 08:08 34082                      /usr/lib/libXrender.so.1.3.0
7f8a91d79000-7f8a91f79000 ---p 00009000 08:08 34082                      /usr/lib/libXrender.so.1.3.0
7f8a91f79000-7f8a91f7a000 r--p 00009000 08:08 34082                      /usr/lib/libXrender.so.1.3.0
7f8a91f7a000-7f8a91f7b000 rw-p 0000a000 08:08 34082                      /usr/lib/libXrender.so.1.3.0
7f8a91f7b000-7f8a91f85000 r-xp 00000000 08:08 34990                      /usr/lib/libXrandr.so.2.2.0
7f8a91f85000-7f8a92184000 ---p 0000a000 08:08 34990                      /usr/lib/libXrandr.so.2.2.0
7f8a92184000-7f8a92185000 r--p 00009000 08:08 34990                      /usr/lib/libXrandr.so.2.2.0
7f8a92185000-7f8a92186000 rw-p 0000a000 08:08 34990                      /usr/lib/libXrandr.so.2.2.0
7f8a92186000-7f8a92195000 r-xp 00000000 08:08 35607                      /usr/lib/libXi.so.6.1.0
7f8a92195000-7f8a92395000 ---p 0000f000 08:08 35607                      /usr/lib/libXi.so.6.1.0
7f8a92395000-7f8a92396000 r--p 0000f000 08:08 35607                      /usr/lib/libXi.so.6.1.0
7f8a92396000-7f8a92397000 rw-p 00010000 08:08 35607                      /usr/lib/libXi.so.6.1.0
7f8a92397000-7f8a923a8000 r-xp 00000000 08:08 33613                      /usr/lib/libXext.so.6.4.0
7f8a923a8000-7f8a925a7000 ---p 00011000 08:08 33613                      /usr/lib/libXext.so.6.4.0
7f8a925a7000-7f8a925a8000 r--p 00010000 08:08 33613                      /usr/lib/libXext.so.6.4.0
7f8a925a8000-7f8a925a9000 rw-p 00011000 08:08 33613                      /usr/lib/libXext.so.6.4.0
7f8a925a9000-7f8a925ae000 r-xp 00000000 08:08 33776                      /usr/lib/libXxf86vm.so.1.0.0
7f8a925ae000-7f8a927ad000 ---p 00005000 08:08 33776                      /usr/lib/libXxf86vm.so.1.0.0
7f8a927ad000-7f8a927ae000 r--p 00004000 08:08 33776                      /usr/lib/libXxf86vm.so.1.0.0
7f8a927ae000-7f8a927af000 rw-p 00005000 08:08 33776                      /usr/lib/libXxf86vm.so.1.0.0
7f8a927af000-7f8a927b4000 r-xp 00000000 08:08 27704                      /usr/lib/libXdmcp.so.6.0.0
7f8a927b4000-7f8a929b3000 ---p 00005000 08:08 27704                      /usr/lib/libXdmcp.so.6.0.0
7f8a929b3000-7f8a929b4000 r--p 00004000 08:08 27704                      /usr/lib/libXdmcp.so.6.0.0
7f8a929b4000-7f8a929b5000 rw-p 00005000 08:08 27704                      /usr/lib/libXdmcp.so.6.0.0
7f8a929b5000-7f8a929b7000 r-xp 00000000 08:08 27717                      /usr/lib/libXau.so.6.0.0
7f8a929b7000-7f8a92bb7000 ---p 00002000 08:08 27717                      /usr/lib/libXau.so.6.0.0
7f8a92bb7000-7f8a92bb8000 r--p 00002000 08:08 27717                      /usr/lib/libXau.so.6.0.0
7f8a92bb8000-7f8a92bb9000 rw-p 00003000 08:08 27717                      /usr/lib/libXau.so.6.0.0
7f8a92bb9000-7f8a92be0000 r-xp 00000000 08:08 32553                      /usr/lib/libxcb.so.1.1.0
7f8a92be0000-7f8a92de0000 ---p 00027000 08:08 32553                      /usr/lib/libxcb.so.1.1.0
7f8a92de0000-7f8a92de1000 r--p 00027000 08:08 32553                      /usr/lib/libxcb.so.1.1.0
7f8a92de1000-7f8a92de2000 rw-p 00028000 08:08 32553                      /usr/lib/libxcb.so.1.1.0
7f8a92de2000-7f8a92f1b000 r-xp 00000000 08:08 33462                      /usr/lib/libX11.so.6.3.0
7f8a92f1b000-7f8a9311b000 ---p 00139000 08:08 33462                      /usr/lib/libX11.so.6.3.0
7f8a9311b000-7f8a9311c000 r--p 00139000 08:08 33462                      /usr/lib/libX11.so.6.3.0
7f8a9311c000-7f8a93121000 rw-p 0013a000 08:08 33462                      /usr/lib/libX11.so.6.3.0
7f8a93121000-7f8a93157000 r-xp 00000000 00:2c 25287                      /tmp/lwjgldavid/3.1.6-build-14/libglfw.so
7f8a93157000-7f8a93356000 ---p 00036000 00:2c 25287                      /tmp/lwjgldavid/3.1.6-build-14/libglfw.so
7f8a93356000-7f8a93357000 r--p 00035000 00:2c 25287                      /tmp/lwjgldavid/3.1.6-build-14/libglfw.so
7f8a93357000-7f8a93358000 rw-p 00036000 00:2c 25287                      /tmp/lwjgldavid/3.1.6-build-14/libglfw.so
7f8a93358000-7f8a93379000 rw-p 00000000 00:00 0 
7f8a93379000-7f8a933cd000 r-xp 00000000 00:2c 25286                      /tmp/lwjgldavid/3.1.6-build-14/liblwjgl.so
7f8a933cd000-7f8a935cd000 ---p 00054000 00:2c 25286                      /tmp/lwjgldavid/3.1.6-build-14/liblwjgl.so
7f8a935cd000-7f8a935ce000 r--p 00054000 00:2c 25286                      /tmp/lwjgldavid/3.1.6-build-14/liblwjgl.so
7f8a935ce000-7f8a935cf000 rw-p 00055000 00:2c 25286                      /tmp/lwjgldavid/3.1.6-build-14/liblwjgl.so
7f8a935cf000-7f8a935d0000 ---p 00000000 00:00 0 
7f8a935d0000-7f8a936d1000 rw-p 00000000 00:00 0 
7f8a936d1000-7f8a936d5000 ---p 00000000 00:00 0 
7f8a936d5000-7f8a937d2000 rw-p 00000000 00:00 0 
7f8a937d2000-7f8a937d6000 ---p 00000000 00:00 0 
7f8a937d6000-7f8a938d3000 rw-p 00000000 00:00 0 
7f8a938d3000-7f8a938e9000 r-xp 00000000 08:08 279064                     /usr/lib/jvm/java-9-openjdk/lib/libnet.so
7f8a938e9000-7f8a93ae9000 ---p 00016000 08:08 279064                     /usr/lib/jvm/java-9-openjdk/lib/libnet.so
7f8a93ae9000-7f8a93aea000 r--p 00016000 08:08 279064                     /usr/lib/jvm/java-9-openjdk/lib/libnet.so
7f8a93aea000-7f8a93aeb000 rw-p 00017000 08:08 279064                     /usr/lib/jvm/java-9-openjdk/lib/libnet.so
7f8a93aeb000-7f8a93afc000 r-xp 00000000 08:08 279062                     /usr/lib/jvm/java-9-openjdk/lib/libnio.so
7f8a93afc000-7f8a93cfb000 ---p 00011000 08:08 279062                     /usr/lib/jvm/java-9-openjdk/lib/libnio.so
7f8a93cfb000-7f8a93cfc000 r--p 00010000 08:08 279062                     /usr/lib/jvm/java-9-openjdk/lib/libnio.so
7f8a93cfc000-7f8a93cfd000 rw-p 00011000 08:08 279062                     /usr/lib/jvm/java-9-openjdk/lib/libnio.so
7f8a93cfd000-7f8a93d01000 ---p 00000000 00:00 0 
7f8a93d01000-7f8a93dfe000 rw-p 00000000 00:00 0 
7f8a93dfe000-7f8a93e02000 ---p 00000000 00:00 0 
7f8a93e02000-7f8a93eff000 rw-p 00000000 00:00 0 
7f8a93eff000-7f8a93f03000 ---p 00000000 00:00 0 
7f8a93f03000-7f8a94000000 rw-p 00000000 00:00 0 
7f8a94000000-7f8a94021000 rw-p 00000000 00:00 0 
7f8a94021000-7f8a98000000 ---p 00000000 00:00 0 
7f8a98000000-7f8a98287000 rw-p 00000000 00:00 0 
7f8a98287000-7f8a9c000000 ---p 00000000 00:00 0 
7f8a9c000000-7f8a9c021000 rw-p 00000000 00:00 0 
7f8a9c021000-7f8aa0000000 ---p 00000000 00:00 0 
7f8aa0000000-7f8aa0021000 rw-p 00000000 00:00 0 
7f8aa0021000-7f8aa4000000 ---p 00000000 00:00 0 
7f8aa4000000-7f8aa4021000 rw-p 00000000 00:00 0 
7f8aa4021000-7f8aa8000000 ---p 00000000 00:00 0 
7f8aa8000000-7f8aa8021000 rw-p 00000000 00:00 0 
7f8aa8021000-7f8aac000000 ---p 00000000 00:00 0 
7f8aac000000-7f8aac021000 rw-p 00000000 00:00 0 
7f8aac021000-7f8ab0000000 ---p 00000000 00:00 0 
7f8ab0007000-7f8ab0047000 r-xs 00000000 08:04 3579799                    /home/david/#3579799 (deleted)
7f8ab0047000-7f8ab004b000 ---p 00000000 00:00 0 
7f8ab004b000-7f8ab0148000 rw-p 00000000 00:00 0 
7f8ab0148000-7f8ab2148000 rwxp 00000000 00:00 0 
7f8ab2148000-7f8ab2338000 rw-p 00000000 00:00 0 
7f8ab2338000-7f8ab4000000 ---p 00000000 00:00 0 
7f8ab4000000-7f8ab4021000 rw-p 00000000 00:00 0 
7f8ab4021000-7f8ab8000000 ---p 00000000 00:00 0 
7f8ab8000000-7f8ab8021000 rw-p 00000000 00:00 0 
7f8ab8021000-7f8abc000000 ---p 00000000 00:00 0 
7f8abc000000-7f8abc021000 rw-p 00000000 00:00 0 
7f8abc021000-7f8ac0000000 ---p 00000000 00:00 0 
7f8ac0000000-7f8ac0021000 rw-p 00000000 00:00 0 
7f8ac0021000-7f8ac4000000 ---p 00000000 00:00 0 
7f8ac4000000-7f8ac4021000 rw-p 00000000 00:00 0 
7f8ac4021000-7f8ac8000000 ---p 00000000 00:00 0 
7f8ac8000000-7f8ac8021000 rw-p 00000000 00:00 0 
7f8ac8021000-7f8acc000000 ---p 00000000 00:00 0 
7f8acc000000-7f8acc021000 rw-p 00000000 00:00 0 
7f8acc021000-7f8ad0000000 ---p 00000000 00:00 0 
7f8ad0000000-7f8ad0021000 rw-p 00000000 00:00 0 
7f8ad0021000-7f8ad4000000 ---p 00000000 00:00 0 
7f8ad4000000-7f8ad4021000 rw-p 00000000 00:00 0 
7f8ad4021000-7f8ad8000000 ---p 00000000 00:00 0 
7f8ad8014000-7f8ad8018000 ---p 00000000 00:00 0 
7f8ad8018000-7f8ad8115000 rw-p 00000000 00:00 0 
7f8ad8115000-7f8ad8119000 ---p 00000000 00:00 0 
7f8ad8119000-7f8ad8216000 rw-p 00000000 00:00 0 
7f8ad8216000-7f8ad821a000 ---p 00000000 00:00 0 
7f8ad821a000-7f8ad8317000 rw-p 00000000 00:00 0 
7f8ad8317000-7f8ad8318000 ---p 00000000 00:00 0 
7f8ad8318000-7f8ad8cea000 rw-p 00000000 00:00 0 
7f8ad8cea000-7f8ad91dd000 rw-p 00000000 00:00 0 
7f8ad91dd000-7f8adaea5000 ---p 00000000 00:00 0 
7f8adaea5000-7f8adaee3000 rw-p 00000000 00:00 0 
7f8adaee3000-7f8adb27c000 ---p 00000000 00:00 0 
7f8adb27c000-7f8adb2ba000 rw-p 00000000 00:00 0 
7f8adb2ba000-7f8adba2a000 ---p 00000000 00:00 0 
7f8adba2a000-7f8adbc9a000 rwxp 00000000 00:00 0 
7f8adbc9a000-7f8adbfba000 ---p 00000000 00:00 0 
7f8adbfba000-7f8adc22a000 rwxp 00000000 00:00 0 
7f8adc22a000-7f8ae34f2000 ---p 00000000 00:00 0 
7f8ae34f2000-7f8ae3762000 rwxp 00000000 00:00 0 
7f8ae3762000-7f8aeaa2a000 ---p 00000000 00:00 0 
7f8aeaa2a000-7f8af4000000 r--s 00000000 08:08 279090                     /usr/lib/jvm/java-9-openjdk/lib/modules
7f8af4000000-7f8af4d44000 rw-p 00000000 00:00 0 
7f8af4d44000-7f8af8000000 ---p 00000000 00:00 0 
7f8af8022000-7f8af817c000 rw-p 00000000 00:00 0 
7f8af817c000-7f8af817d000 ---p 00000000 00:00 0 
7f8af817d000-7f8af827e000 rw-p 00000000 00:00 0 
7f8af827e000-7f8af827f000 ---p 00000000 00:00 0 
7f8af827f000-7f8af83be000 rw-p 00000000 00:00 0 
7f8af83be000-7f8af8757000 ---p 00000000 00:00 0 
7f8af8757000-7f8af8758000 ---p 00000000 00:00 0 
7f8af8758000-7f8af8859000 rw-p 00000000 00:00 0 
7f8af8859000-7f8af885a000 ---p 00000000 00:00 0 
7f8af885a000-7f8af895b000 rw-p 00000000 00:00 0 
7f8af895b000-7f8af895c000 ---p 00000000 00:00 0 
7f8af895c000-7f8af8a5d000 rw-p 00000000 00:00 0 
7f8af8a5d000-7f8af8a5e000 ---p 00000000 00:00 0 
7f8af8a5e000-7f8af8b5f000 rw-p 00000000 00:00 0 
7f8af8b5f000-7f8af8b60000 ---p 00000000 00:00 0 
7f8af8b60000-7f8af9065000 rw-p 00000000 00:00 0 
7f8af9065000-7f8af9066000 ---p 00000000 00:00 0 
7f8af9066000-7f8af9167000 rw-p 00000000 00:00 0 
7f8af9167000-7f8af9168000 ---p 00000000 00:00 0 
7f8af9168000-7f8af9269000 rw-p 00000000 00:00 0 
7f8af9269000-7f8af926a000 ---p 00000000 00:00 0 
7f8af926a000-7f8af936b000 rw-p 00000000 00:00 0 
7f8af936b000-7f8af936c000 ---p 00000000 00:00 0 
7f8af936c000-7f8af9472000 rw-p 00000000 00:00 0 
7f8af9472000-7f8af9558000 ---p 00000000 00:00 0 
7f8af9558000-7f8af955d000 rw-p 00000000 00:00 0 
7f8af955d000-7f8af9643000 ---p 00000000 00:00 0 
7f8af9643000-7f8af9648000 r-xp 00000000 08:08 279063                     /usr/lib/jvm/java-9-openjdk/lib/libjimage.so
7f8af9648000-7f8af9847000 ---p 00005000 08:08 279063                     /usr/lib/jvm/java-9-openjdk/lib/libjimage.so
7f8af9847000-7f8af9848000 r--p 00004000 08:08 279063                     /usr/lib/jvm/java-9-openjdk/lib/libjimage.so
7f8af9848000-7f8af9849000 rw-p 00005000 08:08 279063                     /usr/lib/jvm/java-9-openjdk/lib/libjimage.so
7f8af9849000-7f8af9850000 r-xp 00000000 08:08 279065                     /usr/lib/jvm/java-9-openjdk/lib/libzip.so
7f8af9850000-7f8af9a4f000 ---p 00007000 08:08 279065                     /usr/lib/jvm/java-9-openjdk/lib/libzip.so
7f8af9a4f000-7f8af9a50000 r--p 00006000 08:08 279065                     /usr/lib/jvm/java-9-openjdk/lib/libzip.so
7f8af9a50000-7f8af9a51000 rw-p 00007000 08:08 279065                     /usr/lib/jvm/java-9-openjdk/lib/libzip.so
7f8af9a51000-7f8af9a5c000 r-xp 00000000 08:08 2956                       /usr/lib/libnss_files-2.27.so
7f8af9a5c000-7f8af9c5b000 ---p 0000b000 08:08 2956                       /usr/lib/libnss_files-2.27.so
7f8af9c5b000-7f8af9c5c000 r--p 0000a000 08:08 2956                       /usr/lib/libnss_files-2.27.so
7f8af9c5c000-7f8af9c5d000 rw-p 0000b000 08:08 2956                       /usr/lib/libnss_files-2.27.so
7f8af9c5d000-7f8af9c63000 rw-p 00000000 00:00 0 
7f8af9c63000-7f8af9c8f000 r-xp 00000000 08:08 279066                     /usr/lib/jvm/java-9-openjdk/lib/libjava.so
7f8af9c8f000-7f8af9e8e000 ---p 0002c000 08:08 279066                     /usr/lib/jvm/java-9-openjdk/lib/libjava.so
7f8af9e8e000-7f8af9e8f000 r--p 0002b000 08:08 279066                     /usr/lib/jvm/java-9-openjdk/lib/libjava.so
7f8af9e8f000-7f8af9e90000 rw-p 0002c000 08:08 279066                     /usr/lib/jvm/java-9-openjdk/lib/libjava.so
7f8af9e90000-7f8af9e91000 rw-p 00000000 00:00 0 
7f8af9e91000-7f8af9e9e000 r-xp 00000000 08:08 279067                     /usr/lib/jvm/java-9-openjdk/lib/libverify.so
7f8af9e9e000-7f8afa09d000 ---p 0000d000 08:08 279067                     /usr/lib/jvm/java-9-openjdk/lib/libverify.so
7f8afa09d000-7f8afa09f000 r--p 0000c000 08:08 279067                     /usr/lib/jvm/java-9-openjdk/lib/libverify.so
7f8afa09f000-7f8afa0a0000 rw-p 0000e000 08:08 279067                     /usr/lib/jvm/java-9-openjdk/lib/libverify.so
7f8afa0a0000-7f8afa0a7000 r-xp 00000000 08:08 2947                       /usr/lib/librt-2.27.so
7f8afa0a7000-7f8afa2a6000 ---p 00007000 08:08 2947                       /usr/lib/librt-2.27.so
7f8afa2a6000-7f8afa2a7000 r--p 00006000 08:08 2947                       /usr/lib/librt-2.27.so
7f8afa2a7000-7f8afa2a8000 rw-p 00007000 08:08 2947                       /usr/lib/librt-2.27.so
7f8afa2a8000-7f8afa2bf000 r-xp 00000000 08:08 4540                       /usr/lib/libgcc_s.so.1
7f8afa2bf000-7f8afa4be000 ---p 00017000 08:08 4540                       /usr/lib/libgcc_s.so.1
7f8afa4be000-7f8afa4bf000 r--p 00016000 08:08 4540                       /usr/lib/libgcc_s.so.1
7f8afa4bf000-7f8afa4c0000 rw-p 00017000 08:08 4540                       /usr/lib/libgcc_s.so.1
7f8afa4c0000-7f8afa653000 r-xp 00000000 08:08 200                        /usr/lib/libm-2.27.so
7f8afa653000-7f8afa853000 ---p 00193000 08:08 200                        /usr/lib/libm-2.27.so
7f8afa853000-7f8afa854000 r--p 00193000 08:08 200                        /usr/lib/libm-2.27.so
7f8afa854000-7f8afa855000 rw-p 00194000 08:08 200                        /usr/lib/libm-2.27.so
7f8afa855000-7f8afa9ce000 r-xp 00000000 08:08 2931                       /usr/lib/libstdc++.so.6.0.25
7f8afa9ce000-7f8afabce000 ---p 00179000 08:08 2931                       /usr/lib/libstdc++.so.6.0.25
7f8afabce000-7f8afabda000 r--p 00179000 08:08 2931                       /usr/lib/libstdc++.so.6.0.25
7f8afabda000-7f8afabdb000 rw-p 00185000 08:08 2931                       /usr/lib/libstdc++.so.6.0.25
7f8afabdb000-7f8afabde000 rw-p 00000000 00:00 0 
7f8afabde000-7f8afbb70000 r-xp 00000000 08:08 279092                     /usr/lib/jvm/java-9-openjdk/lib/server/libjvm.so
7f8afbb70000-7f8afbd6f000 ---p 00f92000 08:08 279092                     /usr/lib/jvm/java-9-openjdk/lib/server/libjvm.so
7f8afbd6f000-7f8afbe27000 r--p 00f91000 08:08 279092                     /usr/lib/jvm/java-9-openjdk/lib/server/libjvm.so
7f8afbe27000-7f8afbe5c000 rw-p 01049000 08:08 279092                     /usr/lib/jvm/java-9-openjdk/lib/server/libjvm.so
7f8afbe5c000-7f8afbea4000 rw-p 00000000 00:00 0 
7f8afbea4000-7f8afbebd000 r-xp 00000000 08:08 3028                       /usr/lib/libpthread-2.27.so
7f8afbebd000-7f8afc0bc000 ---p 00019000 08:08 3028                       /usr/lib/libpthread-2.27.so
7f8afc0bc000-7f8afc0bd000 r--p 00018000 08:08 3028                       /usr/lib/libpthread-2.27.so
7f8afc0bd000-7f8afc0be000 rw-p 00019000 08:08 3028                       /usr/lib/libpthread-2.27.so
7f8afc0be000-7f8afc0c2000 rw-p 00000000 00:00 0 
7f8afc0c2000-7f8afc0c5000 r-xp 00000000 08:08 2938                       /usr/lib/libdl-2.27.so
7f8afc0c5000-7f8afc2c4000 ---p 00003000 08:08 2938                       /usr/lib/libdl-2.27.so
7f8afc2c4000-7f8afc2c5000 r--p 00002000 08:08 2938                       /usr/lib/libdl-2.27.so
7f8afc2c5000-7f8afc2c6000 rw-p 00003000 08:08 2938                       /usr/lib/libdl-2.27.so
7f8afc2c6000-7f8afc2dc000 r-xp 00000000 08:08 348                        /usr/lib/libz.so.1.2.11
7f8afc2dc000-7f8afc4db000 ---p 00016000 08:08 348                        /usr/lib/libz.so.1.2.11
7f8afc4db000-7f8afc4dc000 r--p 00015000 08:08 348                        /usr/lib/libz.so.1.2.11
7f8afc4dc000-7f8afc4dd000 rw-p 00016000 08:08 348                        /usr/lib/libz.so.1.2.11
7f8afc4dd000-7f8afc690000 r-xp 00000000 08:08 3006                       /usr/lib/libc-2.27.so
7f8afc690000-7f8afc88f000 ---p 001b3000 08:08 3006                       /usr/lib/libc-2.27.so
7f8afc88f000-7f8afc893000 r--p 001b2000 08:08 3006                       /usr/lib/libc-2.27.so
7f8afc893000-7f8afc895000 rw-p 001b6000 08:08 3006                       /usr/lib/libc-2.27.so
7f8afc895000-7f8afc899000 rw-p 00000000 00:00 0 
7f8afc899000-7f8afc8a8000 r-xp 00000000 08:08 279091                     /usr/lib/jvm/java-9-openjdk/lib/jli/libjli.so
7f8afc8a8000-7f8afcaa7000 ---p 0000f000 08:08 279091                     /usr/lib/jvm/java-9-openjdk/lib/jli/libjli.so
7f8afcaa7000-7f8afcaa8000 r--p 0000e000 08:08 279091                     /usr/lib/jvm/java-9-openjdk/lib/jli/libjli.so
7f8afcaa8000-7f8afcaa9000 rw-p 0000f000 08:08 279091                     /usr/lib/jvm/java-9-openjdk/lib/jli/libjli.so
7f8afcaa9000-7f8afcace000 r-xp 00000000 08:08 3007                       /usr/lib/ld-2.27.so
7f8afcad8000-7f8afcad9000 rw-s 00000000 00:05 46950                      /memfd:xshmfence (deleted)
7f8afcad9000-7f8afcada000 r-xp 00000000 00:00 0 
7f8afcada000-7f8afcade000 rw-s 00000000 00:2e 46948                      /i915 (deleted)
7f8afcade000-7f8afcae3000 rw-s 00000000 00:2e 46947                      /i915 (deleted)
7f8afcae3000-7f8afcae7000 rw-s 00000000 00:2e 46938                      /i915 (deleted)
7f8afcae7000-7f8afcba4000 rw-p 00000000 00:00 0 
7f8afcba4000-7f8afcba5000 ---p 00000000 00:00 0 
7f8afcba5000-7f8afcba6000 rw-p 00000000 00:00 0 
7f8afcba6000-7f8afcbaa000 ---p 00000000 00:00 0 
7f8afcbaa000-7f8afcca7000 rw-p 00000000 00:00 0 
7f8afcca7000-7f8afcca8000 r-xp 00000000 00:00 0 
7f8afcca8000-7f8afcca9000 rw-s 00000000 00:05 46955                      /memfd:xshmfence (deleted)
7f8afcca9000-7f8afccaa000 rwxp 00000000 00:00 0 
7f8afccaa000-7f8afccae000 rw-s 00000000 00:2e 46936                      /i915 (deleted)
7f8afccae000-7f8afccb3000 rw-s 00000000 00:2e 46935                      /i915 (deleted)
7f8afccb3000-7f8afccb4000 r-xp 00000000 00:00 0 
7f8afccb4000-7f8afccba000 rw-p 00000000 00:00 0 
7f8afccba000-7f8afccc1000 ---p 00000000 00:00 0 
7f8afccc1000-7f8afccc9000 rw-s 00000000 00:2c 47839                      /tmp/hsperfdata_david/5710
7f8afccc9000-7f8afccca000 rw-p 00000000 00:00 0 
7f8afccca000-7f8afcccb000 r--p 00000000 00:00 0 
7f8afcccb000-7f8afcccd000 rw-p 00000000 00:00 0 
7f8afcccd000-7f8afccce000 r--p 00024000 08:08 3007                       /usr/lib/ld-2.27.so
7f8afccce000-7f8afcccf000 rw-p 00025000 08:08 3007                       /usr/lib/ld-2.27.so
7f8afcccf000-7f8afccd0000 rw-p 00000000 00:00 0 
7ffead8b1000-7ffead8d2000 rw-p 00000000 00:00 0                          [stack]
7ffead9ee000-7ffead9f1000 r--p 00000000 00:00 0                          [vvar]
7ffead9f1000-7ffead9f3000 r-xp 00000000 00:00 0                          [vdso]

VM Arguments:
jvm_args: -Dorg.lwjgl.util.Debug=true 
java_command: Main
java_class_path (initial): lwjgl/lwjgl-stb-natives-linux.jar:lwjgl/lwjgl-glfw-natives-windows.jar:lwjgl/lwjgl-assimp-javadoc.jar:lwjgl/lwjgl-glfw-sources.jar:lwjgl/lwjgl-glfw-javadoc.jar:lwjgl/lwjgl-openal-natives-macos.jar:lwjgl/lwjgl-natives-windows.jar:lwjgl/lwjgl-opengl-sources.jar:lwjgl/lwjgl-opengl-javadoc.jar:lwjgl/lwjgl-stb.jar:lwjgl/lwjgl-glfw.jar:lwjgl/lwjgl-stb-natives-macos.jar:lwjgl/lwjgl-natives-linux.jar:lwjgl/lwjgl-stb-natives-windows.jar:lwjgl/lwjgl-assimp.jar:lwjgl/lwjgl-javadoc.jar:lwjgl/lwjgl-openal.jar:lwjgl/lwjgl-stb-javadoc.jar:lwjgl/lwjgl-assimp-natives-windows.jar:lwjgl/lwjgl-assimp-natives-macos.jar:lwjgl/lwjgl-openal-sources.jar:lwjgl/lwjgl-natives-macos.jar:lwjgl/lwjgl-stb-sources.jar:lwjgl/lwjgl-openal-javadoc.jar:lwjgl/lwjgl-glfw-natives-linux.jar:lwjgl/lwjgl-assimp-sources.jar:lwjgl/lwjgl-assimp-natives-linux.jar:lwjgl/lwjgl-opengl-natives-macos.jar:lwjgl/lwjgl-openal-natives-linux.jar:lwjgl/lwjgl-glfw-natives-macos.jar:lwjgl/lwjgl-opengl.jar:lwjgl/lwjgl-opengl-natives-windows.jar:lwjgl/lwjgl-opengl-natives-linux.jar:lwjgl/lwjgl.jar:lwjgl/lwjgl-sources.jar:lwjgl/lwjgl-openal-natives-windows.jar:bin/
Launcher Type: SUN_STANDARD

Logging:
Log output configuration:
#0: stdout all=warning uptime,level,tags
#1: stderr all=off uptime,level,tags

Environment Variables:
PATH=/home/david/bin:/home/david/.local/bin:/usr/local/sbin:/usr/local/bin:/usr/bin:/usr/lib/jvm/default/bin:/usr/bin/site_perl:/usr/bin/vendor_perl:/usr/bin/core_perl
SHELL=/bin/bash
DISPLAY=:0

Signal Handlers:
SIGSEGV: [libjvm.so+0xd33b50], sa_mask[0]=11111111011111111101111111111110, sa_flags=SA_RESTART|SA_SIGINFO
SIGBUS: [libjvm.so+0xd33b50], sa_mask[0]=11111111011111111101111111111110, sa_flags=SA_RESTART|SA_SIGINFO
SIGFPE: [libjvm.so+0xd33b50], sa_mask[0]=11111111011111111101111111111110, sa_flags=SA_RESTART|SA_SIGINFO
SIGPIPE: [libjvm.so+0xb360d0], sa_mask[0]=11111111011111111101111111111110, sa_flags=SA_RESTART|SA_SIGINFO
SIGXFSZ: [libjvm.so+0xb360d0], sa_mask[0]=11111111011111111101111111111110, sa_flags=SA_RESTART|SA_SIGINFO
SIGILL: [libjvm.so+0xd33b50], sa_mask[0]=11111111011111111101111111111110, sa_flags=SA_RESTART|SA_SIGINFO
SIGUSR2: [libjvm.so+0xb35f60], sa_mask[0]=00000000000000000000000000000000, sa_flags=SA_RESTART|SA_SIGINFO
SIGHUP: [libjvm.so+0xb36190], sa_mask[0]=11111111011111111101111111111110, sa_flags=SA_RESTART|SA_SIGINFO
SIGINT: [libjvm.so+0xb36190], sa_mask[0]=11111111011111111101111111111110, sa_flags=SA_RESTART|SA_SIGINFO
SIGTERM: [libjvm.so+0xb36190], sa_mask[0]=11111111011111111101111111111110, sa_flags=SA_RESTART|SA_SIGINFO
SIGQUIT: [libjvm.so+0xb36190], sa_mask[0]=11111111011111111101111111111110, sa_flags=SA_RESTART|SA_SIGINFO


---------------  S Y S T E M  ---------------

OS:NAME="Arch Linux"
PRETTY_NAME="Arch Linux"
ID=arch
ID_LIKE=archlinux
ANSI_COLOR="0;36"
HOME_URL="https://www.archlinux.org/"
SUPPORT_URL="https://bbs.archlinux.org/"
BUG_REPORT_URL="https://bugs.archlinux.org/"
uname:Linux 4.16.7-1-ARCH #1 SMP PREEMPT Wed May 2 21:12:36 UTC 2018 x86_64
libc:glibc 2.27 NPTL 2.27 
rlimit: STACK 8192k, CORE infinity, NPROC 31124, NOFILE 4096, AS infinity
load average:0.26 0.23 0.18

/proc/meminfo:
MemTotal:        8049324 kB
MemFree:         5656680 kB
MemAvailable:    6560852 kB
Buffers:           67292 kB
Cached:           736080 kB
SwapCached:            0 kB
Active:          1360192 kB
Inactive:         818044 kB
Active(anon):    1001484 kB
Inactive(anon):    88256 kB
Active(file):     358708 kB
Inactive(file):   729788 kB
Unevictable:           0 kB
Mlocked:               0 kB
SwapTotal:       8290300 kB
SwapFree:        8290300 kB
Dirty:               256 kB
Writeback:             0 kB
AnonPages:       1375008 kB
Mapped:           302712 kB
Shmem:             89856 kB
Slab:             109184 kB
SReclaimable:      78196 kB
SUnreclaim:        30988 kB
KernelStack:        7248 kB
PageTables:        14632 kB
NFS_Unstable:          0 kB
Bounce:                0 kB
WritebackTmp:          0 kB
CommitLimit:    12314960 kB
Committed_AS:    4050148 kB
VmallocTotal:   34359738367 kB
VmallocUsed:           0 kB
VmallocChunk:          0 kB
HardwareCorrupted:     0 kB
AnonHugePages:         0 kB
ShmemHugePages:        0 kB
ShmemPmdMapped:        0 kB
HugePages_Total:       0
HugePages_Free:        0
HugePages_Rsvd:        0
HugePages_Surp:        0
Hugepagesize:       2048 kB
Hugetlb:               0 kB
DirectMap4k:      118208 kB
DirectMap2M:     3954688 kB
DirectMap1G:     5242880 kB


CPU:total 4 (initial active 4) (2 cores per cpu, 2 threads per core) family 6 model 69 stepping 1, cmov, cx8, fxsr, mmx, sse, sse2, sse3, ssse3, sse4.1, sse4.2, popcnt, avx, avx2, aes, clmul, erms, lzcnt, ht, tsc, tscinvbit, bmi1, bmi2, fma
CPU Model and flags from /proc/cpuinfo:
model name	: Intel(R) Core(TM) i5-4200U CPU @ 1.60GHz
flags		: fpu vme de pse tsc msr pae mce cx8 apic sep mtrr pge mca cmov pat pse36 clflush dts acpi mmx fxsr sse sse2 ss ht tm pbe syscall nx pdpe1gb rdtscp lm constant_tsc arch_perfmon pebs bts rep_good nopl xtopology nonstop_tsc cpuid aperfmperf pni pclmulqdq dtes64 monitor ds_cpl vmx est tm2 ssse3 sdbg fma cx16 xtpr pdcm pcid sse4_1 sse4_2 movbe popcnt aes xsave avx f16c rdrand lahf_lm abm cpuid_fault epb invpcid_single pti tpr_shadow vnmi flexpriority ept vpid fsgsbase tsc_adjust bmi1 avx2 smep bmi2 erms invpcid xsaveopt dtherm ida arat pln pts

Memory: 4k page, physical 8049324k(5656680k free), swap 8290300k(8290300k free)

vm_info: OpenJDK 64-Bit Server VM (9.0.4+11) for linux-amd64 JRE (9.0.4+11), built on Feb  3 2018 14:14:59 by "builduser" with gcc 7.3.0

END.
