#
# A fatal error has been detected by the Java Runtime Environment:
#
#  SIGSEGV (0xb) at pc=0x00007f6f55cf9bfe, pid=2737, tid=2738
#
# JRE version: OpenJDK Runtime Environment (9.0+11) (build 9.0.4+11)
# Java VM: OpenJDK 64-Bit Server VM (9.0.4+11, mixed mode, tiered, compressed oops, g1 gc, linux-amd64)
# Problematic frame:
# C  [libc.so.6+0x15abfe]  __memmove_avx_unaligned_erms+0x6e
#
# Core dump will be written. Default location: Core dumps may be processed with "/usr/lib/systemd/systemd-coredump %P %u %g %s %t %c %h %e" (or dumping to /home/david/Dropbox/ICS12/cancer/core.2737)
#
# If you would like to submit a bug report, please visit:
#   http://bugreport.java.com/bugreport/crash.jsp
# The crash happened outside the Java Virtual Machine in native code.
# See problematic frame for where to report the bug.
#

---------------  S U M M A R Y ------------

Command Line: -Dorg.lwjgl.util.Debug=true Main

Host: Intel(R) Core(TM) i5-4200U CPU @ 1.60GHz, 4 cores, 7G, Arch Linux
Time: Tue May  8 20:35:12 2018 UTC elapsed time: 0 seconds (0d 0h 0m 0s)

---------------  T H R E A D  ---------------

Current thread (0x00007f6f4c011000):  JavaThread "main" [_thread_in_native, id=2738, stack(0x00007f6f56268000,0x00007f6f56367000)]

Stack: [0x00007f6f56268000,0x00007f6f56367000],  sp=0x00007f6f56365498,  free space=1013k
Native frames: (J=compiled Java code, A=aot compiled Java code, j=interpreted, Vv=VM code, C=native code)
C  [libc.so.6+0x15abfe]  __memmove_avx_unaligned_erms+0x6e
C  0x00007f6f4c4b3750

Java frames: (J=compiled Java code, j=interpreted, Vv=VM code)
j  org.lwjgl.opengl.GL11.nglDrawElements(IIIJ)V+0
j  org.lwjgl.opengl.GL11.glDrawElements(IIIJ)V+4
j  Main.loop()V+267
j  Main.run()V+19
j  Main.main([Ljava/lang/String;)V+7
v  ~StubRoutines::call_stub

siginfo: si_signo: 11 (SIGSEGV), si_code: 1 (SEGV_MAPERR), si_addr: 0x0000000000000002

Register to memory mapping:

RAX=0x00007f6f30707010 is an unknown value
RBX=0x00007f6f4c5eb5c0 is an unknown value
RCX=0x0000000000000028 is an unknown value
RDX=0x0000000000000018 is an unknown value
RSP=0x00007f6f56365498 is pointing into the stack for thread: 0x00007f6f4c011000
RBP=0x00007f6f56365630 is pointing into the stack for thread: 0x00007f6f4c011000
RSI=0x0000000000000002 is an unknown value
RDI=0x00007f6f30707010 is an unknown value
R8 =0x00007f6f563654a4 is pointing into the stack for thread: 0x00007f6f4c011000
R9 =0x00007f6f563654a4 is pointing into the stack for thread: 0x00007f6f4c011000
R10=0x00007f6f561a0898 is an unknown value
R11=0x0000000000000180 is an unknown value
R12=0x0000000000000004 is an unknown value
R13=0x0000000000000000 is an unknown value
R14=0xffffffffffffffff is an unknown value
R15=0x00007f6f4c4b3750 is an unknown value


Registers:
RAX=0x00007f6f30707010, RBX=0x00007f6f4c5eb5c0, RCX=0x0000000000000028, RDX=0x0000000000000018
RSP=0x00007f6f56365498, RBP=0x00007f6f56365630, RSI=0x0000000000000002, RDI=0x00007f6f30707010
R8 =0x00007f6f563654a4, R9 =0x00007f6f563654a4, R10=0x00007f6f561a0898, R11=0x0000000000000180
R12=0x0000000000000004, R13=0x0000000000000000, R14=0xffffffffffffffff, R15=0x00007f6f4c4b3750
RIP=0x00007f6f55cf9bfe, EFLAGS=0x0000000000010202, CSGSFS=0x002b000000000033, ERR=0x0000000000000004
  TRAPNO=0x000000000000000e

Top of Stack: (sp=0x00007f6f56365498)
0x00007f6f56365498:   00007f6ed013dad4 0000001000000000
0x00007f6f563654a8:   fd3e4c05a3691400 00000000000002fe
0x00007f6f563654b8:   00007f6f4c5eb5c0 00007f6f4c615980
0x00007f6f563654c8:   00007f6ed0b12b70 00000000ffffffff 

Instructions: (pc=0x00007f6f55cf9bfe)
0x00007f6f55cf9bde:   d1 f3 a4 c3 80 fa 10 73 17 80 fa 08 73 27 80 fa
0x00007f6f55cf9bee:   04 73 33 80 fa 01 77 3b 72 05 0f b6 0e 88 0f c3
0x00007f6f55cf9bfe:   c5 fa 6f 06 c5 fa 6f 4c 16 f0 c5 fa 7f 07 c5 fa
0x00007f6f55cf9c0e:   7f 4c 17 f0 c3 48 8b 4c 16 f8 48 8b 36 48 89 4c 


---------------  P R O C E S S  ---------------

Java Threads: ( => current thread )
  0x00007f6f4c1fe000 JavaThread "Service Thread" daemon [_thread_blocked, id=2759, stack(0x00007f6f30cc7000,0x00007f6f30dc8000)]
  0x00007f6f4c18d000 JavaThread "Common-Cleaner" daemon [_thread_blocked, id=2758, stack(0x00007f6f30dc8000,0x00007f6f30ec9000)]
  0x00007f6f4c160000 JavaThread "Sweeper thread" daemon [_thread_blocked, id=2757, stack(0x00007f6f312f3000,0x00007f6f313f4000)]
  0x00007f6f4c15e000 JavaThread "C1 CompilerThread2" daemon [_thread_blocked, id=2756, stack(0x00007f6f313f4000,0x00007f6f314f5000)]
  0x00007f6f4c15c000 JavaThread "C2 CompilerThread1" daemon [_thread_in_native, id=2755, stack(0x00007f6f314f5000,0x00007f6f315f6000)]
  0x00007f6f4c15a000 JavaThread "C2 CompilerThread0" daemon [_thread_in_native, id=2754, stack(0x00007f6f315f6000,0x00007f6f316f7000)]
  0x00007f6f4c158800 JavaThread "Signal Dispatcher" daemon [_thread_blocked, id=2753, stack(0x00007f6f316f7000,0x00007f6f317f8000)]
  0x00007f6f4c13e800 JavaThread "Finalizer" daemon [_thread_blocked, id=2752, stack(0x00007f6f317f8000,0x00007f6f318f9000)]
  0x00007f6f4c136000 JavaThread "Reference Handler" daemon [_thread_blocked, id=2751, stack(0x00007f6f318f9000,0x00007f6f319fa000)]
=>0x00007f6f4c011000 JavaThread "main" [_thread_in_native, id=2738, stack(0x00007f6f56268000,0x00007f6f56367000)]

Other Threads:
  0x00007f6f4c12c800 VMThread "VM Thread" [stack: 0x00007f6f319fc000,0x00007f6f31afc000] [id=2750]
  0x00007f6f4c200800 WatcherThread [stack: 0x00007f6f30bc7000,0x00007f6f30cc7000] [id=2760]
  0x00007f6f4c026000 GCTaskThread "GC Thread#0" [stack: 0x00007f6f52a2f000,0x00007f6f52b2f000] [id=2739]
  0x00007f6f4c027800 GCTaskThread "GC Thread#1" [stack: 0x00007f6f5292d000,0x00007f6f52a2d000] [id=2740]
  0x00007f6f4c029800 GCTaskThread "GC Thread#2" [stack: 0x00007f6f5282b000,0x00007f6f5292b000] [id=2741]
  0x00007f6f4c02b000 GCTaskThread "GC Thread#3" [stack: 0x00007f6f52729000,0x00007f6f52829000] [id=2742]
  0x00007f6f4c059800 ConcurrentGCThread "G1 Main Marker" [stack: 0x00007f6f50dbd000,0x00007f6f50ebd000] [id=2748]
  0x00007f6f4c05b000 ConcurrentGCThread "G1 Marker#0" [stack: 0x00007f6f50cbb000,0x00007f6f50dbb000] [id=2749]
  0x00007f6f4c032800 ConcurrentGCThread "G1 Refine#0" [stack: 0x00007f6f51f1d000,0x00007f6f5201d000] [id=2746]
  0x00007f6f4c030800 ConcurrentGCThread "G1 Refine#1" [stack: 0x00007f6f5201f000,0x00007f6f5211f000] [id=2745]
  0x00007f6f4c02f000 ConcurrentGCThread "G1 Refine#2" [stack: 0x00007f6f52121000,0x00007f6f52221000] [id=2744]
  0x00007f6f4c02d000 ConcurrentGCThread "G1 Refine#3" [stack: 0x00007f6f52223000,0x00007f6f52323000] [id=2743]
  0x00007f6f4c034000 ConcurrentGCThread "G1 Young RemSet Sampling" [stack: 0x00007f6f51e1b000,0x00007f6f51f1b000] [id=2747]

Threads with active compile tasks:
C2 CompilerThread1 799       4       java.util.ArrayList::get (15 bytes)
C2 CompilerThread0 753   !   4       jdk.internal.loader.URLClassPath$JarLoader::getResource (65 bytes)

VM state:not at safepoint (normal execution)

VM Mutex/Monitor currently owned by a thread: None

Heap address: 0x0000000085200000, size: 1966 MB, Compressed Oops mode: 32-bit
Narrow klass base: 0x0000000000000000, Narrow klass shift: 3
Compressed class space size: 1073741824 Address: 0x0000000100000000

Heap:
 garbage-first heap   total 126976K, used 5069K [0x0000000085200000, 0x00000000853003e0, 0x0000000100000000)
  region size 1024K, 5 young (5120K), 2 survivors (2048K)
 Metaspace       used 10200K, capacity 10397K, committed 10624K, reserved 1058816K
  class space    used 786K, capacity 853K, committed 896K, reserved 1048576K
Heap Regions: E=young(eden), S=young(survivor), O=old, HS=humongous(starts), HC=humongous(continues), CS=collection set, F=free, A=archive, TS=gc time stamp, AC=allocation context, TAMS=top-at-mark-start (previous, next)
|   0|0x0000000085200000, 0x00000000852f3600, 0x0000000085300000| 95%| O|  |TS  1|AC  0|TAMS 0x0000000085200000, 0x0000000085200000|
|   1|0x0000000085300000, 0x0000000085300000, 0x0000000085400000|  0%| F|  |TS  0|AC  0|TAMS 0x0000000085300000, 0x0000000085300000|
|   2|0x0000000085400000, 0x0000000085400000, 0x0000000085500000|  0%| F|  |TS  0|AC  0|TAMS 0x0000000085400000, 0x0000000085400000|
|   3|0x0000000085500000, 0x0000000085500000, 0x0000000085600000|  0%| F|  |TS  0|AC  0|TAMS 0x0000000085500000, 0x0000000085500000|
|   4|0x0000000085600000, 0x0000000085600000, 0x0000000085700000|  0%| F|  |TS  0|AC  0|TAMS 0x0000000085600000, 0x0000000085600000|
|   5|0x0000000085700000, 0x0000000085700000, 0x0000000085800000|  0%| F|  |TS  0|AC  0|TAMS 0x0000000085700000, 0x0000000085700000|
|   6|0x0000000085800000, 0x0000000085800000, 0x0000000085900000|  0%| F|  |TS  0|AC  0|TAMS 0x0000000085800000, 0x0000000085800000|
|   7|0x0000000085900000, 0x0000000085900000, 0x0000000085a00000|  0%| F|  |TS  0|AC  0|TAMS 0x0000000085900000, 0x0000000085900000|
|   8|0x0000000085a00000, 0x0000000085a00000, 0x0000000085b00000|  0%| F|  |TS  0|AC  0|TAMS 0x0000000085a00000, 0x0000000085a00000|
|   9|0x0000000085b00000, 0x0000000085b00000, 0x0000000085c00000|  0%| F|  |TS  0|AC  0|TAMS 0x0000000085b00000, 0x0000000085b00000|
|  10|0x0000000085c00000, 0x0000000085c00000, 0x0000000085d00000|  0%| F|  |TS  0|AC  0|TAMS 0x0000000085c00000, 0x0000000085c00000|
|  11|0x0000000085d00000, 0x0000000085d00000, 0x0000000085e00000|  0%| F|  |TS  0|AC  0|TAMS 0x0000000085d00000, 0x0000000085d00000|
|  12|0x0000000085e00000, 0x0000000085e00000, 0x0000000085f00000|  0%| F|  |TS  0|AC  0|TAMS 0x0000000085e00000, 0x0000000085e00000|
|  13|0x0000000085f00000, 0x0000000085f00000, 0x0000000086000000|  0%| F|  |TS  0|AC  0|TAMS 0x0000000085f00000, 0x0000000085f00000|
|  14|0x0000000086000000, 0x0000000086000000, 0x0000000086100000|  0%| F|  |TS  0|AC  0|TAMS 0x0000000086000000, 0x0000000086000000|
|  15|0x0000000086100000, 0x0000000086100000, 0x0000000086200000|  0%| F|  |TS  0|AC  0|TAMS 0x0000000086100000, 0x0000000086100000|
|  16|0x0000000086200000, 0x0000000086200000, 0x0000000086300000|  0%| F|  |TS  0|AC  0|TAMS 0x0000000086200000, 0x0000000086200000|
|  17|0x0000000086300000, 0x0000000086300000, 0x0000000086400000|  0%| F|  |TS  0|AC  0|TAMS 0x0000000086300000, 0x0000000086300000|
|  18|0x0000000086400000, 0x0000000086400000, 0x0000000086500000|  0%| F|  |TS  0|AC  0|TAMS 0x0000000086400000, 0x0000000086400000|
|  19|0x0000000086500000, 0x0000000086500000, 0x0000000086600000|  0%| F|  |TS  0|AC  0|TAMS 0x0000000086500000, 0x0000000086500000|
|  20|0x0000000086600000, 0x0000000086600000, 0x0000000086700000|  0%| F|  |TS  0|AC  0|TAMS 0x0000000086600000, 0x0000000086600000|
|  21|0x0000000086700000, 0x0000000086700000, 0x0000000086800000|  0%| F|  |TS  0|AC  0|TAMS 0x0000000086700000, 0x0000000086700000|
|  22|0x0000000086800000, 0x0000000086800000, 0x0000000086900000|  0%| F|  |TS  0|AC  0|TAMS 0x0000000086800000, 0x0000000086800000|
|  23|0x0000000086900000, 0x0000000086900000, 0x0000000086a00000|  0%| F|  |TS  0|AC  0|TAMS 0x0000000086900000, 0x0000000086900000|
|  24|0x0000000086a00000, 0x0000000086a00000, 0x0000000086b00000|  0%| F|  |TS  0|AC  0|TAMS 0x0000000086a00000, 0x0000000086a00000|
|  25|0x0000000086b00000, 0x0000000086b00000, 0x0000000086c00000|  0%| F|  |TS  0|AC  0|TAMS 0x0000000086b00000, 0x0000000086b00000|
|  26|0x0000000086c00000, 0x0000000086c00000, 0x0000000086d00000|  0%| F|  |TS  0|AC  0|TAMS 0x0000000086c00000, 0x0000000086c00000|
|  27|0x0000000086d00000, 0x0000000086d00000, 0x0000000086e00000|  0%| F|  |TS  0|AC  0|TAMS 0x0000000086d00000, 0x0000000086d00000|
|  28|0x0000000086e00000, 0x0000000086e00000, 0x0000000086f00000|  0%| F|  |TS  0|AC  0|TAMS 0x0000000086e00000, 0x0000000086e00000|
|  29|0x0000000086f00000, 0x0000000086f00000, 0x0000000087000000|  0%| F|  |TS  0|AC  0|TAMS 0x0000000086f00000, 0x0000000086f00000|
|  30|0x0000000087000000, 0x0000000087000000, 0x0000000087100000|  0%| F|  |TS  0|AC  0|TAMS 0x0000000087000000, 0x0000000087000000|
|  31|0x0000000087100000, 0x0000000087100000, 0x0000000087200000|  0%| F|  |TS  0|AC  0|TAMS 0x0000000087100000, 0x0000000087100000|
|  32|0x0000000087200000, 0x0000000087200000, 0x0000000087300000|  0%| F|  |TS  0|AC  0|TAMS 0x0000000087200000, 0x0000000087200000|
|  33|0x0000000087300000, 0x0000000087300000, 0x0000000087400000|  0%| F|  |TS  0|AC  0|TAMS 0x0000000087300000, 0x0000000087300000|
|  34|0x0000000087400000, 0x0000000087400000, 0x0000000087500000|  0%| F|  |TS  0|AC  0|TAMS 0x0000000087400000, 0x0000000087400000|
|  35|0x0000000087500000, 0x0000000087500000, 0x0000000087600000|  0%| F|  |TS  0|AC  0|TAMS 0x0000000087500000, 0x0000000087500000|
|  36|0x0000000087600000, 0x0000000087600000, 0x0000000087700000|  0%| F|  |TS  0|AC  0|TAMS 0x0000000087600000, 0x0000000087600000|
|  37|0x0000000087700000, 0x0000000087700000, 0x0000000087800000|  0%| F|  |TS  0|AC  0|TAMS 0x0000000087700000, 0x0000000087700000|
|  38|0x0000000087800000, 0x0000000087800000, 0x0000000087900000|  0%| F|  |TS  0|AC  0|TAMS 0x0000000087800000, 0x0000000087800000|
|  39|0x0000000087900000, 0x0000000087900000, 0x0000000087a00000|  0%| F|  |TS  0|AC  0|TAMS 0x0000000087900000, 0x0000000087900000|
|  40|0x0000000087a00000, 0x0000000087a00000, 0x0000000087b00000|  0%| F|  |TS  0|AC  0|TAMS 0x0000000087a00000, 0x0000000087a00000|
|  41|0x0000000087b00000, 0x0000000087b00000, 0x0000000087c00000|  0%| F|  |TS  0|AC  0|TAMS 0x0000000087b00000, 0x0000000087b00000|
|  42|0x0000000087c00000, 0x0000000087c00000, 0x0000000087d00000|  0%| F|  |TS  0|AC  0|TAMS 0x0000000087c00000, 0x0000000087c00000|
|  43|0x0000000087d00000, 0x0000000087d00000, 0x0000000087e00000|  0%| F|  |TS  0|AC  0|TAMS 0x0000000087d00000, 0x0000000087d00000|
|  44|0x0000000087e00000, 0x0000000087e00000, 0x0000000087f00000|  0%| F|  |TS  0|AC  0|TAMS 0x0000000087e00000, 0x0000000087e00000|
|  45|0x0000000087f00000, 0x0000000087f00000, 0x0000000088000000|  0%| F|  |TS  0|AC  0|TAMS 0x0000000087f00000, 0x0000000087f00000|
|  46|0x0000000088000000, 0x0000000088000000, 0x0000000088100000|  0%| F|  |TS  0|AC  0|TAMS 0x0000000088000000, 0x0000000088000000|
|  47|0x0000000088100000, 0x0000000088100000, 0x0000000088200000|  0%| F|  |TS  0|AC  0|TAMS 0x0000000088100000, 0x0000000088100000|
|  48|0x0000000088200000, 0x0000000088200000, 0x0000000088300000|  0%| F|  |TS  0|AC  0|TAMS 0x0000000088200000, 0x0000000088200000|
|  49|0x0000000088300000, 0x0000000088300000, 0x0000000088400000|  0%| F|  |TS  0|AC  0|TAMS 0x0000000088300000, 0x0000000088300000|
|  50|0x0000000088400000, 0x0000000088400000, 0x0000000088500000|  0%| F|  |TS  0|AC  0|TAMS 0x0000000088400000, 0x0000000088400000|
|  51|0x0000000088500000, 0x0000000088500000, 0x0000000088600000|  0%| F|  |TS  0|AC  0|TAMS 0x0000000088500000, 0x0000000088500000|
|  52|0x0000000088600000, 0x0000000088600000, 0x0000000088700000|  0%| F|  |TS  0|AC  0|TAMS 0x0000000088600000, 0x0000000088600000|
|  53|0x0000000088700000, 0x0000000088700000, 0x0000000088800000|  0%| F|  |TS  0|AC  0|TAMS 0x0000000088700000, 0x0000000088700000|
|  54|0x0000000088800000, 0x0000000088800000, 0x0000000088900000|  0%| F|  |TS  0|AC  0|TAMS 0x0000000088800000, 0x0000000088800000|
|  55|0x0000000088900000, 0x0000000088900000, 0x0000000088a00000|  0%| F|  |TS  0|AC  0|TAMS 0x0000000088900000, 0x0000000088900000|
|  56|0x0000000088a00000, 0x0000000088a00000, 0x0000000088b00000|  0%| F|  |TS  0|AC  0|TAMS 0x0000000088a00000, 0x0000000088a00000|
|  57|0x0000000088b00000, 0x0000000088b00000, 0x0000000088c00000|  0%| F|  |TS  0|AC  0|TAMS 0x0000000088b00000, 0x0000000088b00000|
|  58|0x0000000088c00000, 0x0000000088c00000, 0x0000000088d00000|  0%| F|  |TS  0|AC  0|TAMS 0x0000000088c00000, 0x0000000088c00000|
|  59|0x0000000088d00000, 0x0000000088d00000, 0x0000000088e00000|  0%| F|  |TS  0|AC  0|TAMS 0x0000000088d00000, 0x0000000088d00000|
|  60|0x0000000088e00000, 0x0000000088e00000, 0x0000000088f00000|  0%| F|  |TS  0|AC  0|TAMS 0x0000000088e00000, 0x0000000088e00000|
|  61|0x0000000088f00000, 0x0000000088f00000, 0x0000000089000000|  0%| F|  |TS  0|AC  0|TAMS 0x0000000088f00000, 0x0000000088f00000|
|  62|0x0000000089000000, 0x0000000089000000, 0x0000000089100000|  0%| F|  |TS  0|AC  0|TAMS 0x0000000089000000, 0x0000000089000000|
|  63|0x0000000089100000, 0x0000000089100000, 0x0000000089200000|  0%| F|  |TS  0|AC  0|TAMS 0x0000000089100000, 0x0000000089100000|
|  64|0x0000000089200000, 0x0000000089200000, 0x0000000089300000|  0%| F|  |TS  0|AC  0|TAMS 0x0000000089200000, 0x0000000089200000|
|  65|0x0000000089300000, 0x0000000089300000, 0x0000000089400000|  0%| F|  |TS  0|AC  0|TAMS 0x0000000089300000, 0x0000000089300000|
|  66|0x0000000089400000, 0x0000000089400000, 0x0000000089500000|  0%| F|  |TS  0|AC  0|TAMS 0x0000000089400000, 0x0000000089400000|
|  67|0x0000000089500000, 0x0000000089500000, 0x0000000089600000|  0%| F|  |TS  0|AC  0|TAMS 0x0000000089500000, 0x0000000089500000|
|  68|0x0000000089600000, 0x0000000089600000, 0x0000000089700000|  0%| F|  |TS  0|AC  0|TAMS 0x0000000089600000, 0x0000000089600000|
|  69|0x0000000089700000, 0x0000000089700000, 0x0000000089800000|  0%| F|  |TS  0|AC  0|TAMS 0x0000000089700000, 0x0000000089700000|
|  70|0x0000000089800000, 0x0000000089800000, 0x0000000089900000|  0%| F|  |TS  0|AC  0|TAMS 0x0000000089800000, 0x0000000089800000|
|  71|0x0000000089900000, 0x0000000089900000, 0x0000000089a00000|  0%| F|  |TS  0|AC  0|TAMS 0x0000000089900000, 0x0000000089900000|
|  72|0x0000000089a00000, 0x0000000089a00000, 0x0000000089b00000|  0%| F|  |TS  0|AC  0|TAMS 0x0000000089a00000, 0x0000000089a00000|
|  73|0x0000000089b00000, 0x0000000089b00000, 0x0000000089c00000|  0%| F|  |TS  0|AC  0|TAMS 0x0000000089b00000, 0x0000000089b00000|
|  74|0x0000000089c00000, 0x0000000089c00000, 0x0000000089d00000|  0%| F|  |TS  0|AC  0|TAMS 0x0000000089c00000, 0x0000000089c00000|
|  75|0x0000000089d00000, 0x0000000089d00000, 0x0000000089e00000|  0%| F|  |TS  0|AC  0|TAMS 0x0000000089d00000, 0x0000000089d00000|
|  76|0x0000000089e00000, 0x0000000089e00000, 0x0000000089f00000|  0%| F|  |TS  0|AC  0|TAMS 0x0000000089e00000, 0x0000000089e00000|
|  77|0x0000000089f00000, 0x0000000089f00000, 0x000000008a000000|  0%| F|  |TS  0|AC  0|TAMS 0x0000000089f00000, 0x0000000089f00000|
|  78|0x000000008a000000, 0x000000008a000000, 0x000000008a100000|  0%| F|  |TS  0|AC  0|TAMS 0x000000008a000000, 0x000000008a000000|
|  79|0x000000008a100000, 0x000000008a100000, 0x000000008a200000|  0%| F|  |TS  0|AC  0|TAMS 0x000000008a100000, 0x000000008a100000|
|  80|0x000000008a200000, 0x000000008a200000, 0x000000008a300000|  0%| F|  |TS  0|AC  0|TAMS 0x000000008a200000, 0x000000008a200000|
|  81|0x000000008a300000, 0x000000008a300000, 0x000000008a400000|  0%| F|  |TS  0|AC  0|TAMS 0x000000008a300000, 0x000000008a300000|
|  82|0x000000008a400000, 0x000000008a400000, 0x000000008a500000|  0%| F|  |TS  0|AC  0|TAMS 0x000000008a400000, 0x000000008a400000|
|  83|0x000000008a500000, 0x000000008a500000, 0x000000008a600000|  0%| F|  |TS  0|AC  0|TAMS 0x000000008a500000, 0x000000008a500000|
|  84|0x000000008a600000, 0x000000008a600000, 0x000000008a700000|  0%| F|  |TS  0|AC  0|TAMS 0x000000008a600000, 0x000000008a600000|
|  85|0x000000008a700000, 0x000000008a700000, 0x000000008a800000|  0%| F|  |TS  0|AC  0|TAMS 0x000000008a700000, 0x000000008a700000|
|  86|0x000000008a800000, 0x000000008a800000, 0x000000008a900000|  0%| F|  |TS  0|AC  0|TAMS 0x000000008a800000, 0x000000008a800000|
|  87|0x000000008a900000, 0x000000008a900000, 0x000000008aa00000|  0%| F|  |TS  0|AC  0|TAMS 0x000000008a900000, 0x000000008a900000|
|  88|0x000000008aa00000, 0x000000008aa00000, 0x000000008ab00000|  0%| F|  |TS  0|AC  0|TAMS 0x000000008aa00000, 0x000000008aa00000|
|  89|0x000000008ab00000, 0x000000008ab00000, 0x000000008ac00000|  0%| F|  |TS  0|AC  0|TAMS 0x000000008ab00000, 0x000000008ab00000|
|  90|0x000000008ac00000, 0x000000008ac00000, 0x000000008ad00000|  0%| F|  |TS  0|AC  0|TAMS 0x000000008ac00000, 0x000000008ac00000|
|  91|0x000000008ad00000, 0x000000008ad00000, 0x000000008ae00000|  0%| F|  |TS  0|AC  0|TAMS 0x000000008ad00000, 0x000000008ad00000|
|  92|0x000000008ae00000, 0x000000008ae00000, 0x000000008af00000|  0%| F|  |TS  0|AC  0|TAMS 0x000000008ae00000, 0x000000008ae00000|
|  93|0x000000008af00000, 0x000000008af00000, 0x000000008b000000|  0%| F|  |TS  0|AC  0|TAMS 0x000000008af00000, 0x000000008af00000|
|  94|0x000000008b000000, 0x000000008b000000, 0x000000008b100000|  0%| F|  |TS  0|AC  0|TAMS 0x000000008b000000, 0x000000008b000000|
|  95|0x000000008b100000, 0x000000008b100000, 0x000000008b200000|  0%| F|  |TS  0|AC  0|TAMS 0x000000008b100000, 0x000000008b100000|
|  96|0x000000008b200000, 0x000000008b200000, 0x000000008b300000|  0%| F|  |TS  0|AC  0|TAMS 0x000000008b200000, 0x000000008b200000|
|  97|0x000000008b300000, 0x000000008b300000, 0x000000008b400000|  0%| F|  |TS  0|AC  0|TAMS 0x000000008b300000, 0x000000008b300000|
|  98|0x000000008b400000, 0x000000008b400000, 0x000000008b500000|  0%| F|  |TS  0|AC  0|TAMS 0x000000008b400000, 0x000000008b400000|
|  99|0x000000008b500000, 0x000000008b500000, 0x000000008b600000|  0%| F|  |TS  0|AC  0|TAMS 0x000000008b500000, 0x000000008b500000|
| 100|0x000000008b600000, 0x000000008b600000, 0x000000008b700000|  0%| F|  |TS  0|AC  0|TAMS 0x000000008b600000, 0x000000008b600000|
| 101|0x000000008b700000, 0x000000008b700000, 0x000000008b800000|  0%| F|  |TS  0|AC  0|TAMS 0x000000008b700000, 0x000000008b700000|
| 102|0x000000008b800000, 0x000000008b800000, 0x000000008b900000|  0%| F|  |TS  0|AC  0|TAMS 0x000000008b800000, 0x000000008b800000|
| 103|0x000000008b900000, 0x000000008b900000, 0x000000008ba00000|  0%| F|  |TS  0|AC  0|TAMS 0x000000008b900000, 0x000000008b900000|
| 104|0x000000008ba00000, 0x000000008ba00000, 0x000000008bb00000|  0%| F|  |TS  0|AC  0|TAMS 0x000000008ba00000, 0x000000008ba00000|
| 105|0x000000008bb00000, 0x000000008bb00000, 0x000000008bc00000|  0%| F|  |TS  0|AC  0|TAMS 0x000000008bb00000, 0x000000008bb00000|
| 106|0x000000008bc00000, 0x000000008bc00000, 0x000000008bd00000|  0%| F|  |TS  0|AC  0|TAMS 0x000000008bc00000, 0x000000008bc00000|
| 107|0x000000008bd00000, 0x000000008bd00000, 0x000000008be00000|  0%| F|  |TS  0|AC  0|TAMS 0x000000008bd00000, 0x000000008bd00000|
| 108|0x000000008be00000, 0x000000008bf00000, 0x000000008bf00000|100%| S|CS|TS  1|AC  0|TAMS 0x000000008be00000, 0x000000008be00000|
| 109|0x000000008bf00000, 0x000000008c000000, 0x000000008c000000|100%| S|CS|TS  1|AC  0|TAMS 0x000000008bf00000, 0x000000008bf00000|
| 110|0x000000008c000000, 0x000000008c000000, 0x000000008c100000|  0%| F|  |TS  1|AC  0|TAMS 0x000000008c000000, 0x000000008c000000|
| 111|0x000000008c100000, 0x000000008c100000, 0x000000008c200000|  0%| F|  |TS  1|AC  0|TAMS 0x000000008c100000, 0x000000008c100000|
| 112|0x000000008c200000, 0x000000008c200000, 0x000000008c300000|  0%| F|  |TS  1|AC  0|TAMS 0x000000008c200000, 0x000000008c200000|
| 113|0x000000008c300000, 0x000000008c300000, 0x000000008c400000|  0%| F|  |TS  1|AC  0|TAMS 0x000000008c300000, 0x000000008c300000|
| 114|0x000000008c400000, 0x000000008c400000, 0x000000008c500000|  0%| F|  |TS  1|AC  0|TAMS 0x000000008c400000, 0x000000008c400000|
| 115|0x000000008c500000, 0x000000008c500000, 0x000000008c600000|  0%| F|  |TS  1|AC  0|TAMS 0x000000008c500000, 0x000000008c500000|
| 116|0x000000008c600000, 0x000000008c600000, 0x000000008c700000|  0%| F|  |TS  1|AC  0|TAMS 0x000000008c600000, 0x000000008c600000|
| 117|0x000000008c700000, 0x000000008c700000, 0x000000008c800000|  0%| F|  |TS  1|AC  0|TAMS 0x000000008c700000, 0x000000008c700000|
| 118|0x000000008c800000, 0x000000008c800000, 0x000000008c900000|  0%| F|  |TS  1|AC  0|TAMS 0x000000008c800000, 0x000000008c800000|
| 119|0x000000008c900000, 0x000000008c900000, 0x000000008ca00000|  0%| F|  |TS  1|AC  0|TAMS 0x000000008c900000, 0x000000008c900000|
| 120|0x000000008ca00000, 0x000000008ca00000, 0x000000008cb00000|  0%| F|  |TS  1|AC  0|TAMS 0x000000008ca00000, 0x000000008ca00000|
| 121|0x000000008cb00000, 0x000000008cb80800, 0x000000008cc00000| 50%| E|  |TS  1|AC  0|TAMS 0x000000008cb00000, 0x000000008cb00000|
| 122|0x000000008cc00000, 0x000000008cd00000, 0x000000008cd00000|100%| E|CS|TS  1|AC  0|TAMS 0x000000008cc00000, 0x000000008cc00000|
| 123|0x000000008cd00000, 0x000000008ce00000, 0x000000008ce00000|100%| E|CS|TS  1|AC  0|TAMS 0x000000008cd00000, 0x000000008cd00000|

Card table byte_map: [0x00007f6f51294000,0x00007f6f5166b000] byte_map_base: 0x00007f6f50e6b000

Marking Bits (Prev, Next): (CMBitMap*) 0x00007f6f4c058840, (CMBitMap*) 0x00007f6f4c058878
 Prev Bits: [0x00007f6f31b72000, 0x00007f6f33a2a000)
 Next Bits: [0x00007f6f0a148000, 0x00007f6f0c000000)

Polling page: 0x00007f6f5638c000

CodeHeap 'non-profiled nmethods': size=120032Kb used=254Kb max_used=254Kb free=119777Kb
 bounds [0x00007f6f3b4f2000, 0x00007f6f3b762000, 0x00007f6f42a2a000]
CodeHeap 'profiled nmethods': size=120032Kb used=1372Kb max_used=1372Kb free=118659Kb
 bounds [0x00007f6f33fba000, 0x00007f6f3422a000, 0x00007f6f3b4f2000]
CodeHeap 'non-nmethods': size=5696Kb used=1485Kb max_used=1504Kb free=4210Kb
 bounds [0x00007f6f33a2a000, 0x00007f6f33c9a000, 0x00007f6f33fba000]
 total_blobs=1826 nmethods=812 adapters=761
 compilation: enabled

Compilation events (10 events):
Event: 0.567 Thread 0x00007f6f4c15e000  808       3       java.util.HashMap$KeySet::iterator (12 bytes)
Event: 0.567 Thread 0x00007f6f4c15e000 nmethod 808 0x00007f6f3410fa10 code [0x00007f6f3410fbe0, 0x00007f6f3410fe88]
Event: 0.567 Thread 0x00007f6f4c15e000  809       3       java.util.HashMap$KeyIterator::<init> (11 bytes)
Event: 0.567 Thread 0x00007f6f4c15e000 nmethod 809 0x00007f6f3410ff90 code [0x00007f6f34110140, 0x00007f6f34110308]
Event: 0.567 Thread 0x00007f6f4c15e000  810       3       java.util.LinkedHashMap::get (33 bytes)
Event: 0.568 Thread 0x00007f6f4c15e000 nmethod 810 0x00007f6f34110390 code [0x00007f6f34110580, 0x00007f6f34110a68]
Event: 0.570 Thread 0x00007f6f4c15e000  813       1       java.nio.Buffer::remaining (10 bytes)
Event: 0.570 Thread 0x00007f6f4c15e000 nmethod 813 0x00007f6f3b52d890 code [0x00007f6f3b52da40, 0x00007f6f3b52db50]
Event: 0.570 Thread 0x00007f6f4c15e000  812       3       java.util.HashSet::iterator (13 bytes)
Event: 0.571 Thread 0x00007f6f4c15e000 nmethod 812 0x00007f6f34110c10 code [0x00007f6f34110de0, 0x00007f6f341110b8]

GC Heap History (2 events):
Event: 0.505 GC heap before
{Heap before GC invocations=0 (full 0):
 garbage-first heap   total 126976K, used 14336K [0x0000000085200000, 0x00000000853003e0, 0x0000000100000000)
  region size 1024K, 14 young (14336K), 0 survivors (0K)
 Metaspace       used 9648K, capacity 9857K, committed 10112K, reserved 1058816K
  class space    used 730K, capacity 781K, committed 896K, reserved 1048576K
}
Event: 0.510 GC heap after
{Heap after GC invocations=1 (full 0):
 garbage-first heap   total 126976K, used 3021K [0x0000000085200000, 0x00000000853003e0, 0x0000000100000000)
  region size 1024K, 2 young (2048K), 2 survivors (2048K)
 Metaspace       used 9648K, capacity 9857K, committed 10112K, reserved 1058816K
  class space    used 730K, capacity 781K, committed 896K, reserved 1048576K
}

Deoptimization events (0 events):
No events

Classes redefined (0 events):
No events

Internal exceptions (10 events):
Event: 0.221 Thread 0x00007f6f4c011000 Exception <a 'java/lang/NoSuchMethodError'{0x000000008c9e0100}: java.lang.Object.lambda$union$2(Ljava/util/regex/Pattern$CharPredicate;I)Z> (0x000000008c9e0100) thrown at [/build/java9-openjdk/src/jdk9u-jdk-9.0.4+11/hotspot/src/share/vm/interpreter/linkRe
Event: 0.224 Thread 0x00007f6f4c011000 Exception <a 'java/lang/NoSuchMethodError'{0x000000008c9fa7f0}: java.lang.invoke.DirectMethodHandle$Holder.invokeStatic(Ljava/lang/Object;Ljava/lang/Object;)I> (0x000000008c9fa7f0) thrown at [/build/java9-openjdk/src/jdk9u-jdk-9.0.4+11/hotspot/src/share/v
Event: 0.227 Thread 0x00007f6f4c011000 Exception <a 'java/lang/NoSuchMethodError'{0x000000008c808800}: method resolution failed> (0x000000008c808800) thrown at [/build/java9-openjdk/src/jdk9u-jdk-9.0.4+11/hotspot/src/share/vm/prims/methodHandles.cpp, line 1256]
Event: 0.228 Thread 0x00007f6f4c011000 Exception <a 'java/lang/NoSuchMethodError'{0x000000008c80c448}: method resolution failed> (0x000000008c80c448) thrown at [/build/java9-openjdk/src/jdk9u-jdk-9.0.4+11/hotspot/src/share/vm/prims/methodHandles.cpp, line 1256]
Event: 0.228 Thread 0x00007f6f4c011000 Exception <a 'java/lang/NoSuchMethodError'{0x000000008c80f948}: java.lang.invoke.DelegatingMethodHandle$Holder.delegate(Ljava/lang/Object;Ljava/lang/Object;ILjava/lang/Object;)V> (0x000000008c80f948) thrown at [/build/java9-openjdk/src/jdk9u-jdk-9.0.4+11/
Event: 0.229 Thread 0x00007f6f4c011000 Exception <a 'java/lang/NoSuchMethodError'{0x000000008c813650}: java.lang.invoke.DirectMethodHandle$Holder.invokeSpecial(Ljava/lang/Object;Ljava/lang/Object;Ljava/lang/Object;)I> (0x000000008c813650) thrown at [/build/java9-openjdk/src/jdk9u-jdk-9.0.4+11/
Event: 0.231 Thread 0x00007f6f4c011000 Exception <a 'java/lang/NoSuchMethodError'{0x000000008c81a678}: java.lang.invoke.DirectMethodHandle$Holder.invokeStaticInit(Ljava/lang/Object;Ljava/lang/Object;Ljava/lang/Object;)Ljava/lang/Object;> (0x000000008c81a678) thrown at [/build/java9-openjdk/src
Event: 0.370 Thread 0x00007f6f4c011000 Exception <a 'java/lang/NoSuchMethodError'{0x000000008c6e3d88}: java.lang.invoke.DirectMethodHandle$Holder.invokeStatic(Ljava/lang/Object;JII)V> (0x000000008c6e3d88) thrown at [/build/java9-openjdk/src/jdk9u-jdk-9.0.4+11/hotspot/src/share/vm/interpreter/l
Event: 0.390 Thread 0x00007f6f4c011000 Exception <a 'sun/nio/fs/UnixException'{0x000000008c55e860}> (0x000000008c55e860) thrown at [/build/java9-openjdk/src/jdk9u-jdk-9.0.4+11/hotspot/src/share/vm/prims/jni.cpp, line 604]
Event: 0.541 Thread 0x00007f6f4c011000 Exception <a 'java/lang/NoSuchMethodError'{0x000000008cb10930}: java.lang.invoke.DirectMethodHandle$Holder.invokeInterface(Ljava/lang/Object;Ljava/lang/Object;Ljava/lang/Object;)I> (0x000000008cb10930) thrown at [/build/java9-openjdk/src/jdk9u-jdk-9.0.4+1

Events (10 events):
Event: 0.563 loading class Util
Event: 0.563 loading class Util done
Event: 0.564 loading class org/lwjgl/system/APIUtil$Encoder
Event: 0.564 loading class org/lwjgl/system/APIUtil$Encoder done
Event: 0.564 loading class org/lwjgl/system/APIUtil$Encoder
Event: 0.564 loading class org/lwjgl/system/APIUtil$Encoder done
Event: 0.565 loading class org/lwjgl/system/libc/LibCStdlib
Event: 0.565 loading class org/lwjgl/system/libc/LibCStdlib done
Event: 0.572 loading class org/lwjgl/opengl/GL$ICDStatic$WriteOnce
Event: 0.572 loading class org/lwjgl/opengl/GL$ICDStatic$WriteOnce done


Dynamic libraries:
85200000-8ce00000 rw-p 00000000 00:00 0 
8ce00000-100000000 ---p 00000000 00:00 0 
100000000-1000e0000 rw-p 00000000 00:00 0 
1000e0000-140000000 ---p 00000000 00:00 0 
56122f884000-56122f885000 r-xp 00000000 08:08 279043                     /usr/lib/jvm/java-9-openjdk/bin/java
56122fa85000-56122fa86000 r--p 00001000 08:08 279043                     /usr/lib/jvm/java-9-openjdk/bin/java
56122fa86000-56122fa87000 rw-p 00002000 08:08 279043                     /usr/lib/jvm/java-9-openjdk/bin/java
561230dd2000-561230df3000 rw-p 00000000 00:00 0                          [heap]
7f6ecdf2e000-7f6ece0ae000 rw-p 00000000 00:00 0 
7f6ece0ae000-7f6ece12e000 ---p 00000000 00:00 0 
7f6ece12e000-7f6ece199000 r-xp 00000000 00:2c 404013                     /tmp/lwjgldavid/3.1.6-build-14/liblwjgl_opengl.so
7f6ece199000-7f6ece398000 ---p 0006b000 00:2c 404013                     /tmp/lwjgldavid/3.1.6-build-14/liblwjgl_opengl.so
7f6ece398000-7f6ece399000 r--p 0006a000 00:2c 404013                     /tmp/lwjgldavid/3.1.6-build-14/liblwjgl_opengl.so
7f6ece399000-7f6ece39a000 rw-p 0006b000 00:2c 404013                     /tmp/lwjgldavid/3.1.6-build-14/liblwjgl_opengl.so
7f6ece39a000-7f6ecf74b000 rw-p 00000000 00:00 0 
7f6ecf74b000-7f6ecf753000 r-xp 00000000 08:08 33619                      /usr/lib/libpciaccess.so.0.11.1
7f6ecf753000-7f6ecf953000 ---p 00008000 08:08 33619                      /usr/lib/libpciaccess.so.0.11.1
7f6ecf953000-7f6ecf954000 r--p 00008000 08:08 33619                      /usr/lib/libpciaccess.so.0.11.1
7f6ecf954000-7f6ecf955000 rw-p 00009000 08:08 33619                      /usr/lib/libpciaccess.so.0.11.1
7f6ecf955000-7f6ecf95c000 r-xp 00000000 08:08 33639                      /usr/lib/libdrm_nouveau.so.2.0.0
7f6ecf95c000-7f6ecfb5b000 ---p 00007000 08:08 33639                      /usr/lib/libdrm_nouveau.so.2.0.0
7f6ecfb5b000-7f6ecfb5c000 r--p 00006000 08:08 33639                      /usr/lib/libdrm_nouveau.so.2.0.0
7f6ecfb5c000-7f6ecfb5d000 rw-p 00007000 08:08 33639                      /usr/lib/libdrm_nouveau.so.2.0.0
7f6ecfb5d000-7f6ecfb68000 r-xp 00000000 08:08 33633                      /usr/lib/libdrm_radeon.so.1.0.1
7f6ecfb68000-7f6ecfd67000 ---p 0000b000 08:08 33633                      /usr/lib/libdrm_radeon.so.1.0.1
7f6ecfd67000-7f6ecfd68000 r--p 0000a000 08:08 33633                      /usr/lib/libdrm_radeon.so.1.0.1
7f6ecfd68000-7f6ecfd69000 rw-p 0000b000 08:08 33633                      /usr/lib/libdrm_radeon.so.1.0.1
7f6ecfd69000-7f6ecfd8c000 r-xp 00000000 08:08 33634                      /usr/lib/libdrm_intel.so.1.0.0
7f6ecfd8c000-7f6ecff8b000 ---p 00023000 08:08 33634                      /usr/lib/libdrm_intel.so.1.0.0
7f6ecff8b000-7f6ecff8c000 r--p 00022000 08:08 33634                      /usr/lib/libdrm_intel.so.1.0.0
7f6ecff8c000-7f6ecff8d000 rw-p 00023000 08:08 33634                      /usr/lib/libdrm_intel.so.1.0.0
7f6ecff8d000-7f6ed0816000 r-xp 00000000 08:08 138956                     /usr/lib/dri/i965_dri.so
7f6ed0816000-7f6ed0a15000 ---p 00889000 08:08 138956                     /usr/lib/dri/i965_dri.so
7f6ed0a15000-7f6ed0a66000 r--p 00888000 08:08 138956                     /usr/lib/dri/i965_dri.so
7f6ed0a66000-7f6ed0a70000 rw-p 008d9000 08:08 138956                     /usr/lib/dri/i965_dri.so
7f6ed0a70000-7f6ed0b15000 rw-p 00000000 00:00 0 
7f6ed0b15000-7f6ed0b44000 r-xp 00000000 08:08 13951                      /usr/lib/libexpat.so.1.6.7
7f6ed0b44000-7f6ed0d44000 ---p 0002f000 08:08 13951                      /usr/lib/libexpat.so.1.6.7
7f6ed0d44000-7f6ed0d46000 r--p 0002f000 08:08 13951                      /usr/lib/libexpat.so.1.6.7
7f6ed0d46000-7f6ed0d47000 rw-p 00031000 08:08 13951                      /usr/lib/libexpat.so.1.6.7
7f6ed0d47000-7f6ed0d48000 r-xp 00000000 08:08 33789                      /usr/lib/libxshmfence.so.1.0.0
7f6ed0d48000-7f6ed0f47000 ---p 00001000 08:08 33789                      /usr/lib/libxshmfence.so.1.0.0
7f6ed0f47000-7f6ed0f48000 r--p 00000000 08:08 33789                      /usr/lib/libxshmfence.so.1.0.0
7f6ed0f48000-7f6ed0f49000 rw-p 00001000 08:08 33789                      /usr/lib/libxshmfence.so.1.0.0
7f6ed0f49000-7f6ed0f4f000 r-xp 00000000 08:08 32562                      /usr/lib/libxcb-sync.so.1.0.0
7f6ed0f4f000-7f6ed114e000 ---p 00006000 08:08 32562                      /usr/lib/libxcb-sync.so.1.0.0
7f6ed114e000-7f6ed114f000 r--p 00005000 08:08 32562                      /usr/lib/libxcb-sync.so.1.0.0
7f6ed114f000-7f6ed1150000 rw-p 00006000 08:08 32562                      /usr/lib/libxcb-sync.so.1.0.0
7f6ed1150000-7f6ed1152000 r-xp 00000000 08:08 32554                      /usr/lib/libxcb-present.so.0.0.0
7f6ed1152000-7f6ed1351000 ---p 00002000 08:08 32554                      /usr/lib/libxcb-present.so.0.0.0
7f6ed1351000-7f6ed1352000 r--p 00001000 08:08 32554                      /usr/lib/libxcb-present.so.0.0.0
7f6ed1352000-7f6ed1353000 rw-p 00002000 08:08 32554                      /usr/lib/libxcb-present.so.0.0.0
7f6ed1353000-7f6ed1356000 r-xp 00000000 08:08 32563                      /usr/lib/libxcb-dri3.so.0.0.0
7f6ed1356000-7f6ed1555000 ---p 00003000 08:08 32563                      /usr/lib/libxcb-dri3.so.0.0.0
7f6ed1555000-7f6ed1556000 r--p 00002000 08:08 32563                      /usr/lib/libxcb-dri3.so.0.0.0
7f6ed1556000-7f6ed1557000 rw-p 00003000 08:08 32563                      /usr/lib/libxcb-dri3.so.0.0.0
7f6ed1557000-7f6ed1559000 r-xp 00000000 08:08 33783                      /usr/lib/libXdamage.so.1.1.0
7f6ed1559000-7f6ed1758000 ---p 00002000 08:08 33783                      /usr/lib/libXdamage.so.1.1.0
7f6ed1758000-7f6ed1759000 r--p 00001000 08:08 33783                      /usr/lib/libXdamage.so.1.1.0
7f6ed1759000-7f6ed175a000 rw-p 00002000 08:08 33783                      /usr/lib/libXdamage.so.1.1.0
7f6ed175a000-7f6ed175e000 r-xp 00000000 08:08 32574                      /usr/lib/libxcb-dri2.so.0.0.0
7f6ed175e000-7f6ed195d000 ---p 00004000 08:08 32574                      /usr/lib/libxcb-dri2.so.0.0.0
7f6ed195d000-7f6ed195e000 r--p 00003000 08:08 32574                      /usr/lib/libxcb-dri2.so.0.0.0
7f6ed195e000-7f6ed195f000 rw-p 00004000 08:08 32574                      /usr/lib/libxcb-dri2.so.0.0.0
7f6ed195f000-7f6ed1978000 r-xp 00000000 08:08 32587                      /usr/lib/libxcb-glx.so.0.0.0
7f6ed1978000-7f6ed1b77000 ---p 00019000 08:08 32587                      /usr/lib/libxcb-glx.so.0.0.0
7f6ed1b77000-7f6ed1b79000 r--p 00018000 08:08 32587                      /usr/lib/libxcb-glx.so.0.0.0
7f6ed1b79000-7f6ed1b7a000 rw-p 0001a000 08:08 32587                      /usr/lib/libxcb-glx.so.0.0.0
7f6ed1b7a000-7f6ed1b8b000 r-xp 00000000 08:08 33646                      /usr/lib/libdrm.so.2.4.0
7f6ed1b8b000-7f6ed1d8a000 ---p 00011000 08:08 33646                      /usr/lib/libdrm.so.2.4.0
7f6ed1d8a000-7f6ed1d8b000 r--p 00010000 08:08 33646                      /usr/lib/libdrm.so.2.4.0
7f6ed1d8b000-7f6ed1d8c000 rw-p 00011000 08:08 33646                      /usr/lib/libdrm.so.2.4.0
7f6ed1d8c000-7f6ed1db8000 r-xp 00000000 08:08 33904                      /usr/lib/libglapi.so.0.0.0
7f6ed1db8000-7f6ed1fb7000 ---p 0002c000 08:08 33904                      /usr/lib/libglapi.so.0.0.0
7f6ed1fb7000-7f6ed1fbb000 r--p 0002b000 08:08 33904                      /usr/lib/libglapi.so.0.0.0
7f6ed1fbb000-7f6ed1fbc000 rw-p 0002f000 08:08 33904                      /usr/lib/libglapi.so.0.0.0
7f6ed1fbc000-7f6ed1fbd000 rw-p 00000000 00:00 0 
7f6ed1fbd000-7f6ed202d000 r-xp 00000000 08:08 33911                      /usr/lib/libGLX_mesa.so.0.0.0
7f6ed202d000-7f6ed222c000 ---p 00070000 08:08 33911                      /usr/lib/libGLX_mesa.so.0.0.0
7f6ed222c000-7f6ed222f000 r--p 0006f000 08:08 33911                      /usr/lib/libGLX_mesa.so.0.0.0
7f6ed222f000-7f6ed2230000 rw-p 00072000 08:08 33911                      /usr/lib/libGLX_mesa.so.0.0.0
7f6ed2230000-7f6ed229e000 r-xp 00000000 08:08 33931                      /usr/lib/libGLdispatch.so.0.0.0
7f6ed229e000-7f6ed249d000 ---p 0006e000 08:08 33931                      /usr/lib/libGLdispatch.so.0.0.0
7f6ed249d000-7f6ed24c5000 r--p 0006d000 08:08 33931                      /usr/lib/libGLdispatch.so.0.0.0
7f6ed24c5000-7f6ed24c6000 rw-p 00095000 08:08 33931                      /usr/lib/libGLdispatch.so.0.0.0
7f6ed24c6000-7f6ed24e6000 rw-p 00000000 00:00 0 
7f6ed24e6000-7f6ed24f6000 r-xp 00000000 08:08 33934                      /usr/lib/libGLX.so.0.0.0
7f6ed24f6000-7f6ed26f5000 ---p 00010000 08:08 33934                      /usr/lib/libGLX.so.0.0.0
7f6ed26f5000-7f6ed26f6000 r--p 0000f000 08:08 33934                      /usr/lib/libGLX.so.0.0.0
7f6ed26f6000-7f6ed26f7000 rw-p 00010000 08:08 33934                      /usr/lib/libGLX.so.0.0.0
7f6ed26f7000-7f6ed2717000 rw-p 00000000 00:00 0 
7f6ed2717000-7f6ed2787000 r-xp 00000000 08:08 33935                      /usr/lib/libGL.so.1.0.0
7f6ed2787000-7f6ed2986000 ---p 00070000 08:08 33935                      /usr/lib/libGL.so.1.0.0
7f6ed2986000-7f6ed29a0000 r--p 0006f000 08:08 33935                      /usr/lib/libGL.so.1.0.0
7f6ed29a0000-7f6ed29a1000 rw-p 00089000 08:08 33935                      /usr/lib/libGL.so.1.0.0
7f6ed29a1000-7f6ed29a2000 rw-p 00000000 00:00 0 
7f6ed29a2000-7f6ed29a3000 r-xp 00000000 08:08 33463                      /usr/lib/libX11-xcb.so.1.0.0
7f6ed29a3000-7f6ed2ba2000 ---p 00001000 08:08 33463                      /usr/lib/libX11-xcb.so.1.0.0
7f6ed2ba2000-7f6ed2ba3000 r--p 00000000 08:08 33463                      /usr/lib/libX11-xcb.so.1.0.0
7f6ed2ba3000-7f6ed2ba4000 rw-p 00001000 08:08 33463                      /usr/lib/libX11-xcb.so.1.0.0
7f6ed2ba4000-7f6ed2ba6000 r-xp 00000000 08:08 34981                      /usr/lib/libXinerama.so.1.0.0
7f6ed2ba6000-7f6ed2da5000 ---p 00002000 08:08 34981                      /usr/lib/libXinerama.so.1.0.0
7f6ed2da5000-7f6ed2da6000 r--p 00001000 08:08 34981                      /usr/lib/libXinerama.so.1.0.0
7f6ed2da6000-7f6ed2da7000 rw-p 00002000 08:08 34981                      /usr/lib/libXinerama.so.1.0.0
7f6ed2da7000-7f6ed2dac000 r-xp 00000000 08:08 33778                      /usr/lib/libXfixes.so.3.1.0
7f6ed2dac000-7f6ed2fab000 ---p 00005000 08:08 33778                      /usr/lib/libXfixes.so.3.1.0
7f6ed2fab000-7f6ed2fac000 r--p 00004000 08:08 33778                      /usr/lib/libXfixes.so.3.1.0
7f6ed2fac000-7f6ed2fad000 rw-p 00005000 08:08 33778                      /usr/lib/libXfixes.so.3.1.0
7f6ed2fad000-7f6ed2fb6000 r-xp 00000000 08:08 35041                      /usr/lib/libXcursor.so.1.0.2
7f6ed2fb6000-7f6ed31b5000 ---p 00009000 08:08 35041                      /usr/lib/libXcursor.so.1.0.2
7f6ed31b5000-7f6ed31b6000 r--p 00008000 08:08 35041                      /usr/lib/libXcursor.so.1.0.2
7f6ed31b6000-7f6ed31b7000 rw-p 00009000 08:08 35041                      /usr/lib/libXcursor.so.1.0.2
7f6ed31b7000-7f6ed31c0000 r-xp 00000000 08:08 34082                      /usr/lib/libXrender.so.1.3.0
7f6ed31c0000-7f6ed33c0000 ---p 00009000 08:08 34082                      /usr/lib/libXrender.so.1.3.0
7f6ed33c0000-7f6ed33c1000 r--p 00009000 08:08 34082                      /usr/lib/libXrender.so.1.3.0
7f6ed33c1000-7f6ed33c2000 rw-p 0000a000 08:08 34082                      /usr/lib/libXrender.so.1.3.0
7f6ed33c2000-7f6ed33cc000 r-xp 00000000 08:08 34990                      /usr/lib/libXrandr.so.2.2.0
7f6ed33cc000-7f6ed35cb000 ---p 0000a000 08:08 34990                      /usr/lib/libXrandr.so.2.2.0
7f6ed35cb000-7f6ed35cc000 r--p 00009000 08:08 34990                      /usr/lib/libXrandr.so.2.2.0
7f6ed35cc000-7f6ed35cd000 rw-p 0000a000 08:08 34990                      /usr/lib/libXrandr.so.2.2.0
7f6ed35cd000-7f6ed35dc000 r-xp 00000000 08:08 35607                      /usr/lib/libXi.so.6.1.0
7f6ed35dc000-7f6ed37dc000 ---p 0000f000 08:08 35607                      /usr/lib/libXi.so.6.1.0
7f6ed37dc000-7f6ed37dd000 r--p 0000f000 08:08 35607                      /usr/lib/libXi.so.6.1.0
7f6ed37dd000-7f6ed37de000 rw-p 00010000 08:08 35607                      /usr/lib/libXi.so.6.1.0
7f6ed37de000-7f6ed37ef000 r-xp 00000000 08:08 33613                      /usr/lib/libXext.so.6.4.0
7f6ed37ef000-7f6ed39ee000 ---p 00011000 08:08 33613                      /usr/lib/libXext.so.6.4.0
7f6ed39ee000-7f6ed39ef000 r--p 00010000 08:08 33613                      /usr/lib/libXext.so.6.4.0
7f6ed39ef000-7f6ed39f0000 rw-p 00011000 08:08 33613                      /usr/lib/libXext.so.6.4.0
7f6ed39f0000-7f6ed39f5000 r-xp 00000000 08:08 33776                      /usr/lib/libXxf86vm.so.1.0.0
7f6ed39f5000-7f6ed3bf4000 ---p 00005000 08:08 33776                      /usr/lib/libXxf86vm.so.1.0.0
7f6ed3bf4000-7f6ed3bf5000 r--p 00004000 08:08 33776                      /usr/lib/libXxf86vm.so.1.0.0
7f6ed3bf5000-7f6ed3bf6000 rw-p 00005000 08:08 33776                      /usr/lib/libXxf86vm.so.1.0.0
7f6ed3bf6000-7f6ed3bfb000 r-xp 00000000 08:08 27704                      /usr/lib/libXdmcp.so.6.0.0
7f6ed3bfb000-7f6ed3dfa000 ---p 00005000 08:08 27704                      /usr/lib/libXdmcp.so.6.0.0
7f6ed3dfa000-7f6ed3dfb000 r--p 00004000 08:08 27704                      /usr/lib/libXdmcp.so.6.0.0
7f6ed3dfb000-7f6ed3dfc000 rw-p 00005000 08:08 27704                      /usr/lib/libXdmcp.so.6.0.0
7f6ed3dfc000-7f6ed3dfe000 r-xp 00000000 08:08 27717                      /usr/lib/libXau.so.6.0.0
7f6ed3dfe000-7f6ed3ffe000 ---p 00002000 08:08 27717                      /usr/lib/libXau.so.6.0.0
7f6ed3ffe000-7f6ed3fff000 r--p 00002000 08:08 27717                      /usr/lib/libXau.so.6.0.0
7f6ed3fff000-7f6ed4000000 rw-p 00003000 08:08 27717                      /usr/lib/libXau.so.6.0.0
7f6ed4000000-7f6ed4021000 rw-p 00000000 00:00 0 
7f6ed4021000-7f6ed8000000 ---p 00000000 00:00 0 
7f6ed8000000-7f6ed8021000 rw-p 00000000 00:00 0 
7f6ed8021000-7f6edc000000 ---p 00000000 00:00 0 
7f6edc000000-7f6edc021000 rw-p 00000000 00:00 0 
7f6edc021000-7f6ee0000000 ---p 00000000 00:00 0 
7f6ee0000000-7f6ee0021000 rw-p 00000000 00:00 0 
7f6ee0021000-7f6ee4000000 ---p 00000000 00:00 0 
7f6ee4000000-7f6ee4388000 rw-p 00000000 00:00 0 
7f6ee4388000-7f6ee8000000 ---p 00000000 00:00 0 
7f6ee8000000-7f6ee8250000 rw-p 00000000 00:00 0 
7f6ee8250000-7f6eec000000 ---p 00000000 00:00 0 
7f6eec000000-7f6eec021000 rw-p 00000000 00:00 0 
7f6eec021000-7f6ef0000000 ---p 00000000 00:00 0 
7f6ef0000000-7f6ef0476000 rw-p 00000000 00:00 0 
7f6ef0476000-7f6ef4000000 ---p 00000000 00:00 0 
7f6ef4000000-7f6ef4021000 rw-p 00000000 00:00 0 
7f6ef4021000-7f6ef8000000 ---p 00000000 00:00 0 
7f6ef8000000-7f6ef8021000 rw-p 00000000 00:00 0 
7f6ef8021000-7f6efc000000 ---p 00000000 00:00 0 
7f6efc000000-7f6efc021000 rw-p 00000000 00:00 0 
7f6efc021000-7f6f00000000 ---p 00000000 00:00 0 
7f6f00000000-7f6f00021000 rw-p 00000000 00:00 0 
7f6f00021000-7f6f04000000 ---p 00000000 00:00 0 
7f6f04000000-7f6f04021000 rw-p 00000000 00:00 0 
7f6f04021000-7f6f08000000 ---p 00000000 00:00 0 
7f6f08148000-7f6f0a148000 rwxp 00000000 00:00 0 
7f6f0a148000-7f6f0a338000 rw-p 00000000 00:00 0 
7f6f0a338000-7f6f0c000000 ---p 00000000 00:00 0 
7f6f0c000000-7f6f0c021000 rw-p 00000000 00:00 0 
7f6f0c021000-7f6f10000000 ---p 00000000 00:00 0 
7f6f10000000-7f6f10021000 rw-p 00000000 00:00 0 
7f6f10021000-7f6f14000000 ---p 00000000 00:00 0 
7f6f14000000-7f6f14021000 rw-p 00000000 00:00 0 
7f6f14021000-7f6f18000000 ---p 00000000 00:00 0 
7f6f18000000-7f6f18021000 rw-p 00000000 00:00 0 
7f6f18021000-7f6f1c000000 ---p 00000000 00:00 0 
7f6f1c000000-7f6f1c021000 rw-p 00000000 00:00 0 
7f6f1c021000-7f6f20000000 ---p 00000000 00:00 0 
7f6f20000000-7f6f20021000 rw-p 00000000 00:00 0 
7f6f20021000-7f6f24000000 ---p 00000000 00:00 0 
7f6f24000000-7f6f24021000 rw-p 00000000 00:00 0 
7f6f24021000-7f6f28000000 ---p 00000000 00:00 0 
7f6f28000000-7f6f28021000 rw-p 00000000 00:00 0 
7f6f28021000-7f6f2c000000 ---p 00000000 00:00 0 
7f6f2c000000-7f6f2c021000 rw-p 00000000 00:00 0 
7f6f2c021000-7f6f30000000 ---p 00000000 00:00 0 
7f6f3010b000-7f6f3014b000 rw-s 00000000 08:04 3575915                    /home/david/#3575915 (deleted)
7f6f3014b000-7f6f3018b000 r-xs 00000000 08:04 3575915                    /home/david/#3575915 (deleted)
7f6f3018b000-7f6f301b2000 r-xp 00000000 08:08 32553                      /usr/lib/libxcb.so.1.1.0
7f6f301b2000-7f6f303b2000 ---p 00027000 08:08 32553                      /usr/lib/libxcb.so.1.1.0
7f6f303b2000-7f6f303b3000 r--p 00027000 08:08 32553                      /usr/lib/libxcb.so.1.1.0
7f6f303b3000-7f6f303b4000 rw-p 00028000 08:08 32553                      /usr/lib/libxcb.so.1.1.0
7f6f303b4000-7f6f304ed000 r-xp 00000000 08:08 33462                      /usr/lib/libX11.so.6.3.0
7f6f304ed000-7f6f306ed000 ---p 00139000 08:08 33462                      /usr/lib/libX11.so.6.3.0
7f6f306ed000-7f6f306ee000 r--p 00139000 08:08 33462                      /usr/lib/libX11.so.6.3.0
7f6f306ee000-7f6f306f3000 rw-p 0013a000 08:08 33462                      /usr/lib/libX11.so.6.3.0
7f6f30707000-7f6f30717000 rw-s 00000000 00:2e 409772                     /i915 (deleted)
7f6f30717000-7f6f3074d000 r-xp 00000000 00:2c 401991                     /tmp/lwjgldavid/3.1.6-build-14/libglfw.so
7f6f3074d000-7f6f3094c000 ---p 00036000 00:2c 401991                     /tmp/lwjgldavid/3.1.6-build-14/libglfw.so
7f6f3094c000-7f6f3094d000 r--p 00035000 00:2c 401991                     /tmp/lwjgldavid/3.1.6-build-14/libglfw.so
7f6f3094d000-7f6f3094e000 rw-p 00036000 00:2c 401991                     /tmp/lwjgldavid/3.1.6-build-14/libglfw.so
7f6f3094e000-7f6f3096f000 rw-p 00000000 00:00 0 
7f6f3096f000-7f6f309c3000 r-xp 00000000 00:2c 401990                     /tmp/lwjgldavid/3.1.6-build-14/liblwjgl.so
7f6f309c3000-7f6f30bc3000 ---p 00054000 00:2c 401990                     /tmp/lwjgldavid/3.1.6-build-14/liblwjgl.so
7f6f30bc3000-7f6f30bc4000 r--p 00054000 00:2c 401990                     /tmp/lwjgldavid/3.1.6-build-14/liblwjgl.so
7f6f30bc4000-7f6f30bc5000 rw-p 00055000 00:2c 401990                     /tmp/lwjgldavid/3.1.6-build-14/liblwjgl.so
7f6f30bc5000-7f6f30bc6000 ---p 00000000 00:00 0 
7f6f30bc6000-7f6f30cc7000 rw-p 00000000 00:00 0 
7f6f30cc7000-7f6f30ccb000 ---p 00000000 00:00 0 
7f6f30ccb000-7f6f30dc8000 rw-p 00000000 00:00 0 
7f6f30dc8000-7f6f30dcc000 ---p 00000000 00:00 0 
7f6f30dcc000-7f6f30ec9000 rw-p 00000000 00:00 0 
7f6f30ec9000-7f6f30edf000 r-xp 00000000 08:08 279064                     /usr/lib/jvm/java-9-openjdk/lib/libnet.so
7f6f30edf000-7f6f310df000 ---p 00016000 08:08 279064                     /usr/lib/jvm/java-9-openjdk/lib/libnet.so
7f6f310df000-7f6f310e0000 r--p 00016000 08:08 279064                     /usr/lib/jvm/java-9-openjdk/lib/libnet.so
7f6f310e0000-7f6f310e1000 rw-p 00017000 08:08 279064                     /usr/lib/jvm/java-9-openjdk/lib/libnet.so
7f6f310e1000-7f6f310f2000 r-xp 00000000 08:08 279062                     /usr/lib/jvm/java-9-openjdk/lib/libnio.so
7f6f310f2000-7f6f312f1000 ---p 00011000 08:08 279062                     /usr/lib/jvm/java-9-openjdk/lib/libnio.so
7f6f312f1000-7f6f312f2000 r--p 00010000 08:08 279062                     /usr/lib/jvm/java-9-openjdk/lib/libnio.so
7f6f312f2000-7f6f312f3000 rw-p 00011000 08:08 279062                     /usr/lib/jvm/java-9-openjdk/lib/libnio.so
7f6f312f3000-7f6f312f7000 ---p 00000000 00:00 0 
7f6f312f7000-7f6f313f4000 rw-p 00000000 00:00 0 
7f6f313f4000-7f6f313f8000 ---p 00000000 00:00 0 
7f6f313f8000-7f6f314f5000 rw-p 00000000 00:00 0 
7f6f314f5000-7f6f314f9000 ---p 00000000 00:00 0 
7f6f314f9000-7f6f315f6000 rw-p 00000000 00:00 0 
7f6f315f6000-7f6f315fa000 ---p 00000000 00:00 0 
7f6f315fa000-7f6f316f7000 rw-p 00000000 00:00 0 
7f6f316f7000-7f6f316fb000 ---p 00000000 00:00 0 
7f6f316fb000-7f6f317f8000 rw-p 00000000 00:00 0 
7f6f317f8000-7f6f317fc000 ---p 00000000 00:00 0 
7f6f317fc000-7f6f318f9000 rw-p 00000000 00:00 0 
7f6f318f9000-7f6f318fd000 ---p 00000000 00:00 0 
7f6f318fd000-7f6f319fa000 rw-p 00000000 00:00 0 
7f6f319fa000-7f6f319fb000 ---p 00000000 00:00 0 
7f6f319fb000-7f6f31d62000 rw-p 00000000 00:00 0 
7f6f31d62000-7f6f33a2a000 ---p 00000000 00:00 0 
7f6f33a2a000-7f6f33c9a000 rwxp 00000000 00:00 0 
7f6f33c9a000-7f6f33fba000 ---p 00000000 00:00 0 
7f6f33fba000-7f6f3422a000 rwxp 00000000 00:00 0 
7f6f3422a000-7f6f3b4f2000 ---p 00000000 00:00 0 
7f6f3b4f2000-7f6f3b762000 rwxp 00000000 00:00 0 
7f6f3b762000-7f6f42a2a000 ---p 00000000 00:00 0 
7f6f42a2a000-7f6f4c000000 r--s 00000000 08:08 279090                     /usr/lib/jvm/java-9-openjdk/lib/modules
7f6f4c000000-7f6f4c989000 rw-p 00000000 00:00 0 
7f6f4c989000-7f6f50000000 ---p 00000000 00:00 0 
7f6f50001000-7f6f508b5000 rw-p 00000000 00:00 0 
7f6f508b5000-7f6f50cb9000 rw-p 00000000 00:00 0 
7f6f50cb9000-7f6f50cba000 ---p 00000000 00:00 0 
7f6f50cba000-7f6f50dbb000 rw-p 00000000 00:00 0 
7f6f50dbb000-7f6f50dbc000 ---p 00000000 00:00 0 
7f6f50dbc000-7f6f50efb000 rw-p 00000000 00:00 0 
7f6f50efb000-7f6f51294000 ---p 00000000 00:00 0 
7f6f51294000-7f6f512d2000 rw-p 00000000 00:00 0 
7f6f512d2000-7f6f51a42000 ---p 00000000 00:00 0 
7f6f51a42000-7f6f51a80000 rw-p 00000000 00:00 0 
7f6f51a80000-7f6f51e19000 ---p 00000000 00:00 0 
7f6f51e19000-7f6f51e1a000 ---p 00000000 00:00 0 
7f6f51e1a000-7f6f51f1b000 rw-p 00000000 00:00 0 
7f6f51f1b000-7f6f51f1c000 ---p 00000000 00:00 0 
7f6f51f1c000-7f6f5201d000 rw-p 00000000 00:00 0 
7f6f5201d000-7f6f5201e000 ---p 00000000 00:00 0 
7f6f5201e000-7f6f5211f000 rw-p 00000000 00:00 0 
7f6f5211f000-7f6f52120000 ---p 00000000 00:00 0 
7f6f52120000-7f6f52221000 rw-p 00000000 00:00 0 
7f6f52221000-7f6f52222000 ---p 00000000 00:00 0 
7f6f52222000-7f6f52727000 rw-p 00000000 00:00 0 
7f6f52727000-7f6f52728000 ---p 00000000 00:00 0 
7f6f52728000-7f6f52829000 rw-p 00000000 00:00 0 
7f6f52829000-7f6f5282a000 ---p 00000000 00:00 0 
7f6f5282a000-7f6f5292b000 rw-p 00000000 00:00 0 
7f6f5292b000-7f6f5292c000 ---p 00000000 00:00 0 
7f6f5292c000-7f6f52a2d000 rw-p 00000000 00:00 0 
7f6f52a2d000-7f6f52a2e000 ---p 00000000 00:00 0 
7f6f52a2e000-7f6f52b34000 rw-p 00000000 00:00 0 
7f6f52b34000-7f6f52c1a000 ---p 00000000 00:00 0 
7f6f52c1a000-7f6f52c1f000 rw-p 00000000 00:00 0 
7f6f52c1f000-7f6f52d05000 ---p 00000000 00:00 0 
7f6f52d05000-7f6f52d0a000 r-xp 00000000 08:08 279063                     /usr/lib/jvm/java-9-openjdk/lib/libjimage.so
7f6f52d0a000-7f6f52f09000 ---p 00005000 08:08 279063                     /usr/lib/jvm/java-9-openjdk/lib/libjimage.so
7f6f52f09000-7f6f52f0a000 r--p 00004000 08:08 279063                     /usr/lib/jvm/java-9-openjdk/lib/libjimage.so
7f6f52f0a000-7f6f52f0b000 rw-p 00005000 08:08 279063                     /usr/lib/jvm/java-9-openjdk/lib/libjimage.so
7f6f52f0b000-7f6f52f12000 r-xp 00000000 08:08 279065                     /usr/lib/jvm/java-9-openjdk/lib/libzip.so
7f6f52f12000-7f6f53111000 ---p 00007000 08:08 279065                     /usr/lib/jvm/java-9-openjdk/lib/libzip.so
7f6f53111000-7f6f53112000 r--p 00006000 08:08 279065                     /usr/lib/jvm/java-9-openjdk/lib/libzip.so
7f6f53112000-7f6f53113000 rw-p 00007000 08:08 279065                     /usr/lib/jvm/java-9-openjdk/lib/libzip.so
7f6f53113000-7f6f5311e000 r-xp 00000000 08:08 2956                       /usr/lib/libnss_files-2.27.so
7f6f5311e000-7f6f5331d000 ---p 0000b000 08:08 2956                       /usr/lib/libnss_files-2.27.so
7f6f5331d000-7f6f5331e000 r--p 0000a000 08:08 2956                       /usr/lib/libnss_files-2.27.so
7f6f5331e000-7f6f5331f000 rw-p 0000b000 08:08 2956                       /usr/lib/libnss_files-2.27.so
7f6f5331f000-7f6f53325000 rw-p 00000000 00:00 0 
7f6f53325000-7f6f53351000 r-xp 00000000 08:08 279066                     /usr/lib/jvm/java-9-openjdk/lib/libjava.so
7f6f53351000-7f6f53550000 ---p 0002c000 08:08 279066                     /usr/lib/jvm/java-9-openjdk/lib/libjava.so
7f6f53550000-7f6f53551000 r--p 0002b000 08:08 279066                     /usr/lib/jvm/java-9-openjdk/lib/libjava.so
7f6f53551000-7f6f53552000 rw-p 0002c000 08:08 279066                     /usr/lib/jvm/java-9-openjdk/lib/libjava.so
7f6f53552000-7f6f53553000 rw-p 00000000 00:00 0 
7f6f53553000-7f6f53560000 r-xp 00000000 08:08 279067                     /usr/lib/jvm/java-9-openjdk/lib/libverify.so
7f6f53560000-7f6f5375f000 ---p 0000d000 08:08 279067                     /usr/lib/jvm/java-9-openjdk/lib/libverify.so
7f6f5375f000-7f6f53761000 r--p 0000c000 08:08 279067                     /usr/lib/jvm/java-9-openjdk/lib/libverify.so
7f6f53761000-7f6f53762000 rw-p 0000e000 08:08 279067                     /usr/lib/jvm/java-9-openjdk/lib/libverify.so
7f6f53762000-7f6f53769000 r-xp 00000000 08:08 2947                       /usr/lib/librt-2.27.so
7f6f53769000-7f6f53968000 ---p 00007000 08:08 2947                       /usr/lib/librt-2.27.so
7f6f53968000-7f6f53969000 r--p 00006000 08:08 2947                       /usr/lib/librt-2.27.so
7f6f53969000-7f6f5396a000 rw-p 00007000 08:08 2947                       /usr/lib/librt-2.27.so
7f6f5396a000-7f6f53981000 r-xp 00000000 08:08 4540                       /usr/lib/libgcc_s.so.1
7f6f53981000-7f6f53b80000 ---p 00017000 08:08 4540                       /usr/lib/libgcc_s.so.1
7f6f53b80000-7f6f53b81000 r--p 00016000 08:08 4540                       /usr/lib/libgcc_s.so.1
7f6f53b81000-7f6f53b82000 rw-p 00017000 08:08 4540                       /usr/lib/libgcc_s.so.1
7f6f53b82000-7f6f53d15000 r-xp 00000000 08:08 200                        /usr/lib/libm-2.27.so
7f6f53d15000-7f6f53f15000 ---p 00193000 08:08 200                        /usr/lib/libm-2.27.so
7f6f53f15000-7f6f53f16000 r--p 00193000 08:08 200                        /usr/lib/libm-2.27.so
7f6f53f16000-7f6f53f17000 rw-p 00194000 08:08 200                        /usr/lib/libm-2.27.so
7f6f53f17000-7f6f54090000 r-xp 00000000 08:08 2931                       /usr/lib/libstdc++.so.6.0.25
7f6f54090000-7f6f54290000 ---p 00179000 08:08 2931                       /usr/lib/libstdc++.so.6.0.25
7f6f54290000-7f6f5429c000 r--p 00179000 08:08 2931                       /usr/lib/libstdc++.so.6.0.25
7f6f5429c000-7f6f5429d000 rw-p 00185000 08:08 2931                       /usr/lib/libstdc++.so.6.0.25
7f6f5429d000-7f6f542a0000 rw-p 00000000 00:00 0 
7f6f542a0000-7f6f55232000 r-xp 00000000 08:08 279092                     /usr/lib/jvm/java-9-openjdk/lib/server/libjvm.so
7f6f55232000-7f6f55431000 ---p 00f92000 08:08 279092                     /usr/lib/jvm/java-9-openjdk/lib/server/libjvm.so
7f6f55431000-7f6f554e9000 r--p 00f91000 08:08 279092                     /usr/lib/jvm/java-9-openjdk/lib/server/libjvm.so
7f6f554e9000-7f6f5551e000 rw-p 01049000 08:08 279092                     /usr/lib/jvm/java-9-openjdk/lib/server/libjvm.so
7f6f5551e000-7f6f55566000 rw-p 00000000 00:00 0 
7f6f55566000-7f6f5557f000 r-xp 00000000 08:08 3028                       /usr/lib/libpthread-2.27.so
7f6f5557f000-7f6f5577e000 ---p 00019000 08:08 3028                       /usr/lib/libpthread-2.27.so
7f6f5577e000-7f6f5577f000 r--p 00018000 08:08 3028                       /usr/lib/libpthread-2.27.so
7f6f5577f000-7f6f55780000 rw-p 00019000 08:08 3028                       /usr/lib/libpthread-2.27.so
7f6f55780000-7f6f55784000 rw-p 00000000 00:00 0 
7f6f55784000-7f6f55787000 r-xp 00000000 08:08 2938                       /usr/lib/libdl-2.27.so
7f6f55787000-7f6f55986000 ---p 00003000 08:08 2938                       /usr/lib/libdl-2.27.so
7f6f55986000-7f6f55987000 r--p 00002000 08:08 2938                       /usr/lib/libdl-2.27.so
7f6f55987000-7f6f55988000 rw-p 00003000 08:08 2938                       /usr/lib/libdl-2.27.so
7f6f55988000-7f6f5599e000 r-xp 00000000 08:08 348                        /usr/lib/libz.so.1.2.11
7f6f5599e000-7f6f55b9d000 ---p 00016000 08:08 348                        /usr/lib/libz.so.1.2.11
7f6f55b9d000-7f6f55b9e000 r--p 00015000 08:08 348                        /usr/lib/libz.so.1.2.11
7f6f55b9e000-7f6f55b9f000 rw-p 00016000 08:08 348                        /usr/lib/libz.so.1.2.11
7f6f55b9f000-7f6f55d52000 r-xp 00000000 08:08 3006                       /usr/lib/libc-2.27.so
7f6f55d52000-7f6f55f51000 ---p 001b3000 08:08 3006                       /usr/lib/libc-2.27.so
7f6f55f51000-7f6f55f55000 r--p 001b2000 08:08 3006                       /usr/lib/libc-2.27.so
7f6f55f55000-7f6f55f57000 rw-p 001b6000 08:08 3006                       /usr/lib/libc-2.27.so
7f6f55f57000-7f6f55f5b000 rw-p 00000000 00:00 0 
7f6f55f5b000-7f6f55f6a000 r-xp 00000000 08:08 279091                     /usr/lib/jvm/java-9-openjdk/lib/jli/libjli.so
7f6f55f6a000-7f6f56169000 ---p 0000f000 08:08 279091                     /usr/lib/jvm/java-9-openjdk/lib/jli/libjli.so
7f6f56169000-7f6f5616a000 r--p 0000e000 08:08 279091                     /usr/lib/jvm/java-9-openjdk/lib/jli/libjli.so
7f6f5616a000-7f6f5616b000 rw-p 0000f000 08:08 279091                     /usr/lib/jvm/java-9-openjdk/lib/jli/libjli.so
7f6f5616b000-7f6f56190000 r-xp 00000000 08:08 3007                       /usr/lib/ld-2.27.so
7f6f5619a000-7f6f5619b000 rw-s 00000000 00:05 408992                     /memfd:xshmfence (deleted)
7f6f5619b000-7f6f5619c000 r-xp 00000000 00:00 0 
7f6f5619c000-7f6f561a0000 rw-s 00000000 00:2e 409777                     /i915 (deleted)
7f6f561a0000-7f6f561a5000 rw-s 00000000 00:2e 409776                     /i915 (deleted)
7f6f561a5000-7f6f561a9000 rw-s 00000000 00:2e 409767                     /i915 (deleted)
7f6f561a9000-7f6f56266000 rw-p 00000000 00:00 0 
7f6f56266000-7f6f56267000 ---p 00000000 00:00 0 
7f6f56267000-7f6f56268000 rw-p 00000000 00:00 0 
7f6f56268000-7f6f5626c000 ---p 00000000 00:00 0 
7f6f5626c000-7f6f56369000 rw-p 00000000 00:00 0 
7f6f56369000-7f6f5636a000 r-xp 00000000 00:00 0 
7f6f5636b000-7f6f5636c000 rwxp 00000000 00:00 0 
7f6f5636c000-7f6f56370000 rw-s 00000000 00:2e 409765                     /i915 (deleted)
7f6f56370000-7f6f56375000 rw-s 00000000 00:2e 409764                     /i915 (deleted)
7f6f56375000-7f6f56376000 r-xp 00000000 00:00 0 
7f6f56376000-7f6f5637c000 rw-p 00000000 00:00 0 
7f6f5637c000-7f6f56383000 ---p 00000000 00:00 0 
7f6f56383000-7f6f5638b000 rw-s 00000000 00:2c 408989                     /tmp/hsperfdata_david/2737
7f6f5638b000-7f6f5638c000 rw-p 00000000 00:00 0 
7f6f5638c000-7f6f5638d000 r--p 00000000 00:00 0 
7f6f5638d000-7f6f5638f000 rw-p 00000000 00:00 0 
7f6f5638f000-7f6f56390000 r--p 00024000 08:08 3007                       /usr/lib/ld-2.27.so
7f6f56390000-7f6f56391000 rw-p 00025000 08:08 3007                       /usr/lib/ld-2.27.so
7f6f56391000-7f6f56392000 rw-p 00000000 00:00 0 
7ffe70585000-7ffe705a6000 rw-p 00000000 00:00 0                          [stack]
7ffe705cd000-7ffe705d0000 r--p 00000000 00:00 0                          [vvar]
7ffe705d0000-7ffe705d2000 r-xp 00000000 00:00 0                          [vdso]

VM Arguments:
jvm_args: -Dorg.lwjgl.util.Debug=true 
java_command: Main
java_class_path (initial): lwjgl/lwjgl-stb-natives-linux.jar:lwjgl/lwjgl-glfw-natives-windows.jar:lwjgl/lwjgl-assimp-javadoc.jar:lwjgl/lwjgl-glfw-sources.jar:lwjgl/lwjgl-glfw-javadoc.jar:lwjgl/lwjgl-openal-natives-macos.jar:lwjgl/lwjgl-natives-windows.jar:lwjgl/lwjgl-opengl-sources.jar:lwjgl/lwjgl-opengl-javadoc.jar:lwjgl/lwjgl-stb.jar:lwjgl/lwjgl-glfw.jar:lwjgl/lwjgl-stb-natives-macos.jar:lwjgl/lwjgl-natives-linux.jar:lwjgl/lwjgl-stb-natives-windows.jar:lwjgl/lwjgl-assimp.jar:lwjgl/lwjgl-javadoc.jar:lwjgl/lwjgl-openal.jar:lwjgl/lwjgl-stb-javadoc.jar:lwjgl/lwjgl-assimp-natives-windows.jar:lwjgl/lwjgl-assimp-natives-macos.jar:lwjgl/lwjgl-openal-sources.jar:lwjgl/lwjgl-natives-macos.jar:lwjgl/lwjgl-stb-sources.jar:lwjgl/lwjgl-openal-javadoc.jar:lwjgl/lwjgl-glfw-natives-linux.jar:lwjgl/lwjgl-assimp-sources.jar:lwjgl/lwjgl-assimp-natives-linux.jar:lwjgl/lwjgl-opengl-natives-macos.jar:lwjgl/lwjgl-openal-natives-linux.jar:lwjgl/lwjgl-glfw-natives-macos.jar:lwjgl/lwjgl-opengl.jar:lwjgl/lwjgl-opengl-natives-windows.jar:lwjgl/lwjgl-opengl-natives-linux.jar:lwjgl/lwjgl.jar:lwjgl/lwjgl-sources.jar:lwjgl/lwjgl-openal-natives-windows.jar:bin/
Launcher Type: SUN_STANDARD

Logging:
Log output configuration:
#0: stdout all=warning uptime,level,tags
#1: stderr all=off uptime,level,tags

Environment Variables:
PATH=/home/david/bin:/home/david/.local/bin:/usr/local/sbin:/usr/local/bin:/usr/bin:/usr/lib/jvm/default/bin:/usr/bin/site_perl:/usr/bin/vendor_perl:/usr/bin/core_perl
SHELL=/bin/bash
DISPLAY=:0

Signal Handlers:
SIGSEGV: [libjvm.so+0xd33b50], sa_mask[0]=11111111011111111101111111111110, sa_flags=SA_RESTART|SA_SIGINFO
SIGBUS: [libjvm.so+0xd33b50], sa_mask[0]=11111111011111111101111111111110, sa_flags=SA_RESTART|SA_SIGINFO
SIGFPE: [libjvm.so+0xd33b50], sa_mask[0]=11111111011111111101111111111110, sa_flags=SA_RESTART|SA_SIGINFO
SIGPIPE: [libjvm.so+0xb360d0], sa_mask[0]=11111111011111111101111111111110, sa_flags=SA_RESTART|SA_SIGINFO
SIGXFSZ: [libjvm.so+0xb360d0], sa_mask[0]=11111111011111111101111111111110, sa_flags=SA_RESTART|SA_SIGINFO
SIGILL: [libjvm.so+0xd33b50], sa_mask[0]=11111111011111111101111111111110, sa_flags=SA_RESTART|SA_SIGINFO
SIGUSR2: [libjvm.so+0xb35f60], sa_mask[0]=00000000000000000000000000000000, sa_flags=SA_RESTART|SA_SIGINFO
SIGHUP: [libjvm.so+0xb36190], sa_mask[0]=11111111011111111101111111111110, sa_flags=SA_RESTART|SA_SIGINFO
SIGINT: [libjvm.so+0xb36190], sa_mask[0]=11111111011111111101111111111110, sa_flags=SA_RESTART|SA_SIGINFO
SIGTERM: [libjvm.so+0xb36190], sa_mask[0]=11111111011111111101111111111110, sa_flags=SA_RESTART|SA_SIGINFO
SIGQUIT: [libjvm.so+0xb36190], sa_mask[0]=11111111011111111101111111111110, sa_flags=SA_RESTART|SA_SIGINFO


---------------  S Y S T E M  ---------------

OS:NAME="Arch Linux"
PRETTY_NAME="Arch Linux"
ID=arch
ID_LIKE=archlinux
ANSI_COLOR="0;36"
HOME_URL="https://www.archlinux.org/"
SUPPORT_URL="https://bbs.archlinux.org/"
BUG_REPORT_URL="https://bugs.archlinux.org/"
uname:Linux 4.16.7-1-ARCH #1 SMP PREEMPT Wed May 2 21:12:36 UTC 2018 x86_64
libc:glibc 2.27 NPTL 2.27 
rlimit: STACK 8192k, CORE infinity, NPROC 31124, NOFILE 4096, AS infinity
load average:0.35 0.40 0.41

/proc/meminfo:
MemTotal:        8049332 kB
MemFree:         6262916 kB
MemAvailable:    6900192 kB
Buffers:           39224 kB
Cached:           561420 kB
SwapCached:            0 kB
Active:           902056 kB
Inactive:         708984 kB
Active(anon):     674044 kB
Inactive(anon):    97320 kB
Active(file):     228012 kB
Inactive(file):   611664 kB
Unevictable:           0 kB
Mlocked:               0 kB
SwapTotal:       8290300 kB
SwapFree:        8290300 kB
Dirty:               192 kB
Writeback:             0 kB
AnonPages:       1010324 kB
Mapped:           268948 kB
Shmem:             98836 kB
Slab:              72300 kB
SReclaimable:      41848 kB
SUnreclaim:        30452 kB
KernelStack:        6272 kB
PageTables:        12976 kB
NFS_Unstable:          0 kB
Bounce:                0 kB
WritebackTmp:          0 kB
CommitLimit:    12314964 kB
Committed_AS:    3223964 kB
VmallocTotal:   34359738367 kB
VmallocUsed:           0 kB
VmallocChunk:          0 kB
HardwareCorrupted:     0 kB
AnonHugePages:         0 kB
ShmemHugePages:        0 kB
ShmemPmdMapped:        0 kB
HugePages_Total:       0
HugePages_Free:        0
HugePages_Rsvd:        0
HugePages_Surp:        0
Hugepagesize:       2048 kB
Hugetlb:               0 kB
DirectMap4k:      107968 kB
DirectMap2M:     5013504 kB
DirectMap1G:     4194304 kB


CPU:total 4 (initial active 4) (2 cores per cpu, 2 threads per core) family 6 model 69 stepping 1, cmov, cx8, fxsr, mmx, sse, sse2, sse3, ssse3, sse4.1, sse4.2, popcnt, avx, avx2, aes, clmul, erms, lzcnt, ht, tsc, tscinvbit, bmi1, bmi2, fma
CPU Model and flags from /proc/cpuinfo:
model name	: Intel(R) Core(TM) i5-4200U CPU @ 1.60GHz
flags		: fpu vme de pse tsc msr pae mce cx8 apic sep mtrr pge mca cmov pat pse36 clflush dts acpi mmx fxsr sse sse2 ss ht tm pbe syscall nx pdpe1gb rdtscp lm constant_tsc arch_perfmon pebs bts rep_good nopl xtopology nonstop_tsc cpuid aperfmperf pni pclmulqdq dtes64 monitor ds_cpl vmx est tm2 ssse3 sdbg fma cx16 xtpr pdcm pcid sse4_1 sse4_2 movbe popcnt aes xsave avx f16c rdrand lahf_lm abm cpuid_fault epb invpcid_single pti tpr_shadow vnmi flexpriority ept vpid fsgsbase tsc_adjust bmi1 avx2 smep bmi2 erms invpcid xsaveopt dtherm ida arat pln pts

Memory: 4k page, physical 8049332k(6262916k free), swap 8290300k(8290300k free)

vm_info: OpenJDK 64-Bit Server VM (9.0.4+11) for linux-amd64 JRE (9.0.4+11), built on Feb  3 2018 14:14:59 by "builduser" with gcc 7.3.0

END.
