#
# A fatal error has been detected by the Java Runtime Environment:
#
#  SIGSEGV (0xb) at pc=0x00007fa57ec5ebfe, pid=1418, tid=1419
#
# JRE version: OpenJDK Runtime Environment (9.0+11) (build 9.0.4+11)
# Java VM: OpenJDK 64-Bit Server VM (9.0.4+11, mixed mode, tiered, compressed oops, g1 gc, linux-amd64)
# Problematic frame:
# C  [libc.so.6+0x15abfe]  __memmove_avx_unaligned_erms+0x6e
#
# Core dump will be written. Default location: Core dumps may be processed with "/usr/lib/systemd/systemd-coredump %P %u %g %s %t %c %h %e" (or dumping to /home/david/Dropbox/ICS12/cancer/core.1418)
#
# If you would like to submit a bug report, please visit:
#   http://bugreport.java.com/bugreport/crash.jsp
# The crash happened outside the Java Virtual Machine in native code.
# See problematic frame for where to report the bug.
#

---------------  S U M M A R Y ------------

Command Line: -Dorg.lwjgl.util.Debug=true Main

Host: Intel(R) Core(TM) i5-4200U CPU @ 1.60GHz, 4 cores, 7G, Arch Linux
Time: Tue May  8 20:33:14 2018 UTC elapsed time: 0 seconds (0d 0h 0m 0s)

---------------  T H R E A D  ---------------

Current thread (0x00007fa578011000):  JavaThread "main" [_thread_in_native, id=1419, stack(0x00007fa57f1cd000,0x00007fa57f2cc000)]

Stack: [0x00007fa57f1cd000,0x00007fa57f2cc000],  sp=0x00007fa57f2ca498,  free space=1013k
Native frames: (J=compiled Java code, A=aot compiled Java code, j=interpreted, Vv=VM code, C=native code)
C  [libc.so.6+0x15abfe]  __memmove_avx_unaligned_erms+0x6e
C  0x00007fa57847ae10

Java frames: (J=compiled Java code, j=interpreted, Vv=VM code)
j  org.lwjgl.opengl.GL11.nglDrawElements(IIIJ)V+0
j  org.lwjgl.opengl.GL11.glDrawElements(IIIJ)V+4
j  Main.loop()V+238
j  Main.run()V+19
j  Main.main([Ljava/lang/String;)V+7
v  ~StubRoutines::call_stub

siginfo: si_signo: 11 (SIGSEGV), si_code: 1 (SEGV_MAPERR), si_addr: 0x0000000000000002

Register to memory mapping:

RAX=0x00007fa57c00f010 is an unknown value
RBX=0x00007fa5785b2c80 is an unknown value
RCX=0x0000000000000028 is an unknown value
RDX=0x0000000000000018 is an unknown value
RSP=0x00007fa57f2ca498 is pointing into the stack for thread: 0x00007fa578011000
RBP=0x00007fa57f2ca630 is pointing into the stack for thread: 0x00007fa578011000
RSI=0x0000000000000002 is an unknown value
RDI=0x00007fa57c00f010 is an unknown value
R8 =0x00007fa57f2ca4a4 is pointing into the stack for thread: 0x00007fa578011000
R9 =0x00007fa57f2ca4a4 is pointing into the stack for thread: 0x00007fa578011000
R10=0x00007fa57f105898 is an unknown value
R11=0x0000000000000180 is an unknown value
R12=0x0000000000000004 is an unknown value
R13=0x0000000000000000 is an unknown value
R14=0xffffffffffffffff is an unknown value
R15=0x00007fa57847ae10 is an unknown value


Registers:
RAX=0x00007fa57c00f010, RBX=0x00007fa5785b2c80, RCX=0x0000000000000028, RDX=0x0000000000000018
RSP=0x00007fa57f2ca498, RBP=0x00007fa57f2ca630, RSI=0x0000000000000002, RDI=0x00007fa57c00f010
R8 =0x00007fa57f2ca4a4, R9 =0x00007fa57f2ca4a4, R10=0x00007fa57f105898, R11=0x0000000000000180
R12=0x0000000000000004, R13=0x0000000000000000, R14=0xffffffffffffffff, R15=0x00007fa57847ae10
RIP=0x00007fa57ec5ebfe, EFLAGS=0x0000000000010202, CSGSFS=0x002b000000000033, ERR=0x0000000000000004
  TRAPNO=0x000000000000000e

Top of Stack: (sp=0x00007fa57f2ca498)
0x00007fa57f2ca498:   00007fa4f9190ad4 0000001000000000
0x00007fa57f2ca4a8:   be809f03691d1800 00000000000002fe
0x00007fa57f2ca4b8:   00007fa5785b2c80 00007fa5785dd040
0x00007fa57f2ca4c8:   00007fa4f9b65b70 00000000ffffffff 

Instructions: (pc=0x00007fa57ec5ebfe)
0x00007fa57ec5ebde:   d1 f3 a4 c3 80 fa 10 73 17 80 fa 08 73 27 80 fa
0x00007fa57ec5ebee:   04 73 33 80 fa 01 77 3b 72 05 0f b6 0e 88 0f c3
0x00007fa57ec5ebfe:   c5 fa 6f 06 c5 fa 6f 4c 16 f0 c5 fa 7f 07 c5 fa
0x00007fa57ec5ec0e:   7f 4c 17 f0 c3 48 8b 4c 16 f8 48 8b 36 48 89 4c 


---------------  P R O C E S S  ---------------

Java Threads: ( => current thread )
  0x00007fa5781e5800 JavaThread "Service Thread" daemon [_thread_blocked, id=1451, stack(0x00007fa52dbe6000,0x00007fa52dce7000)]
  0x00007fa578184800 JavaThread "Common-Cleaner" daemon [_thread_blocked, id=1450, stack(0x00007fa52dce7000,0x00007fa52dde8000)]
  0x00007fa578160000 JavaThread "Sweeper thread" daemon [_thread_blocked, id=1449, stack(0x00007fa55c0f2000,0x00007fa55c1f3000)]
  0x00007fa57815e000 JavaThread "C1 CompilerThread2" daemon [_thread_blocked, id=1448, stack(0x00007fa55c1f3000,0x00007fa55c2f4000)]
  0x00007fa57815c000 JavaThread "C2 CompilerThread1" daemon [_thread_blocked, id=1447, stack(0x00007fa55c2f4000,0x00007fa55c3f5000)]
  0x00007fa57815a000 JavaThread "C2 CompilerThread0" daemon [_thread_in_native, id=1446, stack(0x00007fa55c3f5000,0x00007fa55c4f6000)]
  0x00007fa578158800 JavaThread "Signal Dispatcher" daemon [_thread_blocked, id=1445, stack(0x00007fa55c4f6000,0x00007fa55c5f7000)]
  0x00007fa57813e800 JavaThread "Finalizer" daemon [_thread_blocked, id=1444, stack(0x00007fa55c5f7000,0x00007fa55c6f8000)]
  0x00007fa578136000 JavaThread "Reference Handler" daemon [_thread_blocked, id=1443, stack(0x00007fa55c6f8000,0x00007fa55c7f9000)]
=>0x00007fa578011000 JavaThread "main" [_thread_in_native, id=1419, stack(0x00007fa57f1cd000,0x00007fa57f2cc000)]

Other Threads:
  0x00007fa57812c800 VMThread "VM Thread" [stack: 0x00007fa55c7fb000,0x00007fa55c8fb000] [id=1442]
  0x00007fa5781e8000 WatcherThread [stack: 0x00007fa52dae6000,0x00007fa52dbe6000] [id=1452]
  0x00007fa578026000 GCTaskThread "GC Thread#0" [stack: 0x00007fa55f346000,0x00007fa55f446000] [id=1421]
  0x00007fa578027800 GCTaskThread "GC Thread#1" [stack: 0x00007fa55f244000,0x00007fa55f344000] [id=1422]
  0x00007fa578029800 GCTaskThread "GC Thread#2" [stack: 0x00007fa55f142000,0x00007fa55f242000] [id=1423]
  0x00007fa57802b000 GCTaskThread "GC Thread#3" [stack: 0x00007fa55f040000,0x00007fa55f140000] [id=1425]
  0x00007fa578059800 ConcurrentGCThread "G1 Main Marker" [stack: 0x00007fa55d6d4000,0x00007fa55d7d4000] [id=1432]
  0x00007fa57805b000 ConcurrentGCThread "G1 Marker#0" [stack: 0x00007fa55d5d2000,0x00007fa55d6d2000] [id=1433]
  0x00007fa578032800 ConcurrentGCThread "G1 Refine#0" [stack: 0x00007fa55e834000,0x00007fa55e934000] [id=1430]
  0x00007fa578030800 ConcurrentGCThread "G1 Refine#1" [stack: 0x00007fa55e936000,0x00007fa55ea36000] [id=1429]
  0x00007fa57802f000 ConcurrentGCThread "G1 Refine#2" [stack: 0x00007fa55ea38000,0x00007fa55eb38000] [id=1428]
  0x00007fa57802d000 ConcurrentGCThread "G1 Refine#3" [stack: 0x00007fa55eb3a000,0x00007fa55ec3a000] [id=1427]
  0x00007fa578034000 ConcurrentGCThread "G1 Young RemSet Sampling" [stack: 0x00007fa55e732000,0x00007fa55e832000] [id=1431]

Threads with active compile tasks:
C2 CompilerThread0 749       4       java.util.jar.JarFile::getEntry (60 bytes)

VM state:not at safepoint (normal execution)

VM Mutex/Monitor currently owned by a thread: None

Heap address: 0x0000000085200000, size: 1966 MB, Compressed Oops mode: 32-bit
Narrow klass base: 0x0000000000000000, Narrow klass shift: 3
Compressed class space size: 1073741824 Address: 0x0000000100000000

Heap:
 garbage-first heap   total 126976K, used 5074K [0x0000000085200000, 0x00000000853003e0, 0x0000000100000000)
  region size 1024K, 5 young (5120K), 2 survivors (2048K)
 Metaspace       used 10208K, capacity 10461K, committed 10624K, reserved 1058816K
  class space    used 786K, capacity 853K, committed 896K, reserved 1048576K
Heap Regions: E=young(eden), S=young(survivor), O=old, HS=humongous(starts), HC=humongous(continues), CS=collection set, F=free, A=archive, TS=gc time stamp, AC=allocation context, TAMS=top-at-mark-start (previous, next)
|   0|0x0000000085200000, 0x00000000852f4800, 0x0000000085300000| 95%| O|  |TS  1|AC  0|TAMS 0x0000000085200000, 0x0000000085200000|
|   1|0x0000000085300000, 0x0000000085300000, 0x0000000085400000|  0%| F|  |TS  0|AC  0|TAMS 0x0000000085300000, 0x0000000085300000|
|   2|0x0000000085400000, 0x0000000085400000, 0x0000000085500000|  0%| F|  |TS  0|AC  0|TAMS 0x0000000085400000, 0x0000000085400000|
|   3|0x0000000085500000, 0x0000000085500000, 0x0000000085600000|  0%| F|  |TS  0|AC  0|TAMS 0x0000000085500000, 0x0000000085500000|
|   4|0x0000000085600000, 0x0000000085600000, 0x0000000085700000|  0%| F|  |TS  0|AC  0|TAMS 0x0000000085600000, 0x0000000085600000|
|   5|0x0000000085700000, 0x0000000085700000, 0x0000000085800000|  0%| F|  |TS  0|AC  0|TAMS 0x0000000085700000, 0x0000000085700000|
|   6|0x0000000085800000, 0x0000000085800000, 0x0000000085900000|  0%| F|  |TS  0|AC  0|TAMS 0x0000000085800000, 0x0000000085800000|
|   7|0x0000000085900000, 0x0000000085900000, 0x0000000085a00000|  0%| F|  |TS  0|AC  0|TAMS 0x0000000085900000, 0x0000000085900000|
|   8|0x0000000085a00000, 0x0000000085a00000, 0x0000000085b00000|  0%| F|  |TS  0|AC  0|TAMS 0x0000000085a00000, 0x0000000085a00000|
|   9|0x0000000085b00000, 0x0000000085b00000, 0x0000000085c00000|  0%| F|  |TS  0|AC  0|TAMS 0x0000000085b00000, 0x0000000085b00000|
|  10|0x0000000085c00000, 0x0000000085c00000, 0x0000000085d00000|  0%| F|  |TS  0|AC  0|TAMS 0x0000000085c00000, 0x0000000085c00000|
|  11|0x0000000085d00000, 0x0000000085d00000, 0x0000000085e00000|  0%| F|  |TS  0|AC  0|TAMS 0x0000000085d00000, 0x0000000085d00000|
|  12|0x0000000085e00000, 0x0000000085e00000, 0x0000000085f00000|  0%| F|  |TS  0|AC  0|TAMS 0x0000000085e00000, 0x0000000085e00000|
|  13|0x0000000085f00000, 0x0000000085f00000, 0x0000000086000000|  0%| F|  |TS  0|AC  0|TAMS 0x0000000085f00000, 0x0000000085f00000|
|  14|0x0000000086000000, 0x0000000086000000, 0x0000000086100000|  0%| F|  |TS  0|AC  0|TAMS 0x0000000086000000, 0x0000000086000000|
|  15|0x0000000086100000, 0x0000000086100000, 0x0000000086200000|  0%| F|  |TS  0|AC  0|TAMS 0x0000000086100000, 0x0000000086100000|
|  16|0x0000000086200000, 0x0000000086200000, 0x0000000086300000|  0%| F|  |TS  0|AC  0|TAMS 0x0000000086200000, 0x0000000086200000|
|  17|0x0000000086300000, 0x0000000086300000, 0x0000000086400000|  0%| F|  |TS  0|AC  0|TAMS 0x0000000086300000, 0x0000000086300000|
|  18|0x0000000086400000, 0x0000000086400000, 0x0000000086500000|  0%| F|  |TS  0|AC  0|TAMS 0x0000000086400000, 0x0000000086400000|
|  19|0x0000000086500000, 0x0000000086500000, 0x0000000086600000|  0%| F|  |TS  0|AC  0|TAMS 0x0000000086500000, 0x0000000086500000|
|  20|0x0000000086600000, 0x0000000086600000, 0x0000000086700000|  0%| F|  |TS  0|AC  0|TAMS 0x0000000086600000, 0x0000000086600000|
|  21|0x0000000086700000, 0x0000000086700000, 0x0000000086800000|  0%| F|  |TS  0|AC  0|TAMS 0x0000000086700000, 0x0000000086700000|
|  22|0x0000000086800000, 0x0000000086800000, 0x0000000086900000|  0%| F|  |TS  0|AC  0|TAMS 0x0000000086800000, 0x0000000086800000|
|  23|0x0000000086900000, 0x0000000086900000, 0x0000000086a00000|  0%| F|  |TS  0|AC  0|TAMS 0x0000000086900000, 0x0000000086900000|
|  24|0x0000000086a00000, 0x0000000086a00000, 0x0000000086b00000|  0%| F|  |TS  0|AC  0|TAMS 0x0000000086a00000, 0x0000000086a00000|
|  25|0x0000000086b00000, 0x0000000086b00000, 0x0000000086c00000|  0%| F|  |TS  0|AC  0|TAMS 0x0000000086b00000, 0x0000000086b00000|
|  26|0x0000000086c00000, 0x0000000086c00000, 0x0000000086d00000|  0%| F|  |TS  0|AC  0|TAMS 0x0000000086c00000, 0x0000000086c00000|
|  27|0x0000000086d00000, 0x0000000086d00000, 0x0000000086e00000|  0%| F|  |TS  0|AC  0|TAMS 0x0000000086d00000, 0x0000000086d00000|
|  28|0x0000000086e00000, 0x0000000086e00000, 0x0000000086f00000|  0%| F|  |TS  0|AC  0|TAMS 0x0000000086e00000, 0x0000000086e00000|
|  29|0x0000000086f00000, 0x0000000086f00000, 0x0000000087000000|  0%| F|  |TS  0|AC  0|TAMS 0x0000000086f00000, 0x0000000086f00000|
|  30|0x0000000087000000, 0x0000000087000000, 0x0000000087100000|  0%| F|  |TS  0|AC  0|TAMS 0x0000000087000000, 0x0000000087000000|
|  31|0x0000000087100000, 0x0000000087100000, 0x0000000087200000|  0%| F|  |TS  0|AC  0|TAMS 0x0000000087100000, 0x0000000087100000|
|  32|0x0000000087200000, 0x0000000087200000, 0x0000000087300000|  0%| F|  |TS  0|AC  0|TAMS 0x0000000087200000, 0x0000000087200000|
|  33|0x0000000087300000, 0x0000000087300000, 0x0000000087400000|  0%| F|  |TS  0|AC  0|TAMS 0x0000000087300000, 0x0000000087300000|
|  34|0x0000000087400000, 0x0000000087400000, 0x0000000087500000|  0%| F|  |TS  0|AC  0|TAMS 0x0000000087400000, 0x0000000087400000|
|  35|0x0000000087500000, 0x0000000087500000, 0x0000000087600000|  0%| F|  |TS  0|AC  0|TAMS 0x0000000087500000, 0x0000000087500000|
|  36|0x0000000087600000, 0x0000000087600000, 0x0000000087700000|  0%| F|  |TS  0|AC  0|TAMS 0x0000000087600000, 0x0000000087600000|
|  37|0x0000000087700000, 0x0000000087700000, 0x0000000087800000|  0%| F|  |TS  0|AC  0|TAMS 0x0000000087700000, 0x0000000087700000|
|  38|0x0000000087800000, 0x0000000087800000, 0x0000000087900000|  0%| F|  |TS  0|AC  0|TAMS 0x0000000087800000, 0x0000000087800000|
|  39|0x0000000087900000, 0x0000000087900000, 0x0000000087a00000|  0%| F|  |TS  0|AC  0|TAMS 0x0000000087900000, 0x0000000087900000|
|  40|0x0000000087a00000, 0x0000000087a00000, 0x0000000087b00000|  0%| F|  |TS  0|AC  0|TAMS 0x0000000087a00000, 0x0000000087a00000|
|  41|0x0000000087b00000, 0x0000000087b00000, 0x0000000087c00000|  0%| F|  |TS  0|AC  0|TAMS 0x0000000087b00000, 0x0000000087b00000|
|  42|0x0000000087c00000, 0x0000000087c00000, 0x0000000087d00000|  0%| F|  |TS  0|AC  0|TAMS 0x0000000087c00000, 0x0000000087c00000|
|  43|0x0000000087d00000, 0x0000000087d00000, 0x0000000087e00000|  0%| F|  |TS  0|AC  0|TAMS 0x0000000087d00000, 0x0000000087d00000|
|  44|0x0000000087e00000, 0x0000000087e00000, 0x0000000087f00000|  0%| F|  |TS  0|AC  0|TAMS 0x0000000087e00000, 0x0000000087e00000|
|  45|0x0000000087f00000, 0x0000000087f00000, 0x0000000088000000|  0%| F|  |TS  0|AC  0|TAMS 0x0000000087f00000, 0x0000000087f00000|
|  46|0x0000000088000000, 0x0000000088000000, 0x0000000088100000|  0%| F|  |TS  0|AC  0|TAMS 0x0000000088000000, 0x0000000088000000|
|  47|0x0000000088100000, 0x0000000088100000, 0x0000000088200000|  0%| F|  |TS  0|AC  0|TAMS 0x0000000088100000, 0x0000000088100000|
|  48|0x0000000088200000, 0x0000000088200000, 0x0000000088300000|  0%| F|  |TS  0|AC  0|TAMS 0x0000000088200000, 0x0000000088200000|
|  49|0x0000000088300000, 0x0000000088300000, 0x0000000088400000|  0%| F|  |TS  0|AC  0|TAMS 0x0000000088300000, 0x0000000088300000|
|  50|0x0000000088400000, 0x0000000088400000, 0x0000000088500000|  0%| F|  |TS  0|AC  0|TAMS 0x0000000088400000, 0x0000000088400000|
|  51|0x0000000088500000, 0x0000000088500000, 0x0000000088600000|  0%| F|  |TS  0|AC  0|TAMS 0x0000000088500000, 0x0000000088500000|
|  52|0x0000000088600000, 0x0000000088600000, 0x0000000088700000|  0%| F|  |TS  0|AC  0|TAMS 0x0000000088600000, 0x0000000088600000|
|  53|0x0000000088700000, 0x0000000088700000, 0x0000000088800000|  0%| F|  |TS  0|AC  0|TAMS 0x0000000088700000, 0x0000000088700000|
|  54|0x0000000088800000, 0x0000000088800000, 0x0000000088900000|  0%| F|  |TS  0|AC  0|TAMS 0x0000000088800000, 0x0000000088800000|
|  55|0x0000000088900000, 0x0000000088900000, 0x0000000088a00000|  0%| F|  |TS  0|AC  0|TAMS 0x0000000088900000, 0x0000000088900000|
|  56|0x0000000088a00000, 0x0000000088a00000, 0x0000000088b00000|  0%| F|  |TS  0|AC  0|TAMS 0x0000000088a00000, 0x0000000088a00000|
|  57|0x0000000088b00000, 0x0000000088b00000, 0x0000000088c00000|  0%| F|  |TS  0|AC  0|TAMS 0x0000000088b00000, 0x0000000088b00000|
|  58|0x0000000088c00000, 0x0000000088c00000, 0x0000000088d00000|  0%| F|  |TS  0|AC  0|TAMS 0x0000000088c00000, 0x0000000088c00000|
|  59|0x0000000088d00000, 0x0000000088d00000, 0x0000000088e00000|  0%| F|  |TS  0|AC  0|TAMS 0x0000000088d00000, 0x0000000088d00000|
|  60|0x0000000088e00000, 0x0000000088e00000, 0x0000000088f00000|  0%| F|  |TS  0|AC  0|TAMS 0x0000000088e00000, 0x0000000088e00000|
|  61|0x0000000088f00000, 0x0000000088f00000, 0x0000000089000000|  0%| F|  |TS  0|AC  0|TAMS 0x0000000088f00000, 0x0000000088f00000|
|  62|0x0000000089000000, 0x0000000089000000, 0x0000000089100000|  0%| F|  |TS  0|AC  0|TAMS 0x0000000089000000, 0x0000000089000000|
|  63|0x0000000089100000, 0x0000000089100000, 0x0000000089200000|  0%| F|  |TS  0|AC  0|TAMS 0x0000000089100000, 0x0000000089100000|
|  64|0x0000000089200000, 0x0000000089200000, 0x0000000089300000|  0%| F|  |TS  0|AC  0|TAMS 0x0000000089200000, 0x0000000089200000|
|  65|0x0000000089300000, 0x0000000089300000, 0x0000000089400000|  0%| F|  |TS  0|AC  0|TAMS 0x0000000089300000, 0x0000000089300000|
|  66|0x0000000089400000, 0x0000000089400000, 0x0000000089500000|  0%| F|  |TS  0|AC  0|TAMS 0x0000000089400000, 0x0000000089400000|
|  67|0x0000000089500000, 0x0000000089500000, 0x0000000089600000|  0%| F|  |TS  0|AC  0|TAMS 0x0000000089500000, 0x0000000089500000|
|  68|0x0000000089600000, 0x0000000089600000, 0x0000000089700000|  0%| F|  |TS  0|AC  0|TAMS 0x0000000089600000, 0x0000000089600000|
|  69|0x0000000089700000, 0x0000000089700000, 0x0000000089800000|  0%| F|  |TS  0|AC  0|TAMS 0x0000000089700000, 0x0000000089700000|
|  70|0x0000000089800000, 0x0000000089800000, 0x0000000089900000|  0%| F|  |TS  0|AC  0|TAMS 0x0000000089800000, 0x0000000089800000|
|  71|0x0000000089900000, 0x0000000089900000, 0x0000000089a00000|  0%| F|  |TS  0|AC  0|TAMS 0x0000000089900000, 0x0000000089900000|
|  72|0x0000000089a00000, 0x0000000089a00000, 0x0000000089b00000|  0%| F|  |TS  0|AC  0|TAMS 0x0000000089a00000, 0x0000000089a00000|
|  73|0x0000000089b00000, 0x0000000089b00000, 0x0000000089c00000|  0%| F|  |TS  0|AC  0|TAMS 0x0000000089b00000, 0x0000000089b00000|
|  74|0x0000000089c00000, 0x0000000089c00000, 0x0000000089d00000|  0%| F|  |TS  0|AC  0|TAMS 0x0000000089c00000, 0x0000000089c00000|
|  75|0x0000000089d00000, 0x0000000089d00000, 0x0000000089e00000|  0%| F|  |TS  0|AC  0|TAMS 0x0000000089d00000, 0x0000000089d00000|
|  76|0x0000000089e00000, 0x0000000089e00000, 0x0000000089f00000|  0%| F|  |TS  0|AC  0|TAMS 0x0000000089e00000, 0x0000000089e00000|
|  77|0x0000000089f00000, 0x0000000089f00000, 0x000000008a000000|  0%| F|  |TS  0|AC  0|TAMS 0x0000000089f00000, 0x0000000089f00000|
|  78|0x000000008a000000, 0x000000008a000000, 0x000000008a100000|  0%| F|  |TS  0|AC  0|TAMS 0x000000008a000000, 0x000000008a000000|
|  79|0x000000008a100000, 0x000000008a100000, 0x000000008a200000|  0%| F|  |TS  0|AC  0|TAMS 0x000000008a100000, 0x000000008a100000|
|  80|0x000000008a200000, 0x000000008a200000, 0x000000008a300000|  0%| F|  |TS  0|AC  0|TAMS 0x000000008a200000, 0x000000008a200000|
|  81|0x000000008a300000, 0x000000008a300000, 0x000000008a400000|  0%| F|  |TS  0|AC  0|TAMS 0x000000008a300000, 0x000000008a300000|
|  82|0x000000008a400000, 0x000000008a400000, 0x000000008a500000|  0%| F|  |TS  0|AC  0|TAMS 0x000000008a400000, 0x000000008a400000|
|  83|0x000000008a500000, 0x000000008a500000, 0x000000008a600000|  0%| F|  |TS  0|AC  0|TAMS 0x000000008a500000, 0x000000008a500000|
|  84|0x000000008a600000, 0x000000008a600000, 0x000000008a700000|  0%| F|  |TS  0|AC  0|TAMS 0x000000008a600000, 0x000000008a600000|
|  85|0x000000008a700000, 0x000000008a700000, 0x000000008a800000|  0%| F|  |TS  0|AC  0|TAMS 0x000000008a700000, 0x000000008a700000|
|  86|0x000000008a800000, 0x000000008a800000, 0x000000008a900000|  0%| F|  |TS  0|AC  0|TAMS 0x000000008a800000, 0x000000008a800000|
|  87|0x000000008a900000, 0x000000008a900000, 0x000000008aa00000|  0%| F|  |TS  0|AC  0|TAMS 0x000000008a900000, 0x000000008a900000|
|  88|0x000000008aa00000, 0x000000008aa00000, 0x000000008ab00000|  0%| F|  |TS  0|AC  0|TAMS 0x000000008aa00000, 0x000000008aa00000|
|  89|0x000000008ab00000, 0x000000008ab00000, 0x000000008ac00000|  0%| F|  |TS  0|AC  0|TAMS 0x000000008ab00000, 0x000000008ab00000|
|  90|0x000000008ac00000, 0x000000008ac00000, 0x000000008ad00000|  0%| F|  |TS  0|AC  0|TAMS 0x000000008ac00000, 0x000000008ac00000|
|  91|0x000000008ad00000, 0x000000008ad00000, 0x000000008ae00000|  0%| F|  |TS  0|AC  0|TAMS 0x000000008ad00000, 0x000000008ad00000|
|  92|0x000000008ae00000, 0x000000008ae00000, 0x000000008af00000|  0%| F|  |TS  0|AC  0|TAMS 0x000000008ae00000, 0x000000008ae00000|
|  93|0x000000008af00000, 0x000000008af00000, 0x000000008b000000|  0%| F|  |TS  0|AC  0|TAMS 0x000000008af00000, 0x000000008af00000|
|  94|0x000000008b000000, 0x000000008b000000, 0x000000008b100000|  0%| F|  |TS  0|AC  0|TAMS 0x000000008b000000, 0x000000008b000000|
|  95|0x000000008b100000, 0x000000008b100000, 0x000000008b200000|  0%| F|  |TS  0|AC  0|TAMS 0x000000008b100000, 0x000000008b100000|
|  96|0x000000008b200000, 0x000000008b200000, 0x000000008b300000|  0%| F|  |TS  0|AC  0|TAMS 0x000000008b200000, 0x000000008b200000|
|  97|0x000000008b300000, 0x000000008b300000, 0x000000008b400000|  0%| F|  |TS  0|AC  0|TAMS 0x000000008b300000, 0x000000008b300000|
|  98|0x000000008b400000, 0x000000008b400000, 0x000000008b500000|  0%| F|  |TS  0|AC  0|TAMS 0x000000008b400000, 0x000000008b400000|
|  99|0x000000008b500000, 0x000000008b500000, 0x000000008b600000|  0%| F|  |TS  0|AC  0|TAMS 0x000000008b500000, 0x000000008b500000|
| 100|0x000000008b600000, 0x000000008b600000, 0x000000008b700000|  0%| F|  |TS  0|AC  0|TAMS 0x000000008b600000, 0x000000008b600000|
| 101|0x000000008b700000, 0x000000008b700000, 0x000000008b800000|  0%| F|  |TS  0|AC  0|TAMS 0x000000008b700000, 0x000000008b700000|
| 102|0x000000008b800000, 0x000000008b800000, 0x000000008b900000|  0%| F|  |TS  0|AC  0|TAMS 0x000000008b800000, 0x000000008b800000|
| 103|0x000000008b900000, 0x000000008b900000, 0x000000008ba00000|  0%| F|  |TS  0|AC  0|TAMS 0x000000008b900000, 0x000000008b900000|
| 104|0x000000008ba00000, 0x000000008ba00000, 0x000000008bb00000|  0%| F|  |TS  0|AC  0|TAMS 0x000000008ba00000, 0x000000008ba00000|
| 105|0x000000008bb00000, 0x000000008bb00000, 0x000000008bc00000|  0%| F|  |TS  0|AC  0|TAMS 0x000000008bb00000, 0x000000008bb00000|
| 106|0x000000008bc00000, 0x000000008bc00000, 0x000000008bd00000|  0%| F|  |TS  0|AC  0|TAMS 0x000000008bc00000, 0x000000008bc00000|
| 107|0x000000008bd00000, 0x000000008bd00000, 0x000000008be00000|  0%| F|  |TS  0|AC  0|TAMS 0x000000008bd00000, 0x000000008bd00000|
| 108|0x000000008be00000, 0x000000008bf00000, 0x000000008bf00000|100%| S|CS|TS  1|AC  0|TAMS 0x000000008be00000, 0x000000008be00000|
| 109|0x000000008bf00000, 0x000000008c000000, 0x000000008c000000|100%| S|CS|TS  1|AC  0|TAMS 0x000000008bf00000, 0x000000008bf00000|
| 110|0x000000008c000000, 0x000000008c000000, 0x000000008c100000|  0%| F|  |TS  1|AC  0|TAMS 0x000000008c000000, 0x000000008c000000|
| 111|0x000000008c100000, 0x000000008c100000, 0x000000008c200000|  0%| F|  |TS  1|AC  0|TAMS 0x000000008c100000, 0x000000008c100000|
| 112|0x000000008c200000, 0x000000008c200000, 0x000000008c300000|  0%| F|  |TS  1|AC  0|TAMS 0x000000008c200000, 0x000000008c200000|
| 113|0x000000008c300000, 0x000000008c300000, 0x000000008c400000|  0%| F|  |TS  1|AC  0|TAMS 0x000000008c300000, 0x000000008c300000|
| 114|0x000000008c400000, 0x000000008c400000, 0x000000008c500000|  0%| F|  |TS  1|AC  0|TAMS 0x000000008c400000, 0x000000008c400000|
| 115|0x000000008c500000, 0x000000008c500000, 0x000000008c600000|  0%| F|  |TS  1|AC  0|TAMS 0x000000008c500000, 0x000000008c500000|
| 116|0x000000008c600000, 0x000000008c600000, 0x000000008c700000|  0%| F|  |TS  1|AC  0|TAMS 0x000000008c600000, 0x000000008c600000|
| 117|0x000000008c700000, 0x000000008c700000, 0x000000008c800000|  0%| F|  |TS  1|AC  0|TAMS 0x000000008c700000, 0x000000008c700000|
| 118|0x000000008c800000, 0x000000008c800000, 0x000000008c900000|  0%| F|  |TS  1|AC  0|TAMS 0x000000008c800000, 0x000000008c800000|
| 119|0x000000008c900000, 0x000000008c900000, 0x000000008ca00000|  0%| F|  |TS  1|AC  0|TAMS 0x000000008c900000, 0x000000008c900000|
| 120|0x000000008ca00000, 0x000000008ca00000, 0x000000008cb00000|  0%| F|  |TS  1|AC  0|TAMS 0x000000008ca00000, 0x000000008ca00000|
| 121|0x000000008cb00000, 0x000000008cb80800, 0x000000008cc00000| 50%| E|  |TS  1|AC  0|TAMS 0x000000008cb00000, 0x000000008cb00000|
| 122|0x000000008cc00000, 0x000000008cd00000, 0x000000008cd00000|100%| E|CS|TS  1|AC  0|TAMS 0x000000008cc00000, 0x000000008cc00000|
| 123|0x000000008cd00000, 0x000000008ce00000, 0x000000008ce00000|100%| E|CS|TS  1|AC  0|TAMS 0x000000008cd00000, 0x000000008cd00000|

Card table byte_map: [0x00007fa55dbab000,0x00007fa55df82000] byte_map_base: 0x00007fa55d782000

Marking Bits (Prev, Next): (CMBitMap*) 0x00007fa578058840, (CMBitMap*) 0x00007fa578058878
 Prev Bits: [0x00007fa536148000, 0x00007fa538000000)
 Next Bits: [0x00007fa534290000, 0x00007fa536148000)

Polling page: 0x00007fa57f2f1000

CodeHeap 'non-profiled nmethods': size=120032Kb used=250Kb max_used=250Kb free=119781Kb
 bounds [0x00007fa5670e4000, 0x00007fa567354000, 0x00007fa56e61c000]
CodeHeap 'profiled nmethods': size=120032Kb used=1381Kb max_used=1381Kb free=118651Kb
 bounds [0x00007fa55fbac000, 0x00007fa55fe1c000, 0x00007fa5670e4000]
CodeHeap 'non-nmethods': size=5696Kb used=1487Kb max_used=1501Kb free=4208Kb
 bounds [0x00007fa55f61c000, 0x00007fa55f88c000, 0x00007fa55fbac000]
 total_blobs=1829 nmethods=811 adapters=761
 compilation: enabled

Compilation events (10 events):
Event: 0.558 Thread 0x00007fa57815e000  797       3       jdk.internal.reflect.UnsafeQualifiedFieldAccessorImpl::<init> (11 bytes)
Event: 0.558 Thread 0x00007fa57815e000 nmethod 797 0x00007fa55fd03e10 code [0x00007fa55fd03fc0, 0x00007fa55fd04168]
Event: 0.558 Thread 0x00007fa57815e000  812       3       java.util.HashSet::iterator (13 bytes)
Event: 0.558 Thread 0x00007fa57815e000 nmethod 812 0x00007fa55fd04210 code [0x00007fa55fd043e0, 0x00007fa55fd046b8]
Event: 0.558 Thread 0x00007fa57815e000  809       3       java.util.HashMap::keySet (25 bytes)
Event: 0.558 Thread 0x00007fa57815e000 nmethod 809 0x00007fa55fd04790 code [0x00007fa55fd04960, 0x00007fa55fd04d70]
Event: 0.558 Thread 0x00007fa57815e000  810       3       java.util.HashMap$KeySet::iterator (12 bytes)
Event: 0.559 Thread 0x00007fa57815e000 nmethod 810 0x00007fa55fd04e90 code [0x00007fa55fd05060, 0x00007fa55fd05308]
Event: 0.559 Thread 0x00007fa57815c000  811       4       sun.misc.Unsafe::putByte (9 bytes)
Event: 0.559 Thread 0x00007fa57815c000 nmethod 811 0x00007fa567122610 code [0x00007fa5671227a0, 0x00007fa5671227f8]

GC Heap History (2 events):
Event: 0.500 GC heap before
{Heap before GC invocations=0 (full 0):
 garbage-first heap   total 126976K, used 14336K [0x0000000085200000, 0x00000000853003e0, 0x0000000100000000)
  region size 1024K, 14 young (14336K), 0 survivors (0K)
 Metaspace       used 9653K, capacity 9857K, committed 10112K, reserved 1058816K
  class space    used 730K, capacity 781K, committed 896K, reserved 1048576K
}
Event: 0.505 GC heap after
{Heap after GC invocations=1 (full 0):
 garbage-first heap   total 126976K, used 3026K [0x0000000085200000, 0x00000000853003e0, 0x0000000100000000)
  region size 1024K, 2 young (2048K), 2 survivors (2048K)
 Metaspace       used 9653K, capacity 9857K, committed 10112K, reserved 1058816K
  class space    used 730K, capacity 781K, committed 896K, reserved 1048576K
}

Deoptimization events (0 events):
No events

Classes redefined (0 events):
No events

Internal exceptions (10 events):
Event: 0.226 Thread 0x00007fa578011000 Exception <a 'java/lang/NoSuchMethodError'{0x000000008c9e0050}: java.lang.Object.lambda$union$2(Ljava/util/regex/Pattern$CharPredicate;I)Z> (0x000000008c9e0050) thrown at [/build/java9-openjdk/src/jdk9u-jdk-9.0.4+11/hotspot/src/share/vm/interpreter/linkRe
Event: 0.230 Thread 0x00007fa578011000 Exception <a 'java/lang/NoSuchMethodError'{0x000000008c9fa740}: java.lang.invoke.DirectMethodHandle$Holder.invokeStatic(Ljava/lang/Object;Ljava/lang/Object;)I> (0x000000008c9fa740) thrown at [/build/java9-openjdk/src/jdk9u-jdk-9.0.4+11/hotspot/src/share/v
Event: 0.233 Thread 0x00007fa578011000 Exception <a 'java/lang/NoSuchMethodError'{0x000000008c8087c8}: method resolution failed> (0x000000008c8087c8) thrown at [/build/java9-openjdk/src/jdk9u-jdk-9.0.4+11/hotspot/src/share/vm/prims/methodHandles.cpp, line 1256]
Event: 0.233 Thread 0x00007fa578011000 Exception <a 'java/lang/NoSuchMethodError'{0x000000008c80c410}: method resolution failed> (0x000000008c80c410) thrown at [/build/java9-openjdk/src/jdk9u-jdk-9.0.4+11/hotspot/src/share/vm/prims/methodHandles.cpp, line 1256]
Event: 0.234 Thread 0x00007fa578011000 Exception <a 'java/lang/NoSuchMethodError'{0x000000008c80f910}: java.lang.invoke.DelegatingMethodHandle$Holder.delegate(Ljava/lang/Object;Ljava/lang/Object;ILjava/lang/Object;)V> (0x000000008c80f910) thrown at [/build/java9-openjdk/src/jdk9u-jdk-9.0.4+11/
Event: 0.235 Thread 0x00007fa578011000 Exception <a 'java/lang/NoSuchMethodError'{0x000000008c813618}: java.lang.invoke.DirectMethodHandle$Holder.invokeSpecial(Ljava/lang/Object;Ljava/lang/Object;Ljava/lang/Object;)I> (0x000000008c813618) thrown at [/build/java9-openjdk/src/jdk9u-jdk-9.0.4+11/
Event: 0.236 Thread 0x00007fa578011000 Exception <a 'java/lang/NoSuchMethodError'{0x000000008c81a640}: java.lang.invoke.DirectMethodHandle$Holder.invokeStaticInit(Ljava/lang/Object;Ljava/lang/Object;Ljava/lang/Object;)Ljava/lang/Object;> (0x000000008c81a640) thrown at [/build/java9-openjdk/src
Event: 0.375 Thread 0x00007fa578011000 Exception <a 'java/lang/NoSuchMethodError'{0x000000008c6e3d88}: java.lang.invoke.DirectMethodHandle$Holder.invokeStatic(Ljava/lang/Object;JII)V> (0x000000008c6e3d88) thrown at [/build/java9-openjdk/src/jdk9u-jdk-9.0.4+11/hotspot/src/share/vm/interpreter/l
Event: 0.392 Thread 0x00007fa578011000 Exception <a 'sun/nio/fs/UnixException'{0x000000008c55e928}> (0x000000008c55e928) thrown at [/build/java9-openjdk/src/jdk9u-jdk-9.0.4+11/hotspot/src/share/vm/prims/jni.cpp, line 604]
Event: 0.534 Thread 0x00007fa578011000 Exception <a 'java/lang/NoSuchMethodError'{0x000000008cb10a08}: java.lang.invoke.DirectMethodHandle$Holder.invokeInterface(Ljava/lang/Object;Ljava/lang/Object;Ljava/lang/Object;)I> (0x000000008cb10a08) thrown at [/build/java9-openjdk/src/jdk9u-jdk-9.0.4+1

Events (10 events):
Event: 0.553 loading class Util
Event: 0.553 loading class Util done
Event: 0.555 loading class org/lwjgl/system/APIUtil$Encoder
Event: 0.555 loading class org/lwjgl/system/APIUtil$Encoder done
Event: 0.555 loading class org/lwjgl/system/APIUtil$Encoder
Event: 0.555 loading class org/lwjgl/system/APIUtil$Encoder done
Event: 0.556 loading class org/lwjgl/system/libc/LibCStdlib
Event: 0.556 loading class org/lwjgl/system/libc/LibCStdlib done
Event: 0.560 loading class org/lwjgl/opengl/GL$ICDStatic$WriteOnce
Event: 0.560 loading class org/lwjgl/opengl/GL$ICDStatic$WriteOnce done


Dynamic libraries:
85200000-8ce00000 rw-p 00000000 00:00 0 
8ce00000-100000000 ---p 00000000 00:00 0 
100000000-1000e0000 rw-p 00000000 00:00 0 
1000e0000-140000000 ---p 00000000 00:00 0 
563e167c6000-563e167c7000 r-xp 00000000 08:08 279043                     /usr/lib/jvm/java-9-openjdk/bin/java
563e169c7000-563e169c8000 r--p 00001000 08:08 279043                     /usr/lib/jvm/java-9-openjdk/bin/java
563e169c8000-563e169c9000 rw-p 00002000 08:08 279043                     /usr/lib/jvm/java-9-openjdk/bin/java
563e170c5000-563e170e6000 rw-p 00000000 00:00 0                          [heap]
7fa4f6f81000-7fa4f7101000 rw-p 00000000 00:00 0 
7fa4f7101000-7fa4f7181000 ---p 00000000 00:00 0 
7fa4f7181000-7fa4f71ec000 r-xp 00000000 00:2c 404013                     /tmp/lwjgldavid/3.1.6-build-14/liblwjgl_opengl.so
7fa4f71ec000-7fa4f73eb000 ---p 0006b000 00:2c 404013                     /tmp/lwjgldavid/3.1.6-build-14/liblwjgl_opengl.so
7fa4f73eb000-7fa4f73ec000 r--p 0006a000 00:2c 404013                     /tmp/lwjgldavid/3.1.6-build-14/liblwjgl_opengl.so
7fa4f73ec000-7fa4f73ed000 rw-p 0006b000 00:2c 404013                     /tmp/lwjgldavid/3.1.6-build-14/liblwjgl_opengl.so
7fa4f73ed000-7fa4f879e000 rw-p 00000000 00:00 0 
7fa4f879e000-7fa4f87a6000 r-xp 00000000 08:08 33619                      /usr/lib/libpciaccess.so.0.11.1
7fa4f87a6000-7fa4f89a6000 ---p 00008000 08:08 33619                      /usr/lib/libpciaccess.so.0.11.1
7fa4f89a6000-7fa4f89a7000 r--p 00008000 08:08 33619                      /usr/lib/libpciaccess.so.0.11.1
7fa4f89a7000-7fa4f89a8000 rw-p 00009000 08:08 33619                      /usr/lib/libpciaccess.so.0.11.1
7fa4f89a8000-7fa4f89af000 r-xp 00000000 08:08 33639                      /usr/lib/libdrm_nouveau.so.2.0.0
7fa4f89af000-7fa4f8bae000 ---p 00007000 08:08 33639                      /usr/lib/libdrm_nouveau.so.2.0.0
7fa4f8bae000-7fa4f8baf000 r--p 00006000 08:08 33639                      /usr/lib/libdrm_nouveau.so.2.0.0
7fa4f8baf000-7fa4f8bb0000 rw-p 00007000 08:08 33639                      /usr/lib/libdrm_nouveau.so.2.0.0
7fa4f8bb0000-7fa4f8bbb000 r-xp 00000000 08:08 33633                      /usr/lib/libdrm_radeon.so.1.0.1
7fa4f8bbb000-7fa4f8dba000 ---p 0000b000 08:08 33633                      /usr/lib/libdrm_radeon.so.1.0.1
7fa4f8dba000-7fa4f8dbb000 r--p 0000a000 08:08 33633                      /usr/lib/libdrm_radeon.so.1.0.1
7fa4f8dbb000-7fa4f8dbc000 rw-p 0000b000 08:08 33633                      /usr/lib/libdrm_radeon.so.1.0.1
7fa4f8dbc000-7fa4f8ddf000 r-xp 00000000 08:08 33634                      /usr/lib/libdrm_intel.so.1.0.0
7fa4f8ddf000-7fa4f8fde000 ---p 00023000 08:08 33634                      /usr/lib/libdrm_intel.so.1.0.0
7fa4f8fde000-7fa4f8fdf000 r--p 00022000 08:08 33634                      /usr/lib/libdrm_intel.so.1.0.0
7fa4f8fdf000-7fa4f8fe0000 rw-p 00023000 08:08 33634                      /usr/lib/libdrm_intel.so.1.0.0
7fa4f8fe0000-7fa4f9869000 r-xp 00000000 08:08 138956                     /usr/lib/dri/i965_dri.so
7fa4f9869000-7fa4f9a68000 ---p 00889000 08:08 138956                     /usr/lib/dri/i965_dri.so
7fa4f9a68000-7fa4f9ab9000 r--p 00888000 08:08 138956                     /usr/lib/dri/i965_dri.so
7fa4f9ab9000-7fa4f9ac3000 rw-p 008d9000 08:08 138956                     /usr/lib/dri/i965_dri.so
7fa4f9ac3000-7fa4f9b68000 rw-p 00000000 00:00 0 
7fa4f9b68000-7fa4f9b97000 r-xp 00000000 08:08 13951                      /usr/lib/libexpat.so.1.6.7
7fa4f9b97000-7fa4f9d97000 ---p 0002f000 08:08 13951                      /usr/lib/libexpat.so.1.6.7
7fa4f9d97000-7fa4f9d99000 r--p 0002f000 08:08 13951                      /usr/lib/libexpat.so.1.6.7
7fa4f9d99000-7fa4f9d9a000 rw-p 00031000 08:08 13951                      /usr/lib/libexpat.so.1.6.7
7fa4f9d9a000-7fa4f9d9b000 r-xp 00000000 08:08 33789                      /usr/lib/libxshmfence.so.1.0.0
7fa4f9d9b000-7fa4f9f9a000 ---p 00001000 08:08 33789                      /usr/lib/libxshmfence.so.1.0.0
7fa4f9f9a000-7fa4f9f9b000 r--p 00000000 08:08 33789                      /usr/lib/libxshmfence.so.1.0.0
7fa4f9f9b000-7fa4f9f9c000 rw-p 00001000 08:08 33789                      /usr/lib/libxshmfence.so.1.0.0
7fa4f9f9c000-7fa4f9fa2000 r-xp 00000000 08:08 32562                      /usr/lib/libxcb-sync.so.1.0.0
7fa4f9fa2000-7fa4fa1a1000 ---p 00006000 08:08 32562                      /usr/lib/libxcb-sync.so.1.0.0
7fa4fa1a1000-7fa4fa1a2000 r--p 00005000 08:08 32562                      /usr/lib/libxcb-sync.so.1.0.0
7fa4fa1a2000-7fa4fa1a3000 rw-p 00006000 08:08 32562                      /usr/lib/libxcb-sync.so.1.0.0
7fa4fa1a3000-7fa4fa1a5000 r-xp 00000000 08:08 32554                      /usr/lib/libxcb-present.so.0.0.0
7fa4fa1a5000-7fa4fa3a4000 ---p 00002000 08:08 32554                      /usr/lib/libxcb-present.so.0.0.0
7fa4fa3a4000-7fa4fa3a5000 r--p 00001000 08:08 32554                      /usr/lib/libxcb-present.so.0.0.0
7fa4fa3a5000-7fa4fa3a6000 rw-p 00002000 08:08 32554                      /usr/lib/libxcb-present.so.0.0.0
7fa4fa3a6000-7fa4fa3a9000 r-xp 00000000 08:08 32563                      /usr/lib/libxcb-dri3.so.0.0.0
7fa4fa3a9000-7fa4fa5a8000 ---p 00003000 08:08 32563                      /usr/lib/libxcb-dri3.so.0.0.0
7fa4fa5a8000-7fa4fa5a9000 r--p 00002000 08:08 32563                      /usr/lib/libxcb-dri3.so.0.0.0
7fa4fa5a9000-7fa4fa5aa000 rw-p 00003000 08:08 32563                      /usr/lib/libxcb-dri3.so.0.0.0
7fa4fa5aa000-7fa4fa5ac000 r-xp 00000000 08:08 33783                      /usr/lib/libXdamage.so.1.1.0
7fa4fa5ac000-7fa4fa7ab000 ---p 00002000 08:08 33783                      /usr/lib/libXdamage.so.1.1.0
7fa4fa7ab000-7fa4fa7ac000 r--p 00001000 08:08 33783                      /usr/lib/libXdamage.so.1.1.0
7fa4fa7ac000-7fa4fa7ad000 rw-p 00002000 08:08 33783                      /usr/lib/libXdamage.so.1.1.0
7fa4fa7ad000-7fa4fa7b1000 r-xp 00000000 08:08 32574                      /usr/lib/libxcb-dri2.so.0.0.0
7fa4fa7b1000-7fa4fa9b0000 ---p 00004000 08:08 32574                      /usr/lib/libxcb-dri2.so.0.0.0
7fa4fa9b0000-7fa4fa9b1000 r--p 00003000 08:08 32574                      /usr/lib/libxcb-dri2.so.0.0.0
7fa4fa9b1000-7fa4fa9b2000 rw-p 00004000 08:08 32574                      /usr/lib/libxcb-dri2.so.0.0.0
7fa4fa9b2000-7fa4fa9cb000 r-xp 00000000 08:08 32587                      /usr/lib/libxcb-glx.so.0.0.0
7fa4fa9cb000-7fa4fabca000 ---p 00019000 08:08 32587                      /usr/lib/libxcb-glx.so.0.0.0
7fa4fabca000-7fa4fabcc000 r--p 00018000 08:08 32587                      /usr/lib/libxcb-glx.so.0.0.0
7fa4fabcc000-7fa4fabcd000 rw-p 0001a000 08:08 32587                      /usr/lib/libxcb-glx.so.0.0.0
7fa4fabcd000-7fa4fabde000 r-xp 00000000 08:08 33646                      /usr/lib/libdrm.so.2.4.0
7fa4fabde000-7fa4faddd000 ---p 00011000 08:08 33646                      /usr/lib/libdrm.so.2.4.0
7fa4faddd000-7fa4fadde000 r--p 00010000 08:08 33646                      /usr/lib/libdrm.so.2.4.0
7fa4fadde000-7fa4faddf000 rw-p 00011000 08:08 33646                      /usr/lib/libdrm.so.2.4.0
7fa4faddf000-7fa4fae0b000 r-xp 00000000 08:08 33904                      /usr/lib/libglapi.so.0.0.0
7fa4fae0b000-7fa4fb00a000 ---p 0002c000 08:08 33904                      /usr/lib/libglapi.so.0.0.0
7fa4fb00a000-7fa4fb00e000 r--p 0002b000 08:08 33904                      /usr/lib/libglapi.so.0.0.0
7fa4fb00e000-7fa4fb00f000 rw-p 0002f000 08:08 33904                      /usr/lib/libglapi.so.0.0.0
7fa4fb00f000-7fa4fb010000 rw-p 00000000 00:00 0 
7fa4fb010000-7fa4fb080000 r-xp 00000000 08:08 33911                      /usr/lib/libGLX_mesa.so.0.0.0
7fa4fb080000-7fa4fb27f000 ---p 00070000 08:08 33911                      /usr/lib/libGLX_mesa.so.0.0.0
7fa4fb27f000-7fa4fb282000 r--p 0006f000 08:08 33911                      /usr/lib/libGLX_mesa.so.0.0.0
7fa4fb282000-7fa4fb283000 rw-p 00072000 08:08 33911                      /usr/lib/libGLX_mesa.so.0.0.0
7fa4fb283000-7fa4fb2f1000 r-xp 00000000 08:08 33931                      /usr/lib/libGLdispatch.so.0.0.0
7fa4fb2f1000-7fa4fb4f0000 ---p 0006e000 08:08 33931                      /usr/lib/libGLdispatch.so.0.0.0
7fa4fb4f0000-7fa4fb518000 r--p 0006d000 08:08 33931                      /usr/lib/libGLdispatch.so.0.0.0
7fa4fb518000-7fa4fb519000 rw-p 00095000 08:08 33931                      /usr/lib/libGLdispatch.so.0.0.0
7fa4fb519000-7fa4fb539000 rw-p 00000000 00:00 0 
7fa4fb539000-7fa4fb549000 r-xp 00000000 08:08 33934                      /usr/lib/libGLX.so.0.0.0
7fa4fb549000-7fa4fb748000 ---p 00010000 08:08 33934                      /usr/lib/libGLX.so.0.0.0
7fa4fb748000-7fa4fb749000 r--p 0000f000 08:08 33934                      /usr/lib/libGLX.so.0.0.0
7fa4fb749000-7fa4fb74a000 rw-p 00010000 08:08 33934                      /usr/lib/libGLX.so.0.0.0
7fa4fb74a000-7fa4fb76a000 rw-p 00000000 00:00 0 
7fa4fb76a000-7fa4fb7da000 r-xp 00000000 08:08 33935                      /usr/lib/libGL.so.1.0.0
7fa4fb7da000-7fa4fb9d9000 ---p 00070000 08:08 33935                      /usr/lib/libGL.so.1.0.0
7fa4fb9d9000-7fa4fb9f3000 r--p 0006f000 08:08 33935                      /usr/lib/libGL.so.1.0.0
7fa4fb9f3000-7fa4fb9f4000 rw-p 00089000 08:08 33935                      /usr/lib/libGL.so.1.0.0
7fa4fb9f4000-7fa4fb9f5000 rw-p 00000000 00:00 0 
7fa4fb9f5000-7fa4fb9f6000 r-xp 00000000 08:08 33463                      /usr/lib/libX11-xcb.so.1.0.0
7fa4fb9f6000-7fa4fbbf5000 ---p 00001000 08:08 33463                      /usr/lib/libX11-xcb.so.1.0.0
7fa4fbbf5000-7fa4fbbf6000 r--p 00000000 08:08 33463                      /usr/lib/libX11-xcb.so.1.0.0
7fa4fbbf6000-7fa4fbbf7000 rw-p 00001000 08:08 33463                      /usr/lib/libX11-xcb.so.1.0.0
7fa4fbbf7000-7fa4fbbf9000 r-xp 00000000 08:08 34981                      /usr/lib/libXinerama.so.1.0.0
7fa4fbbf9000-7fa4fbdf8000 ---p 00002000 08:08 34981                      /usr/lib/libXinerama.so.1.0.0
7fa4fbdf8000-7fa4fbdf9000 r--p 00001000 08:08 34981                      /usr/lib/libXinerama.so.1.0.0
7fa4fbdf9000-7fa4fbdfa000 rw-p 00002000 08:08 34981                      /usr/lib/libXinerama.so.1.0.0
7fa4fbdfa000-7fa4fbdff000 r-xp 00000000 08:08 33778                      /usr/lib/libXfixes.so.3.1.0
7fa4fbdff000-7fa4fbffe000 ---p 00005000 08:08 33778                      /usr/lib/libXfixes.so.3.1.0
7fa4fbffe000-7fa4fbfff000 r--p 00004000 08:08 33778                      /usr/lib/libXfixes.so.3.1.0
7fa4fbfff000-7fa4fc000000 rw-p 00005000 08:08 33778                      /usr/lib/libXfixes.so.3.1.0
7fa4fc000000-7fa4fc021000 rw-p 00000000 00:00 0 
7fa4fc021000-7fa500000000 ---p 00000000 00:00 0 
7fa500000000-7fa500021000 rw-p 00000000 00:00 0 
7fa500021000-7fa504000000 ---p 00000000 00:00 0 
7fa504000000-7fa504021000 rw-p 00000000 00:00 0 
7fa504021000-7fa508000000 ---p 00000000 00:00 0 
7fa508000000-7fa508021000 rw-p 00000000 00:00 0 
7fa508021000-7fa50c000000 ---p 00000000 00:00 0 
7fa50c000000-7fa50c298000 rw-p 00000000 00:00 0 
7fa50c298000-7fa510000000 ---p 00000000 00:00 0 
7fa510000000-7fa510210000 rw-p 00000000 00:00 0 
7fa510210000-7fa514000000 ---p 00000000 00:00 0 
7fa514000000-7fa514021000 rw-p 00000000 00:00 0 
7fa514021000-7fa518000000 ---p 00000000 00:00 0 
7fa518000000-7fa5182d6000 rw-p 00000000 00:00 0 
7fa5182d6000-7fa51c000000 ---p 00000000 00:00 0 
7fa51c000000-7fa51c021000 rw-p 00000000 00:00 0 
7fa51c021000-7fa520000000 ---p 00000000 00:00 0 
7fa520000000-7fa520021000 rw-p 00000000 00:00 0 
7fa520021000-7fa524000000 ---p 00000000 00:00 0 
7fa524000000-7fa524021000 rw-p 00000000 00:00 0 
7fa524021000-7fa528000000 ---p 00000000 00:00 0 
7fa528000000-7fa528021000 rw-p 00000000 00:00 0 
7fa528021000-7fa52c000000 ---p 00000000 00:00 0 
7fa52c07b000-7fa52c084000 r-xp 00000000 08:08 35041                      /usr/lib/libXcursor.so.1.0.2
7fa52c084000-7fa52c283000 ---p 00009000 08:08 35041                      /usr/lib/libXcursor.so.1.0.2
7fa52c283000-7fa52c284000 r--p 00008000 08:08 35041                      /usr/lib/libXcursor.so.1.0.2
7fa52c284000-7fa52c285000 rw-p 00009000 08:08 35041                      /usr/lib/libXcursor.so.1.0.2
7fa52c285000-7fa52c28e000 r-xp 00000000 08:08 34082                      /usr/lib/libXrender.so.1.3.0
7fa52c28e000-7fa52c48e000 ---p 00009000 08:08 34082                      /usr/lib/libXrender.so.1.3.0
7fa52c48e000-7fa52c48f000 r--p 00009000 08:08 34082                      /usr/lib/libXrender.so.1.3.0
7fa52c48f000-7fa52c490000 rw-p 0000a000 08:08 34082                      /usr/lib/libXrender.so.1.3.0
7fa52c490000-7fa52c49a000 r-xp 00000000 08:08 34990                      /usr/lib/libXrandr.so.2.2.0
7fa52c49a000-7fa52c699000 ---p 0000a000 08:08 34990                      /usr/lib/libXrandr.so.2.2.0
7fa52c699000-7fa52c69a000 r--p 00009000 08:08 34990                      /usr/lib/libXrandr.so.2.2.0
7fa52c69a000-7fa52c69b000 rw-p 0000a000 08:08 34990                      /usr/lib/libXrandr.so.2.2.0
7fa52c69b000-7fa52c6aa000 r-xp 00000000 08:08 35607                      /usr/lib/libXi.so.6.1.0
7fa52c6aa000-7fa52c8aa000 ---p 0000f000 08:08 35607                      /usr/lib/libXi.so.6.1.0
7fa52c8aa000-7fa52c8ab000 r--p 0000f000 08:08 35607                      /usr/lib/libXi.so.6.1.0
7fa52c8ab000-7fa52c8ac000 rw-p 00010000 08:08 35607                      /usr/lib/libXi.so.6.1.0
7fa52c8ac000-7fa52c8bd000 r-xp 00000000 08:08 33613                      /usr/lib/libXext.so.6.4.0
7fa52c8bd000-7fa52cabc000 ---p 00011000 08:08 33613                      /usr/lib/libXext.so.6.4.0
7fa52cabc000-7fa52cabd000 r--p 00010000 08:08 33613                      /usr/lib/libXext.so.6.4.0
7fa52cabd000-7fa52cabe000 rw-p 00011000 08:08 33613                      /usr/lib/libXext.so.6.4.0
7fa52cabe000-7fa52cac3000 r-xp 00000000 08:08 33776                      /usr/lib/libXxf86vm.so.1.0.0
7fa52cac3000-7fa52ccc2000 ---p 00005000 08:08 33776                      /usr/lib/libXxf86vm.so.1.0.0
7fa52ccc2000-7fa52ccc3000 r--p 00004000 08:08 33776                      /usr/lib/libXxf86vm.so.1.0.0
7fa52ccc3000-7fa52ccc4000 rw-p 00005000 08:08 33776                      /usr/lib/libXxf86vm.so.1.0.0
7fa52ccc4000-7fa52ccc9000 r-xp 00000000 08:08 27704                      /usr/lib/libXdmcp.so.6.0.0
7fa52ccc9000-7fa52cec8000 ---p 00005000 08:08 27704                      /usr/lib/libXdmcp.so.6.0.0
7fa52cec8000-7fa52cec9000 r--p 00004000 08:08 27704                      /usr/lib/libXdmcp.so.6.0.0
7fa52cec9000-7fa52ceca000 rw-p 00005000 08:08 27704                      /usr/lib/libXdmcp.so.6.0.0
7fa52ceca000-7fa52cecc000 r-xp 00000000 08:08 27717                      /usr/lib/libXau.so.6.0.0
7fa52cecc000-7fa52d0cc000 ---p 00002000 08:08 27717                      /usr/lib/libXau.so.6.0.0
7fa52d0cc000-7fa52d0cd000 r--p 00002000 08:08 27717                      /usr/lib/libXau.so.6.0.0
7fa52d0cd000-7fa52d0ce000 rw-p 00003000 08:08 27717                      /usr/lib/libXau.so.6.0.0
7fa52d0ce000-7fa52d0f5000 r-xp 00000000 08:08 32553                      /usr/lib/libxcb.so.1.1.0
7fa52d0f5000-7fa52d2f5000 ---p 00027000 08:08 32553                      /usr/lib/libxcb.so.1.1.0
7fa52d2f5000-7fa52d2f6000 r--p 00027000 08:08 32553                      /usr/lib/libxcb.so.1.1.0
7fa52d2f6000-7fa52d2f7000 rw-p 00028000 08:08 32553                      /usr/lib/libxcb.so.1.1.0
7fa52d2f7000-7fa52d430000 r-xp 00000000 08:08 33462                      /usr/lib/libX11.so.6.3.0
7fa52d430000-7fa52d630000 ---p 00139000 08:08 33462                      /usr/lib/libX11.so.6.3.0
7fa52d630000-7fa52d631000 r--p 00139000 08:08 33462                      /usr/lib/libX11.so.6.3.0
7fa52d631000-7fa52d636000 rw-p 0013a000 08:08 33462                      /usr/lib/libX11.so.6.3.0
7fa52d636000-7fa52d66c000 r-xp 00000000 00:2c 401991                     /tmp/lwjgldavid/3.1.6-build-14/libglfw.so
7fa52d66c000-7fa52d86b000 ---p 00036000 00:2c 401991                     /tmp/lwjgldavid/3.1.6-build-14/libglfw.so
7fa52d86b000-7fa52d86c000 r--p 00035000 00:2c 401991                     /tmp/lwjgldavid/3.1.6-build-14/libglfw.so
7fa52d86c000-7fa52d86d000 rw-p 00036000 00:2c 401991                     /tmp/lwjgldavid/3.1.6-build-14/libglfw.so
7fa52d86d000-7fa52d88e000 rw-p 00000000 00:00 0 
7fa52d88e000-7fa52d8e2000 r-xp 00000000 00:2c 401990                     /tmp/lwjgldavid/3.1.6-build-14/liblwjgl.so
7fa52d8e2000-7fa52dae2000 ---p 00054000 00:2c 401990                     /tmp/lwjgldavid/3.1.6-build-14/liblwjgl.so
7fa52dae2000-7fa52dae3000 r--p 00054000 00:2c 401990                     /tmp/lwjgldavid/3.1.6-build-14/liblwjgl.so
7fa52dae3000-7fa52dae4000 rw-p 00055000 00:2c 401990                     /tmp/lwjgldavid/3.1.6-build-14/liblwjgl.so
7fa52dae4000-7fa52dae5000 ---p 00000000 00:00 0 
7fa52dae5000-7fa52dbe6000 rw-p 00000000 00:00 0 
7fa52dbe6000-7fa52dbea000 ---p 00000000 00:00 0 
7fa52dbea000-7fa52dce7000 rw-p 00000000 00:00 0 
7fa52dce7000-7fa52dceb000 ---p 00000000 00:00 0 
7fa52dceb000-7fa52dde8000 rw-p 00000000 00:00 0 
7fa52dde8000-7fa52ddfe000 r-xp 00000000 08:08 279064                     /usr/lib/jvm/java-9-openjdk/lib/libnet.so
7fa52ddfe000-7fa52dffe000 ---p 00016000 08:08 279064                     /usr/lib/jvm/java-9-openjdk/lib/libnet.so
7fa52dffe000-7fa52dfff000 r--p 00016000 08:08 279064                     /usr/lib/jvm/java-9-openjdk/lib/libnet.so
7fa52dfff000-7fa52e000000 rw-p 00017000 08:08 279064                     /usr/lib/jvm/java-9-openjdk/lib/libnet.so
7fa52e000000-7fa530000000 rwxp 00000000 00:00 0 
7fa530000000-7fa530021000 rw-p 00000000 00:00 0 
7fa530021000-7fa534000000 ---p 00000000 00:00 0 
7fa53407e000-7fa53408f000 r-xp 00000000 08:08 279062                     /usr/lib/jvm/java-9-openjdk/lib/libnio.so
7fa53408f000-7fa53428e000 ---p 00011000 08:08 279062                     /usr/lib/jvm/java-9-openjdk/lib/libnio.so
7fa53428e000-7fa53428f000 r--p 00010000 08:08 279062                     /usr/lib/jvm/java-9-openjdk/lib/libnio.so
7fa53428f000-7fa534290000 rw-p 00011000 08:08 279062                     /usr/lib/jvm/java-9-openjdk/lib/libnio.so
7fa534290000-7fa534480000 rw-p 00000000 00:00 0 
7fa534480000-7fa536148000 ---p 00000000 00:00 0 
7fa536148000-7fa536338000 rw-p 00000000 00:00 0 
7fa536338000-7fa538000000 ---p 00000000 00:00 0 
7fa538000000-7fa538021000 rw-p 00000000 00:00 0 
7fa538021000-7fa53c000000 ---p 00000000 00:00 0 
7fa53c000000-7fa53c021000 rw-p 00000000 00:00 0 
7fa53c021000-7fa540000000 ---p 00000000 00:00 0 
7fa540000000-7fa540021000 rw-p 00000000 00:00 0 
7fa540021000-7fa544000000 ---p 00000000 00:00 0 
7fa544000000-7fa544021000 rw-p 00000000 00:00 0 
7fa544021000-7fa548000000 ---p 00000000 00:00 0 
7fa548000000-7fa548021000 rw-p 00000000 00:00 0 
7fa548021000-7fa54c000000 ---p 00000000 00:00 0 
7fa54c000000-7fa54c021000 rw-p 00000000 00:00 0 
7fa54c021000-7fa550000000 ---p 00000000 00:00 0 
7fa550000000-7fa550021000 rw-p 00000000 00:00 0 
7fa550021000-7fa554000000 ---p 00000000 00:00 0 
7fa554000000-7fa554021000 rw-p 00000000 00:00 0 
7fa554021000-7fa558000000 ---p 00000000 00:00 0 
7fa558000000-7fa558021000 rw-p 00000000 00:00 0 
7fa558021000-7fa55c000000 ---p 00000000 00:00 0 
7fa55c072000-7fa55c0b2000 rw-s 00000000 08:04 3576743                    /home/david/#3576743 (deleted)
7fa55c0b2000-7fa55c0f2000 r-xs 00000000 08:04 3576743                    /home/david/#3576743 (deleted)
7fa55c0f2000-7fa55c0f6000 ---p 00000000 00:00 0 
7fa55c0f6000-7fa55c1f3000 rw-p 00000000 00:00 0 
7fa55c1f3000-7fa55c1f7000 ---p 00000000 00:00 0 
7fa55c1f7000-7fa55c2f4000 rw-p 00000000 00:00 0 
7fa55c2f4000-7fa55c2f8000 ---p 00000000 00:00 0 
7fa55c2f8000-7fa55c3f5000 rw-p 00000000 00:00 0 
7fa55c3f5000-7fa55c3f9000 ---p 00000000 00:00 0 
7fa55c3f9000-7fa55c4f6000 rw-p 00000000 00:00 0 
7fa55c4f6000-7fa55c4fa000 ---p 00000000 00:00 0 
7fa55c4fa000-7fa55c5f7000 rw-p 00000000 00:00 0 
7fa55c5f7000-7fa55c5fb000 ---p 00000000 00:00 0 
7fa55c5fb000-7fa55c6f8000 rw-p 00000000 00:00 0 
7fa55c6f8000-7fa55c6fc000 ---p 00000000 00:00 0 
7fa55c6fc000-7fa55c7f9000 rw-p 00000000 00:00 0 
7fa55c7f9000-7fa55c7fa000 ---p 00000000 00:00 0 
7fa55c7fa000-7fa55d1cc000 rw-p 00000000 00:00 0 
7fa55d1cc000-7fa55d5d0000 rw-p 00000000 00:00 0 
7fa55d5d0000-7fa55d5d1000 ---p 00000000 00:00 0 
7fa55d5d1000-7fa55d6d2000 rw-p 00000000 00:00 0 
7fa55d6d2000-7fa55d6d3000 ---p 00000000 00:00 0 
7fa55d6d3000-7fa55d812000 rw-p 00000000 00:00 0 
7fa55d812000-7fa55dbab000 ---p 00000000 00:00 0 
7fa55dbab000-7fa55dbe9000 rw-p 00000000 00:00 0 
7fa55dbe9000-7fa55e359000 ---p 00000000 00:00 0 
7fa55e359000-7fa55e397000 rw-p 00000000 00:00 0 
7fa55e397000-7fa55e730000 ---p 00000000 00:00 0 
7fa55e730000-7fa55e731000 ---p 00000000 00:00 0 
7fa55e731000-7fa55e832000 rw-p 00000000 00:00 0 
7fa55e832000-7fa55e833000 ---p 00000000 00:00 0 
7fa55e833000-7fa55e934000 rw-p 00000000 00:00 0 
7fa55e934000-7fa55e935000 ---p 00000000 00:00 0 
7fa55e935000-7fa55ea36000 rw-p 00000000 00:00 0 
7fa55ea36000-7fa55ea37000 ---p 00000000 00:00 0 
7fa55ea37000-7fa55eb38000 rw-p 00000000 00:00 0 
7fa55eb38000-7fa55eb39000 ---p 00000000 00:00 0 
7fa55eb39000-7fa55f03e000 rw-p 00000000 00:00 0 
7fa55f03e000-7fa55f03f000 ---p 00000000 00:00 0 
7fa55f03f000-7fa55f140000 rw-p 00000000 00:00 0 
7fa55f140000-7fa55f141000 ---p 00000000 00:00 0 
7fa55f141000-7fa55f242000 rw-p 00000000 00:00 0 
7fa55f242000-7fa55f243000 ---p 00000000 00:00 0 
7fa55f243000-7fa55f344000 rw-p 00000000 00:00 0 
7fa55f344000-7fa55f345000 ---p 00000000 00:00 0 
7fa55f345000-7fa55f44b000 rw-p 00000000 00:00 0 
7fa55f44b000-7fa55f531000 ---p 00000000 00:00 0 
7fa55f531000-7fa55f536000 rw-p 00000000 00:00 0 
7fa55f536000-7fa55f61c000 ---p 00000000 00:00 0 
7fa55f61c000-7fa55f88c000 rwxp 00000000 00:00 0 
7fa55f88c000-7fa55fbac000 ---p 00000000 00:00 0 
7fa55fbac000-7fa55fe1c000 rwxp 00000000 00:00 0 
7fa55fe1c000-7fa5670e4000 ---p 00000000 00:00 0 
7fa5670e4000-7fa567354000 rwxp 00000000 00:00 0 
7fa567354000-7fa56e61c000 ---p 00000000 00:00 0 
7fa56e61c000-7fa577bf2000 r--s 00000000 08:08 279090                     /usr/lib/jvm/java-9-openjdk/lib/modules
7fa577bf2000-7fa577bf7000 r-xp 00000000 08:08 279063                     /usr/lib/jvm/java-9-openjdk/lib/libjimage.so
7fa577bf7000-7fa577df6000 ---p 00005000 08:08 279063                     /usr/lib/jvm/java-9-openjdk/lib/libjimage.so
7fa577df6000-7fa577df7000 r--p 00004000 08:08 279063                     /usr/lib/jvm/java-9-openjdk/lib/libjimage.so
7fa577df7000-7fa577df8000 rw-p 00005000 08:08 279063                     /usr/lib/jvm/java-9-openjdk/lib/libjimage.so
7fa577df8000-7fa577dff000 r-xp 00000000 08:08 279065                     /usr/lib/jvm/java-9-openjdk/lib/libzip.so
7fa577dff000-7fa577ffe000 ---p 00007000 08:08 279065                     /usr/lib/jvm/java-9-openjdk/lib/libzip.so
7fa577ffe000-7fa577fff000 r--p 00006000 08:08 279065                     /usr/lib/jvm/java-9-openjdk/lib/libzip.so
7fa577fff000-7fa578000000 rw-p 00007000 08:08 279065                     /usr/lib/jvm/java-9-openjdk/lib/libzip.so
7fa578000000-7fa578919000 rw-p 00000000 00:00 0 
7fa578919000-7fa57c000000 ---p 00000000 00:00 0 
7fa57c00f000-7fa57c01f000 rw-s 00000000 00:2e 406766                     /i915 (deleted)
7fa57c01f000-7fa57c078000 rw-p 00000000 00:00 0 
7fa57c078000-7fa57c083000 r-xp 00000000 08:08 2956                       /usr/lib/libnss_files-2.27.so
7fa57c083000-7fa57c282000 ---p 0000b000 08:08 2956                       /usr/lib/libnss_files-2.27.so
7fa57c282000-7fa57c283000 r--p 0000a000 08:08 2956                       /usr/lib/libnss_files-2.27.so
7fa57c283000-7fa57c284000 rw-p 0000b000 08:08 2956                       /usr/lib/libnss_files-2.27.so
7fa57c284000-7fa57c28a000 rw-p 00000000 00:00 0 
7fa57c28a000-7fa57c2b6000 r-xp 00000000 08:08 279066                     /usr/lib/jvm/java-9-openjdk/lib/libjava.so
7fa57c2b6000-7fa57c4b5000 ---p 0002c000 08:08 279066                     /usr/lib/jvm/java-9-openjdk/lib/libjava.so
7fa57c4b5000-7fa57c4b6000 r--p 0002b000 08:08 279066                     /usr/lib/jvm/java-9-openjdk/lib/libjava.so
7fa57c4b6000-7fa57c4b7000 rw-p 0002c000 08:08 279066                     /usr/lib/jvm/java-9-openjdk/lib/libjava.so
7fa57c4b7000-7fa57c4b8000 rw-p 00000000 00:00 0 
7fa57c4b8000-7fa57c4c5000 r-xp 00000000 08:08 279067                     /usr/lib/jvm/java-9-openjdk/lib/libverify.so
7fa57c4c5000-7fa57c6c4000 ---p 0000d000 08:08 279067                     /usr/lib/jvm/java-9-openjdk/lib/libverify.so
7fa57c6c4000-7fa57c6c6000 r--p 0000c000 08:08 279067                     /usr/lib/jvm/java-9-openjdk/lib/libverify.so
7fa57c6c6000-7fa57c6c7000 rw-p 0000e000 08:08 279067                     /usr/lib/jvm/java-9-openjdk/lib/libverify.so
7fa57c6c7000-7fa57c6ce000 r-xp 00000000 08:08 2947                       /usr/lib/librt-2.27.so
7fa57c6ce000-7fa57c8cd000 ---p 00007000 08:08 2947                       /usr/lib/librt-2.27.so
7fa57c8cd000-7fa57c8ce000 r--p 00006000 08:08 2947                       /usr/lib/librt-2.27.so
7fa57c8ce000-7fa57c8cf000 rw-p 00007000 08:08 2947                       /usr/lib/librt-2.27.so
7fa57c8cf000-7fa57c8e6000 r-xp 00000000 08:08 4540                       /usr/lib/libgcc_s.so.1
7fa57c8e6000-7fa57cae5000 ---p 00017000 08:08 4540                       /usr/lib/libgcc_s.so.1
7fa57cae5000-7fa57cae6000 r--p 00016000 08:08 4540                       /usr/lib/libgcc_s.so.1
7fa57cae6000-7fa57cae7000 rw-p 00017000 08:08 4540                       /usr/lib/libgcc_s.so.1
7fa57cae7000-7fa57cc7a000 r-xp 00000000 08:08 200                        /usr/lib/libm-2.27.so
7fa57cc7a000-7fa57ce7a000 ---p 00193000 08:08 200                        /usr/lib/libm-2.27.so
7fa57ce7a000-7fa57ce7b000 r--p 00193000 08:08 200                        /usr/lib/libm-2.27.so
7fa57ce7b000-7fa57ce7c000 rw-p 00194000 08:08 200                        /usr/lib/libm-2.27.so
7fa57ce7c000-7fa57cff5000 r-xp 00000000 08:08 2931                       /usr/lib/libstdc++.so.6.0.25
7fa57cff5000-7fa57d1f5000 ---p 00179000 08:08 2931                       /usr/lib/libstdc++.so.6.0.25
7fa57d1f5000-7fa57d201000 r--p 00179000 08:08 2931                       /usr/lib/libstdc++.so.6.0.25
7fa57d201000-7fa57d202000 rw-p 00185000 08:08 2931                       /usr/lib/libstdc++.so.6.0.25
7fa57d202000-7fa57d205000 rw-p 00000000 00:00 0 
7fa57d205000-7fa57e197000 r-xp 00000000 08:08 279092                     /usr/lib/jvm/java-9-openjdk/lib/server/libjvm.so
7fa57e197000-7fa57e396000 ---p 00f92000 08:08 279092                     /usr/lib/jvm/java-9-openjdk/lib/server/libjvm.so
7fa57e396000-7fa57e44e000 r--p 00f91000 08:08 279092                     /usr/lib/jvm/java-9-openjdk/lib/server/libjvm.so
7fa57e44e000-7fa57e483000 rw-p 01049000 08:08 279092                     /usr/lib/jvm/java-9-openjdk/lib/server/libjvm.so
7fa57e483000-7fa57e4cb000 rw-p 00000000 00:00 0 
7fa57e4cb000-7fa57e4e4000 r-xp 00000000 08:08 3028                       /usr/lib/libpthread-2.27.so
7fa57e4e4000-7fa57e6e3000 ---p 00019000 08:08 3028                       /usr/lib/libpthread-2.27.so
7fa57e6e3000-7fa57e6e4000 r--p 00018000 08:08 3028                       /usr/lib/libpthread-2.27.so
7fa57e6e4000-7fa57e6e5000 rw-p 00019000 08:08 3028                       /usr/lib/libpthread-2.27.so
7fa57e6e5000-7fa57e6e9000 rw-p 00000000 00:00 0 
7fa57e6e9000-7fa57e6ec000 r-xp 00000000 08:08 2938                       /usr/lib/libdl-2.27.so
7fa57e6ec000-7fa57e8eb000 ---p 00003000 08:08 2938                       /usr/lib/libdl-2.27.so
7fa57e8eb000-7fa57e8ec000 r--p 00002000 08:08 2938                       /usr/lib/libdl-2.27.so
7fa57e8ec000-7fa57e8ed000 rw-p 00003000 08:08 2938                       /usr/lib/libdl-2.27.so
7fa57e8ed000-7fa57e903000 r-xp 00000000 08:08 348                        /usr/lib/libz.so.1.2.11
7fa57e903000-7fa57eb02000 ---p 00016000 08:08 348                        /usr/lib/libz.so.1.2.11
7fa57eb02000-7fa57eb03000 r--p 00015000 08:08 348                        /usr/lib/libz.so.1.2.11
7fa57eb03000-7fa57eb04000 rw-p 00016000 08:08 348                        /usr/lib/libz.so.1.2.11
7fa57eb04000-7fa57ecb7000 r-xp 00000000 08:08 3006                       /usr/lib/libc-2.27.so
7fa57ecb7000-7fa57eeb6000 ---p 001b3000 08:08 3006                       /usr/lib/libc-2.27.so
7fa57eeb6000-7fa57eeba000 r--p 001b2000 08:08 3006                       /usr/lib/libc-2.27.so
7fa57eeba000-7fa57eebc000 rw-p 001b6000 08:08 3006                       /usr/lib/libc-2.27.so
7fa57eebc000-7fa57eec0000 rw-p 00000000 00:00 0 
7fa57eec0000-7fa57eecf000 r-xp 00000000 08:08 279091                     /usr/lib/jvm/java-9-openjdk/lib/jli/libjli.so
7fa57eecf000-7fa57f0ce000 ---p 0000f000 08:08 279091                     /usr/lib/jvm/java-9-openjdk/lib/jli/libjli.so
7fa57f0ce000-7fa57f0cf000 r--p 0000e000 08:08 279091                     /usr/lib/jvm/java-9-openjdk/lib/jli/libjli.so
7fa57f0cf000-7fa57f0d0000 rw-p 0000f000 08:08 279091                     /usr/lib/jvm/java-9-openjdk/lib/jli/libjli.so
7fa57f0d0000-7fa57f0f5000 r-xp 00000000 08:08 3007                       /usr/lib/ld-2.27.so
7fa57f0ff000-7fa57f100000 rw-s 00000000 00:05 406052                     /memfd:xshmfence (deleted)
7fa57f100000-7fa57f101000 r-xp 00000000 00:00 0 
7fa57f101000-7fa57f105000 rw-s 00000000 00:2e 406771                     /i915 (deleted)
7fa57f105000-7fa57f10a000 rw-s 00000000 00:2e 406770                     /i915 (deleted)
7fa57f10a000-7fa57f10e000 rw-s 00000000 00:2e 406761                     /i915 (deleted)
7fa57f10e000-7fa57f1cb000 rw-p 00000000 00:00 0 
7fa57f1cb000-7fa57f1cc000 ---p 00000000 00:00 0 
7fa57f1cc000-7fa57f1cd000 rw-p 00000000 00:00 0 
7fa57f1cd000-7fa57f1d1000 ---p 00000000 00:00 0 
7fa57f1d1000-7fa57f2ce000 rw-p 00000000 00:00 0 
7fa57f2ce000-7fa57f2cf000 r-xp 00000000 00:00 0 
7fa57f2d0000-7fa57f2d1000 rwxp 00000000 00:00 0 
7fa57f2d1000-7fa57f2d5000 rw-s 00000000 00:2e 406759                     /i915 (deleted)
7fa57f2d5000-7fa57f2da000 rw-s 00000000 00:2e 406758                     /i915 (deleted)
7fa57f2da000-7fa57f2db000 r-xp 00000000 00:00 0 
7fa57f2db000-7fa57f2e1000 rw-p 00000000 00:00 0 
7fa57f2e1000-7fa57f2e8000 ---p 00000000 00:00 0 
7fa57f2e8000-7fa57f2f0000 rw-s 00000000 00:2c 406747                     /tmp/hsperfdata_david/1418
7fa57f2f0000-7fa57f2f1000 rw-p 00000000 00:00 0 
7fa57f2f1000-7fa57f2f2000 r--p 00000000 00:00 0 
7fa57f2f2000-7fa57f2f4000 rw-p 00000000 00:00 0 
7fa57f2f4000-7fa57f2f5000 r--p 00024000 08:08 3007                       /usr/lib/ld-2.27.so
7fa57f2f5000-7fa57f2f6000 rw-p 00025000 08:08 3007                       /usr/lib/ld-2.27.so
7fa57f2f6000-7fa57f2f7000 rw-p 00000000 00:00 0 
7ffc7d3c6000-7ffc7d3e7000 rw-p 00000000 00:00 0                          [stack]
7ffc7d3f0000-7ffc7d3f3000 r--p 00000000 00:00 0                          [vvar]
7ffc7d3f3000-7ffc7d3f5000 r-xp 00000000 00:00 0                          [vdso]

VM Arguments:
jvm_args: -Dorg.lwjgl.util.Debug=true 
java_command: Main
java_class_path (initial): lwjgl/lwjgl-stb-natives-linux.jar:lwjgl/lwjgl-glfw-natives-windows.jar:lwjgl/lwjgl-assimp-javadoc.jar:lwjgl/lwjgl-glfw-sources.jar:lwjgl/lwjgl-glfw-javadoc.jar:lwjgl/lwjgl-openal-natives-macos.jar:lwjgl/lwjgl-natives-windows.jar:lwjgl/lwjgl-opengl-sources.jar:lwjgl/lwjgl-opengl-javadoc.jar:lwjgl/lwjgl-stb.jar:lwjgl/lwjgl-glfw.jar:lwjgl/lwjgl-stb-natives-macos.jar:lwjgl/lwjgl-natives-linux.jar:lwjgl/lwjgl-stb-natives-windows.jar:lwjgl/lwjgl-assimp.jar:lwjgl/lwjgl-javadoc.jar:lwjgl/lwjgl-openal.jar:lwjgl/lwjgl-stb-javadoc.jar:lwjgl/lwjgl-assimp-natives-windows.jar:lwjgl/lwjgl-assimp-natives-macos.jar:lwjgl/lwjgl-openal-sources.jar:lwjgl/lwjgl-natives-macos.jar:lwjgl/lwjgl-stb-sources.jar:lwjgl/lwjgl-openal-javadoc.jar:lwjgl/lwjgl-glfw-natives-linux.jar:lwjgl/lwjgl-assimp-sources.jar:lwjgl/lwjgl-assimp-natives-linux.jar:lwjgl/lwjgl-opengl-natives-macos.jar:lwjgl/lwjgl-openal-natives-linux.jar:lwjgl/lwjgl-glfw-natives-macos.jar:lwjgl/lwjgl-opengl.jar:lwjgl/lwjgl-opengl-natives-windows.jar:lwjgl/lwjgl-opengl-natives-linux.jar:lwjgl/lwjgl.jar:lwjgl/lwjgl-sources.jar:lwjgl/lwjgl-openal-natives-windows.jar:bin/
Launcher Type: SUN_STANDARD

Logging:
Log output configuration:
#0: stdout all=warning uptime,level,tags
#1: stderr all=off uptime,level,tags

Environment Variables:
PATH=/home/david/bin:/home/david/.local/bin:/usr/local/sbin:/usr/local/bin:/usr/bin:/usr/lib/jvm/default/bin:/usr/bin/site_perl:/usr/bin/vendor_perl:/usr/bin/core_perl
SHELL=/bin/bash
DISPLAY=:0

Signal Handlers:
SIGSEGV: [libjvm.so+0xd33b50], sa_mask[0]=11111111011111111101111111111110, sa_flags=SA_RESTART|SA_SIGINFO
SIGBUS: [libjvm.so+0xd33b50], sa_mask[0]=11111111011111111101111111111110, sa_flags=SA_RESTART|SA_SIGINFO
SIGFPE: [libjvm.so+0xd33b50], sa_mask[0]=11111111011111111101111111111110, sa_flags=SA_RESTART|SA_SIGINFO
SIGPIPE: [libjvm.so+0xb360d0], sa_mask[0]=11111111011111111101111111111110, sa_flags=SA_RESTART|SA_SIGINFO
SIGXFSZ: [libjvm.so+0xb360d0], sa_mask[0]=11111111011111111101111111111110, sa_flags=SA_RESTART|SA_SIGINFO
SIGILL: [libjvm.so+0xd33b50], sa_mask[0]=11111111011111111101111111111110, sa_flags=SA_RESTART|SA_SIGINFO
SIGUSR2: [libjvm.so+0xb35f60], sa_mask[0]=00000000000000000000000000000000, sa_flags=SA_RESTART|SA_SIGINFO
SIGHUP: [libjvm.so+0xb36190], sa_mask[0]=11111111011111111101111111111110, sa_flags=SA_RESTART|SA_SIGINFO
SIGINT: [libjvm.so+0xb36190], sa_mask[0]=11111111011111111101111111111110, sa_flags=SA_RESTART|SA_SIGINFO
SIGTERM: [libjvm.so+0xb36190], sa_mask[0]=11111111011111111101111111111110, sa_flags=SA_RESTART|SA_SIGINFO
SIGQUIT: [libjvm.so+0xb36190], sa_mask[0]=11111111011111111101111111111110, sa_flags=SA_RESTART|SA_SIGINFO


---------------  S Y S T E M  ---------------

OS:NAME="Arch Linux"
PRETTY_NAME="Arch Linux"
ID=arch
ID_LIKE=archlinux
ANSI_COLOR="0;36"
HOME_URL="https://www.archlinux.org/"
SUPPORT_URL="https://bbs.archlinux.org/"
BUG_REPORT_URL="https://bugs.archlinux.org/"
uname:Linux 4.16.7-1-ARCH #1 SMP PREEMPT Wed May 2 21:12:36 UTC 2018 x86_64
libc:glibc 2.27 NPTL 2.27 
rlimit: STACK 8192k, CORE infinity, NPROC 31124, NOFILE 4096, AS infinity
load average:0.69 0.47 0.43

/proc/meminfo:
MemTotal:        8049332 kB
MemFree:         6315320 kB
MemAvailable:    6916968 kB
Buffers:           38928 kB
Cached:           546360 kB
SwapCached:            0 kB
Active:           884680 kB
Inactive:         674588 kB
Active(anon):     658388 kB
Inactive(anon):    96588 kB
Active(file):     226292 kB
Inactive(file):   578000 kB
Unevictable:           0 kB
Mlocked:               0 kB
SwapTotal:       8290300 kB
SwapFree:        8290300 kB
Dirty:                56 kB
Writeback:             0 kB
AnonPages:        974132 kB
Mapped:           267128 kB
Shmem:             98120 kB
Slab:              71616 kB
SReclaimable:      41356 kB
SUnreclaim:        30260 kB
KernelStack:        6064 kB
PageTables:        12804 kB
NFS_Unstable:          0 kB
Bounce:                0 kB
WritebackTmp:          0 kB
CommitLimit:    12314964 kB
Committed_AS:    3108084 kB
VmallocTotal:   34359738367 kB
VmallocUsed:           0 kB
VmallocChunk:          0 kB
HardwareCorrupted:     0 kB
AnonHugePages:         0 kB
ShmemHugePages:        0 kB
ShmemPmdMapped:        0 kB
HugePages_Total:       0
HugePages_Free:        0
HugePages_Rsvd:        0
HugePages_Surp:        0
Hugepagesize:       2048 kB
Hugetlb:               0 kB
DirectMap4k:      107968 kB
DirectMap2M:     5013504 kB
DirectMap1G:     4194304 kB


CPU:total 4 (initial active 4) (2 cores per cpu, 2 threads per core) family 6 model 69 stepping 1, cmov, cx8, fxsr, mmx, sse, sse2, sse3, ssse3, sse4.1, sse4.2, popcnt, avx, avx2, aes, clmul, erms, lzcnt, ht, tsc, tscinvbit, bmi1, bmi2, fma
CPU Model and flags from /proc/cpuinfo:
model name	: Intel(R) Core(TM) i5-4200U CPU @ 1.60GHz
flags		: fpu vme de pse tsc msr pae mce cx8 apic sep mtrr pge mca cmov pat pse36 clflush dts acpi mmx fxsr sse sse2 ss ht tm pbe syscall nx pdpe1gb rdtscp lm constant_tsc arch_perfmon pebs bts rep_good nopl xtopology nonstop_tsc cpuid aperfmperf pni pclmulqdq dtes64 monitor ds_cpl vmx est tm2 ssse3 sdbg fma cx16 xtpr pdcm pcid sse4_1 sse4_2 movbe popcnt aes xsave avx f16c rdrand lahf_lm abm cpuid_fault epb invpcid_single pti tpr_shadow vnmi flexpriority ept vpid fsgsbase tsc_adjust bmi1 avx2 smep bmi2 erms invpcid xsaveopt dtherm ida arat pln pts

Memory: 4k page, physical 8049332k(6315320k free), swap 8290300k(8290300k free)

vm_info: OpenJDK 64-Bit Server VM (9.0.4+11) for linux-amd64 JRE (9.0.4+11), built on Feb  3 2018 14:14:59 by "builduser" with gcc 7.3.0

END.
