#
# A fatal error has been detected by the Java Runtime Environment:
#
#  SIGSEGV (0xb) at pc=0x00007f7337c8eee5, pid=5796, tid=5820
#
# JRE version: OpenJDK Runtime Environment (9.0+11) (build 9.0.4+11)
# Java VM: OpenJDK 64-Bit Server VM (9.0.4+11, mixed mode, tiered, compressed oops, g1 gc, linux-amd64)
# Problematic frame:
# C  [liblwjgl_opengl.so+0x46ee5]  Java_org_lwjgl_opengl_GL11_glViewport+0x15
#
# Core dump will be written. Default location: Core dumps may be processed with "/usr/lib/systemd/systemd-coredump %P %u %g %s %t %c %h %e" (or dumping to /home/david/Dropbox/ICS12/cancer/core.5796)
#
# If you would like to submit a bug report, please visit:
#   http://bugreport.java.com/bugreport/crash.jsp
# The crash happened outside the Java Virtual Machine in native code.
# See problematic frame for where to report the bug.
#

---------------  S U M M A R Y ------------

Command Line: -Dorg.lwjgl.util.Debug=true Main

Host: Intel(R) Core(TM) i5-4200U CPU @ 1.60GHz, 4 cores, 7G, Arch Linux
Time: Tue May  8 10:18:21 2018 UTC elapsed time: 1 seconds (0d 0h 0m 1s)

---------------  T H R E A D  ---------------

Current thread (0x00007f73b8917000):  JavaThread "Thread-0" [_thread_in_native, id=5820, stack(0x00007f7337835000,0x00007f7337936000)]

Stack: [0x00007f7337835000,0x00007f7337936000],  sp=0x00007f7337933ee8,  free space=1019k
Native frames: (J=compiled Java code, A=aot compiled Java code, j=interpreted, Vv=VM code, C=native code)
C  [liblwjgl_opengl.so+0x46ee5]  Java_org_lwjgl_opengl_GL11_glViewport+0x15
j  Main.lambda$init$0(JII)V+4
j  Main$$Lambda$18.invoke(JII)V+4
j  org.lwjgl.glfw.GLFWWindowSizeCallbackI.callback(J)V+13
v  ~StubRoutines::call_stub
V  [libjvm.so+0x82d589]
V  [libjvm.so+0x84cb92]
V  [libjvm.so+0x84f49a]
C  [liblwjgl.so+0x2f933]

Java frames: (J=compiled Java code, j=interpreted, Vv=VM code)
j  org.lwjgl.opengl.GL11.glViewport(IIII)V+0
j  Main.lambda$init$0(JII)V+4
j  Main$$Lambda$18.invoke(JII)V+4
j  org.lwjgl.glfw.GLFWWindowSizeCallbackI.callback(J)V+13
v  ~StubRoutines::call_stub
j  org.lwjgl.system.JNI.invokeV(J)V+0
j  org.lwjgl.glfw.GLFW.glfwPollEvents()V+8
j  Main$2.run()V+10
v  ~StubRoutines::call_stub

siginfo: si_signo: 11 (SIGSEGV), si_code: 1 (SEGV_MAPERR), si_addr: 0x0000000000004268

Register to memory mapping:

RAX=0x0000000000000000 is an unknown value
RBX={method} {0x00007f736fdecb18} 'glViewport' '(IIII)V' in 'org/lwjgl/opengl/GL11'
RCX=0x00000000000002fe is an unknown value
RDX=0x00000000000001c5 is an unknown value
RSP=0x00007f7337933ee8 is pointing into the stack for thread: 0x00007f73b8917000
RBP=0x00007f7337933f58 is pointing into the stack for thread: 0x00007f73b8917000
RSI=0x0000000000000000 is an unknown value
RDI=0x0000000000000000 is an unknown value
R8 =0x00000000000001c5 is an unknown value
R9 =0x00000000000002fe is an unknown value
R10=0x0000000000000000 is an unknown value
R11=0x000000008bf0b770 is an oop
java.lang.Class 
{0x000000008bf0b770} - klass: 'java/lang/Class'
R12=0x0000000000000000 is an unknown value
R13=0x00007f736fdecb10 is pointing into metadata
R14=0x00007f7337933f90 is pointing into the stack for thread: 0x00007f73b8917000
R15=0x00007f73b8917000 is a thread


Registers:
RAX=0x0000000000000000, RBX=0x00007f736fdecb18, RCX=0x00000000000002fe, RDX=0x00000000000001c5
RSP=0x00007f7337933ee8, RBP=0x00007f7337933f58, RSI=0x0000000000000000, RDI=0x0000000000000000
R8 =0x00000000000001c5, R9 =0x00000000000002fe, R10=0x0000000000000000, R11=0x000000008bf0b770
R12=0x0000000000000000, R13=0x00007f736fdecb10, R14=0x00007f7337933f90, R15=0x00007f73b8917000
RIP=0x00007f7337c8eee5, EFLAGS=0x0000000000010283, CSGSFS=0x002b000000000033, ERR=0x0000000000000004
  TRAPNO=0x000000000000000e

Top of Stack: (sp=0x00007f7337933ee8)
0x00007f7337933ee8:   00007f739fa42ab5 00007f7337933f58
0x00007f7337933ef8:   00007f739fa4280a 00007f736fa435a8
0x00007f7337933f08:   00007f739fa427d3 00007f7337933f10
0x00007f7337933f18:   00007f736fdecb10 00007f7337933f90 

Instructions: (pc=0x00007f7337c8eee5)
0x00007f7337c8eec5:   8b 80 b8 33 00 00 5b ff e0 66 90 48 8b 07 41 89
0x00007f7337c8eed5:   d2 89 ce 44 89 c2 44 89 c9 44 89 d7 48 8b 40 18
0x00007f7337c8eee5:   48 8b 80 68 42 00 00 ff e0 66 90 48 8b 07 41 89
0x00007f7337c8eef5:   d2 89 ce 44 89 c2 4c 89 c9 44 89 d7 48 8b 40 18 


---------------  P R O C E S S  ---------------

Java Threads: ( => current thread )
=>0x00007f73b8917000 JavaThread "Thread-0" [_thread_in_native, id=5820, stack(0x00007f7337835000,0x00007f7337936000)]
  0x00007f73b81e6000 JavaThread "Service Thread" daemon [_thread_blocked, id=5818, stack(0x00007f736e753000,0x00007f736e854000)]
  0x00007f73b8175000 JavaThread "Common-Cleaner" daemon [_thread_blocked, id=5817, stack(0x00007f736e854000,0x00007f736e955000)]
  0x00007f73b8160000 JavaThread "Sweeper thread" daemon [_thread_blocked, id=5816, stack(0x00007f736ed7f000,0x00007f736ee80000)]
  0x00007f73b815e000 JavaThread "C1 CompilerThread2" daemon [_thread_blocked, id=5815, stack(0x00007f736ee80000,0x00007f736ef81000)]
  0x00007f73b815c000 JavaThread "C2 CompilerThread1" daemon [_thread_blocked, id=5814, stack(0x00007f736ef81000,0x00007f736f082000)]
  0x00007f73b815a000 JavaThread "C2 CompilerThread0" daemon [_thread_blocked, id=5813, stack(0x00007f736f082000,0x00007f736f183000)]
  0x00007f73b8158800 JavaThread "Signal Dispatcher" daemon [_thread_blocked, id=5812, stack(0x00007f736f183000,0x00007f736f284000)]
  0x00007f73b813e800 JavaThread "Finalizer" daemon [_thread_blocked, id=5811, stack(0x00007f736f284000,0x00007f736f385000)]
  0x00007f73b8136000 JavaThread "Reference Handler" daemon [_thread_blocked, id=5810, stack(0x00007f736f385000,0x00007f736f486000)]
  0x00007f73b8011000 JavaThread "main" [_thread_in_native, id=5797, stack(0x00007f73bfbcc000,0x00007f73bfccb000)]

Other Threads:
  0x00007f73b812c800 VMThread "VM Thread" [stack: 0x00007f736f488000,0x00007f736f588000] [id=5809]
  0x00007f73b81e8800 WatcherThread [stack: 0x00007f736e653000,0x00007f736e753000] [id=5819]
  0x00007f73b8026000 GCTaskThread "GC Thread#0" [stack: 0x00007f73bc393000,0x00007f73bc493000] [id=5798]
  0x00007f73b8027800 GCTaskThread "GC Thread#1" [stack: 0x00007f73bc291000,0x00007f73bc391000] [id=5799]
  0x00007f73b8029800 GCTaskThread "GC Thread#2" [stack: 0x00007f73bc18f000,0x00007f73bc28f000] [id=5800]
  0x00007f73b802b000 GCTaskThread "GC Thread#3" [stack: 0x00007f73bc08d000,0x00007f73bc18d000] [id=5801]
  0x00007f73b8059800 ConcurrentGCThread "G1 Main Marker" [stack: 0x00007f739c208000,0x00007f739c308000] [id=5807]
  0x00007f73b805b000 ConcurrentGCThread "G1 Marker#0" [stack: 0x00007f739c106000,0x00007f739c206000] [id=5808]
  0x00007f73b8032800 ConcurrentGCThread "G1 Refine#0" [stack: 0x00007f739f220000,0x00007f739f320000] [id=5805]
  0x00007f73b8030800 ConcurrentGCThread "G1 Refine#1" [stack: 0x00007f739f322000,0x00007f739f422000] [id=5804]
  0x00007f73b802f000 ConcurrentGCThread "G1 Refine#2" [stack: 0x00007f739f424000,0x00007f739f524000] [id=5803]
  0x00007f73b802d000 ConcurrentGCThread "G1 Refine#3" [stack: 0x00007f739f526000,0x00007f739f626000] [id=5802]
  0x00007f73b8034000 ConcurrentGCThread "G1 Young RemSet Sampling" [stack: 0x00007f739f11e000,0x00007f739f21e000] [id=5806]

Threads with active compile tasks:

VM state:not at safepoint (normal execution)

VM Mutex/Monitor currently owned by a thread: None

Heap address: 0x0000000085200000, size: 1966 MB, Compressed Oops mode: 32-bit
Narrow klass base: 0x0000000000000000, Narrow klass shift: 3
Compressed class space size: 1073741824 Address: 0x0000000100000000

Heap:
 garbage-first heap   total 126976K, used 5069K [0x0000000085200000, 0x00000000853003e0, 0x0000000100000000)
  region size 1024K, 5 young (5120K), 2 survivors (2048K)
 Metaspace       used 10213K, capacity 10461K, committed 10624K, reserved 1058816K
  class space    used 786K, capacity 853K, committed 896K, reserved 1048576K
Heap Regions: E=young(eden), S=young(survivor), O=old, HS=humongous(starts), HC=humongous(continues), CS=collection set, F=free, A=archive, TS=gc time stamp, AC=allocation context, TAMS=top-at-mark-start (previous, next)
|   0|0x0000000085200000, 0x00000000852f3400, 0x0000000085300000| 95%| O|  |TS  1|AC  0|TAMS 0x0000000085200000, 0x0000000085200000|
|   1|0x0000000085300000, 0x0000000085300000, 0x0000000085400000|  0%| F|  |TS  0|AC  0|TAMS 0x0000000085300000, 0x0000000085300000|
|   2|0x0000000085400000, 0x0000000085400000, 0x0000000085500000|  0%| F|  |TS  0|AC  0|TAMS 0x0000000085400000, 0x0000000085400000|
|   3|0x0000000085500000, 0x0000000085500000, 0x0000000085600000|  0%| F|  |TS  0|AC  0|TAMS 0x0000000085500000, 0x0000000085500000|
|   4|0x0000000085600000, 0x0000000085600000, 0x0000000085700000|  0%| F|  |TS  0|AC  0|TAMS 0x0000000085600000, 0x0000000085600000|
|   5|0x0000000085700000, 0x0000000085700000, 0x0000000085800000|  0%| F|  |TS  0|AC  0|TAMS 0x0000000085700000, 0x0000000085700000|
|   6|0x0000000085800000, 0x0000000085800000, 0x0000000085900000|  0%| F|  |TS  0|AC  0|TAMS 0x0000000085800000, 0x0000000085800000|
|   7|0x0000000085900000, 0x0000000085900000, 0x0000000085a00000|  0%| F|  |TS  0|AC  0|TAMS 0x0000000085900000, 0x0000000085900000|
|   8|0x0000000085a00000, 0x0000000085a00000, 0x0000000085b00000|  0%| F|  |TS  0|AC  0|TAMS 0x0000000085a00000, 0x0000000085a00000|
|   9|0x0000000085b00000, 0x0000000085b00000, 0x0000000085c00000|  0%| F|  |TS  0|AC  0|TAMS 0x0000000085b00000, 0x0000000085b00000|
|  10|0x0000000085c00000, 0x0000000085c00000, 0x0000000085d00000|  0%| F|  |TS  0|AC  0|TAMS 0x0000000085c00000, 0x0000000085c00000|
|  11|0x0000000085d00000, 0x0000000085d00000, 0x0000000085e00000|  0%| F|  |TS  0|AC  0|TAMS 0x0000000085d00000, 0x0000000085d00000|
|  12|0x0000000085e00000, 0x0000000085e00000, 0x0000000085f00000|  0%| F|  |TS  0|AC  0|TAMS 0x0000000085e00000, 0x0000000085e00000|
|  13|0x0000000085f00000, 0x0000000085f00000, 0x0000000086000000|  0%| F|  |TS  0|AC  0|TAMS 0x0000000085f00000, 0x0000000085f00000|
|  14|0x0000000086000000, 0x0000000086000000, 0x0000000086100000|  0%| F|  |TS  0|AC  0|TAMS 0x0000000086000000, 0x0000000086000000|
|  15|0x0000000086100000, 0x0000000086100000, 0x0000000086200000|  0%| F|  |TS  0|AC  0|TAMS 0x0000000086100000, 0x0000000086100000|
|  16|0x0000000086200000, 0x0000000086200000, 0x0000000086300000|  0%| F|  |TS  0|AC  0|TAMS 0x0000000086200000, 0x0000000086200000|
|  17|0x0000000086300000, 0x0000000086300000, 0x0000000086400000|  0%| F|  |TS  0|AC  0|TAMS 0x0000000086300000, 0x0000000086300000|
|  18|0x0000000086400000, 0x0000000086400000, 0x0000000086500000|  0%| F|  |TS  0|AC  0|TAMS 0x0000000086400000, 0x0000000086400000|
|  19|0x0000000086500000, 0x0000000086500000, 0x0000000086600000|  0%| F|  |TS  0|AC  0|TAMS 0x0000000086500000, 0x0000000086500000|
|  20|0x0000000086600000, 0x0000000086600000, 0x0000000086700000|  0%| F|  |TS  0|AC  0|TAMS 0x0000000086600000, 0x0000000086600000|
|  21|0x0000000086700000, 0x0000000086700000, 0x0000000086800000|  0%| F|  |TS  0|AC  0|TAMS 0x0000000086700000, 0x0000000086700000|
|  22|0x0000000086800000, 0x0000000086800000, 0x0000000086900000|  0%| F|  |TS  0|AC  0|TAMS 0x0000000086800000, 0x0000000086800000|
|  23|0x0000000086900000, 0x0000000086900000, 0x0000000086a00000|  0%| F|  |TS  0|AC  0|TAMS 0x0000000086900000, 0x0000000086900000|
|  24|0x0000000086a00000, 0x0000000086a00000, 0x0000000086b00000|  0%| F|  |TS  0|AC  0|TAMS 0x0000000086a00000, 0x0000000086a00000|
|  25|0x0000000086b00000, 0x0000000086b00000, 0x0000000086c00000|  0%| F|  |TS  0|AC  0|TAMS 0x0000000086b00000, 0x0000000086b00000|
|  26|0x0000000086c00000, 0x0000000086c00000, 0x0000000086d00000|  0%| F|  |TS  0|AC  0|TAMS 0x0000000086c00000, 0x0000000086c00000|
|  27|0x0000000086d00000, 0x0000000086d00000, 0x0000000086e00000|  0%| F|  |TS  0|AC  0|TAMS 0x0000000086d00000, 0x0000000086d00000|
|  28|0x0000000086e00000, 0x0000000086e00000, 0x0000000086f00000|  0%| F|  |TS  0|AC  0|TAMS 0x0000000086e00000, 0x0000000086e00000|
|  29|0x0000000086f00000, 0x0000000086f00000, 0x0000000087000000|  0%| F|  |TS  0|AC  0|TAMS 0x0000000086f00000, 0x0000000086f00000|
|  30|0x0000000087000000, 0x0000000087000000, 0x0000000087100000|  0%| F|  |TS  0|AC  0|TAMS 0x0000000087000000, 0x0000000087000000|
|  31|0x0000000087100000, 0x0000000087100000, 0x0000000087200000|  0%| F|  |TS  0|AC  0|TAMS 0x0000000087100000, 0x0000000087100000|
|  32|0x0000000087200000, 0x0000000087200000, 0x0000000087300000|  0%| F|  |TS  0|AC  0|TAMS 0x0000000087200000, 0x0000000087200000|
|  33|0x0000000087300000, 0x0000000087300000, 0x0000000087400000|  0%| F|  |TS  0|AC  0|TAMS 0x0000000087300000, 0x0000000087300000|
|  34|0x0000000087400000, 0x0000000087400000, 0x0000000087500000|  0%| F|  |TS  0|AC  0|TAMS 0x0000000087400000, 0x0000000087400000|
|  35|0x0000000087500000, 0x0000000087500000, 0x0000000087600000|  0%| F|  |TS  0|AC  0|TAMS 0x0000000087500000, 0x0000000087500000|
|  36|0x0000000087600000, 0x0000000087600000, 0x0000000087700000|  0%| F|  |TS  0|AC  0|TAMS 0x0000000087600000, 0x0000000087600000|
|  37|0x0000000087700000, 0x0000000087700000, 0x0000000087800000|  0%| F|  |TS  0|AC  0|TAMS 0x0000000087700000, 0x0000000087700000|
|  38|0x0000000087800000, 0x0000000087800000, 0x0000000087900000|  0%| F|  |TS  0|AC  0|TAMS 0x0000000087800000, 0x0000000087800000|
|  39|0x0000000087900000, 0x0000000087900000, 0x0000000087a00000|  0%| F|  |TS  0|AC  0|TAMS 0x0000000087900000, 0x0000000087900000|
|  40|0x0000000087a00000, 0x0000000087a00000, 0x0000000087b00000|  0%| F|  |TS  0|AC  0|TAMS 0x0000000087a00000, 0x0000000087a00000|
|  41|0x0000000087b00000, 0x0000000087b00000, 0x0000000087c00000|  0%| F|  |TS  0|AC  0|TAMS 0x0000000087b00000, 0x0000000087b00000|
|  42|0x0000000087c00000, 0x0000000087c00000, 0x0000000087d00000|  0%| F|  |TS  0|AC  0|TAMS 0x0000000087c00000, 0x0000000087c00000|
|  43|0x0000000087d00000, 0x0000000087d00000, 0x0000000087e00000|  0%| F|  |TS  0|AC  0|TAMS 0x0000000087d00000, 0x0000000087d00000|
|  44|0x0000000087e00000, 0x0000000087e00000, 0x0000000087f00000|  0%| F|  |TS  0|AC  0|TAMS 0x0000000087e00000, 0x0000000087e00000|
|  45|0x0000000087f00000, 0x0000000087f00000, 0x0000000088000000|  0%| F|  |TS  0|AC  0|TAMS 0x0000000087f00000, 0x0000000087f00000|
|  46|0x0000000088000000, 0x0000000088000000, 0x0000000088100000|  0%| F|  |TS  0|AC  0|TAMS 0x0000000088000000, 0x0000000088000000|
|  47|0x0000000088100000, 0x0000000088100000, 0x0000000088200000|  0%| F|  |TS  0|AC  0|TAMS 0x0000000088100000, 0x0000000088100000|
|  48|0x0000000088200000, 0x0000000088200000, 0x0000000088300000|  0%| F|  |TS  0|AC  0|TAMS 0x0000000088200000, 0x0000000088200000|
|  49|0x0000000088300000, 0x0000000088300000, 0x0000000088400000|  0%| F|  |TS  0|AC  0|TAMS 0x0000000088300000, 0x0000000088300000|
|  50|0x0000000088400000, 0x0000000088400000, 0x0000000088500000|  0%| F|  |TS  0|AC  0|TAMS 0x0000000088400000, 0x0000000088400000|
|  51|0x0000000088500000, 0x0000000088500000, 0x0000000088600000|  0%| F|  |TS  0|AC  0|TAMS 0x0000000088500000, 0x0000000088500000|
|  52|0x0000000088600000, 0x0000000088600000, 0x0000000088700000|  0%| F|  |TS  0|AC  0|TAMS 0x0000000088600000, 0x0000000088600000|
|  53|0x0000000088700000, 0x0000000088700000, 0x0000000088800000|  0%| F|  |TS  0|AC  0|TAMS 0x0000000088700000, 0x0000000088700000|
|  54|0x0000000088800000, 0x0000000088800000, 0x0000000088900000|  0%| F|  |TS  0|AC  0|TAMS 0x0000000088800000, 0x0000000088800000|
|  55|0x0000000088900000, 0x0000000088900000, 0x0000000088a00000|  0%| F|  |TS  0|AC  0|TAMS 0x0000000088900000, 0x0000000088900000|
|  56|0x0000000088a00000, 0x0000000088a00000, 0x0000000088b00000|  0%| F|  |TS  0|AC  0|TAMS 0x0000000088a00000, 0x0000000088a00000|
|  57|0x0000000088b00000, 0x0000000088b00000, 0x0000000088c00000|  0%| F|  |TS  0|AC  0|TAMS 0x0000000088b00000, 0x0000000088b00000|
|  58|0x0000000088c00000, 0x0000000088c00000, 0x0000000088d00000|  0%| F|  |TS  0|AC  0|TAMS 0x0000000088c00000, 0x0000000088c00000|
|  59|0x0000000088d00000, 0x0000000088d00000, 0x0000000088e00000|  0%| F|  |TS  0|AC  0|TAMS 0x0000000088d00000, 0x0000000088d00000|
|  60|0x0000000088e00000, 0x0000000088e00000, 0x0000000088f00000|  0%| F|  |TS  0|AC  0|TAMS 0x0000000088e00000, 0x0000000088e00000|
|  61|0x0000000088f00000, 0x0000000088f00000, 0x0000000089000000|  0%| F|  |TS  0|AC  0|TAMS 0x0000000088f00000, 0x0000000088f00000|
|  62|0x0000000089000000, 0x0000000089000000, 0x0000000089100000|  0%| F|  |TS  0|AC  0|TAMS 0x0000000089000000, 0x0000000089000000|
|  63|0x0000000089100000, 0x0000000089100000, 0x0000000089200000|  0%| F|  |TS  0|AC  0|TAMS 0x0000000089100000, 0x0000000089100000|
|  64|0x0000000089200000, 0x0000000089200000, 0x0000000089300000|  0%| F|  |TS  0|AC  0|TAMS 0x0000000089200000, 0x0000000089200000|
|  65|0x0000000089300000, 0x0000000089300000, 0x0000000089400000|  0%| F|  |TS  0|AC  0|TAMS 0x0000000089300000, 0x0000000089300000|
|  66|0x0000000089400000, 0x0000000089400000, 0x0000000089500000|  0%| F|  |TS  0|AC  0|TAMS 0x0000000089400000, 0x0000000089400000|
|  67|0x0000000089500000, 0x0000000089500000, 0x0000000089600000|  0%| F|  |TS  0|AC  0|TAMS 0x0000000089500000, 0x0000000089500000|
|  68|0x0000000089600000, 0x0000000089600000, 0x0000000089700000|  0%| F|  |TS  0|AC  0|TAMS 0x0000000089600000, 0x0000000089600000|
|  69|0x0000000089700000, 0x0000000089700000, 0x0000000089800000|  0%| F|  |TS  0|AC  0|TAMS 0x0000000089700000, 0x0000000089700000|
|  70|0x0000000089800000, 0x0000000089800000, 0x0000000089900000|  0%| F|  |TS  0|AC  0|TAMS 0x0000000089800000, 0x0000000089800000|
|  71|0x0000000089900000, 0x0000000089900000, 0x0000000089a00000|  0%| F|  |TS  0|AC  0|TAMS 0x0000000089900000, 0x0000000089900000|
|  72|0x0000000089a00000, 0x0000000089a00000, 0x0000000089b00000|  0%| F|  |TS  0|AC  0|TAMS 0x0000000089a00000, 0x0000000089a00000|
|  73|0x0000000089b00000, 0x0000000089b00000, 0x0000000089c00000|  0%| F|  |TS  0|AC  0|TAMS 0x0000000089b00000, 0x0000000089b00000|
|  74|0x0000000089c00000, 0x0000000089c00000, 0x0000000089d00000|  0%| F|  |TS  0|AC  0|TAMS 0x0000000089c00000, 0x0000000089c00000|
|  75|0x0000000089d00000, 0x0000000089d00000, 0x0000000089e00000|  0%| F|  |TS  0|AC  0|TAMS 0x0000000089d00000, 0x0000000089d00000|
|  76|0x0000000089e00000, 0x0000000089e00000, 0x0000000089f00000|  0%| F|  |TS  0|AC  0|TAMS 0x0000000089e00000, 0x0000000089e00000|
|  77|0x0000000089f00000, 0x0000000089f00000, 0x000000008a000000|  0%| F|  |TS  0|AC  0|TAMS 0x0000000089f00000, 0x0000000089f00000|
|  78|0x000000008a000000, 0x000000008a000000, 0x000000008a100000|  0%| F|  |TS  0|AC  0|TAMS 0x000000008a000000, 0x000000008a000000|
|  79|0x000000008a100000, 0x000000008a100000, 0x000000008a200000|  0%| F|  |TS  0|AC  0|TAMS 0x000000008a100000, 0x000000008a100000|
|  80|0x000000008a200000, 0x000000008a200000, 0x000000008a300000|  0%| F|  |TS  0|AC  0|TAMS 0x000000008a200000, 0x000000008a200000|
|  81|0x000000008a300000, 0x000000008a300000, 0x000000008a400000|  0%| F|  |TS  0|AC  0|TAMS 0x000000008a300000, 0x000000008a300000|
|  82|0x000000008a400000, 0x000000008a400000, 0x000000008a500000|  0%| F|  |TS  0|AC  0|TAMS 0x000000008a400000, 0x000000008a400000|
|  83|0x000000008a500000, 0x000000008a500000, 0x000000008a600000|  0%| F|  |TS  0|AC  0|TAMS 0x000000008a500000, 0x000000008a500000|
|  84|0x000000008a600000, 0x000000008a600000, 0x000000008a700000|  0%| F|  |TS  0|AC  0|TAMS 0x000000008a600000, 0x000000008a600000|
|  85|0x000000008a700000, 0x000000008a700000, 0x000000008a800000|  0%| F|  |TS  0|AC  0|TAMS 0x000000008a700000, 0x000000008a700000|
|  86|0x000000008a800000, 0x000000008a800000, 0x000000008a900000|  0%| F|  |TS  0|AC  0|TAMS 0x000000008a800000, 0x000000008a800000|
|  87|0x000000008a900000, 0x000000008a900000, 0x000000008aa00000|  0%| F|  |TS  0|AC  0|TAMS 0x000000008a900000, 0x000000008a900000|
|  88|0x000000008aa00000, 0x000000008aa00000, 0x000000008ab00000|  0%| F|  |TS  0|AC  0|TAMS 0x000000008aa00000, 0x000000008aa00000|
|  89|0x000000008ab00000, 0x000000008ab00000, 0x000000008ac00000|  0%| F|  |TS  0|AC  0|TAMS 0x000000008ab00000, 0x000000008ab00000|
|  90|0x000000008ac00000, 0x000000008ac00000, 0x000000008ad00000|  0%| F|  |TS  0|AC  0|TAMS 0x000000008ac00000, 0x000000008ac00000|
|  91|0x000000008ad00000, 0x000000008ad00000, 0x000000008ae00000|  0%| F|  |TS  0|AC  0|TAMS 0x000000008ad00000, 0x000000008ad00000|
|  92|0x000000008ae00000, 0x000000008ae00000, 0x000000008af00000|  0%| F|  |TS  0|AC  0|TAMS 0x000000008ae00000, 0x000000008ae00000|
|  93|0x000000008af00000, 0x000000008af00000, 0x000000008b000000|  0%| F|  |TS  0|AC  0|TAMS 0x000000008af00000, 0x000000008af00000|
|  94|0x000000008b000000, 0x000000008b000000, 0x000000008b100000|  0%| F|  |TS  0|AC  0|TAMS 0x000000008b000000, 0x000000008b000000|
|  95|0x000000008b100000, 0x000000008b100000, 0x000000008b200000|  0%| F|  |TS  0|AC  0|TAMS 0x000000008b100000, 0x000000008b100000|
|  96|0x000000008b200000, 0x000000008b200000, 0x000000008b300000|  0%| F|  |TS  0|AC  0|TAMS 0x000000008b200000, 0x000000008b200000|
|  97|0x000000008b300000, 0x000000008b300000, 0x000000008b400000|  0%| F|  |TS  0|AC  0|TAMS 0x000000008b300000, 0x000000008b300000|
|  98|0x000000008b400000, 0x000000008b400000, 0x000000008b500000|  0%| F|  |TS  0|AC  0|TAMS 0x000000008b400000, 0x000000008b400000|
|  99|0x000000008b500000, 0x000000008b500000, 0x000000008b600000|  0%| F|  |TS  0|AC  0|TAMS 0x000000008b500000, 0x000000008b500000|
| 100|0x000000008b600000, 0x000000008b600000, 0x000000008b700000|  0%| F|  |TS  0|AC  0|TAMS 0x000000008b600000, 0x000000008b600000|
| 101|0x000000008b700000, 0x000000008b700000, 0x000000008b800000|  0%| F|  |TS  0|AC  0|TAMS 0x000000008b700000, 0x000000008b700000|
| 102|0x000000008b800000, 0x000000008b800000, 0x000000008b900000|  0%| F|  |TS  0|AC  0|TAMS 0x000000008b800000, 0x000000008b800000|
| 103|0x000000008b900000, 0x000000008b900000, 0x000000008ba00000|  0%| F|  |TS  0|AC  0|TAMS 0x000000008b900000, 0x000000008b900000|
| 104|0x000000008ba00000, 0x000000008ba00000, 0x000000008bb00000|  0%| F|  |TS  0|AC  0|TAMS 0x000000008ba00000, 0x000000008ba00000|
| 105|0x000000008bb00000, 0x000000008bb00000, 0x000000008bc00000|  0%| F|  |TS  0|AC  0|TAMS 0x000000008bb00000, 0x000000008bb00000|
| 106|0x000000008bc00000, 0x000000008bc00000, 0x000000008bd00000|  0%| F|  |TS  0|AC  0|TAMS 0x000000008bc00000, 0x000000008bc00000|
| 107|0x000000008bd00000, 0x000000008bd00000, 0x000000008be00000|  0%| F|  |TS  0|AC  0|TAMS 0x000000008bd00000, 0x000000008bd00000|
| 108|0x000000008be00000, 0x000000008bf00000, 0x000000008bf00000|100%| S|CS|TS  1|AC  0|TAMS 0x000000008be00000, 0x000000008be00000|
| 109|0x000000008bf00000, 0x000000008c000000, 0x000000008c000000|100%| S|CS|TS  1|AC  0|TAMS 0x000000008bf00000, 0x000000008bf00000|
| 110|0x000000008c000000, 0x000000008c000000, 0x000000008c100000|  0%| F|  |TS  1|AC  0|TAMS 0x000000008c000000, 0x000000008c000000|
| 111|0x000000008c100000, 0x000000008c100000, 0x000000008c200000|  0%| F|  |TS  1|AC  0|TAMS 0x000000008c100000, 0x000000008c100000|
| 112|0x000000008c200000, 0x000000008c200000, 0x000000008c300000|  0%| F|  |TS  1|AC  0|TAMS 0x000000008c200000, 0x000000008c200000|
| 113|0x000000008c300000, 0x000000008c300000, 0x000000008c400000|  0%| F|  |TS  1|AC  0|TAMS 0x000000008c300000, 0x000000008c300000|
| 114|0x000000008c400000, 0x000000008c400000, 0x000000008c500000|  0%| F|  |TS  1|AC  0|TAMS 0x000000008c400000, 0x000000008c400000|
| 115|0x000000008c500000, 0x000000008c500000, 0x000000008c600000|  0%| F|  |TS  1|AC  0|TAMS 0x000000008c500000, 0x000000008c500000|
| 116|0x000000008c600000, 0x000000008c600000, 0x000000008c700000|  0%| F|  |TS  1|AC  0|TAMS 0x000000008c600000, 0x000000008c600000|
| 117|0x000000008c700000, 0x000000008c700000, 0x000000008c800000|  0%| F|  |TS  1|AC  0|TAMS 0x000000008c700000, 0x000000008c700000|
| 118|0x000000008c800000, 0x000000008c800000, 0x000000008c900000|  0%| F|  |TS  1|AC  0|TAMS 0x000000008c800000, 0x000000008c800000|
| 119|0x000000008c900000, 0x000000008c900000, 0x000000008ca00000|  0%| F|  |TS  1|AC  0|TAMS 0x000000008c900000, 0x000000008c900000|
| 120|0x000000008ca00000, 0x000000008ca00000, 0x000000008cb00000|  0%| F|  |TS  1|AC  0|TAMS 0x000000008ca00000, 0x000000008ca00000|
| 121|0x000000008cb00000, 0x000000008cc00000, 0x000000008cc00000|100%| E|  |TS  1|AC  0|TAMS 0x000000008cb00000, 0x000000008cb00000|
| 122|0x000000008cc00000, 0x000000008cd00000, 0x000000008cd00000|100%| E|CS|TS  1|AC  0|TAMS 0x000000008cc00000, 0x000000008cc00000|
| 123|0x000000008cd00000, 0x000000008ce00000, 0x000000008ce00000|100%| E|CS|TS  1|AC  0|TAMS 0x000000008cd00000, 0x000000008cd00000|

Card table byte_map: [0x00007f739e597000,0x00007f739e96e000] byte_map_base: 0x00007f739e16e000

Marking Bits (Prev, Next): (CMBitMap*) 0x00007f73b8058840, (CMBitMap*) 0x00007f73b8058878
 Prev Bits: [0x00007f739c308000, 0x00007f739e1c0000)
 Next Bits: [0x00007f7376148000, 0x00007f7378000000)

Polling page: 0x00007f73bfcf0000

CodeHeap 'non-profiled nmethods': size=120032Kb used=267Kb max_used=267Kb free=119764Kb
 bounds [0x00007f73a74f2000, 0x00007f73a7762000, 0x00007f73aea2a000]
CodeHeap 'profiled nmethods': size=120032Kb used=1386Kb max_used=1386Kb free=118645Kb
 bounds [0x00007f739ffba000, 0x00007f73a022a000, 0x00007f73a74f2000]
CodeHeap 'non-nmethods': size=5696Kb used=1486Kb max_used=1505Kb free=4209Kb
 bounds [0x00007f739fa2a000, 0x00007f739fc9a000, 0x00007f739ffba000]
 total_blobs=1840 nmethods=828 adapters=761
 compilation: enabled

Compilation events (10 events):
Event: 1.115 Thread 0x00007f73b815e000  824       3       java.io.PrintStream::ensureOpen (18 bytes)
Event: 1.116 Thread 0x00007f73b815e000 nmethod 824 0x00007f73a0112f90 code [0x00007f73a0113160, 0x00007f73a01133c8]
Event: 1.116 Thread 0x00007f73b815e000  825       1       java.io.FileDescriptor::access$100 (5 bytes)
Event: 1.116 Thread 0x00007f73b815e000 nmethod 825 0x00007f73a7534b10 code [0x00007f73a7534cc0, 0x00007f73a7534db0]
Event: 1.299 Thread 0x00007f73b815e000  826       3       sun.nio.cs.US_ASCII$Encoder::encodeLoop (28 bytes)
Event: 1.300 Thread 0x00007f73b815e000 nmethod 826 0x00007f73a0113490 code [0x00007f73a0113680, 0x00007f73a0113bb8]
Event: 1.515 Thread 0x00007f73b815e000  827  s    3       java.io.BufferedOutputStream::flush (12 bytes)
Event: 1.516 Thread 0x00007f73b815e000 nmethod 827 0x00007f73a0113d10 code [0x00007f73a0113ee0, 0x00007f73a01143d8]
Event: 1.516 Thread 0x00007f73b815e000  828       3       java.io.BufferedOutputStream::flushBuffer (29 bytes)
Event: 1.517 Thread 0x00007f73b815e000 nmethod 828 0x00007f73a0114510 code [0x00007f73a01146c0, 0x00007f73a0114928]

GC Heap History (2 events):
Event: 0.532 GC heap before
{Heap before GC invocations=0 (full 0):
 garbage-first heap   total 126976K, used 14336K [0x0000000085200000, 0x00000000853003e0, 0x0000000100000000)
  region size 1024K, 14 young (14336K), 0 survivors (0K)
 Metaspace       used 9654K, capacity 9857K, committed 10112K, reserved 1058816K
  class space    used 730K, capacity 781K, committed 896K, reserved 1048576K
}
Event: 0.537 GC heap after
{Heap after GC invocations=1 (full 0):
 garbage-first heap   total 126976K, used 3021K [0x0000000085200000, 0x00000000853003e0, 0x0000000100000000)
  region size 1024K, 2 young (2048K), 2 survivors (2048K)
 Metaspace       used 9654K, capacity 9857K, committed 10112K, reserved 1058816K
  class space    used 730K, capacity 781K, committed 896K, reserved 1048576K
}

Deoptimization events (0 events):
No events

Classes redefined (0 events):
No events

Internal exceptions (10 events):
Event: 0.232 Thread 0x00007f73b8011000 Exception <a 'java/lang/NoSuchMethodError'{0x000000008c9e0050}: java.lang.Object.lambda$union$2(Ljava/util/regex/Pattern$CharPredicate;I)Z> (0x000000008c9e0050) thrown at [/build/java9-openjdk/src/jdk9u-jdk-9.0.4+11/hotspot/src/share/vm/interpreter/linkRe
Event: 0.235 Thread 0x00007f73b8011000 Exception <a 'java/lang/NoSuchMethodError'{0x000000008c9fa740}: java.lang.invoke.DirectMethodHandle$Holder.invokeStatic(Ljava/lang/Object;Ljava/lang/Object;)I> (0x000000008c9fa740) thrown at [/build/java9-openjdk/src/jdk9u-jdk-9.0.4+11/hotspot/src/share/v
Event: 0.238 Thread 0x00007f73b8011000 Exception <a 'java/lang/NoSuchMethodError'{0x000000008c8087c8}: method resolution failed> (0x000000008c8087c8) thrown at [/build/java9-openjdk/src/jdk9u-jdk-9.0.4+11/hotspot/src/share/vm/prims/methodHandles.cpp, line 1256]
Event: 0.239 Thread 0x00007f73b8011000 Exception <a 'java/lang/NoSuchMethodError'{0x000000008c80c410}: method resolution failed> (0x000000008c80c410) thrown at [/build/java9-openjdk/src/jdk9u-jdk-9.0.4+11/hotspot/src/share/vm/prims/methodHandles.cpp, line 1256]
Event: 0.239 Thread 0x00007f73b8011000 Exception <a 'java/lang/NoSuchMethodError'{0x000000008c80f910}: java.lang.invoke.DelegatingMethodHandle$Holder.delegate(Ljava/lang/Object;Ljava/lang/Object;ILjava/lang/Object;)V> (0x000000008c80f910) thrown at [/build/java9-openjdk/src/jdk9u-jdk-9.0.4+11/
Event: 0.240 Thread 0x00007f73b8011000 Exception <a 'java/lang/NoSuchMethodError'{0x000000008c813618}: java.lang.invoke.DirectMethodHandle$Holder.invokeSpecial(Ljava/lang/Object;Ljava/lang/Object;Ljava/lang/Object;)I> (0x000000008c813618) thrown at [/build/java9-openjdk/src/jdk9u-jdk-9.0.4+11/
Event: 0.241 Thread 0x00007f73b8011000 Exception <a 'java/lang/NoSuchMethodError'{0x000000008c81a640}: java.lang.invoke.DirectMethodHandle$Holder.invokeStaticInit(Ljava/lang/Object;Ljava/lang/Object;Ljava/lang/Object;)Ljava/lang/Object;> (0x000000008c81a640) thrown at [/build/java9-openjdk/src
Event: 0.396 Thread 0x00007f73b8011000 Exception <a 'java/lang/NoSuchMethodError'{0x000000008c6e3d88}: java.lang.invoke.DirectMethodHandle$Holder.invokeStatic(Ljava/lang/Object;JII)V> (0x000000008c6e3d88) thrown at [/build/java9-openjdk/src/jdk9u-jdk-9.0.4+11/hotspot/src/share/vm/interpreter/l
Event: 0.414 Thread 0x00007f73b8011000 Exception <a 'sun/nio/fs/UnixException'{0x000000008c55e860}> (0x000000008c55e860) thrown at [/build/java9-openjdk/src/jdk9u-jdk-9.0.4+11/hotspot/src/share/vm/prims/jni.cpp, line 604]
Event: 0.567 Thread 0x00007f73b8011000 Exception <a 'java/lang/NoSuchMethodError'{0x000000008cb10930}: java.lang.invoke.DirectMethodHandle$Holder.invokeInterface(Ljava/lang/Object;Ljava/lang/Object;Ljava/lang/Object;)I> (0x000000008cb10930) thrown at [/build/java9-openjdk/src/jdk9u-jdk-9.0.4+1

Events (10 events):
Event: 0.591 loading class org/lwjgl/opengl/GL$ICDStatic$WriteOnce
Event: 0.591 loading class org/lwjgl/opengl/GL$ICDStatic$WriteOnce done
Event: 0.592 loading class Util
Event: 0.592 loading class Util done
Event: 0.594 loading class org/lwjgl/system/APIUtil$Encoder
Event: 0.594 loading class org/lwjgl/system/APIUtil$Encoder done
Event: 0.595 loading class org/lwjgl/system/APIUtil$Encoder
Event: 0.595 loading class org/lwjgl/system/APIUtil$Encoder done
Event: 0.595 loading class org/lwjgl/system/libc/LibCStdlib
Event: 0.595 loading class org/lwjgl/system/libc/LibCStdlib done


Dynamic libraries:
85200000-8ce00000 rw-p 00000000 00:00 0 
8ce00000-100000000 ---p 00000000 00:00 0 
100000000-1000e0000 rw-p 00000000 00:00 0 
1000e0000-140000000 ---p 00000000 00:00 0 
56473d3df000-56473d3e0000 r-xp 00000000 08:08 279043                     /usr/lib/jvm/java-9-openjdk/bin/java
56473d5e0000-56473d5e1000 r--p 00001000 08:08 279043                     /usr/lib/jvm/java-9-openjdk/bin/java
56473d5e1000-56473d5e2000 rw-p 00002000 08:08 279043                     /usr/lib/jvm/java-9-openjdk/bin/java
56473f37c000-56473f39d000 rw-p 00000000 00:00 0                          [heap]
7f7330000000-7f7330023000 rw-p 00000000 00:00 0 
7f7330023000-7f7334000000 ---p 00000000 00:00 0 
7f7337835000-7f7337839000 ---p 00000000 00:00 0 
7f7337839000-7f7337936000 rw-p 00000000 00:00 0 
7f7337a48000-7f7337bc8000 rw-p 00000000 00:00 0 
7f7337bc8000-7f7337c48000 ---p 00000000 00:00 0 
7f7337c48000-7f7337cb3000 r-xp 00000000 00:2c 25306                      /tmp/lwjgldavid/3.1.6-build-14/liblwjgl_opengl.so
7f7337cb3000-7f7337eb2000 ---p 0006b000 00:2c 25306                      /tmp/lwjgldavid/3.1.6-build-14/liblwjgl_opengl.so
7f7337eb2000-7f7337eb3000 r--p 0006a000 00:2c 25306                      /tmp/lwjgldavid/3.1.6-build-14/liblwjgl_opengl.so
7f7337eb3000-7f7337eb4000 rw-p 0006b000 00:2c 25306                      /tmp/lwjgldavid/3.1.6-build-14/liblwjgl_opengl.so
7f7337eb4000-7f7339265000 rw-p 00000000 00:00 0 
7f7339265000-7f733926d000 r-xp 00000000 08:08 33619                      /usr/lib/libpciaccess.so.0.11.1
7f733926d000-7f733946d000 ---p 00008000 08:08 33619                      /usr/lib/libpciaccess.so.0.11.1
7f733946d000-7f733946e000 r--p 00008000 08:08 33619                      /usr/lib/libpciaccess.so.0.11.1
7f733946e000-7f733946f000 rw-p 00009000 08:08 33619                      /usr/lib/libpciaccess.so.0.11.1
7f733946f000-7f7339476000 r-xp 00000000 08:08 33639                      /usr/lib/libdrm_nouveau.so.2.0.0
7f7339476000-7f7339675000 ---p 00007000 08:08 33639                      /usr/lib/libdrm_nouveau.so.2.0.0
7f7339675000-7f7339676000 r--p 00006000 08:08 33639                      /usr/lib/libdrm_nouveau.so.2.0.0
7f7339676000-7f7339677000 rw-p 00007000 08:08 33639                      /usr/lib/libdrm_nouveau.so.2.0.0
7f7339677000-7f7339682000 r-xp 00000000 08:08 33633                      /usr/lib/libdrm_radeon.so.1.0.1
7f7339682000-7f7339881000 ---p 0000b000 08:08 33633                      /usr/lib/libdrm_radeon.so.1.0.1
7f7339881000-7f7339882000 r--p 0000a000 08:08 33633                      /usr/lib/libdrm_radeon.so.1.0.1
7f7339882000-7f7339883000 rw-p 0000b000 08:08 33633                      /usr/lib/libdrm_radeon.so.1.0.1
7f7339883000-7f73398a6000 r-xp 00000000 08:08 33634                      /usr/lib/libdrm_intel.so.1.0.0
7f73398a6000-7f7339aa5000 ---p 00023000 08:08 33634                      /usr/lib/libdrm_intel.so.1.0.0
7f7339aa5000-7f7339aa6000 r--p 00022000 08:08 33634                      /usr/lib/libdrm_intel.so.1.0.0
7f7339aa6000-7f7339aa7000 rw-p 00023000 08:08 33634                      /usr/lib/libdrm_intel.so.1.0.0
7f7339aa7000-7f733a330000 r-xp 00000000 08:08 138956                     /usr/lib/dri/i965_dri.so
7f733a330000-7f733a52f000 ---p 00889000 08:08 138956                     /usr/lib/dri/i965_dri.so
7f733a52f000-7f733a580000 r--p 00888000 08:08 138956                     /usr/lib/dri/i965_dri.so
7f733a580000-7f733a58a000 rw-p 008d9000 08:08 138956                     /usr/lib/dri/i965_dri.so
7f733a58a000-7f733a62f000 rw-p 00000000 00:00 0 
7f733a62f000-7f733a65e000 r-xp 00000000 08:08 13951                      /usr/lib/libexpat.so.1.6.7
7f733a65e000-7f733a85e000 ---p 0002f000 08:08 13951                      /usr/lib/libexpat.so.1.6.7
7f733a85e000-7f733a860000 r--p 0002f000 08:08 13951                      /usr/lib/libexpat.so.1.6.7
7f733a860000-7f733a861000 rw-p 00031000 08:08 13951                      /usr/lib/libexpat.so.1.6.7
7f733a861000-7f733a862000 r-xp 00000000 08:08 33789                      /usr/lib/libxshmfence.so.1.0.0
7f733a862000-7f733aa61000 ---p 00001000 08:08 33789                      /usr/lib/libxshmfence.so.1.0.0
7f733aa61000-7f733aa62000 r--p 00000000 08:08 33789                      /usr/lib/libxshmfence.so.1.0.0
7f733aa62000-7f733aa63000 rw-p 00001000 08:08 33789                      /usr/lib/libxshmfence.so.1.0.0
7f733aa63000-7f733aa69000 r-xp 00000000 08:08 32562                      /usr/lib/libxcb-sync.so.1.0.0
7f733aa69000-7f733ac68000 ---p 00006000 08:08 32562                      /usr/lib/libxcb-sync.so.1.0.0
7f733ac68000-7f733ac69000 r--p 00005000 08:08 32562                      /usr/lib/libxcb-sync.so.1.0.0
7f733ac69000-7f733ac6a000 rw-p 00006000 08:08 32562                      /usr/lib/libxcb-sync.so.1.0.0
7f733ac6a000-7f733ac6c000 r-xp 00000000 08:08 32554                      /usr/lib/libxcb-present.so.0.0.0
7f733ac6c000-7f733ae6b000 ---p 00002000 08:08 32554                      /usr/lib/libxcb-present.so.0.0.0
7f733ae6b000-7f733ae6c000 r--p 00001000 08:08 32554                      /usr/lib/libxcb-present.so.0.0.0
7f733ae6c000-7f733ae6d000 rw-p 00002000 08:08 32554                      /usr/lib/libxcb-present.so.0.0.0
7f733ae6d000-7f733ae70000 r-xp 00000000 08:08 32563                      /usr/lib/libxcb-dri3.so.0.0.0
7f733ae70000-7f733b06f000 ---p 00003000 08:08 32563                      /usr/lib/libxcb-dri3.so.0.0.0
7f733b06f000-7f733b070000 r--p 00002000 08:08 32563                      /usr/lib/libxcb-dri3.so.0.0.0
7f733b070000-7f733b071000 rw-p 00003000 08:08 32563                      /usr/lib/libxcb-dri3.so.0.0.0
7f733b071000-7f733b073000 r-xp 00000000 08:08 33783                      /usr/lib/libXdamage.so.1.1.0
7f733b073000-7f733b272000 ---p 00002000 08:08 33783                      /usr/lib/libXdamage.so.1.1.0
7f733b272000-7f733b273000 r--p 00001000 08:08 33783                      /usr/lib/libXdamage.so.1.1.0
7f733b273000-7f733b274000 rw-p 00002000 08:08 33783                      /usr/lib/libXdamage.so.1.1.0
7f733b274000-7f733b278000 r-xp 00000000 08:08 32574                      /usr/lib/libxcb-dri2.so.0.0.0
7f733b278000-7f733b477000 ---p 00004000 08:08 32574                      /usr/lib/libxcb-dri2.so.0.0.0
7f733b477000-7f733b478000 r--p 00003000 08:08 32574                      /usr/lib/libxcb-dri2.so.0.0.0
7f733b478000-7f733b479000 rw-p 00004000 08:08 32574                      /usr/lib/libxcb-dri2.so.0.0.0
7f733b479000-7f733b492000 r-xp 00000000 08:08 32587                      /usr/lib/libxcb-glx.so.0.0.0
7f733b492000-7f733b691000 ---p 00019000 08:08 32587                      /usr/lib/libxcb-glx.so.0.0.0
7f733b691000-7f733b693000 r--p 00018000 08:08 32587                      /usr/lib/libxcb-glx.so.0.0.0
7f733b693000-7f733b694000 rw-p 0001a000 08:08 32587                      /usr/lib/libxcb-glx.so.0.0.0
7f733b694000-7f733b6a5000 r-xp 00000000 08:08 33646                      /usr/lib/libdrm.so.2.4.0
7f733b6a5000-7f733b8a4000 ---p 00011000 08:08 33646                      /usr/lib/libdrm.so.2.4.0
7f733b8a4000-7f733b8a5000 r--p 00010000 08:08 33646                      /usr/lib/libdrm.so.2.4.0
7f733b8a5000-7f733b8a6000 rw-p 00011000 08:08 33646                      /usr/lib/libdrm.so.2.4.0
7f733b8a6000-7f733b8d2000 r-xp 00000000 08:08 33904                      /usr/lib/libglapi.so.0.0.0
7f733b8d2000-7f733bad1000 ---p 0002c000 08:08 33904                      /usr/lib/libglapi.so.0.0.0
7f733bad1000-7f733bad5000 r--p 0002b000 08:08 33904                      /usr/lib/libglapi.so.0.0.0
7f733bad5000-7f733bad6000 rw-p 0002f000 08:08 33904                      /usr/lib/libglapi.so.0.0.0
7f733bad6000-7f733bad7000 rw-p 00000000 00:00 0 
7f733bad7000-7f733bb47000 r-xp 00000000 08:08 33911                      /usr/lib/libGLX_mesa.so.0.0.0
7f733bb47000-7f733bd46000 ---p 00070000 08:08 33911                      /usr/lib/libGLX_mesa.so.0.0.0
7f733bd46000-7f733bd49000 r--p 0006f000 08:08 33911                      /usr/lib/libGLX_mesa.so.0.0.0
7f733bd49000-7f733bd4a000 rw-p 00072000 08:08 33911                      /usr/lib/libGLX_mesa.so.0.0.0
7f733bd4a000-7f733bdb8000 r-xp 00000000 08:08 33931                      /usr/lib/libGLdispatch.so.0.0.0
7f733bdb8000-7f733bfb7000 ---p 0006e000 08:08 33931                      /usr/lib/libGLdispatch.so.0.0.0
7f733bfb7000-7f733bfdf000 r--p 0006d000 08:08 33931                      /usr/lib/libGLdispatch.so.0.0.0
7f733bfdf000-7f733bfe0000 rw-p 00095000 08:08 33931                      /usr/lib/libGLdispatch.so.0.0.0
7f733bfe0000-7f733c000000 rw-p 00000000 00:00 0 
7f733c000000-7f733c021000 rw-p 00000000 00:00 0 
7f733c021000-7f7340000000 ---p 00000000 00:00 0 
7f7340000000-7f7340021000 rw-p 00000000 00:00 0 
7f7340021000-7f7344000000 ---p 00000000 00:00 0 
7f7344000000-7f7344021000 rw-p 00000000 00:00 0 
7f7344021000-7f7348000000 ---p 00000000 00:00 0 
7f7348000000-7f7348021000 rw-p 00000000 00:00 0 
7f7348021000-7f734c000000 ---p 00000000 00:00 0 
7f734c000000-7f734c390000 rw-p 00000000 00:00 0 
7f734c390000-7f7350000000 ---p 00000000 00:00 0 
7f7350000000-7f7350350000 rw-p 00000000 00:00 0 
7f7350350000-7f7354000000 ---p 00000000 00:00 0 
7f7354000000-7f7354021000 rw-p 00000000 00:00 0 
7f7354021000-7f7358000000 ---p 00000000 00:00 0 
7f7358000000-7f73583c9000 rw-p 00000000 00:00 0 
7f73583c9000-7f735c000000 ---p 00000000 00:00 0 
7f735c000000-7f735c021000 rw-p 00000000 00:00 0 
7f735c021000-7f7360000000 ---p 00000000 00:00 0 
7f7360000000-7f7360021000 rw-p 00000000 00:00 0 
7f7360021000-7f7364000000 ---p 00000000 00:00 0 
7f7364000000-7f7364021000 rw-p 00000000 00:00 0 
7f7364021000-7f7368000000 ---p 00000000 00:00 0 
7f7368000000-7f7368021000 rw-p 00000000 00:00 0 
7f7368021000-7f736c000000 ---p 00000000 00:00 0 
7f736c07d000-7f736c0bd000 rw-s 00000000 08:04 3579815                    /home/david/#3579815 (deleted)
7f736c0bd000-7f736c0fd000 r-xs 00000000 08:04 3579815                    /home/david/#3579815 (deleted)
7f736c0fd000-7f736c10d000 r-xp 00000000 08:08 33934                      /usr/lib/libGLX.so.0.0.0
7f736c10d000-7f736c30c000 ---p 00010000 08:08 33934                      /usr/lib/libGLX.so.0.0.0
7f736c30c000-7f736c30d000 r--p 0000f000 08:08 33934                      /usr/lib/libGLX.so.0.0.0
7f736c30d000-7f736c30e000 rw-p 00010000 08:08 33934                      /usr/lib/libGLX.so.0.0.0
7f736c30e000-7f736c32e000 rw-p 00000000 00:00 0 
7f736c32e000-7f736c39e000 r-xp 00000000 08:08 33935                      /usr/lib/libGL.so.1.0.0
7f736c39e000-7f736c59d000 ---p 00070000 08:08 33935                      /usr/lib/libGL.so.1.0.0
7f736c59d000-7f736c5b7000 r--p 0006f000 08:08 33935                      /usr/lib/libGL.so.1.0.0
7f736c5b7000-7f736c5b8000 rw-p 00089000 08:08 33935                      /usr/lib/libGL.so.1.0.0
7f736c5b8000-7f736c5b9000 rw-p 00000000 00:00 0 
7f736c5b9000-7f736c5ba000 r-xp 00000000 08:08 33463                      /usr/lib/libX11-xcb.so.1.0.0
7f736c5ba000-7f736c7b9000 ---p 00001000 08:08 33463                      /usr/lib/libX11-xcb.so.1.0.0
7f736c7b9000-7f736c7ba000 r--p 00000000 08:08 33463                      /usr/lib/libX11-xcb.so.1.0.0
7f736c7ba000-7f736c7bb000 rw-p 00001000 08:08 33463                      /usr/lib/libX11-xcb.so.1.0.0
7f736c7bb000-7f736c7bd000 r-xp 00000000 08:08 34981                      /usr/lib/libXinerama.so.1.0.0
7f736c7bd000-7f736c9bc000 ---p 00002000 08:08 34981                      /usr/lib/libXinerama.so.1.0.0
7f736c9bc000-7f736c9bd000 r--p 00001000 08:08 34981                      /usr/lib/libXinerama.so.1.0.0
7f736c9bd000-7f736c9be000 rw-p 00002000 08:08 34981                      /usr/lib/libXinerama.so.1.0.0
7f736c9be000-7f736c9c3000 r-xp 00000000 08:08 33778                      /usr/lib/libXfixes.so.3.1.0
7f736c9c3000-7f736cbc2000 ---p 00005000 08:08 33778                      /usr/lib/libXfixes.so.3.1.0
7f736cbc2000-7f736cbc3000 r--p 00004000 08:08 33778                      /usr/lib/libXfixes.so.3.1.0
7f736cbc3000-7f736cbc4000 rw-p 00005000 08:08 33778                      /usr/lib/libXfixes.so.3.1.0
7f736cbc4000-7f736cbcd000 r-xp 00000000 08:08 35041                      /usr/lib/libXcursor.so.1.0.2
7f736cbcd000-7f736cdcc000 ---p 00009000 08:08 35041                      /usr/lib/libXcursor.so.1.0.2
7f736cdcc000-7f736cdcd000 r--p 00008000 08:08 35041                      /usr/lib/libXcursor.so.1.0.2
7f736cdcd000-7f736cdce000 rw-p 00009000 08:08 35041                      /usr/lib/libXcursor.so.1.0.2
7f736cdce000-7f736cdd7000 r-xp 00000000 08:08 34082                      /usr/lib/libXrender.so.1.3.0
7f736cdd7000-7f736cfd7000 ---p 00009000 08:08 34082                      /usr/lib/libXrender.so.1.3.0
7f736cfd7000-7f736cfd8000 r--p 00009000 08:08 34082                      /usr/lib/libXrender.so.1.3.0
7f736cfd8000-7f736cfd9000 rw-p 0000a000 08:08 34082                      /usr/lib/libXrender.so.1.3.0
7f736cfd9000-7f736cfe3000 r-xp 00000000 08:08 34990                      /usr/lib/libXrandr.so.2.2.0
7f736cfe3000-7f736d1e2000 ---p 0000a000 08:08 34990                      /usr/lib/libXrandr.so.2.2.0
7f736d1e2000-7f736d1e3000 r--p 00009000 08:08 34990                      /usr/lib/libXrandr.so.2.2.0
7f736d1e3000-7f736d1e4000 rw-p 0000a000 08:08 34990                      /usr/lib/libXrandr.so.2.2.0
7f736d1e4000-7f736d1f3000 r-xp 00000000 08:08 35607                      /usr/lib/libXi.so.6.1.0
7f736d1f3000-7f736d3f3000 ---p 0000f000 08:08 35607                      /usr/lib/libXi.so.6.1.0
7f736d3f3000-7f736d3f4000 r--p 0000f000 08:08 35607                      /usr/lib/libXi.so.6.1.0
7f736d3f4000-7f736d3f5000 rw-p 00010000 08:08 35607                      /usr/lib/libXi.so.6.1.0
7f736d3f5000-7f736d406000 r-xp 00000000 08:08 33613                      /usr/lib/libXext.so.6.4.0
7f736d406000-7f736d605000 ---p 00011000 08:08 33613                      /usr/lib/libXext.so.6.4.0
7f736d605000-7f736d606000 r--p 00010000 08:08 33613                      /usr/lib/libXext.so.6.4.0
7f736d606000-7f736d607000 rw-p 00011000 08:08 33613                      /usr/lib/libXext.so.6.4.0
7f736d607000-7f736d60c000 r-xp 00000000 08:08 33776                      /usr/lib/libXxf86vm.so.1.0.0
7f736d60c000-7f736d80b000 ---p 00005000 08:08 33776                      /usr/lib/libXxf86vm.so.1.0.0
7f736d80b000-7f736d80c000 r--p 00004000 08:08 33776                      /usr/lib/libXxf86vm.so.1.0.0
7f736d80c000-7f736d80d000 rw-p 00005000 08:08 33776                      /usr/lib/libXxf86vm.so.1.0.0
7f736d80d000-7f736d812000 r-xp 00000000 08:08 27704                      /usr/lib/libXdmcp.so.6.0.0
7f736d812000-7f736da11000 ---p 00005000 08:08 27704                      /usr/lib/libXdmcp.so.6.0.0
7f736da11000-7f736da12000 r--p 00004000 08:08 27704                      /usr/lib/libXdmcp.so.6.0.0
7f736da12000-7f736da13000 rw-p 00005000 08:08 27704                      /usr/lib/libXdmcp.so.6.0.0
7f736da13000-7f736da15000 r-xp 00000000 08:08 27717                      /usr/lib/libXau.so.6.0.0
7f736da15000-7f736dc15000 ---p 00002000 08:08 27717                      /usr/lib/libXau.so.6.0.0
7f736dc15000-7f736dc16000 r--p 00002000 08:08 27717                      /usr/lib/libXau.so.6.0.0
7f736dc16000-7f736dc17000 rw-p 00003000 08:08 27717                      /usr/lib/libXau.so.6.0.0
7f736dc17000-7f736dc3e000 r-xp 00000000 08:08 32553                      /usr/lib/libxcb.so.1.1.0
7f736dc3e000-7f736de3e000 ---p 00027000 08:08 32553                      /usr/lib/libxcb.so.1.1.0
7f736de3e000-7f736de3f000 r--p 00027000 08:08 32553                      /usr/lib/libxcb.so.1.1.0
7f736de3f000-7f736de40000 rw-p 00028000 08:08 32553                      /usr/lib/libxcb.so.1.1.0
7f736de40000-7f736df79000 r-xp 00000000 08:08 33462                      /usr/lib/libX11.so.6.3.0
7f736df79000-7f736e179000 ---p 00139000 08:08 33462                      /usr/lib/libX11.so.6.3.0
7f736e179000-7f736e17a000 r--p 00139000 08:08 33462                      /usr/lib/libX11.so.6.3.0
7f736e17a000-7f736e17f000 rw-p 0013a000 08:08 33462                      /usr/lib/libX11.so.6.3.0
7f736e1a3000-7f736e1d9000 r-xp 00000000 00:2c 25287                      /tmp/lwjgldavid/3.1.6-build-14/libglfw.so
7f736e1d9000-7f736e3d8000 ---p 00036000 00:2c 25287                      /tmp/lwjgldavid/3.1.6-build-14/libglfw.so
7f736e3d8000-7f736e3d9000 r--p 00035000 00:2c 25287                      /tmp/lwjgldavid/3.1.6-build-14/libglfw.so
7f736e3d9000-7f736e3da000 rw-p 00036000 00:2c 25287                      /tmp/lwjgldavid/3.1.6-build-14/libglfw.so
7f736e3da000-7f736e3fb000 rw-p 00000000 00:00 0 
7f736e3fb000-7f736e44f000 r-xp 00000000 00:2c 25286                      /tmp/lwjgldavid/3.1.6-build-14/liblwjgl.so
7f736e44f000-7f736e64f000 ---p 00054000 00:2c 25286                      /tmp/lwjgldavid/3.1.6-build-14/liblwjgl.so
7f736e64f000-7f736e650000 r--p 00054000 00:2c 25286                      /tmp/lwjgldavid/3.1.6-build-14/liblwjgl.so
7f736e650000-7f736e651000 rw-p 00055000 00:2c 25286                      /tmp/lwjgldavid/3.1.6-build-14/liblwjgl.so
7f736e651000-7f736e652000 ---p 00000000 00:00 0 
7f736e652000-7f736e753000 rw-p 00000000 00:00 0 
7f736e753000-7f736e757000 ---p 00000000 00:00 0 
7f736e757000-7f736e854000 rw-p 00000000 00:00 0 
7f736e854000-7f736e858000 ---p 00000000 00:00 0 
7f736e858000-7f736e955000 rw-p 00000000 00:00 0 
7f736e955000-7f736e96b000 r-xp 00000000 08:08 279064                     /usr/lib/jvm/java-9-openjdk/lib/libnet.so
7f736e96b000-7f736eb6b000 ---p 00016000 08:08 279064                     /usr/lib/jvm/java-9-openjdk/lib/libnet.so
7f736eb6b000-7f736eb6c000 r--p 00016000 08:08 279064                     /usr/lib/jvm/java-9-openjdk/lib/libnet.so
7f736eb6c000-7f736eb6d000 rw-p 00017000 08:08 279064                     /usr/lib/jvm/java-9-openjdk/lib/libnet.so
7f736eb6d000-7f736eb7e000 r-xp 00000000 08:08 279062                     /usr/lib/jvm/java-9-openjdk/lib/libnio.so
7f736eb7e000-7f736ed7d000 ---p 00011000 08:08 279062                     /usr/lib/jvm/java-9-openjdk/lib/libnio.so
7f736ed7d000-7f736ed7e000 r--p 00010000 08:08 279062                     /usr/lib/jvm/java-9-openjdk/lib/libnio.so
7f736ed7e000-7f736ed7f000 rw-p 00011000 08:08 279062                     /usr/lib/jvm/java-9-openjdk/lib/libnio.so
7f736ed7f000-7f736ed83000 ---p 00000000 00:00 0 
7f736ed83000-7f736ee80000 rw-p 00000000 00:00 0 
7f736ee80000-7f736ee84000 ---p 00000000 00:00 0 
7f736ee84000-7f736ef81000 rw-p 00000000 00:00 0 
7f736ef81000-7f736ef85000 ---p 00000000 00:00 0 
7f736ef85000-7f736f082000 rw-p 00000000 00:00 0 
7f736f082000-7f736f086000 ---p 00000000 00:00 0 
7f736f086000-7f736f183000 rw-p 00000000 00:00 0 
7f736f183000-7f736f187000 ---p 00000000 00:00 0 
7f736f187000-7f736f284000 rw-p 00000000 00:00 0 
7f736f284000-7f736f288000 ---p 00000000 00:00 0 
7f736f288000-7f736f385000 rw-p 00000000 00:00 0 
7f736f385000-7f736f389000 ---p 00000000 00:00 0 
7f736f389000-7f736f486000 rw-p 00000000 00:00 0 
7f736f486000-7f736f487000 ---p 00000000 00:00 0 
7f736f487000-7f736fdfe000 rw-p 00000000 00:00 0 
7f736fdfe000-7f7370000000 rw-p 00000000 00:00 0 
7f7370000000-7f7370021000 rw-p 00000000 00:00 0 
7f7370021000-7f7374000000 ---p 00000000 00:00 0 
7f7374016000-7f7374148000 rw-p 00000000 00:00 0 
7f7374148000-7f7376148000 rwxp 00000000 00:00 0 
7f7376148000-7f7376338000 rw-p 00000000 00:00 0 
7f7376338000-7f7378000000 ---p 00000000 00:00 0 
7f7378000000-7f7378021000 rw-p 00000000 00:00 0 
7f7378021000-7f737c000000 ---p 00000000 00:00 0 
7f737c000000-7f737c021000 rw-p 00000000 00:00 0 
7f737c021000-7f7380000000 ---p 00000000 00:00 0 
7f7380000000-7f7380021000 rw-p 00000000 00:00 0 
7f7380021000-7f7384000000 ---p 00000000 00:00 0 
7f7384000000-7f7384021000 rw-p 00000000 00:00 0 
7f7384021000-7f7388000000 ---p 00000000 00:00 0 
7f7388000000-7f7388021000 rw-p 00000000 00:00 0 
7f7388021000-7f738c000000 ---p 00000000 00:00 0 
7f738c000000-7f738c021000 rw-p 00000000 00:00 0 
7f738c021000-7f7390000000 ---p 00000000 00:00 0 
7f7390000000-7f7390021000 rw-p 00000000 00:00 0 
7f7390021000-7f7394000000 ---p 00000000 00:00 0 
7f7394000000-7f7394021000 rw-p 00000000 00:00 0 
7f7394021000-7f7398000000 ---p 00000000 00:00 0 
7f7398000000-7f7398021000 rw-p 00000000 00:00 0 
7f7398021000-7f739c000000 ---p 00000000 00:00 0 
7f739c003000-7f739c104000 rw-p 00000000 00:00 0 
7f739c104000-7f739c105000 ---p 00000000 00:00 0 
7f739c105000-7f739c206000 rw-p 00000000 00:00 0 
7f739c206000-7f739c207000 ---p 00000000 00:00 0 
7f739c207000-7f739c4f8000 rw-p 00000000 00:00 0 
7f739c4f8000-7f739e1c0000 ---p 00000000 00:00 0 
7f739e1c0000-7f739e1fe000 rw-p 00000000 00:00 0 
7f739e1fe000-7f739e597000 ---p 00000000 00:00 0 
7f739e597000-7f739e5d5000 rw-p 00000000 00:00 0 
7f739e5d5000-7f739ed45000 ---p 00000000 00:00 0 
7f739ed45000-7f739ed83000 rw-p 00000000 00:00 0 
7f739ed83000-7f739f11c000 ---p 00000000 00:00 0 
7f739f11c000-7f739f11d000 ---p 00000000 00:00 0 
7f739f11d000-7f739f21e000 rw-p 00000000 00:00 0 
7f739f21e000-7f739f21f000 ---p 00000000 00:00 0 
7f739f21f000-7f739f320000 rw-p 00000000 00:00 0 
7f739f320000-7f739f321000 ---p 00000000 00:00 0 
7f739f321000-7f739f422000 rw-p 00000000 00:00 0 
7f739f422000-7f739f423000 ---p 00000000 00:00 0 
7f739f423000-7f739f524000 rw-p 00000000 00:00 0 
7f739f524000-7f739f525000 ---p 00000000 00:00 0 
7f739f525000-7f739fa2a000 rw-p 00000000 00:00 0 
7f739fa2a000-7f739fc9a000 rwxp 00000000 00:00 0 
7f739fc9a000-7f739ffba000 ---p 00000000 00:00 0 
7f739ffba000-7f73a022a000 rwxp 00000000 00:00 0 
7f73a022a000-7f73a74f2000 ---p 00000000 00:00 0 
7f73a74f2000-7f73a7762000 rwxp 00000000 00:00 0 
7f73a7762000-7f73aea2a000 ---p 00000000 00:00 0 
7f73aea2a000-7f73b8000000 r--s 00000000 08:08 279090                     /usr/lib/jvm/java-9-openjdk/lib/modules
7f73b8000000-7f73b8d84000 rw-p 00000000 00:00 0 
7f73b8d84000-7f73bc000000 ---p 00000000 00:00 0 
7f73bc008000-7f73bc08b000 rw-p 00000000 00:00 0 
7f73bc08b000-7f73bc08c000 ---p 00000000 00:00 0 
7f73bc08c000-7f73bc18d000 rw-p 00000000 00:00 0 
7f73bc18d000-7f73bc18e000 ---p 00000000 00:00 0 
7f73bc18e000-7f73bc28f000 rw-p 00000000 00:00 0 
7f73bc28f000-7f73bc290000 ---p 00000000 00:00 0 
7f73bc290000-7f73bc391000 rw-p 00000000 00:00 0 
7f73bc391000-7f73bc392000 ---p 00000000 00:00 0 
7f73bc392000-7f73bc498000 rw-p 00000000 00:00 0 
7f73bc498000-7f73bc57e000 ---p 00000000 00:00 0 
7f73bc57e000-7f73bc583000 rw-p 00000000 00:00 0 
7f73bc583000-7f73bc669000 ---p 00000000 00:00 0 
7f73bc669000-7f73bc66e000 r-xp 00000000 08:08 279063                     /usr/lib/jvm/java-9-openjdk/lib/libjimage.so
7f73bc66e000-7f73bc86d000 ---p 00005000 08:08 279063                     /usr/lib/jvm/java-9-openjdk/lib/libjimage.so
7f73bc86d000-7f73bc86e000 r--p 00004000 08:08 279063                     /usr/lib/jvm/java-9-openjdk/lib/libjimage.so
7f73bc86e000-7f73bc86f000 rw-p 00005000 08:08 279063                     /usr/lib/jvm/java-9-openjdk/lib/libjimage.so
7f73bc86f000-7f73bc876000 r-xp 00000000 08:08 279065                     /usr/lib/jvm/java-9-openjdk/lib/libzip.so
7f73bc876000-7f73bca75000 ---p 00007000 08:08 279065                     /usr/lib/jvm/java-9-openjdk/lib/libzip.so
7f73bca75000-7f73bca76000 r--p 00006000 08:08 279065                     /usr/lib/jvm/java-9-openjdk/lib/libzip.so
7f73bca76000-7f73bca77000 rw-p 00007000 08:08 279065                     /usr/lib/jvm/java-9-openjdk/lib/libzip.so
7f73bca77000-7f73bca82000 r-xp 00000000 08:08 2956                       /usr/lib/libnss_files-2.27.so
7f73bca82000-7f73bcc81000 ---p 0000b000 08:08 2956                       /usr/lib/libnss_files-2.27.so
7f73bcc81000-7f73bcc82000 r--p 0000a000 08:08 2956                       /usr/lib/libnss_files-2.27.so
7f73bcc82000-7f73bcc83000 rw-p 0000b000 08:08 2956                       /usr/lib/libnss_files-2.27.so
7f73bcc83000-7f73bcc89000 rw-p 00000000 00:00 0 
7f73bcc89000-7f73bccb5000 r-xp 00000000 08:08 279066                     /usr/lib/jvm/java-9-openjdk/lib/libjava.so
7f73bccb5000-7f73bceb4000 ---p 0002c000 08:08 279066                     /usr/lib/jvm/java-9-openjdk/lib/libjava.so
7f73bceb4000-7f73bceb5000 r--p 0002b000 08:08 279066                     /usr/lib/jvm/java-9-openjdk/lib/libjava.so
7f73bceb5000-7f73bceb6000 rw-p 0002c000 08:08 279066                     /usr/lib/jvm/java-9-openjdk/lib/libjava.so
7f73bceb6000-7f73bceb7000 rw-p 00000000 00:00 0 
7f73bceb7000-7f73bcec4000 r-xp 00000000 08:08 279067                     /usr/lib/jvm/java-9-openjdk/lib/libverify.so
7f73bcec4000-7f73bd0c3000 ---p 0000d000 08:08 279067                     /usr/lib/jvm/java-9-openjdk/lib/libverify.so
7f73bd0c3000-7f73bd0c5000 r--p 0000c000 08:08 279067                     /usr/lib/jvm/java-9-openjdk/lib/libverify.so
7f73bd0c5000-7f73bd0c6000 rw-p 0000e000 08:08 279067                     /usr/lib/jvm/java-9-openjdk/lib/libverify.so
7f73bd0c6000-7f73bd0cd000 r-xp 00000000 08:08 2947                       /usr/lib/librt-2.27.so
7f73bd0cd000-7f73bd2cc000 ---p 00007000 08:08 2947                       /usr/lib/librt-2.27.so
7f73bd2cc000-7f73bd2cd000 r--p 00006000 08:08 2947                       /usr/lib/librt-2.27.so
7f73bd2cd000-7f73bd2ce000 rw-p 00007000 08:08 2947                       /usr/lib/librt-2.27.so
7f73bd2ce000-7f73bd2e5000 r-xp 00000000 08:08 4540                       /usr/lib/libgcc_s.so.1
7f73bd2e5000-7f73bd4e4000 ---p 00017000 08:08 4540                       /usr/lib/libgcc_s.so.1
7f73bd4e4000-7f73bd4e5000 r--p 00016000 08:08 4540                       /usr/lib/libgcc_s.so.1
7f73bd4e5000-7f73bd4e6000 rw-p 00017000 08:08 4540                       /usr/lib/libgcc_s.so.1
7f73bd4e6000-7f73bd679000 r-xp 00000000 08:08 200                        /usr/lib/libm-2.27.so
7f73bd679000-7f73bd879000 ---p 00193000 08:08 200                        /usr/lib/libm-2.27.so
7f73bd879000-7f73bd87a000 r--p 00193000 08:08 200                        /usr/lib/libm-2.27.so
7f73bd87a000-7f73bd87b000 rw-p 00194000 08:08 200                        /usr/lib/libm-2.27.so
7f73bd87b000-7f73bd9f4000 r-xp 00000000 08:08 2931                       /usr/lib/libstdc++.so.6.0.25
7f73bd9f4000-7f73bdbf4000 ---p 00179000 08:08 2931                       /usr/lib/libstdc++.so.6.0.25
7f73bdbf4000-7f73bdc00000 r--p 00179000 08:08 2931                       /usr/lib/libstdc++.so.6.0.25
7f73bdc00000-7f73bdc01000 rw-p 00185000 08:08 2931                       /usr/lib/libstdc++.so.6.0.25
7f73bdc01000-7f73bdc04000 rw-p 00000000 00:00 0 
7f73bdc04000-7f73beb96000 r-xp 00000000 08:08 279092                     /usr/lib/jvm/java-9-openjdk/lib/server/libjvm.so
7f73beb96000-7f73bed95000 ---p 00f92000 08:08 279092                     /usr/lib/jvm/java-9-openjdk/lib/server/libjvm.so
7f73bed95000-7f73bee4d000 r--p 00f91000 08:08 279092                     /usr/lib/jvm/java-9-openjdk/lib/server/libjvm.so
7f73bee4d000-7f73bee82000 rw-p 01049000 08:08 279092                     /usr/lib/jvm/java-9-openjdk/lib/server/libjvm.so
7f73bee82000-7f73beeca000 rw-p 00000000 00:00 0 
7f73beeca000-7f73beee3000 r-xp 00000000 08:08 3028                       /usr/lib/libpthread-2.27.so
7f73beee3000-7f73bf0e2000 ---p 00019000 08:08 3028                       /usr/lib/libpthread-2.27.so
7f73bf0e2000-7f73bf0e3000 r--p 00018000 08:08 3028                       /usr/lib/libpthread-2.27.so
7f73bf0e3000-7f73bf0e4000 rw-p 00019000 08:08 3028                       /usr/lib/libpthread-2.27.so
7f73bf0e4000-7f73bf0e8000 rw-p 00000000 00:00 0 
7f73bf0e8000-7f73bf0eb000 r-xp 00000000 08:08 2938                       /usr/lib/libdl-2.27.so
7f73bf0eb000-7f73bf2ea000 ---p 00003000 08:08 2938                       /usr/lib/libdl-2.27.so
7f73bf2ea000-7f73bf2eb000 r--p 00002000 08:08 2938                       /usr/lib/libdl-2.27.so
7f73bf2eb000-7f73bf2ec000 rw-p 00003000 08:08 2938                       /usr/lib/libdl-2.27.so
7f73bf2ec000-7f73bf302000 r-xp 00000000 08:08 348                        /usr/lib/libz.so.1.2.11
7f73bf302000-7f73bf501000 ---p 00016000 08:08 348                        /usr/lib/libz.so.1.2.11
7f73bf501000-7f73bf502000 r--p 00015000 08:08 348                        /usr/lib/libz.so.1.2.11
7f73bf502000-7f73bf503000 rw-p 00016000 08:08 348                        /usr/lib/libz.so.1.2.11
7f73bf503000-7f73bf6b6000 r-xp 00000000 08:08 3006                       /usr/lib/libc-2.27.so
7f73bf6b6000-7f73bf8b5000 ---p 001b3000 08:08 3006                       /usr/lib/libc-2.27.so
7f73bf8b5000-7f73bf8b9000 r--p 001b2000 08:08 3006                       /usr/lib/libc-2.27.so
7f73bf8b9000-7f73bf8bb000 rw-p 001b6000 08:08 3006                       /usr/lib/libc-2.27.so
7f73bf8bb000-7f73bf8bf000 rw-p 00000000 00:00 0 
7f73bf8bf000-7f73bf8ce000 r-xp 00000000 08:08 279091                     /usr/lib/jvm/java-9-openjdk/lib/jli/libjli.so
7f73bf8ce000-7f73bfacd000 ---p 0000f000 08:08 279091                     /usr/lib/jvm/java-9-openjdk/lib/jli/libjli.so
7f73bfacd000-7f73bface000 r--p 0000e000 08:08 279091                     /usr/lib/jvm/java-9-openjdk/lib/jli/libjli.so
7f73bface000-7f73bfacf000 rw-p 0000f000 08:08 279091                     /usr/lib/jvm/java-9-openjdk/lib/jli/libjli.so
7f73bfacf000-7f73bfaf4000 r-xp 00000000 08:08 3007                       /usr/lib/ld-2.27.so
7f73bfafe000-7f73bfaff000 rw-s 00000000 00:05 48910                      /memfd:xshmfence (deleted)
7f73bfaff000-7f73bfb00000 r-xp 00000000 00:00 0 
7f73bfb00000-7f73bfb04000 rw-s 00000000 00:2e 49664                      /i915 (deleted)
7f73bfb04000-7f73bfb09000 rw-s 00000000 00:2e 49663                      /i915 (deleted)
7f73bfb09000-7f73bfb0d000 rw-s 00000000 00:2e 49654                      /i915 (deleted)
7f73bfb0d000-7f73bfbca000 rw-p 00000000 00:00 0 
7f73bfbca000-7f73bfbcb000 ---p 00000000 00:00 0 
7f73bfbcb000-7f73bfbcc000 rw-p 00000000 00:00 0 
7f73bfbcc000-7f73bfbd0000 ---p 00000000 00:00 0 
7f73bfbd0000-7f73bfccd000 rw-p 00000000 00:00 0 
7f73bfccd000-7f73bfcce000 r-xp 00000000 00:00 0 
7f73bfcce000-7f73bfccf000 rw-s 00000000 00:05 48915                      /memfd:xshmfence (deleted)
7f73bfccf000-7f73bfcd0000 rwxp 00000000 00:00 0 
7f73bfcd0000-7f73bfcd4000 rw-s 00000000 00:2e 49652                      /i915 (deleted)
7f73bfcd4000-7f73bfcd9000 rw-s 00000000 00:2e 49651                      /i915 (deleted)
7f73bfcd9000-7f73bfcda000 r-xp 00000000 00:00 0 
7f73bfcda000-7f73bfce0000 rw-p 00000000 00:00 0 
7f73bfce0000-7f73bfce7000 ---p 00000000 00:00 0 
7f73bfce7000-7f73bfcef000 rw-s 00000000 00:2c 50324                      /tmp/hsperfdata_david/5796
7f73bfcef000-7f73bfcf0000 rw-p 00000000 00:00 0 
7f73bfcf0000-7f73bfcf1000 r--p 00000000 00:00 0 
7f73bfcf1000-7f73bfcf3000 rw-p 00000000 00:00 0 
7f73bfcf3000-7f73bfcf4000 r--p 00024000 08:08 3007                       /usr/lib/ld-2.27.so
7f73bfcf4000-7f73bfcf5000 rw-p 00025000 08:08 3007                       /usr/lib/ld-2.27.so
7f73bfcf5000-7f73bfcf6000 rw-p 00000000 00:00 0 
7ffddaceb000-7ffddad0c000 rw-p 00000000 00:00 0                          [stack]
7ffddad48000-7ffddad4b000 r--p 00000000 00:00 0                          [vvar]
7ffddad4b000-7ffddad4d000 r-xp 00000000 00:00 0                          [vdso]

VM Arguments:
jvm_args: -Dorg.lwjgl.util.Debug=true 
java_command: Main
java_class_path (initial): lwjgl/lwjgl-stb-natives-linux.jar:lwjgl/lwjgl-glfw-natives-windows.jar:lwjgl/lwjgl-assimp-javadoc.jar:lwjgl/lwjgl-glfw-sources.jar:lwjgl/lwjgl-glfw-javadoc.jar:lwjgl/lwjgl-openal-natives-macos.jar:lwjgl/lwjgl-natives-windows.jar:lwjgl/lwjgl-opengl-sources.jar:lwjgl/lwjgl-opengl-javadoc.jar:lwjgl/lwjgl-stb.jar:lwjgl/lwjgl-glfw.jar:lwjgl/lwjgl-stb-natives-macos.jar:lwjgl/lwjgl-natives-linux.jar:lwjgl/lwjgl-stb-natives-windows.jar:lwjgl/lwjgl-assimp.jar:lwjgl/lwjgl-javadoc.jar:lwjgl/lwjgl-openal.jar:lwjgl/lwjgl-stb-javadoc.jar:lwjgl/lwjgl-assimp-natives-windows.jar:lwjgl/lwjgl-assimp-natives-macos.jar:lwjgl/lwjgl-openal-sources.jar:lwjgl/lwjgl-natives-macos.jar:lwjgl/lwjgl-stb-sources.jar:lwjgl/lwjgl-openal-javadoc.jar:lwjgl/lwjgl-glfw-natives-linux.jar:lwjgl/lwjgl-assimp-sources.jar:lwjgl/lwjgl-assimp-natives-linux.jar:lwjgl/lwjgl-opengl-natives-macos.jar:lwjgl/lwjgl-openal-natives-linux.jar:lwjgl/lwjgl-glfw-natives-macos.jar:lwjgl/lwjgl-opengl.jar:lwjgl/lwjgl-opengl-natives-windows.jar:lwjgl/lwjgl-opengl-natives-linux.jar:lwjgl/lwjgl.jar:lwjgl/lwjgl-sources.jar:lwjgl/lwjgl-openal-natives-windows.jar:bin/
Launcher Type: SUN_STANDARD

Logging:
Log output configuration:
#0: stdout all=warning uptime,level,tags
#1: stderr all=off uptime,level,tags

Environment Variables:
PATH=/home/david/bin:/home/david/.local/bin:/usr/local/sbin:/usr/local/bin:/usr/bin:/usr/lib/jvm/default/bin:/usr/bin/site_perl:/usr/bin/vendor_perl:/usr/bin/core_perl
SHELL=/bin/bash
DISPLAY=:0

Signal Handlers:
SIGSEGV: [libjvm.so+0xd33b50], sa_mask[0]=11111111011111111101111111111110, sa_flags=SA_RESTART|SA_SIGINFO
SIGBUS: [libjvm.so+0xd33b50], sa_mask[0]=11111111011111111101111111111110, sa_flags=SA_RESTART|SA_SIGINFO
SIGFPE: [libjvm.so+0xd33b50], sa_mask[0]=11111111011111111101111111111110, sa_flags=SA_RESTART|SA_SIGINFO
SIGPIPE: [libjvm.so+0xb360d0], sa_mask[0]=11111111011111111101111111111110, sa_flags=SA_RESTART|SA_SIGINFO
SIGXFSZ: [libjvm.so+0xb360d0], sa_mask[0]=11111111011111111101111111111110, sa_flags=SA_RESTART|SA_SIGINFO
SIGILL: [libjvm.so+0xd33b50], sa_mask[0]=11111111011111111101111111111110, sa_flags=SA_RESTART|SA_SIGINFO
SIGUSR2: [libjvm.so+0xb35f60], sa_mask[0]=00000000000000000000000000000000, sa_flags=SA_RESTART|SA_SIGINFO
SIGHUP: [libjvm.so+0xb36190], sa_mask[0]=11111111011111111101111111111110, sa_flags=SA_RESTART|SA_SIGINFO
SIGINT: [libjvm.so+0xb36190], sa_mask[0]=11111111011111111101111111111110, sa_flags=SA_RESTART|SA_SIGINFO
SIGTERM: [libjvm.so+0xb36190], sa_mask[0]=11111111011111111101111111111110, sa_flags=SA_RESTART|SA_SIGINFO
SIGQUIT: [libjvm.so+0xb36190], sa_mask[0]=11111111011111111101111111111110, sa_flags=SA_RESTART|SA_SIGINFO


---------------  S Y S T E M  ---------------

OS:NAME="Arch Linux"
PRETTY_NAME="Arch Linux"
ID=arch
ID_LIKE=archlinux
ANSI_COLOR="0;36"
HOME_URL="https://www.archlinux.org/"
SUPPORT_URL="https://bbs.archlinux.org/"
BUG_REPORT_URL="https://bugs.archlinux.org/"
uname:Linux 4.16.7-1-ARCH #1 SMP PREEMPT Wed May 2 21:12:36 UTC 2018 x86_64
libc:glibc 2.27 NPTL 2.27 
rlimit: STACK 8192k, CORE infinity, NPROC 31124, NOFILE 4096, AS infinity
load average:0.29 0.24 0.19

/proc/meminfo:
MemTotal:        8049324 kB
MemFree:         5635116 kB
MemAvailable:    6556036 kB
Buffers:           68196 kB
Cached:           749372 kB
SwapCached:            0 kB
Active:          1368224 kB
Inactive:         830548 kB
Active(anon):    1007820 kB
Inactive(anon):    85996 kB
Active(file):     360404 kB
Inactive(file):   744552 kB
Unevictable:           0 kB
Mlocked:               0 kB
SwapTotal:       8290300 kB
SwapFree:        8290300 kB
Dirty:               152 kB
Writeback:             0 kB
AnonPages:       1381304 kB
Mapped:           300400 kB
Shmem:             87584 kB
Slab:             109852 kB
SReclaimable:      78772 kB
SUnreclaim:        31080 kB
KernelStack:        7264 kB
PageTables:        14648 kB
NFS_Unstable:          0 kB
Bounce:                0 kB
WritebackTmp:          0 kB
CommitLimit:    12314960 kB
Committed_AS:    4066036 kB
VmallocTotal:   34359738367 kB
VmallocUsed:           0 kB
VmallocChunk:          0 kB
HardwareCorrupted:     0 kB
AnonHugePages:         0 kB
ShmemHugePages:        0 kB
ShmemPmdMapped:        0 kB
HugePages_Total:       0
HugePages_Free:        0
HugePages_Rsvd:        0
HugePages_Surp:        0
Hugepagesize:       2048 kB
Hugetlb:               0 kB
DirectMap4k:      118208 kB
DirectMap2M:     3954688 kB
DirectMap1G:     5242880 kB


CPU:total 4 (initial active 4) (2 cores per cpu, 2 threads per core) family 6 model 69 stepping 1, cmov, cx8, fxsr, mmx, sse, sse2, sse3, ssse3, sse4.1, sse4.2, popcnt, avx, avx2, aes, clmul, erms, lzcnt, ht, tsc, tscinvbit, bmi1, bmi2, fma
CPU Model and flags from /proc/cpuinfo:
model name	: Intel(R) Core(TM) i5-4200U CPU @ 1.60GHz
flags		: fpu vme de pse tsc msr pae mce cx8 apic sep mtrr pge mca cmov pat pse36 clflush dts acpi mmx fxsr sse sse2 ss ht tm pbe syscall nx pdpe1gb rdtscp lm constant_tsc arch_perfmon pebs bts rep_good nopl xtopology nonstop_tsc cpuid aperfmperf pni pclmulqdq dtes64 monitor ds_cpl vmx est tm2 ssse3 sdbg fma cx16 xtpr pdcm pcid sse4_1 sse4_2 movbe popcnt aes xsave avx f16c rdrand lahf_lm abm cpuid_fault epb invpcid_single pti tpr_shadow vnmi flexpriority ept vpid fsgsbase tsc_adjust bmi1 avx2 smep bmi2 erms invpcid xsaveopt dtherm ida arat pln pts

Memory: 4k page, physical 8049324k(5635116k free), swap 8290300k(8290300k free)

vm_info: OpenJDK 64-Bit Server VM (9.0.4+11) for linux-amd64 JRE (9.0.4+11), built on Feb  3 2018 14:14:59 by "builduser" with gcc 7.3.0

END.
