#
# A fatal error has been detected by the Java Runtime Environment:
#
#  SIGSEGV (0xb) at pc=0x00007f7126723bfe, pid=32239, tid=32240
#
# JRE version: OpenJDK Runtime Environment (9.0+11) (build 9.0.4+11)
# Java VM: OpenJDK 64-Bit Server VM (9.0.4+11, mixed mode, tiered, compressed oops, g1 gc, linux-amd64)
# Problematic frame:
# C  [libc.so.6+0x15abfe]  __memmove_avx_unaligned_erms+0x6e
#
# Core dump will be written. Default location: Core dumps may be processed with "/usr/lib/systemd/systemd-coredump %P %u %g %s %t %c %h %e" (or dumping to /home/david/Dropbox/ICS12/cancer/core.32239)
#
# If you would like to submit a bug report, please visit:
#   http://bugreport.java.com/bugreport/crash.jsp
# The crash happened outside the Java Virtual Machine in native code.
# See problematic frame for where to report the bug.
#

---------------  S U M M A R Y ------------

Command Line: -Dorg.lwjgl.util.Debug=true Main

Host: Intel(R) Core(TM) i5-4200U CPU @ 1.60GHz, 4 cores, 7G, Arch Linux
Time: Tue May  8 20:31:04 2018 UTC elapsed time: 0 seconds (0d 0h 0m 0s)

---------------  T H R E A D  ---------------

Current thread (0x00007f7120011000):  JavaThread "main" [_thread_in_native, id=32240, stack(0x00007f7126c92000,0x00007f7126d91000)]

Stack: [0x00007f7126c92000,0x00007f7126d91000],  sp=0x00007f7126d8f498,  free space=1013k
Native frames: (J=compiled Java code, A=aot compiled Java code, j=interpreted, Vv=VM code, C=native code)
C  [libc.so.6+0x15abfe]  __memmove_avx_unaligned_erms+0x6e
C  0x00007f712048af20

Java frames: (J=compiled Java code, j=interpreted, Vv=VM code)
j  org.lwjgl.opengl.GL11.nglDrawElements(IIIJ)V+0
j  org.lwjgl.opengl.GL11.glDrawElements(IIIJ)V+4
j  Main.loop()V+224
j  Main.run()V+19
j  Main.main([Ljava/lang/String;)V+7
v  ~StubRoutines::call_stub

siginfo: si_signo: 11 (SIGSEGV), si_code: 1 (SEGV_MAPERR), si_addr: 0x0000000000000002

Register to memory mapping:

RAX=0x00007f712400e010 is an unknown value
RBX=0x00007f71205c2d70 is an unknown value
RCX=0x0000000000000028 is an unknown value
RDX=0x0000000000000018 is an unknown value
RSP=0x00007f7126d8f498 is pointing into the stack for thread: 0x00007f7120011000
RBP=0x00007f7126d8f630 is pointing into the stack for thread: 0x00007f7120011000
RSI=0x0000000000000002 is an unknown value
RDI=0x00007f712400e010 is an unknown value
R8 =0x00007f7126d8f4a4 is pointing into the stack for thread: 0x00007f7120011000
R9 =0x00007f7126d8f4a4 is pointing into the stack for thread: 0x00007f7120011000
R10=0x00007f7126bca898 is an unknown value
R11=0x0000000000000180 is an unknown value
R12=0x0000000000000004 is an unknown value
R13=0x0000000000000000 is an unknown value
R14=0xffffffffffffffff is an unknown value
R15=0x00007f712048af20 is an unknown value


Registers:
RAX=0x00007f712400e010, RBX=0x00007f71205c2d70, RCX=0x0000000000000028, RDX=0x0000000000000018
RSP=0x00007f7126d8f498, RBP=0x00007f7126d8f630, RSI=0x0000000000000002, RDI=0x00007f712400e010
R8 =0x00007f7126d8f4a4, R9 =0x00007f7126d8f4a4, R10=0x00007f7126bca898, R11=0x0000000000000180
R12=0x0000000000000004, R13=0x0000000000000000, R14=0xffffffffffffffff, R15=0x00007f712048af20
RIP=0x00007f7126723bfe, EFLAGS=0x0000000000010202, CSGSFS=0x002b000000000033, ERR=0x0000000000000004
  TRAPNO=0x000000000000000e

Top of Stack: (sp=0x00007f7126d8f498)
0x00007f7126d8f498:   00007f70a0b70ad4 0000001000000000
0x00007f7126d8f4a8:   429f1455dfb7d300 00000000000002fe
0x00007f7126d8f4b8:   00007f71205c2d70 00007f71205ed130
0x00007f7126d8f4c8:   00007f70a1545b70 00000000ffffffff 

Instructions: (pc=0x00007f7126723bfe)
0x00007f7126723bde:   d1 f3 a4 c3 80 fa 10 73 17 80 fa 08 73 27 80 fa
0x00007f7126723bee:   04 73 33 80 fa 01 77 3b 72 05 0f b6 0e 88 0f c3
0x00007f7126723bfe:   c5 fa 6f 06 c5 fa 6f 4c 16 f0 c5 fa 7f 07 c5 fa
0x00007f7126723c0e:   7f 4c 17 f0 c3 48 8b 4c 16 f8 48 8b 36 48 89 4c 


---------------  P R O C E S S  ---------------

Java Threads: ( => current thread )
  0x00007f71201dd800 JavaThread "Service Thread" daemon [_thread_blocked, id=32261, stack(0x00007f70d56d1000,0x00007f70d57d2000)]
  0x00007f7120175000 JavaThread "Common-Cleaner" daemon [_thread_blocked, id=32260, stack(0x00007f70d57d2000,0x00007f70d58d3000)]
  0x00007f7120160000 JavaThread "Sweeper thread" daemon [_thread_blocked, id=32259, stack(0x00007f70d5cfd000,0x00007f70d5dfe000)]
  0x00007f712015e000 JavaThread "C1 CompilerThread2" daemon [_thread_blocked, id=32258, stack(0x00007f70d5dfe000,0x00007f70d5eff000)]
  0x00007f712015c000 JavaThread "C2 CompilerThread1" daemon [_thread_in_native, id=32257, stack(0x00007f70d5eff000,0x00007f70d6000000)]
  0x00007f712015a000 JavaThread "C2 CompilerThread0" daemon [_thread_in_native, id=32256, stack(0x00007f70dc08e000,0x00007f70dc18f000)]
  0x00007f7120158800 JavaThread "Signal Dispatcher" daemon [_thread_blocked, id=32255, stack(0x00007f70dc18f000,0x00007f70dc290000)]
  0x00007f712013e800 JavaThread "Finalizer" daemon [_thread_blocked, id=32254, stack(0x00007f71040ee000,0x00007f71041ef000)]
  0x00007f7120136000 JavaThread "Reference Handler" daemon [_thread_blocked, id=32253, stack(0x00007f71041ef000,0x00007f71042f0000)]
=>0x00007f7120011000 JavaThread "main" [_thread_in_native, id=32240, stack(0x00007f7126c92000,0x00007f7126d91000)]

Other Threads:
  0x00007f712012c800 VMThread "VM Thread" [stack: 0x00007f71042f2000,0x00007f71043f2000] [id=32252]
  0x00007f71201e0000 WatcherThread [stack: 0x00007f70d55d1000,0x00007f70d56d1000] [id=32262]
  0x00007f7120026000 GCTaskThread "GC Thread#0" [stack: 0x00007f7106de2000,0x00007f7106ee2000] [id=32241]
  0x00007f7120027800 GCTaskThread "GC Thread#1" [stack: 0x00007f7106ce0000,0x00007f7106de0000] [id=32242]
  0x00007f7120029800 GCTaskThread "GC Thread#2" [stack: 0x00007f7106bde000,0x00007f7106cde000] [id=32243]
  0x00007f712002b000 GCTaskThread "GC Thread#3" [stack: 0x00007f7106adc000,0x00007f7106bdc000] [id=32244]
  0x00007f7120059800 ConcurrentGCThread "G1 Main Marker" [stack: 0x00007f7105170000,0x00007f7105270000] [id=32250]
  0x00007f712005b000 ConcurrentGCThread "G1 Marker#0" [stack: 0x00007f710506e000,0x00007f710516e000] [id=32251]
  0x00007f7120032800 ConcurrentGCThread "G1 Refine#0" [stack: 0x00007f71062d0000,0x00007f71063d0000] [id=32248]
  0x00007f7120030800 ConcurrentGCThread "G1 Refine#1" [stack: 0x00007f71063d2000,0x00007f71064d2000] [id=32247]
  0x00007f712002f000 ConcurrentGCThread "G1 Refine#2" [stack: 0x00007f71064d4000,0x00007f71065d4000] [id=32246]
  0x00007f712002d000 ConcurrentGCThread "G1 Refine#3" [stack: 0x00007f71065d6000,0x00007f71066d6000] [id=32245]
  0x00007f7120034000 ConcurrentGCThread "G1 Young RemSet Sampling" [stack: 0x00007f71061ce000,0x00007f71062ce000] [id=32249]

Threads with active compile tasks:
C2 CompilerThread1 766   !   4       jdk.internal.loader.URLClassPath$JarLoader::getResource (65 bytes)
C2 CompilerThread0 763       4       java.util.jar.JarFile::getEntry (60 bytes)

VM state:not at safepoint (normal execution)

VM Mutex/Monitor currently owned by a thread: None

Heap address: 0x0000000085200000, size: 1966 MB, Compressed Oops mode: 32-bit
Narrow klass base: 0x0000000000000000, Narrow klass shift: 3
Compressed class space size: 1073741824 Address: 0x0000000100000000

Heap:
 garbage-first heap   total 126976K, used 5069K [0x0000000085200000, 0x00000000853003e0, 0x0000000100000000)
  region size 1024K, 5 young (5120K), 2 survivors (2048K)
 Metaspace       used 10210K, capacity 10461K, committed 10624K, reserved 1058816K
  class space    used 786K, capacity 853K, committed 896K, reserved 1048576K
Heap Regions: E=young(eden), S=young(survivor), O=old, HS=humongous(starts), HC=humongous(continues), CS=collection set, F=free, A=archive, TS=gc time stamp, AC=allocation context, TAMS=top-at-mark-start (previous, next)
|   0|0x0000000085200000, 0x00000000852f3400, 0x0000000085300000| 95%| O|  |TS  1|AC  0|TAMS 0x0000000085200000, 0x0000000085200000|
|   1|0x0000000085300000, 0x0000000085300000, 0x0000000085400000|  0%| F|  |TS  0|AC  0|TAMS 0x0000000085300000, 0x0000000085300000|
|   2|0x0000000085400000, 0x0000000085400000, 0x0000000085500000|  0%| F|  |TS  0|AC  0|TAMS 0x0000000085400000, 0x0000000085400000|
|   3|0x0000000085500000, 0x0000000085500000, 0x0000000085600000|  0%| F|  |TS  0|AC  0|TAMS 0x0000000085500000, 0x0000000085500000|
|   4|0x0000000085600000, 0x0000000085600000, 0x0000000085700000|  0%| F|  |TS  0|AC  0|TAMS 0x0000000085600000, 0x0000000085600000|
|   5|0x0000000085700000, 0x0000000085700000, 0x0000000085800000|  0%| F|  |TS  0|AC  0|TAMS 0x0000000085700000, 0x0000000085700000|
|   6|0x0000000085800000, 0x0000000085800000, 0x0000000085900000|  0%| F|  |TS  0|AC  0|TAMS 0x0000000085800000, 0x0000000085800000|
|   7|0x0000000085900000, 0x0000000085900000, 0x0000000085a00000|  0%| F|  |TS  0|AC  0|TAMS 0x0000000085900000, 0x0000000085900000|
|   8|0x0000000085a00000, 0x0000000085a00000, 0x0000000085b00000|  0%| F|  |TS  0|AC  0|TAMS 0x0000000085a00000, 0x0000000085a00000|
|   9|0x0000000085b00000, 0x0000000085b00000, 0x0000000085c00000|  0%| F|  |TS  0|AC  0|TAMS 0x0000000085b00000, 0x0000000085b00000|
|  10|0x0000000085c00000, 0x0000000085c00000, 0x0000000085d00000|  0%| F|  |TS  0|AC  0|TAMS 0x0000000085c00000, 0x0000000085c00000|
|  11|0x0000000085d00000, 0x0000000085d00000, 0x0000000085e00000|  0%| F|  |TS  0|AC  0|TAMS 0x0000000085d00000, 0x0000000085d00000|
|  12|0x0000000085e00000, 0x0000000085e00000, 0x0000000085f00000|  0%| F|  |TS  0|AC  0|TAMS 0x0000000085e00000, 0x0000000085e00000|
|  13|0x0000000085f00000, 0x0000000085f00000, 0x0000000086000000|  0%| F|  |TS  0|AC  0|TAMS 0x0000000085f00000, 0x0000000085f00000|
|  14|0x0000000086000000, 0x0000000086000000, 0x0000000086100000|  0%| F|  |TS  0|AC  0|TAMS 0x0000000086000000, 0x0000000086000000|
|  15|0x0000000086100000, 0x0000000086100000, 0x0000000086200000|  0%| F|  |TS  0|AC  0|TAMS 0x0000000086100000, 0x0000000086100000|
|  16|0x0000000086200000, 0x0000000086200000, 0x0000000086300000|  0%| F|  |TS  0|AC  0|TAMS 0x0000000086200000, 0x0000000086200000|
|  17|0x0000000086300000, 0x0000000086300000, 0x0000000086400000|  0%| F|  |TS  0|AC  0|TAMS 0x0000000086300000, 0x0000000086300000|
|  18|0x0000000086400000, 0x0000000086400000, 0x0000000086500000|  0%| F|  |TS  0|AC  0|TAMS 0x0000000086400000, 0x0000000086400000|
|  19|0x0000000086500000, 0x0000000086500000, 0x0000000086600000|  0%| F|  |TS  0|AC  0|TAMS 0x0000000086500000, 0x0000000086500000|
|  20|0x0000000086600000, 0x0000000086600000, 0x0000000086700000|  0%| F|  |TS  0|AC  0|TAMS 0x0000000086600000, 0x0000000086600000|
|  21|0x0000000086700000, 0x0000000086700000, 0x0000000086800000|  0%| F|  |TS  0|AC  0|TAMS 0x0000000086700000, 0x0000000086700000|
|  22|0x0000000086800000, 0x0000000086800000, 0x0000000086900000|  0%| F|  |TS  0|AC  0|TAMS 0x0000000086800000, 0x0000000086800000|
|  23|0x0000000086900000, 0x0000000086900000, 0x0000000086a00000|  0%| F|  |TS  0|AC  0|TAMS 0x0000000086900000, 0x0000000086900000|
|  24|0x0000000086a00000, 0x0000000086a00000, 0x0000000086b00000|  0%| F|  |TS  0|AC  0|TAMS 0x0000000086a00000, 0x0000000086a00000|
|  25|0x0000000086b00000, 0x0000000086b00000, 0x0000000086c00000|  0%| F|  |TS  0|AC  0|TAMS 0x0000000086b00000, 0x0000000086b00000|
|  26|0x0000000086c00000, 0x0000000086c00000, 0x0000000086d00000|  0%| F|  |TS  0|AC  0|TAMS 0x0000000086c00000, 0x0000000086c00000|
|  27|0x0000000086d00000, 0x0000000086d00000, 0x0000000086e00000|  0%| F|  |TS  0|AC  0|TAMS 0x0000000086d00000, 0x0000000086d00000|
|  28|0x0000000086e00000, 0x0000000086e00000, 0x0000000086f00000|  0%| F|  |TS  0|AC  0|TAMS 0x0000000086e00000, 0x0000000086e00000|
|  29|0x0000000086f00000, 0x0000000086f00000, 0x0000000087000000|  0%| F|  |TS  0|AC  0|TAMS 0x0000000086f00000, 0x0000000086f00000|
|  30|0x0000000087000000, 0x0000000087000000, 0x0000000087100000|  0%| F|  |TS  0|AC  0|TAMS 0x0000000087000000, 0x0000000087000000|
|  31|0x0000000087100000, 0x0000000087100000, 0x0000000087200000|  0%| F|  |TS  0|AC  0|TAMS 0x0000000087100000, 0x0000000087100000|
|  32|0x0000000087200000, 0x0000000087200000, 0x0000000087300000|  0%| F|  |TS  0|AC  0|TAMS 0x0000000087200000, 0x0000000087200000|
|  33|0x0000000087300000, 0x0000000087300000, 0x0000000087400000|  0%| F|  |TS  0|AC  0|TAMS 0x0000000087300000, 0x0000000087300000|
|  34|0x0000000087400000, 0x0000000087400000, 0x0000000087500000|  0%| F|  |TS  0|AC  0|TAMS 0x0000000087400000, 0x0000000087400000|
|  35|0x0000000087500000, 0x0000000087500000, 0x0000000087600000|  0%| F|  |TS  0|AC  0|TAMS 0x0000000087500000, 0x0000000087500000|
|  36|0x0000000087600000, 0x0000000087600000, 0x0000000087700000|  0%| F|  |TS  0|AC  0|TAMS 0x0000000087600000, 0x0000000087600000|
|  37|0x0000000087700000, 0x0000000087700000, 0x0000000087800000|  0%| F|  |TS  0|AC  0|TAMS 0x0000000087700000, 0x0000000087700000|
|  38|0x0000000087800000, 0x0000000087800000, 0x0000000087900000|  0%| F|  |TS  0|AC  0|TAMS 0x0000000087800000, 0x0000000087800000|
|  39|0x0000000087900000, 0x0000000087900000, 0x0000000087a00000|  0%| F|  |TS  0|AC  0|TAMS 0x0000000087900000, 0x0000000087900000|
|  40|0x0000000087a00000, 0x0000000087a00000, 0x0000000087b00000|  0%| F|  |TS  0|AC  0|TAMS 0x0000000087a00000, 0x0000000087a00000|
|  41|0x0000000087b00000, 0x0000000087b00000, 0x0000000087c00000|  0%| F|  |TS  0|AC  0|TAMS 0x0000000087b00000, 0x0000000087b00000|
|  42|0x0000000087c00000, 0x0000000087c00000, 0x0000000087d00000|  0%| F|  |TS  0|AC  0|TAMS 0x0000000087c00000, 0x0000000087c00000|
|  43|0x0000000087d00000, 0x0000000087d00000, 0x0000000087e00000|  0%| F|  |TS  0|AC  0|TAMS 0x0000000087d00000, 0x0000000087d00000|
|  44|0x0000000087e00000, 0x0000000087e00000, 0x0000000087f00000|  0%| F|  |TS  0|AC  0|TAMS 0x0000000087e00000, 0x0000000087e00000|
|  45|0x0000000087f00000, 0x0000000087f00000, 0x0000000088000000|  0%| F|  |TS  0|AC  0|TAMS 0x0000000087f00000, 0x0000000087f00000|
|  46|0x0000000088000000, 0x0000000088000000, 0x0000000088100000|  0%| F|  |TS  0|AC  0|TAMS 0x0000000088000000, 0x0000000088000000|
|  47|0x0000000088100000, 0x0000000088100000, 0x0000000088200000|  0%| F|  |TS  0|AC  0|TAMS 0x0000000088100000, 0x0000000088100000|
|  48|0x0000000088200000, 0x0000000088200000, 0x0000000088300000|  0%| F|  |TS  0|AC  0|TAMS 0x0000000088200000, 0x0000000088200000|
|  49|0x0000000088300000, 0x0000000088300000, 0x0000000088400000|  0%| F|  |TS  0|AC  0|TAMS 0x0000000088300000, 0x0000000088300000|
|  50|0x0000000088400000, 0x0000000088400000, 0x0000000088500000|  0%| F|  |TS  0|AC  0|TAMS 0x0000000088400000, 0x0000000088400000|
|  51|0x0000000088500000, 0x0000000088500000, 0x0000000088600000|  0%| F|  |TS  0|AC  0|TAMS 0x0000000088500000, 0x0000000088500000|
|  52|0x0000000088600000, 0x0000000088600000, 0x0000000088700000|  0%| F|  |TS  0|AC  0|TAMS 0x0000000088600000, 0x0000000088600000|
|  53|0x0000000088700000, 0x0000000088700000, 0x0000000088800000|  0%| F|  |TS  0|AC  0|TAMS 0x0000000088700000, 0x0000000088700000|
|  54|0x0000000088800000, 0x0000000088800000, 0x0000000088900000|  0%| F|  |TS  0|AC  0|TAMS 0x0000000088800000, 0x0000000088800000|
|  55|0x0000000088900000, 0x0000000088900000, 0x0000000088a00000|  0%| F|  |TS  0|AC  0|TAMS 0x0000000088900000, 0x0000000088900000|
|  56|0x0000000088a00000, 0x0000000088a00000, 0x0000000088b00000|  0%| F|  |TS  0|AC  0|TAMS 0x0000000088a00000, 0x0000000088a00000|
|  57|0x0000000088b00000, 0x0000000088b00000, 0x0000000088c00000|  0%| F|  |TS  0|AC  0|TAMS 0x0000000088b00000, 0x0000000088b00000|
|  58|0x0000000088c00000, 0x0000000088c00000, 0x0000000088d00000|  0%| F|  |TS  0|AC  0|TAMS 0x0000000088c00000, 0x0000000088c00000|
|  59|0x0000000088d00000, 0x0000000088d00000, 0x0000000088e00000|  0%| F|  |TS  0|AC  0|TAMS 0x0000000088d00000, 0x0000000088d00000|
|  60|0x0000000088e00000, 0x0000000088e00000, 0x0000000088f00000|  0%| F|  |TS  0|AC  0|TAMS 0x0000000088e00000, 0x0000000088e00000|
|  61|0x0000000088f00000, 0x0000000088f00000, 0x0000000089000000|  0%| F|  |TS  0|AC  0|TAMS 0x0000000088f00000, 0x0000000088f00000|
|  62|0x0000000089000000, 0x0000000089000000, 0x0000000089100000|  0%| F|  |TS  0|AC  0|TAMS 0x0000000089000000, 0x0000000089000000|
|  63|0x0000000089100000, 0x0000000089100000, 0x0000000089200000|  0%| F|  |TS  0|AC  0|TAMS 0x0000000089100000, 0x0000000089100000|
|  64|0x0000000089200000, 0x0000000089200000, 0x0000000089300000|  0%| F|  |TS  0|AC  0|TAMS 0x0000000089200000, 0x0000000089200000|
|  65|0x0000000089300000, 0x0000000089300000, 0x0000000089400000|  0%| F|  |TS  0|AC  0|TAMS 0x0000000089300000, 0x0000000089300000|
|  66|0x0000000089400000, 0x0000000089400000, 0x0000000089500000|  0%| F|  |TS  0|AC  0|TAMS 0x0000000089400000, 0x0000000089400000|
|  67|0x0000000089500000, 0x0000000089500000, 0x0000000089600000|  0%| F|  |TS  0|AC  0|TAMS 0x0000000089500000, 0x0000000089500000|
|  68|0x0000000089600000, 0x0000000089600000, 0x0000000089700000|  0%| F|  |TS  0|AC  0|TAMS 0x0000000089600000, 0x0000000089600000|
|  69|0x0000000089700000, 0x0000000089700000, 0x0000000089800000|  0%| F|  |TS  0|AC  0|TAMS 0x0000000089700000, 0x0000000089700000|
|  70|0x0000000089800000, 0x0000000089800000, 0x0000000089900000|  0%| F|  |TS  0|AC  0|TAMS 0x0000000089800000, 0x0000000089800000|
|  71|0x0000000089900000, 0x0000000089900000, 0x0000000089a00000|  0%| F|  |TS  0|AC  0|TAMS 0x0000000089900000, 0x0000000089900000|
|  72|0x0000000089a00000, 0x0000000089a00000, 0x0000000089b00000|  0%| F|  |TS  0|AC  0|TAMS 0x0000000089a00000, 0x0000000089a00000|
|  73|0x0000000089b00000, 0x0000000089b00000, 0x0000000089c00000|  0%| F|  |TS  0|AC  0|TAMS 0x0000000089b00000, 0x0000000089b00000|
|  74|0x0000000089c00000, 0x0000000089c00000, 0x0000000089d00000|  0%| F|  |TS  0|AC  0|TAMS 0x0000000089c00000, 0x0000000089c00000|
|  75|0x0000000089d00000, 0x0000000089d00000, 0x0000000089e00000|  0%| F|  |TS  0|AC  0|TAMS 0x0000000089d00000, 0x0000000089d00000|
|  76|0x0000000089e00000, 0x0000000089e00000, 0x0000000089f00000|  0%| F|  |TS  0|AC  0|TAMS 0x0000000089e00000, 0x0000000089e00000|
|  77|0x0000000089f00000, 0x0000000089f00000, 0x000000008a000000|  0%| F|  |TS  0|AC  0|TAMS 0x0000000089f00000, 0x0000000089f00000|
|  78|0x000000008a000000, 0x000000008a000000, 0x000000008a100000|  0%| F|  |TS  0|AC  0|TAMS 0x000000008a000000, 0x000000008a000000|
|  79|0x000000008a100000, 0x000000008a100000, 0x000000008a200000|  0%| F|  |TS  0|AC  0|TAMS 0x000000008a100000, 0x000000008a100000|
|  80|0x000000008a200000, 0x000000008a200000, 0x000000008a300000|  0%| F|  |TS  0|AC  0|TAMS 0x000000008a200000, 0x000000008a200000|
|  81|0x000000008a300000, 0x000000008a300000, 0x000000008a400000|  0%| F|  |TS  0|AC  0|TAMS 0x000000008a300000, 0x000000008a300000|
|  82|0x000000008a400000, 0x000000008a400000, 0x000000008a500000|  0%| F|  |TS  0|AC  0|TAMS 0x000000008a400000, 0x000000008a400000|
|  83|0x000000008a500000, 0x000000008a500000, 0x000000008a600000|  0%| F|  |TS  0|AC  0|TAMS 0x000000008a500000, 0x000000008a500000|
|  84|0x000000008a600000, 0x000000008a600000, 0x000000008a700000|  0%| F|  |TS  0|AC  0|TAMS 0x000000008a600000, 0x000000008a600000|
|  85|0x000000008a700000, 0x000000008a700000, 0x000000008a800000|  0%| F|  |TS  0|AC  0|TAMS 0x000000008a700000, 0x000000008a700000|
|  86|0x000000008a800000, 0x000000008a800000, 0x000000008a900000|  0%| F|  |TS  0|AC  0|TAMS 0x000000008a800000, 0x000000008a800000|
|  87|0x000000008a900000, 0x000000008a900000, 0x000000008aa00000|  0%| F|  |TS  0|AC  0|TAMS 0x000000008a900000, 0x000000008a900000|
|  88|0x000000008aa00000, 0x000000008aa00000, 0x000000008ab00000|  0%| F|  |TS  0|AC  0|TAMS 0x000000008aa00000, 0x000000008aa00000|
|  89|0x000000008ab00000, 0x000000008ab00000, 0x000000008ac00000|  0%| F|  |TS  0|AC  0|TAMS 0x000000008ab00000, 0x000000008ab00000|
|  90|0x000000008ac00000, 0x000000008ac00000, 0x000000008ad00000|  0%| F|  |TS  0|AC  0|TAMS 0x000000008ac00000, 0x000000008ac00000|
|  91|0x000000008ad00000, 0x000000008ad00000, 0x000000008ae00000|  0%| F|  |TS  0|AC  0|TAMS 0x000000008ad00000, 0x000000008ad00000|
|  92|0x000000008ae00000, 0x000000008ae00000, 0x000000008af00000|  0%| F|  |TS  0|AC  0|TAMS 0x000000008ae00000, 0x000000008ae00000|
|  93|0x000000008af00000, 0x000000008af00000, 0x000000008b000000|  0%| F|  |TS  0|AC  0|TAMS 0x000000008af00000, 0x000000008af00000|
|  94|0x000000008b000000, 0x000000008b000000, 0x000000008b100000|  0%| F|  |TS  0|AC  0|TAMS 0x000000008b000000, 0x000000008b000000|
|  95|0x000000008b100000, 0x000000008b100000, 0x000000008b200000|  0%| F|  |TS  0|AC  0|TAMS 0x000000008b100000, 0x000000008b100000|
|  96|0x000000008b200000, 0x000000008b200000, 0x000000008b300000|  0%| F|  |TS  0|AC  0|TAMS 0x000000008b200000, 0x000000008b200000|
|  97|0x000000008b300000, 0x000000008b300000, 0x000000008b400000|  0%| F|  |TS  0|AC  0|TAMS 0x000000008b300000, 0x000000008b300000|
|  98|0x000000008b400000, 0x000000008b400000, 0x000000008b500000|  0%| F|  |TS  0|AC  0|TAMS 0x000000008b400000, 0x000000008b400000|
|  99|0x000000008b500000, 0x000000008b500000, 0x000000008b600000|  0%| F|  |TS  0|AC  0|TAMS 0x000000008b500000, 0x000000008b500000|
| 100|0x000000008b600000, 0x000000008b600000, 0x000000008b700000|  0%| F|  |TS  0|AC  0|TAMS 0x000000008b600000, 0x000000008b600000|
| 101|0x000000008b700000, 0x000000008b700000, 0x000000008b800000|  0%| F|  |TS  0|AC  0|TAMS 0x000000008b700000, 0x000000008b700000|
| 102|0x000000008b800000, 0x000000008b800000, 0x000000008b900000|  0%| F|  |TS  0|AC  0|TAMS 0x000000008b800000, 0x000000008b800000|
| 103|0x000000008b900000, 0x000000008b900000, 0x000000008ba00000|  0%| F|  |TS  0|AC  0|TAMS 0x000000008b900000, 0x000000008b900000|
| 104|0x000000008ba00000, 0x000000008ba00000, 0x000000008bb00000|  0%| F|  |TS  0|AC  0|TAMS 0x000000008ba00000, 0x000000008ba00000|
| 105|0x000000008bb00000, 0x000000008bb00000, 0x000000008bc00000|  0%| F|  |TS  0|AC  0|TAMS 0x000000008bb00000, 0x000000008bb00000|
| 106|0x000000008bc00000, 0x000000008bc00000, 0x000000008bd00000|  0%| F|  |TS  0|AC  0|TAMS 0x000000008bc00000, 0x000000008bc00000|
| 107|0x000000008bd00000, 0x000000008bd00000, 0x000000008be00000|  0%| F|  |TS  0|AC  0|TAMS 0x000000008bd00000, 0x000000008bd00000|
| 108|0x000000008be00000, 0x000000008bf00000, 0x000000008bf00000|100%| S|CS|TS  1|AC  0|TAMS 0x000000008be00000, 0x000000008be00000|
| 109|0x000000008bf00000, 0x000000008c000000, 0x000000008c000000|100%| S|CS|TS  1|AC  0|TAMS 0x000000008bf00000, 0x000000008bf00000|
| 110|0x000000008c000000, 0x000000008c000000, 0x000000008c100000|  0%| F|  |TS  1|AC  0|TAMS 0x000000008c000000, 0x000000008c000000|
| 111|0x000000008c100000, 0x000000008c100000, 0x000000008c200000|  0%| F|  |TS  1|AC  0|TAMS 0x000000008c100000, 0x000000008c100000|
| 112|0x000000008c200000, 0x000000008c200000, 0x000000008c300000|  0%| F|  |TS  1|AC  0|TAMS 0x000000008c200000, 0x000000008c200000|
| 113|0x000000008c300000, 0x000000008c300000, 0x000000008c400000|  0%| F|  |TS  1|AC  0|TAMS 0x000000008c300000, 0x000000008c300000|
| 114|0x000000008c400000, 0x000000008c400000, 0x000000008c500000|  0%| F|  |TS  1|AC  0|TAMS 0x000000008c400000, 0x000000008c400000|
| 115|0x000000008c500000, 0x000000008c500000, 0x000000008c600000|  0%| F|  |TS  1|AC  0|TAMS 0x000000008c500000, 0x000000008c500000|
| 116|0x000000008c600000, 0x000000008c600000, 0x000000008c700000|  0%| F|  |TS  1|AC  0|TAMS 0x000000008c600000, 0x000000008c600000|
| 117|0x000000008c700000, 0x000000008c700000, 0x000000008c800000|  0%| F|  |TS  1|AC  0|TAMS 0x000000008c700000, 0x000000008c700000|
| 118|0x000000008c800000, 0x000000008c800000, 0x000000008c900000|  0%| F|  |TS  1|AC  0|TAMS 0x000000008c800000, 0x000000008c800000|
| 119|0x000000008c900000, 0x000000008c900000, 0x000000008ca00000|  0%| F|  |TS  1|AC  0|TAMS 0x000000008c900000, 0x000000008c900000|
| 120|0x000000008ca00000, 0x000000008ca00000, 0x000000008cb00000|  0%| F|  |TS  1|AC  0|TAMS 0x000000008ca00000, 0x000000008ca00000|
| 121|0x000000008cb00000, 0x000000008cb80800, 0x000000008cc00000| 50%| E|  |TS  1|AC  0|TAMS 0x000000008cb00000, 0x000000008cb00000|
| 122|0x000000008cc00000, 0x000000008cd00000, 0x000000008cd00000|100%| E|CS|TS  1|AC  0|TAMS 0x000000008cc00000, 0x000000008cc00000|
| 123|0x000000008cd00000, 0x000000008ce00000, 0x000000008ce00000|100%| E|CS|TS  1|AC  0|TAMS 0x000000008cd00000, 0x000000008cd00000|

Card table byte_map: [0x00007f7105647000,0x00007f7105a1e000] byte_map_base: 0x00007f710521e000

Marking Bits (Prev, Next): (CMBitMap*) 0x00007f7120058840, (CMBitMap*) 0x00007f7120058878
 Prev Bits: [0x00007f70de148000, 0x00007f70e0000000)
 Next Bits: [0x00007f70dc290000, 0x00007f70de148000)

Polling page: 0x00007f7126db6000

CodeHeap 'non-profiled nmethods': size=120032Kb used=245Kb max_used=245Kb free=119786Kb
 bounds [0x00007f710ea95000, 0x00007f710ed05000, 0x00007f7115fcd000]
CodeHeap 'profiled nmethods': size=120032Kb used=1401Kb max_used=1401Kb free=118630Kb
 bounds [0x00007f710755d000, 0x00007f71077cd000, 0x00007f710ea95000]
CodeHeap 'non-nmethods': size=5696Kb used=1486Kb max_used=1512Kb free=4209Kb
 bounds [0x00007f7106fcd000, 0x00007f710723d000, 0x00007f710755d000]
 total_blobs=1823 nmethods=817 adapters=761
 compilation: enabled

Compilation events (10 events):
Event: 0.579 Thread 0x00007f712015e000  817       3       java.util.HashMap$KeySet::iterator (12 bytes)
Event: 0.579 Thread 0x00007f712015e000 nmethod 817 0x00007f71076b9910 code [0x00007f71076b9ae0, 0x00007f71076b9d88]
Event: 0.579 Thread 0x00007f712015e000  818       3       java.util.HashMap$KeyIterator::<init> (11 bytes)
Event: 0.579 Thread 0x00007f712015e000 nmethod 818 0x00007f71076b9e90 code [0x00007f71076ba040, 0x00007f71076ba208]
Event: 0.581 Thread 0x00007f712015e000  819       3       java.lang.StringCoding::hasNegatives (25 bytes)
Event: 0.581 Thread 0x00007f712015e000 nmethod 819 0x00007f71076ba290 code [0x00007f71076ba440, 0x00007f71076ba690]
Event: 0.584 Thread 0x00007f712015e000  821       3       java.util.HashSet::iterator (13 bytes)
Event: 0.585 Thread 0x00007f712015e000 nmethod 821 0x00007f71076ba790 code [0x00007f71076ba960, 0x00007f71076bac38]
Event: 0.585 Thread 0x00007f712015e000  820       3       java.util.LinkedHashMap::get (33 bytes)
Event: 0.592 Thread 0x00007f712015e000 nmethod 820 0x00007f71076bad10 code [0x00007f71076baf00, 0x00007f71076bb3e8]

GC Heap History (2 events):
Event: 0.522 GC heap before
{Heap before GC invocations=0 (full 0):
 garbage-first heap   total 126976K, used 14336K [0x0000000085200000, 0x00000000853003e0, 0x0000000100000000)
  region size 1024K, 14 young (14336K), 0 survivors (0K)
 Metaspace       used 9659K, capacity 9857K, committed 10112K, reserved 1058816K
  class space    used 730K, capacity 781K, committed 896K, reserved 1048576K
}
Event: 0.527 GC heap after
{Heap after GC invocations=1 (full 0):
 garbage-first heap   total 126976K, used 3021K [0x0000000085200000, 0x00000000853003e0, 0x0000000100000000)
  region size 1024K, 2 young (2048K), 2 survivors (2048K)
 Metaspace       used 9659K, capacity 9857K, committed 10112K, reserved 1058816K
  class space    used 730K, capacity 781K, committed 896K, reserved 1048576K
}

Deoptimization events (0 events):
No events

Classes redefined (0 events):
No events

Internal exceptions (10 events):
Event: 0.242 Thread 0x00007f7120011000 Exception <a 'java/lang/NoSuchMethodError'{0x000000008c9e0050}: java.lang.Object.lambda$union$2(Ljava/util/regex/Pattern$CharPredicate;I)Z> (0x000000008c9e0050) thrown at [/build/java9-openjdk/src/jdk9u-jdk-9.0.4+11/hotspot/src/share/vm/interpreter/linkRe
Event: 0.245 Thread 0x00007f7120011000 Exception <a 'java/lang/NoSuchMethodError'{0x000000008c9fa740}: java.lang.invoke.DirectMethodHandle$Holder.invokeStatic(Ljava/lang/Object;Ljava/lang/Object;)I> (0x000000008c9fa740) thrown at [/build/java9-openjdk/src/jdk9u-jdk-9.0.4+11/hotspot/src/share/v
Event: 0.248 Thread 0x00007f7120011000 Exception <a 'java/lang/NoSuchMethodError'{0x000000008c8087c8}: method resolution failed> (0x000000008c8087c8) thrown at [/build/java9-openjdk/src/jdk9u-jdk-9.0.4+11/hotspot/src/share/vm/prims/methodHandles.cpp, line 1256]
Event: 0.248 Thread 0x00007f7120011000 Exception <a 'java/lang/NoSuchMethodError'{0x000000008c80c410}: method resolution failed> (0x000000008c80c410) thrown at [/build/java9-openjdk/src/jdk9u-jdk-9.0.4+11/hotspot/src/share/vm/prims/methodHandles.cpp, line 1256]
Event: 0.249 Thread 0x00007f7120011000 Exception <a 'java/lang/NoSuchMethodError'{0x000000008c80f910}: java.lang.invoke.DelegatingMethodHandle$Holder.delegate(Ljava/lang/Object;Ljava/lang/Object;ILjava/lang/Object;)V> (0x000000008c80f910) thrown at [/build/java9-openjdk/src/jdk9u-jdk-9.0.4+11/
Event: 0.249 Thread 0x00007f7120011000 Exception <a 'java/lang/NoSuchMethodError'{0x000000008c813618}: java.lang.invoke.DirectMethodHandle$Holder.invokeSpecial(Ljava/lang/Object;Ljava/lang/Object;Ljava/lang/Object;)I> (0x000000008c813618) thrown at [/build/java9-openjdk/src/jdk9u-jdk-9.0.4+11/
Event: 0.250 Thread 0x00007f7120011000 Exception <a 'java/lang/NoSuchMethodError'{0x000000008c81a640}: java.lang.invoke.DirectMethodHandle$Holder.invokeStaticInit(Ljava/lang/Object;Ljava/lang/Object;Ljava/lang/Object;)Ljava/lang/Object;> (0x000000008c81a640) thrown at [/build/java9-openjdk/src
Event: 0.391 Thread 0x00007f7120011000 Exception <a 'java/lang/NoSuchMethodError'{0x000000008c6e3d88}: java.lang.invoke.DirectMethodHandle$Holder.invokeStatic(Ljava/lang/Object;JII)V> (0x000000008c6e3d88) thrown at [/build/java9-openjdk/src/jdk9u-jdk-9.0.4+11/hotspot/src/share/vm/interpreter/l
Event: 0.409 Thread 0x00007f7120011000 Exception <a 'sun/nio/fs/UnixException'{0x000000008c55e860}> (0x000000008c55e860) thrown at [/build/java9-openjdk/src/jdk9u-jdk-9.0.4+11/hotspot/src/share/vm/prims/jni.cpp, line 604]
Event: 0.555 Thread 0x00007f7120011000 Exception <a 'java/lang/NoSuchMethodError'{0x000000008cb10a08}: java.lang.invoke.DirectMethodHandle$Holder.invokeInterface(Ljava/lang/Object;Ljava/lang/Object;Ljava/lang/Object;)I> (0x000000008cb10a08) thrown at [/build/java9-openjdk/src/jdk9u-jdk-9.0.4+1

Events (10 events):
Event: 0.577 loading class Util
Event: 0.577 loading class Util done
Event: 0.580 loading class org/lwjgl/system/APIUtil$Encoder
Event: 0.580 loading class org/lwjgl/system/APIUtil$Encoder done
Event: 0.580 loading class org/lwjgl/system/APIUtil$Encoder
Event: 0.580 loading class org/lwjgl/system/APIUtil$Encoder done
Event: 0.581 loading class org/lwjgl/system/libc/LibCStdlib
Event: 0.581 loading class org/lwjgl/system/libc/LibCStdlib done
Event: 0.594 loading class org/lwjgl/opengl/GL$ICDStatic$WriteOnce
Event: 0.594 loading class org/lwjgl/opengl/GL$ICDStatic$WriteOnce done


Dynamic libraries:
85200000-8ce00000 rw-p 00000000 00:00 0 
8ce00000-100000000 ---p 00000000 00:00 0 
100000000-1000e0000 rw-p 00000000 00:00 0 
1000e0000-140000000 ---p 00000000 00:00 0 
55a4b79ed000-55a4b79ee000 r-xp 00000000 08:08 279043                     /usr/lib/jvm/java-9-openjdk/bin/java
55a4b7bee000-55a4b7bef000 r--p 00001000 08:08 279043                     /usr/lib/jvm/java-9-openjdk/bin/java
55a4b7bef000-55a4b7bf0000 rw-p 00002000 08:08 279043                     /usr/lib/jvm/java-9-openjdk/bin/java
55a4b7d93000-55a4b7db4000 rw-p 00000000 00:00 0                          [heap]
7f709e961000-7f709eae1000 rw-p 00000000 00:00 0 
7f709eae1000-7f709eb61000 ---p 00000000 00:00 0 
7f709eb61000-7f709ebcc000 r-xp 00000000 00:2c 404013                     /tmp/lwjgldavid/3.1.6-build-14/liblwjgl_opengl.so
7f709ebcc000-7f709edcb000 ---p 0006b000 00:2c 404013                     /tmp/lwjgldavid/3.1.6-build-14/liblwjgl_opengl.so
7f709edcb000-7f709edcc000 r--p 0006a000 00:2c 404013                     /tmp/lwjgldavid/3.1.6-build-14/liblwjgl_opengl.so
7f709edcc000-7f709edcd000 rw-p 0006b000 00:2c 404013                     /tmp/lwjgldavid/3.1.6-build-14/liblwjgl_opengl.so
7f709edcd000-7f70a017e000 rw-p 00000000 00:00 0 
7f70a017e000-7f70a0186000 r-xp 00000000 08:08 33619                      /usr/lib/libpciaccess.so.0.11.1
7f70a0186000-7f70a0386000 ---p 00008000 08:08 33619                      /usr/lib/libpciaccess.so.0.11.1
7f70a0386000-7f70a0387000 r--p 00008000 08:08 33619                      /usr/lib/libpciaccess.so.0.11.1
7f70a0387000-7f70a0388000 rw-p 00009000 08:08 33619                      /usr/lib/libpciaccess.so.0.11.1
7f70a0388000-7f70a038f000 r-xp 00000000 08:08 33639                      /usr/lib/libdrm_nouveau.so.2.0.0
7f70a038f000-7f70a058e000 ---p 00007000 08:08 33639                      /usr/lib/libdrm_nouveau.so.2.0.0
7f70a058e000-7f70a058f000 r--p 00006000 08:08 33639                      /usr/lib/libdrm_nouveau.so.2.0.0
7f70a058f000-7f70a0590000 rw-p 00007000 08:08 33639                      /usr/lib/libdrm_nouveau.so.2.0.0
7f70a0590000-7f70a059b000 r-xp 00000000 08:08 33633                      /usr/lib/libdrm_radeon.so.1.0.1
7f70a059b000-7f70a079a000 ---p 0000b000 08:08 33633                      /usr/lib/libdrm_radeon.so.1.0.1
7f70a079a000-7f70a079b000 r--p 0000a000 08:08 33633                      /usr/lib/libdrm_radeon.so.1.0.1
7f70a079b000-7f70a079c000 rw-p 0000b000 08:08 33633                      /usr/lib/libdrm_radeon.so.1.0.1
7f70a079c000-7f70a07bf000 r-xp 00000000 08:08 33634                      /usr/lib/libdrm_intel.so.1.0.0
7f70a07bf000-7f70a09be000 ---p 00023000 08:08 33634                      /usr/lib/libdrm_intel.so.1.0.0
7f70a09be000-7f70a09bf000 r--p 00022000 08:08 33634                      /usr/lib/libdrm_intel.so.1.0.0
7f70a09bf000-7f70a09c0000 rw-p 00023000 08:08 33634                      /usr/lib/libdrm_intel.so.1.0.0
7f70a09c0000-7f70a1249000 r-xp 00000000 08:08 138956                     /usr/lib/dri/i965_dri.so
7f70a1249000-7f70a1448000 ---p 00889000 08:08 138956                     /usr/lib/dri/i965_dri.so
7f70a1448000-7f70a1499000 r--p 00888000 08:08 138956                     /usr/lib/dri/i965_dri.so
7f70a1499000-7f70a14a3000 rw-p 008d9000 08:08 138956                     /usr/lib/dri/i965_dri.so
7f70a14a3000-7f70a1548000 rw-p 00000000 00:00 0 
7f70a1548000-7f70a1577000 r-xp 00000000 08:08 13951                      /usr/lib/libexpat.so.1.6.7
7f70a1577000-7f70a1777000 ---p 0002f000 08:08 13951                      /usr/lib/libexpat.so.1.6.7
7f70a1777000-7f70a1779000 r--p 0002f000 08:08 13951                      /usr/lib/libexpat.so.1.6.7
7f70a1779000-7f70a177a000 rw-p 00031000 08:08 13951                      /usr/lib/libexpat.so.1.6.7
7f70a177a000-7f70a177b000 r-xp 00000000 08:08 33789                      /usr/lib/libxshmfence.so.1.0.0
7f70a177b000-7f70a197a000 ---p 00001000 08:08 33789                      /usr/lib/libxshmfence.so.1.0.0
7f70a197a000-7f70a197b000 r--p 00000000 08:08 33789                      /usr/lib/libxshmfence.so.1.0.0
7f70a197b000-7f70a197c000 rw-p 00001000 08:08 33789                      /usr/lib/libxshmfence.so.1.0.0
7f70a197c000-7f70a1982000 r-xp 00000000 08:08 32562                      /usr/lib/libxcb-sync.so.1.0.0
7f70a1982000-7f70a1b81000 ---p 00006000 08:08 32562                      /usr/lib/libxcb-sync.so.1.0.0
7f70a1b81000-7f70a1b82000 r--p 00005000 08:08 32562                      /usr/lib/libxcb-sync.so.1.0.0
7f70a1b82000-7f70a1b83000 rw-p 00006000 08:08 32562                      /usr/lib/libxcb-sync.so.1.0.0
7f70a1b83000-7f70a1b85000 r-xp 00000000 08:08 32554                      /usr/lib/libxcb-present.so.0.0.0
7f70a1b85000-7f70a1d84000 ---p 00002000 08:08 32554                      /usr/lib/libxcb-present.so.0.0.0
7f70a1d84000-7f70a1d85000 r--p 00001000 08:08 32554                      /usr/lib/libxcb-present.so.0.0.0
7f70a1d85000-7f70a1d86000 rw-p 00002000 08:08 32554                      /usr/lib/libxcb-present.so.0.0.0
7f70a1d86000-7f70a1d89000 r-xp 00000000 08:08 32563                      /usr/lib/libxcb-dri3.so.0.0.0
7f70a1d89000-7f70a1f88000 ---p 00003000 08:08 32563                      /usr/lib/libxcb-dri3.so.0.0.0
7f70a1f88000-7f70a1f89000 r--p 00002000 08:08 32563                      /usr/lib/libxcb-dri3.so.0.0.0
7f70a1f89000-7f70a1f8a000 rw-p 00003000 08:08 32563                      /usr/lib/libxcb-dri3.so.0.0.0
7f70a1f8a000-7f70a1f8c000 r-xp 00000000 08:08 33783                      /usr/lib/libXdamage.so.1.1.0
7f70a1f8c000-7f70a218b000 ---p 00002000 08:08 33783                      /usr/lib/libXdamage.so.1.1.0
7f70a218b000-7f70a218c000 r--p 00001000 08:08 33783                      /usr/lib/libXdamage.so.1.1.0
7f70a218c000-7f70a218d000 rw-p 00002000 08:08 33783                      /usr/lib/libXdamage.so.1.1.0
7f70a218d000-7f70a2191000 r-xp 00000000 08:08 32574                      /usr/lib/libxcb-dri2.so.0.0.0
7f70a2191000-7f70a2390000 ---p 00004000 08:08 32574                      /usr/lib/libxcb-dri2.so.0.0.0
7f70a2390000-7f70a2391000 r--p 00003000 08:08 32574                      /usr/lib/libxcb-dri2.so.0.0.0
7f70a2391000-7f70a2392000 rw-p 00004000 08:08 32574                      /usr/lib/libxcb-dri2.so.0.0.0
7f70a2392000-7f70a23ab000 r-xp 00000000 08:08 32587                      /usr/lib/libxcb-glx.so.0.0.0
7f70a23ab000-7f70a25aa000 ---p 00019000 08:08 32587                      /usr/lib/libxcb-glx.so.0.0.0
7f70a25aa000-7f70a25ac000 r--p 00018000 08:08 32587                      /usr/lib/libxcb-glx.so.0.0.0
7f70a25ac000-7f70a25ad000 rw-p 0001a000 08:08 32587                      /usr/lib/libxcb-glx.so.0.0.0
7f70a25ad000-7f70a25be000 r-xp 00000000 08:08 33646                      /usr/lib/libdrm.so.2.4.0
7f70a25be000-7f70a27bd000 ---p 00011000 08:08 33646                      /usr/lib/libdrm.so.2.4.0
7f70a27bd000-7f70a27be000 r--p 00010000 08:08 33646                      /usr/lib/libdrm.so.2.4.0
7f70a27be000-7f70a27bf000 rw-p 00011000 08:08 33646                      /usr/lib/libdrm.so.2.4.0
7f70a27bf000-7f70a27eb000 r-xp 00000000 08:08 33904                      /usr/lib/libglapi.so.0.0.0
7f70a27eb000-7f70a29ea000 ---p 0002c000 08:08 33904                      /usr/lib/libglapi.so.0.0.0
7f70a29ea000-7f70a29ee000 r--p 0002b000 08:08 33904                      /usr/lib/libglapi.so.0.0.0
7f70a29ee000-7f70a29ef000 rw-p 0002f000 08:08 33904                      /usr/lib/libglapi.so.0.0.0
7f70a29ef000-7f70a29f0000 rw-p 00000000 00:00 0 
7f70a29f0000-7f70a2a60000 r-xp 00000000 08:08 33911                      /usr/lib/libGLX_mesa.so.0.0.0
7f70a2a60000-7f70a2c5f000 ---p 00070000 08:08 33911                      /usr/lib/libGLX_mesa.so.0.0.0
7f70a2c5f000-7f70a2c62000 r--p 0006f000 08:08 33911                      /usr/lib/libGLX_mesa.so.0.0.0
7f70a2c62000-7f70a2c63000 rw-p 00072000 08:08 33911                      /usr/lib/libGLX_mesa.so.0.0.0
7f70a2c63000-7f70a2cd1000 r-xp 00000000 08:08 33931                      /usr/lib/libGLdispatch.so.0.0.0
7f70a2cd1000-7f70a2ed0000 ---p 0006e000 08:08 33931                      /usr/lib/libGLdispatch.so.0.0.0
7f70a2ed0000-7f70a2ef8000 r--p 0006d000 08:08 33931                      /usr/lib/libGLdispatch.so.0.0.0
7f70a2ef8000-7f70a2ef9000 rw-p 00095000 08:08 33931                      /usr/lib/libGLdispatch.so.0.0.0
7f70a2ef9000-7f70a2f19000 rw-p 00000000 00:00 0 
7f70a2f19000-7f70a2f29000 r-xp 00000000 08:08 33934                      /usr/lib/libGLX.so.0.0.0
7f70a2f29000-7f70a3128000 ---p 00010000 08:08 33934                      /usr/lib/libGLX.so.0.0.0
7f70a3128000-7f70a3129000 r--p 0000f000 08:08 33934                      /usr/lib/libGLX.so.0.0.0
7f70a3129000-7f70a312a000 rw-p 00010000 08:08 33934                      /usr/lib/libGLX.so.0.0.0
7f70a312a000-7f70a314a000 rw-p 00000000 00:00 0 
7f70a314a000-7f70a31ba000 r-xp 00000000 08:08 33935                      /usr/lib/libGL.so.1.0.0
7f70a31ba000-7f70a33b9000 ---p 00070000 08:08 33935                      /usr/lib/libGL.so.1.0.0
7f70a33b9000-7f70a33d3000 r--p 0006f000 08:08 33935                      /usr/lib/libGL.so.1.0.0
7f70a33d3000-7f70a33d4000 rw-p 00089000 08:08 33935                      /usr/lib/libGL.so.1.0.0
7f70a33d4000-7f70a33d5000 rw-p 00000000 00:00 0 
7f70a33d5000-7f70a33d6000 r-xp 00000000 08:08 33463                      /usr/lib/libX11-xcb.so.1.0.0
7f70a33d6000-7f70a35d5000 ---p 00001000 08:08 33463                      /usr/lib/libX11-xcb.so.1.0.0
7f70a35d5000-7f70a35d6000 r--p 00000000 08:08 33463                      /usr/lib/libX11-xcb.so.1.0.0
7f70a35d6000-7f70a35d7000 rw-p 00001000 08:08 33463                      /usr/lib/libX11-xcb.so.1.0.0
7f70a35d7000-7f70a35d9000 r-xp 00000000 08:08 34981                      /usr/lib/libXinerama.so.1.0.0
7f70a35d9000-7f70a37d8000 ---p 00002000 08:08 34981                      /usr/lib/libXinerama.so.1.0.0
7f70a37d8000-7f70a37d9000 r--p 00001000 08:08 34981                      /usr/lib/libXinerama.so.1.0.0
7f70a37d9000-7f70a37da000 rw-p 00002000 08:08 34981                      /usr/lib/libXinerama.so.1.0.0
7f70a37da000-7f70a37df000 r-xp 00000000 08:08 33778                      /usr/lib/libXfixes.so.3.1.0
7f70a37df000-7f70a39de000 ---p 00005000 08:08 33778                      /usr/lib/libXfixes.so.3.1.0
7f70a39de000-7f70a39df000 r--p 00004000 08:08 33778                      /usr/lib/libXfixes.so.3.1.0
7f70a39df000-7f70a39e0000 rw-p 00005000 08:08 33778                      /usr/lib/libXfixes.so.3.1.0
7f70a39e0000-7f70a39e9000 r-xp 00000000 08:08 35041                      /usr/lib/libXcursor.so.1.0.2
7f70a39e9000-7f70a3be8000 ---p 00009000 08:08 35041                      /usr/lib/libXcursor.so.1.0.2
7f70a3be8000-7f70a3be9000 r--p 00008000 08:08 35041                      /usr/lib/libXcursor.so.1.0.2
7f70a3be9000-7f70a3bea000 rw-p 00009000 08:08 35041                      /usr/lib/libXcursor.so.1.0.2
7f70a3bea000-7f70a3bf3000 r-xp 00000000 08:08 34082                      /usr/lib/libXrender.so.1.3.0
7f70a3bf3000-7f70a3df3000 ---p 00009000 08:08 34082                      /usr/lib/libXrender.so.1.3.0
7f70a3df3000-7f70a3df4000 r--p 00009000 08:08 34082                      /usr/lib/libXrender.so.1.3.0
7f70a3df4000-7f70a3df5000 rw-p 0000a000 08:08 34082                      /usr/lib/libXrender.so.1.3.0
7f70a3df5000-7f70a3dff000 r-xp 00000000 08:08 34990                      /usr/lib/libXrandr.so.2.2.0
7f70a3dff000-7f70a3ffe000 ---p 0000a000 08:08 34990                      /usr/lib/libXrandr.so.2.2.0
7f70a3ffe000-7f70a3fff000 r--p 00009000 08:08 34990                      /usr/lib/libXrandr.so.2.2.0
7f70a3fff000-7f70a4000000 rw-p 0000a000 08:08 34990                      /usr/lib/libXrandr.so.2.2.0
7f70a4000000-7f70a4021000 rw-p 00000000 00:00 0 
7f70a4021000-7f70a8000000 ---p 00000000 00:00 0 
7f70a8000000-7f70a8021000 rw-p 00000000 00:00 0 
7f70a8021000-7f70ac000000 ---p 00000000 00:00 0 
7f70ac000000-7f70ac021000 rw-p 00000000 00:00 0 
7f70ac021000-7f70b0000000 ---p 00000000 00:00 0 
7f70b0000000-7f70b0021000 rw-p 00000000 00:00 0 
7f70b0021000-7f70b4000000 ---p 00000000 00:00 0 
7f70b4000000-7f70b4324000 rw-p 00000000 00:00 0 
7f70b4324000-7f70b8000000 ---p 00000000 00:00 0 
7f70b8000000-7f70b8349000 rw-p 00000000 00:00 0 
7f70b8349000-7f70bc000000 ---p 00000000 00:00 0 
7f70bc000000-7f70bc021000 rw-p 00000000 00:00 0 
7f70bc021000-7f70c0000000 ---p 00000000 00:00 0 
7f70c0000000-7f70c0340000 rw-p 00000000 00:00 0 
7f70c0340000-7f70c4000000 ---p 00000000 00:00 0 
7f70c4000000-7f70c4021000 rw-p 00000000 00:00 0 
7f70c4021000-7f70c8000000 ---p 00000000 00:00 0 
7f70c8000000-7f70c8021000 rw-p 00000000 00:00 0 
7f70c8021000-7f70cc000000 ---p 00000000 00:00 0 
7f70cc000000-7f70cc021000 rw-p 00000000 00:00 0 
7f70cc021000-7f70d0000000 ---p 00000000 00:00 0 
7f70d0000000-7f70d0021000 rw-p 00000000 00:00 0 
7f70d0021000-7f70d4000000 ---p 00000000 00:00 0 
7f70d4186000-7f70d4195000 r-xp 00000000 08:08 35607                      /usr/lib/libXi.so.6.1.0
7f70d4195000-7f70d4395000 ---p 0000f000 08:08 35607                      /usr/lib/libXi.so.6.1.0
7f70d4395000-7f70d4396000 r--p 0000f000 08:08 35607                      /usr/lib/libXi.so.6.1.0
7f70d4396000-7f70d4397000 rw-p 00010000 08:08 35607                      /usr/lib/libXi.so.6.1.0
7f70d4397000-7f70d43a8000 r-xp 00000000 08:08 33613                      /usr/lib/libXext.so.6.4.0
7f70d43a8000-7f70d45a7000 ---p 00011000 08:08 33613                      /usr/lib/libXext.so.6.4.0
7f70d45a7000-7f70d45a8000 r--p 00010000 08:08 33613                      /usr/lib/libXext.so.6.4.0
7f70d45a8000-7f70d45a9000 rw-p 00011000 08:08 33613                      /usr/lib/libXext.so.6.4.0
7f70d45a9000-7f70d45ae000 r-xp 00000000 08:08 33776                      /usr/lib/libXxf86vm.so.1.0.0
7f70d45ae000-7f70d47ad000 ---p 00005000 08:08 33776                      /usr/lib/libXxf86vm.so.1.0.0
7f70d47ad000-7f70d47ae000 r--p 00004000 08:08 33776                      /usr/lib/libXxf86vm.so.1.0.0
7f70d47ae000-7f70d47af000 rw-p 00005000 08:08 33776                      /usr/lib/libXxf86vm.so.1.0.0
7f70d47af000-7f70d47b4000 r-xp 00000000 08:08 27704                      /usr/lib/libXdmcp.so.6.0.0
7f70d47b4000-7f70d49b3000 ---p 00005000 08:08 27704                      /usr/lib/libXdmcp.so.6.0.0
7f70d49b3000-7f70d49b4000 r--p 00004000 08:08 27704                      /usr/lib/libXdmcp.so.6.0.0
7f70d49b4000-7f70d49b5000 rw-p 00005000 08:08 27704                      /usr/lib/libXdmcp.so.6.0.0
7f70d49b5000-7f70d49b7000 r-xp 00000000 08:08 27717                      /usr/lib/libXau.so.6.0.0
7f70d49b7000-7f70d4bb7000 ---p 00002000 08:08 27717                      /usr/lib/libXau.so.6.0.0
7f70d4bb7000-7f70d4bb8000 r--p 00002000 08:08 27717                      /usr/lib/libXau.so.6.0.0
7f70d4bb8000-7f70d4bb9000 rw-p 00003000 08:08 27717                      /usr/lib/libXau.so.6.0.0
7f70d4bb9000-7f70d4be0000 r-xp 00000000 08:08 32553                      /usr/lib/libxcb.so.1.1.0
7f70d4be0000-7f70d4de0000 ---p 00027000 08:08 32553                      /usr/lib/libxcb.so.1.1.0
7f70d4de0000-7f70d4de1000 r--p 00027000 08:08 32553                      /usr/lib/libxcb.so.1.1.0
7f70d4de1000-7f70d4de2000 rw-p 00028000 08:08 32553                      /usr/lib/libxcb.so.1.1.0
7f70d4de2000-7f70d4f1b000 r-xp 00000000 08:08 33462                      /usr/lib/libX11.so.6.3.0
7f70d4f1b000-7f70d511b000 ---p 00139000 08:08 33462                      /usr/lib/libX11.so.6.3.0
7f70d511b000-7f70d511c000 r--p 00139000 08:08 33462                      /usr/lib/libX11.so.6.3.0
7f70d511c000-7f70d5121000 rw-p 0013a000 08:08 33462                      /usr/lib/libX11.so.6.3.0
7f70d5121000-7f70d5157000 r-xp 00000000 00:2c 401991                     /tmp/lwjgldavid/3.1.6-build-14/libglfw.so
7f70d5157000-7f70d5356000 ---p 00036000 00:2c 401991                     /tmp/lwjgldavid/3.1.6-build-14/libglfw.so
7f70d5356000-7f70d5357000 r--p 00035000 00:2c 401991                     /tmp/lwjgldavid/3.1.6-build-14/libglfw.so
7f70d5357000-7f70d5358000 rw-p 00036000 00:2c 401991                     /tmp/lwjgldavid/3.1.6-build-14/libglfw.so
7f70d5358000-7f70d5379000 rw-p 00000000 00:00 0 
7f70d5379000-7f70d53cd000 r-xp 00000000 00:2c 401990                     /tmp/lwjgldavid/3.1.6-build-14/liblwjgl.so
7f70d53cd000-7f70d55cd000 ---p 00054000 00:2c 401990                     /tmp/lwjgldavid/3.1.6-build-14/liblwjgl.so
7f70d55cd000-7f70d55ce000 r--p 00054000 00:2c 401990                     /tmp/lwjgldavid/3.1.6-build-14/liblwjgl.so
7f70d55ce000-7f70d55cf000 rw-p 00055000 00:2c 401990                     /tmp/lwjgldavid/3.1.6-build-14/liblwjgl.so
7f70d55cf000-7f70d55d0000 ---p 00000000 00:00 0 
7f70d55d0000-7f70d56d1000 rw-p 00000000 00:00 0 
7f70d56d1000-7f70d56d5000 ---p 00000000 00:00 0 
7f70d56d5000-7f70d57d2000 rw-p 00000000 00:00 0 
7f70d57d2000-7f70d57d6000 ---p 00000000 00:00 0 
7f70d57d6000-7f70d58d3000 rw-p 00000000 00:00 0 
7f70d58d3000-7f70d58e9000 r-xp 00000000 08:08 279064                     /usr/lib/jvm/java-9-openjdk/lib/libnet.so
7f70d58e9000-7f70d5ae9000 ---p 00016000 08:08 279064                     /usr/lib/jvm/java-9-openjdk/lib/libnet.so
7f70d5ae9000-7f70d5aea000 r--p 00016000 08:08 279064                     /usr/lib/jvm/java-9-openjdk/lib/libnet.so
7f70d5aea000-7f70d5aeb000 rw-p 00017000 08:08 279064                     /usr/lib/jvm/java-9-openjdk/lib/libnet.so
7f70d5aeb000-7f70d5afc000 r-xp 00000000 08:08 279062                     /usr/lib/jvm/java-9-openjdk/lib/libnio.so
7f70d5afc000-7f70d5cfb000 ---p 00011000 08:08 279062                     /usr/lib/jvm/java-9-openjdk/lib/libnio.so
7f70d5cfb000-7f70d5cfc000 r--p 00010000 08:08 279062                     /usr/lib/jvm/java-9-openjdk/lib/libnio.so
7f70d5cfc000-7f70d5cfd000 rw-p 00011000 08:08 279062                     /usr/lib/jvm/java-9-openjdk/lib/libnio.so
7f70d5cfd000-7f70d5d01000 ---p 00000000 00:00 0 
7f70d5d01000-7f70d5dfe000 rw-p 00000000 00:00 0 
7f70d5dfe000-7f70d5e02000 ---p 00000000 00:00 0 
7f70d5e02000-7f70d5eff000 rw-p 00000000 00:00 0 
7f70d5eff000-7f70d5f03000 ---p 00000000 00:00 0 
7f70d5f03000-7f70d6000000 rw-p 00000000 00:00 0 
7f70d6000000-7f70d8000000 rwxp 00000000 00:00 0 
7f70d8000000-7f70d8021000 rw-p 00000000 00:00 0 
7f70d8021000-7f70dc000000 ---p 00000000 00:00 0 
7f70dc08e000-7f70dc092000 ---p 00000000 00:00 0 
7f70dc092000-7f70dc18f000 rw-p 00000000 00:00 0 
7f70dc18f000-7f70dc193000 ---p 00000000 00:00 0 
7f70dc193000-7f70dc480000 rw-p 00000000 00:00 0 
7f70dc480000-7f70de148000 ---p 00000000 00:00 0 
7f70de148000-7f70de338000 rw-p 00000000 00:00 0 
7f70de338000-7f70e0000000 ---p 00000000 00:00 0 
7f70e0000000-7f70e0021000 rw-p 00000000 00:00 0 
7f70e0021000-7f70e4000000 ---p 00000000 00:00 0 
7f70e4000000-7f70e4021000 rw-p 00000000 00:00 0 
7f70e4021000-7f70e8000000 ---p 00000000 00:00 0 
7f70e8000000-7f70e8021000 rw-p 00000000 00:00 0 
7f70e8021000-7f70ec000000 ---p 00000000 00:00 0 
7f70ec000000-7f70ec021000 rw-p 00000000 00:00 0 
7f70ec021000-7f70f0000000 ---p 00000000 00:00 0 
7f70f0000000-7f70f0021000 rw-p 00000000 00:00 0 
7f70f0021000-7f70f4000000 ---p 00000000 00:00 0 
7f70f4000000-7f70f4021000 rw-p 00000000 00:00 0 
7f70f4021000-7f70f8000000 ---p 00000000 00:00 0 
7f70f8000000-7f70f8021000 rw-p 00000000 00:00 0 
7f70f8021000-7f70fc000000 ---p 00000000 00:00 0 
7f70fc000000-7f70fc021000 rw-p 00000000 00:00 0 
7f70fc021000-7f7100000000 ---p 00000000 00:00 0 
7f7100000000-7f7100021000 rw-p 00000000 00:00 0 
7f7100021000-7f7104000000 ---p 00000000 00:00 0 
7f710403d000-7f710407d000 rw-s 00000000 08:04 3575942                    /home/david/#3575942 (deleted)
7f710407d000-7f71040bd000 r-xs 00000000 08:04 3575942                    /home/david/#3575942 (deleted)
7f71040bd000-7f71040ee000 rw-p 00000000 00:00 0 
7f71040ee000-7f71040f2000 ---p 00000000 00:00 0 
7f71040f2000-7f71041ef000 rw-p 00000000 00:00 0 
7f71041ef000-7f71041f3000 ---p 00000000 00:00 0 
7f71041f3000-7f71042f0000 rw-p 00000000 00:00 0 
7f71042f0000-7f71042f1000 ---p 00000000 00:00 0 
7f71042f1000-7f7104c68000 rw-p 00000000 00:00 0 
7f7104c68000-7f710506c000 rw-p 00000000 00:00 0 
7f710506c000-7f710506d000 ---p 00000000 00:00 0 
7f710506d000-7f710516e000 rw-p 00000000 00:00 0 
7f710516e000-7f710516f000 ---p 00000000 00:00 0 
7f710516f000-7f71052ae000 rw-p 00000000 00:00 0 
7f71052ae000-7f7105647000 ---p 00000000 00:00 0 
7f7105647000-7f7105685000 rw-p 00000000 00:00 0 
7f7105685000-7f7105df5000 ---p 00000000 00:00 0 
7f7105df5000-7f7105e33000 rw-p 00000000 00:00 0 
7f7105e33000-7f71061cc000 ---p 00000000 00:00 0 
7f71061cc000-7f71061cd000 ---p 00000000 00:00 0 
7f71061cd000-7f71062ce000 rw-p 00000000 00:00 0 
7f71062ce000-7f71062cf000 ---p 00000000 00:00 0 
7f71062cf000-7f71063d0000 rw-p 00000000 00:00 0 
7f71063d0000-7f71063d1000 ---p 00000000 00:00 0 
7f71063d1000-7f71064d2000 rw-p 00000000 00:00 0 
7f71064d2000-7f71064d3000 ---p 00000000 00:00 0 
7f71064d3000-7f71065d4000 rw-p 00000000 00:00 0 
7f71065d4000-7f71065d5000 ---p 00000000 00:00 0 
7f71065d5000-7f7106ada000 rw-p 00000000 00:00 0 
7f7106ada000-7f7106adb000 ---p 00000000 00:00 0 
7f7106adb000-7f7106bdc000 rw-p 00000000 00:00 0 
7f7106bdc000-7f7106bdd000 ---p 00000000 00:00 0 
7f7106bdd000-7f7106cde000 rw-p 00000000 00:00 0 
7f7106cde000-7f7106cdf000 ---p 00000000 00:00 0 
7f7106cdf000-7f7106de0000 rw-p 00000000 00:00 0 
7f7106de0000-7f7106de1000 ---p 00000000 00:00 0 
7f7106de1000-7f7106ee7000 rw-p 00000000 00:00 0 
7f7106ee7000-7f7106fcd000 ---p 00000000 00:00 0 
7f7106fcd000-7f710723d000 rwxp 00000000 00:00 0 
7f710723d000-7f710755d000 ---p 00000000 00:00 0 
7f710755d000-7f71077cd000 rwxp 00000000 00:00 0 
7f71077cd000-7f710ea95000 ---p 00000000 00:00 0 
7f710ea95000-7f710ed05000 rwxp 00000000 00:00 0 
7f710ed05000-7f7115fcd000 ---p 00000000 00:00 0 
7f7115fcd000-7f711f5a3000 r--s 00000000 08:08 279090                     /usr/lib/jvm/java-9-openjdk/lib/modules
7f711f5a3000-7f711f5a8000 r-xp 00000000 08:08 279063                     /usr/lib/jvm/java-9-openjdk/lib/libjimage.so
7f711f5a8000-7f711f7a7000 ---p 00005000 08:08 279063                     /usr/lib/jvm/java-9-openjdk/lib/libjimage.so
7f711f7a7000-7f711f7a8000 r--p 00004000 08:08 279063                     /usr/lib/jvm/java-9-openjdk/lib/libjimage.so
7f711f7a8000-7f711f7a9000 rw-p 00005000 08:08 279063                     /usr/lib/jvm/java-9-openjdk/lib/libjimage.so
7f711f7a9000-7f711f7b0000 r-xp 00000000 08:08 279065                     /usr/lib/jvm/java-9-openjdk/lib/libzip.so
7f711f7b0000-7f711f9af000 ---p 00007000 08:08 279065                     /usr/lib/jvm/java-9-openjdk/lib/libzip.so
7f711f9af000-7f711f9b0000 r--p 00006000 08:08 279065                     /usr/lib/jvm/java-9-openjdk/lib/libzip.so
7f711f9b0000-7f711f9b1000 rw-p 00007000 08:08 279065                     /usr/lib/jvm/java-9-openjdk/lib/libzip.so
7f711f9b1000-7f711f9bc000 r-xp 00000000 08:08 2956                       /usr/lib/libnss_files-2.27.so
7f711f9bc000-7f711fbbb000 ---p 0000b000 08:08 2956                       /usr/lib/libnss_files-2.27.so
7f711fbbb000-7f711fbbc000 r--p 0000a000 08:08 2956                       /usr/lib/libnss_files-2.27.so
7f711fbbc000-7f711fbbd000 rw-p 0000b000 08:08 2956                       /usr/lib/libnss_files-2.27.so
7f711fbbd000-7f711fbc3000 rw-p 00000000 00:00 0 
7f711fbc3000-7f711fbef000 r-xp 00000000 08:08 279066                     /usr/lib/jvm/java-9-openjdk/lib/libjava.so
7f711fbef000-7f711fdee000 ---p 0002c000 08:08 279066                     /usr/lib/jvm/java-9-openjdk/lib/libjava.so
7f711fdee000-7f711fdef000 r--p 0002b000 08:08 279066                     /usr/lib/jvm/java-9-openjdk/lib/libjava.so
7f711fdef000-7f711fdf0000 rw-p 0002c000 08:08 279066                     /usr/lib/jvm/java-9-openjdk/lib/libjava.so
7f711fdf0000-7f711fdf1000 rw-p 00000000 00:00 0 
7f711fdf1000-7f711fdfe000 r-xp 00000000 08:08 279067                     /usr/lib/jvm/java-9-openjdk/lib/libverify.so
7f711fdfe000-7f711fffd000 ---p 0000d000 08:08 279067                     /usr/lib/jvm/java-9-openjdk/lib/libverify.so
7f711fffd000-7f711ffff000 r--p 0000c000 08:08 279067                     /usr/lib/jvm/java-9-openjdk/lib/libverify.so
7f711ffff000-7f7120000000 rw-p 0000e000 08:08 279067                     /usr/lib/jvm/java-9-openjdk/lib/libverify.so
7f7120000000-7f7120959000 rw-p 00000000 00:00 0 
7f7120959000-7f7124000000 ---p 00000000 00:00 0 
7f712400e000-7f712401e000 rw-s 00000000 00:2e 404909                     /i915 (deleted)
7f712401e000-7f71240a6000 rw-p 00000000 00:00 0 
7f71240a6000-7f712418c000 ---p 00000000 00:00 0 
7f712418c000-7f7124193000 r-xp 00000000 08:08 2947                       /usr/lib/librt-2.27.so
7f7124193000-7f7124392000 ---p 00007000 08:08 2947                       /usr/lib/librt-2.27.so
7f7124392000-7f7124393000 r--p 00006000 08:08 2947                       /usr/lib/librt-2.27.so
7f7124393000-7f7124394000 rw-p 00007000 08:08 2947                       /usr/lib/librt-2.27.so
7f7124394000-7f71243ab000 r-xp 00000000 08:08 4540                       /usr/lib/libgcc_s.so.1
7f71243ab000-7f71245aa000 ---p 00017000 08:08 4540                       /usr/lib/libgcc_s.so.1
7f71245aa000-7f71245ab000 r--p 00016000 08:08 4540                       /usr/lib/libgcc_s.so.1
7f71245ab000-7f71245ac000 rw-p 00017000 08:08 4540                       /usr/lib/libgcc_s.so.1
7f71245ac000-7f712473f000 r-xp 00000000 08:08 200                        /usr/lib/libm-2.27.so
7f712473f000-7f712493f000 ---p 00193000 08:08 200                        /usr/lib/libm-2.27.so
7f712493f000-7f7124940000 r--p 00193000 08:08 200                        /usr/lib/libm-2.27.so
7f7124940000-7f7124941000 rw-p 00194000 08:08 200                        /usr/lib/libm-2.27.so
7f7124941000-7f7124aba000 r-xp 00000000 08:08 2931                       /usr/lib/libstdc++.so.6.0.25
7f7124aba000-7f7124cba000 ---p 00179000 08:08 2931                       /usr/lib/libstdc++.so.6.0.25
7f7124cba000-7f7124cc6000 r--p 00179000 08:08 2931                       /usr/lib/libstdc++.so.6.0.25
7f7124cc6000-7f7124cc7000 rw-p 00185000 08:08 2931                       /usr/lib/libstdc++.so.6.0.25
7f7124cc7000-7f7124cca000 rw-p 00000000 00:00 0 
7f7124cca000-7f7125c5c000 r-xp 00000000 08:08 279092                     /usr/lib/jvm/java-9-openjdk/lib/server/libjvm.so
7f7125c5c000-7f7125e5b000 ---p 00f92000 08:08 279092                     /usr/lib/jvm/java-9-openjdk/lib/server/libjvm.so
7f7125e5b000-7f7125f13000 r--p 00f91000 08:08 279092                     /usr/lib/jvm/java-9-openjdk/lib/server/libjvm.so
7f7125f13000-7f7125f48000 rw-p 01049000 08:08 279092                     /usr/lib/jvm/java-9-openjdk/lib/server/libjvm.so
7f7125f48000-7f7125f90000 rw-p 00000000 00:00 0 
7f7125f90000-7f7125fa9000 r-xp 00000000 08:08 3028                       /usr/lib/libpthread-2.27.so
7f7125fa9000-7f71261a8000 ---p 00019000 08:08 3028                       /usr/lib/libpthread-2.27.so
7f71261a8000-7f71261a9000 r--p 00018000 08:08 3028                       /usr/lib/libpthread-2.27.so
7f71261a9000-7f71261aa000 rw-p 00019000 08:08 3028                       /usr/lib/libpthread-2.27.so
7f71261aa000-7f71261ae000 rw-p 00000000 00:00 0 
7f71261ae000-7f71261b1000 r-xp 00000000 08:08 2938                       /usr/lib/libdl-2.27.so
7f71261b1000-7f71263b0000 ---p 00003000 08:08 2938                       /usr/lib/libdl-2.27.so
7f71263b0000-7f71263b1000 r--p 00002000 08:08 2938                       /usr/lib/libdl-2.27.so
7f71263b1000-7f71263b2000 rw-p 00003000 08:08 2938                       /usr/lib/libdl-2.27.so
7f71263b2000-7f71263c8000 r-xp 00000000 08:08 348                        /usr/lib/libz.so.1.2.11
7f71263c8000-7f71265c7000 ---p 00016000 08:08 348                        /usr/lib/libz.so.1.2.11
7f71265c7000-7f71265c8000 r--p 00015000 08:08 348                        /usr/lib/libz.so.1.2.11
7f71265c8000-7f71265c9000 rw-p 00016000 08:08 348                        /usr/lib/libz.so.1.2.11
7f71265c9000-7f712677c000 r-xp 00000000 08:08 3006                       /usr/lib/libc-2.27.so
7f712677c000-7f712697b000 ---p 001b3000 08:08 3006                       /usr/lib/libc-2.27.so
7f712697b000-7f712697f000 r--p 001b2000 08:08 3006                       /usr/lib/libc-2.27.so
7f712697f000-7f7126981000 rw-p 001b6000 08:08 3006                       /usr/lib/libc-2.27.so
7f7126981000-7f7126985000 rw-p 00000000 00:00 0 
7f7126985000-7f7126994000 r-xp 00000000 08:08 279091                     /usr/lib/jvm/java-9-openjdk/lib/jli/libjli.so
7f7126994000-7f7126b93000 ---p 0000f000 08:08 279091                     /usr/lib/jvm/java-9-openjdk/lib/jli/libjli.so
7f7126b93000-7f7126b94000 r--p 0000e000 08:08 279091                     /usr/lib/jvm/java-9-openjdk/lib/jli/libjli.so
7f7126b94000-7f7126b95000 rw-p 0000f000 08:08 279091                     /usr/lib/jvm/java-9-openjdk/lib/jli/libjli.so
7f7126b95000-7f7126bba000 r-xp 00000000 08:08 3007                       /usr/lib/ld-2.27.so
7f7126bc4000-7f7126bc5000 rw-s 00000000 00:05 402289                     /memfd:xshmfence (deleted)
7f7126bc5000-7f7126bc6000 r-xp 00000000 00:00 0 
7f7126bc6000-7f7126bca000 rw-s 00000000 00:2e 404914                     /i915 (deleted)
7f7126bca000-7f7126bcf000 rw-s 00000000 00:2e 404913                     /i915 (deleted)
7f7126bcf000-7f7126bd3000 rw-s 00000000 00:2e 404904                     /i915 (deleted)
7f7126bd3000-7f7126c90000 rw-p 00000000 00:00 0 
7f7126c90000-7f7126c91000 ---p 00000000 00:00 0 
7f7126c91000-7f7126c92000 rw-p 00000000 00:00 0 
7f7126c92000-7f7126c96000 ---p 00000000 00:00 0 
7f7126c96000-7f7126d93000 rw-p 00000000 00:00 0 
7f7126d93000-7f7126d94000 r-xp 00000000 00:00 0 
7f7126d95000-7f7126d96000 rwxp 00000000 00:00 0 
7f7126d96000-7f7126d9a000 rw-s 00000000 00:2e 404902                     /i915 (deleted)
7f7126d9a000-7f7126d9f000 rw-s 00000000 00:2e 404901                     /i915 (deleted)
7f7126d9f000-7f7126da0000 r-xp 00000000 00:00 0 
7f7126da0000-7f7126da6000 rw-p 00000000 00:00 0 
7f7126da6000-7f7126dad000 ---p 00000000 00:00 0 
7f7126dad000-7f7126db5000 rw-s 00000000 00:2c 403225                     /tmp/hsperfdata_david/32239
7f7126db5000-7f7126db6000 rw-p 00000000 00:00 0 
7f7126db6000-7f7126db7000 r--p 00000000 00:00 0 
7f7126db7000-7f7126db9000 rw-p 00000000 00:00 0 
7f7126db9000-7f7126dba000 r--p 00024000 08:08 3007                       /usr/lib/ld-2.27.so
7f7126dba000-7f7126dbb000 rw-p 00025000 08:08 3007                       /usr/lib/ld-2.27.so
7f7126dbb000-7f7126dbc000 rw-p 00000000 00:00 0 
7fff16360000-7fff16381000 rw-p 00000000 00:00 0                          [stack]
7fff1638b000-7fff1638e000 r--p 00000000 00:00 0                          [vvar]
7fff1638e000-7fff16390000 r-xp 00000000 00:00 0                          [vdso]

VM Arguments:
jvm_args: -Dorg.lwjgl.util.Debug=true 
java_command: Main
java_class_path (initial): lwjgl/lwjgl-stb-natives-linux.jar:lwjgl/lwjgl-glfw-natives-windows.jar:lwjgl/lwjgl-assimp-javadoc.jar:lwjgl/lwjgl-glfw-sources.jar:lwjgl/lwjgl-glfw-javadoc.jar:lwjgl/lwjgl-openal-natives-macos.jar:lwjgl/lwjgl-natives-windows.jar:lwjgl/lwjgl-opengl-sources.jar:lwjgl/lwjgl-opengl-javadoc.jar:lwjgl/lwjgl-stb.jar:lwjgl/lwjgl-glfw.jar:lwjgl/lwjgl-stb-natives-macos.jar:lwjgl/lwjgl-natives-linux.jar:lwjgl/lwjgl-stb-natives-windows.jar:lwjgl/lwjgl-assimp.jar:lwjgl/lwjgl-javadoc.jar:lwjgl/lwjgl-openal.jar:lwjgl/lwjgl-stb-javadoc.jar:lwjgl/lwjgl-assimp-natives-windows.jar:lwjgl/lwjgl-assimp-natives-macos.jar:lwjgl/lwjgl-openal-sources.jar:lwjgl/lwjgl-natives-macos.jar:lwjgl/lwjgl-stb-sources.jar:lwjgl/lwjgl-openal-javadoc.jar:lwjgl/lwjgl-glfw-natives-linux.jar:lwjgl/lwjgl-assimp-sources.jar:lwjgl/lwjgl-assimp-natives-linux.jar:lwjgl/lwjgl-opengl-natives-macos.jar:lwjgl/lwjgl-openal-natives-linux.jar:lwjgl/lwjgl-glfw-natives-macos.jar:lwjgl/lwjgl-opengl.jar:lwjgl/lwjgl-opengl-natives-windows.jar:lwjgl/lwjgl-opengl-natives-linux.jar:lwjgl/lwjgl.jar:lwjgl/lwjgl-sources.jar:lwjgl/lwjgl-openal-natives-windows.jar:bin/
Launcher Type: SUN_STANDARD

Logging:
Log output configuration:
#0: stdout all=warning uptime,level,tags
#1: stderr all=off uptime,level,tags

Environment Variables:
PATH=/home/david/bin:/home/david/.local/bin:/usr/local/sbin:/usr/local/bin:/usr/bin:/usr/lib/jvm/default/bin:/usr/bin/site_perl:/usr/bin/vendor_perl:/usr/bin/core_perl
SHELL=/bin/bash
DISPLAY=:0

Signal Handlers:
SIGSEGV: [libjvm.so+0xd33b50], sa_mask[0]=11111111011111111101111111111110, sa_flags=SA_RESTART|SA_SIGINFO
SIGBUS: [libjvm.so+0xd33b50], sa_mask[0]=11111111011111111101111111111110, sa_flags=SA_RESTART|SA_SIGINFO
SIGFPE: [libjvm.so+0xd33b50], sa_mask[0]=11111111011111111101111111111110, sa_flags=SA_RESTART|SA_SIGINFO
SIGPIPE: [libjvm.so+0xb360d0], sa_mask[0]=11111111011111111101111111111110, sa_flags=SA_RESTART|SA_SIGINFO
SIGXFSZ: [libjvm.so+0xb360d0], sa_mask[0]=11111111011111111101111111111110, sa_flags=SA_RESTART|SA_SIGINFO
SIGILL: [libjvm.so+0xd33b50], sa_mask[0]=11111111011111111101111111111110, sa_flags=SA_RESTART|SA_SIGINFO
SIGUSR2: [libjvm.so+0xb35f60], sa_mask[0]=00000000000000000000000000000000, sa_flags=SA_RESTART|SA_SIGINFO
SIGHUP: [libjvm.so+0xb36190], sa_mask[0]=11111111011111111101111111111110, sa_flags=SA_RESTART|SA_SIGINFO
SIGINT: [libjvm.so+0xb36190], sa_mask[0]=11111111011111111101111111111110, sa_flags=SA_RESTART|SA_SIGINFO
SIGTERM: [libjvm.so+0xb36190], sa_mask[0]=11111111011111111101111111111110, sa_flags=SA_RESTART|SA_SIGINFO
SIGQUIT: [libjvm.so+0xb36190], sa_mask[0]=11111111011111111101111111111110, sa_flags=SA_RESTART|SA_SIGINFO


---------------  S Y S T E M  ---------------

OS:NAME="Arch Linux"
PRETTY_NAME="Arch Linux"
ID=arch
ID_LIKE=archlinux
ANSI_COLOR="0;36"
HOME_URL="https://www.archlinux.org/"
SUPPORT_URL="https://bbs.archlinux.org/"
BUG_REPORT_URL="https://bugs.archlinux.org/"
uname:Linux 4.16.7-1-ARCH #1 SMP PREEMPT Wed May 2 21:12:36 UTC 2018 x86_64
libc:glibc 2.27 NPTL 2.27 
rlimit: STACK 8192k, CORE infinity, NPROC 31124, NOFILE 4096, AS infinity
load average:0.72 0.43 0.42

/proc/meminfo:
MemTotal:        8049332 kB
MemFree:         6330640 kB
MemAvailable:    6916852 kB
Buffers:           38760 kB
Cached:           529676 kB
SwapCached:            0 kB
Active:           884992 kB
Inactive:         659624 kB
Active(anon):     660468 kB
Inactive(anon):    95056 kB
Active(file):     224524 kB
Inactive(file):   564568 kB
Unevictable:           0 kB
Mlocked:               0 kB
SwapTotal:       8290300 kB
SwapFree:        8290300 kB
Dirty:                84 kB
Writeback:             0 kB
AnonPages:        976100 kB
Mapped:           267016 kB
Shmem:             96464 kB
Slab:              70884 kB
SReclaimable:      40888 kB
SUnreclaim:        29996 kB
KernelStack:        6064 kB
PageTables:        12808 kB
NFS_Unstable:          0 kB
Bounce:                0 kB
WritebackTmp:          0 kB
CommitLimit:    12314964 kB
Committed_AS:    3098380 kB
VmallocTotal:   34359738367 kB
VmallocUsed:           0 kB
VmallocChunk:          0 kB
HardwareCorrupted:     0 kB
AnonHugePages:         0 kB
ShmemHugePages:        0 kB
ShmemPmdMapped:        0 kB
HugePages_Total:       0
HugePages_Free:        0
HugePages_Rsvd:        0
HugePages_Surp:        0
Hugepagesize:       2048 kB
Hugetlb:               0 kB
DirectMap4k:      105920 kB
DirectMap2M:     5015552 kB
DirectMap1G:     4194304 kB


CPU:total 4 (initial active 4) (2 cores per cpu, 2 threads per core) family 6 model 69 stepping 1, cmov, cx8, fxsr, mmx, sse, sse2, sse3, ssse3, sse4.1, sse4.2, popcnt, avx, avx2, aes, clmul, erms, lzcnt, ht, tsc, tscinvbit, bmi1, bmi2, fma
CPU Model and flags from /proc/cpuinfo:
model name	: Intel(R) Core(TM) i5-4200U CPU @ 1.60GHz
flags		: fpu vme de pse tsc msr pae mce cx8 apic sep mtrr pge mca cmov pat pse36 clflush dts acpi mmx fxsr sse sse2 ss ht tm pbe syscall nx pdpe1gb rdtscp lm constant_tsc arch_perfmon pebs bts rep_good nopl xtopology nonstop_tsc cpuid aperfmperf pni pclmulqdq dtes64 monitor ds_cpl vmx est tm2 ssse3 sdbg fma cx16 xtpr pdcm pcid sse4_1 sse4_2 movbe popcnt aes xsave avx f16c rdrand lahf_lm abm cpuid_fault epb invpcid_single pti tpr_shadow vnmi flexpriority ept vpid fsgsbase tsc_adjust bmi1 avx2 smep bmi2 erms invpcid xsaveopt dtherm ida arat pln pts

Memory: 4k page, physical 8049332k(6330640k free), swap 8290300k(8290300k free)

vm_info: OpenJDK 64-Bit Server VM (9.0.4+11) for linux-amd64 JRE (9.0.4+11), built on Feb  3 2018 14:14:59 by "builduser" with gcc 7.3.0

END.
