#
# A fatal error has been detected by the Java Runtime Environment:
#
#  SIGSEGV (0xb) at pc=0x00007ff1e4921bfe, pid=31715, tid=31716
#
# JRE version: OpenJDK Runtime Environment (9.0+11) (build 9.0.4+11)
# Java VM: OpenJDK 64-Bit Server VM (9.0.4+11, mixed mode, tiered, compressed oops, g1 gc, linux-amd64)
# Problematic frame:
# C  [libc.so.6+0x15abfe]  __memmove_avx_unaligned_erms+0x6e
#
# Core dump will be written. Default location: Core dumps may be processed with "/usr/lib/systemd/systemd-coredump %P %u %g %s %t %c %h %e" (or dumping to /home/david/Dropbox/ICS12/cancer/core.31715)
#
# If you would like to submit a bug report, please visit:
#   http://bugreport.java.com/bugreport/crash.jsp
# The crash happened outside the Java Virtual Machine in native code.
# See problematic frame for where to report the bug.
#

---------------  S U M M A R Y ------------

Command Line: -Dorg.lwjgl.util.Debug=true Main

Host: Intel(R) Core(TM) i5-4200U CPU @ 1.60GHz, 4 cores, 7G, Arch Linux
Time: Tue May  8 20:30:24 2018 UTC elapsed time: 0 seconds (0d 0h 0m 0s)

---------------  T H R E A D  ---------------

Current thread (0x00007ff1dc011000):  JavaThread "main" [_thread_in_native, id=31716, stack(0x00007ff1e4e90000,0x00007ff1e4f8f000)]

Stack: [0x00007ff1e4e90000,0x00007ff1e4f8f000],  sp=0x00007ff1e4f8d498,  free space=1013k
Native frames: (J=compiled Java code, A=aot compiled Java code, j=interpreted, Vv=VM code, C=native code)
C  [libc.so.6+0x15abfe]  __memmove_avx_unaligned_erms+0x6e
C  0x00007ff1dc4f36a0

Java frames: (J=compiled Java code, j=interpreted, Vv=VM code)
j  org.lwjgl.opengl.GL11.nglDrawElements(IIIJ)V+0
j  org.lwjgl.opengl.GL11.glDrawElements(IIIJ)V+4
j  Main.loop()V+224
j  Main.run()V+19
j  Main.main([Ljava/lang/String;)V+7
v  ~StubRoutines::call_stub

siginfo: si_signo: 11 (SIGSEGV), si_code: 1 (SEGV_MAPERR), si_addr: 0x0000000000000002

Register to memory mapping:

RAX=0x00007ff1c0001010 is an unknown value
RBX=0x00007ff1dc62b510 is an unknown value
RCX=0x0000000000000028 is an unknown value
RDX=0x0000000000000018 is an unknown value
RSP=0x00007ff1e4f8d498 is pointing into the stack for thread: 0x00007ff1dc011000
RBP=0x00007ff1e4f8d630 is pointing into the stack for thread: 0x00007ff1dc011000
RSI=0x0000000000000002 is an unknown value
RDI=0x00007ff1c0001010 is an unknown value
R8 =0x00007ff1e4f8d4a4 is pointing into the stack for thread: 0x00007ff1dc011000
R9 =0x00007ff1e4f8d4a4 is pointing into the stack for thread: 0x00007ff1dc011000
R10=0x00007ff1e4dc8898 is an unknown value
R11=0x0000000000000180 is an unknown value
R12=0x0000000000000004 is an unknown value
R13=0x0000000000000000 is an unknown value
R14=0xffffffffffffffff is an unknown value
R15=0x00007ff1dc4f36a0 is an unknown value


Registers:
RAX=0x00007ff1c0001010, RBX=0x00007ff1dc62b510, RCX=0x0000000000000028, RDX=0x0000000000000018
RSP=0x00007ff1e4f8d498, RBP=0x00007ff1e4f8d630, RSI=0x0000000000000002, RDI=0x00007ff1c0001010
R8 =0x00007ff1e4f8d4a4, R9 =0x00007ff1e4f8d4a4, R10=0x00007ff1e4dc8898, R11=0x0000000000000180
R12=0x0000000000000004, R13=0x0000000000000000, R14=0xffffffffffffffff, R15=0x00007ff1dc4f36a0
RIP=0x00007ff1e4921bfe, EFLAGS=0x0000000000010202, CSGSFS=0x002b000000000033, ERR=0x0000000000000004
  TRAPNO=0x000000000000000e

Top of Stack: (sp=0x00007ff1e4f8d498)
0x00007ff1e4f8d498:   00007ff15efedad4 0000001000000000
0x00007ff1e4f8d4a8:   9027a9d80bcb0b00 00000000000002fe
0x00007ff1e4f8d4b8:   00007ff1dc62b510 00007ff1dc6558d0
0x00007ff1e4f8d4c8:   00007ff15f9c2b70 00000000ffffffff 

Instructions: (pc=0x00007ff1e4921bfe)
0x00007ff1e4921bde:   d1 f3 a4 c3 80 fa 10 73 17 80 fa 08 73 27 80 fa
0x00007ff1e4921bee:   04 73 33 80 fa 01 77 3b 72 05 0f b6 0e 88 0f c3
0x00007ff1e4921bfe:   c5 fa 6f 06 c5 fa 6f 4c 16 f0 c5 fa 7f 07 c5 fa
0x00007ff1e4921c0e:   7f 4c 17 f0 c3 48 8b 4c 16 f8 48 8b 36 48 89 4c 


---------------  P R O C E S S  ---------------

Java Threads: ( => current thread )
  0x00007ff1dc20d800 JavaThread "Service Thread" daemon [_thread_blocked, id=31737, stack(0x00007ff1739d4000,0x00007ff173ad5000)]
  0x00007ff1dc19d000 JavaThread "Common-Cleaner" daemon [_thread_blocked, id=31736, stack(0x00007ff173ad5000,0x00007ff173bd6000)]
  0x00007ff1dc160000 JavaThread "Sweeper thread" daemon [_thread_blocked, id=31735, stack(0x00007ff198047000,0x00007ff198148000)]
  0x00007ff1dc15e000 JavaThread "C1 CompilerThread2" daemon [_thread_blocked, id=31734, stack(0x00007ff1c0042000,0x00007ff1c0143000)]
  0x00007ff1dc15c000 JavaThread "C2 CompilerThread1" daemon [_thread_blocked, id=31733, stack(0x00007ff1c0143000,0x00007ff1c0244000)]
  0x00007ff1dc15a000 JavaThread "C2 CompilerThread0" daemon [_thread_blocked, id=31732, stack(0x00007ff1c0244000,0x00007ff1c0345000)]
  0x00007ff1dc158800 JavaThread "Signal Dispatcher" daemon [_thread_blocked, id=31731, stack(0x00007ff1c0345000,0x00007ff1c0446000)]
  0x00007ff1dc13e800 JavaThread "Finalizer" daemon [_thread_blocked, id=31730, stack(0x00007ff1c0446000,0x00007ff1c0547000)]
  0x00007ff1dc136000 JavaThread "Reference Handler" daemon [_thread_blocked, id=31729, stack(0x00007ff1c0547000,0x00007ff1c0648000)]
=>0x00007ff1dc011000 JavaThread "main" [_thread_in_native, id=31716, stack(0x00007ff1e4e90000,0x00007ff1e4f8f000)]

Other Threads:
  0x00007ff1dc12c800 VMThread "VM Thread" [stack: 0x00007ff1c064a000,0x00007ff1c074a000] [id=31728]
  0x00007ff1dc210000 WatcherThread [stack: 0x00007ff1738d4000,0x00007ff1739d4000] [id=31738]
  0x00007ff1dc026000 GCTaskThread "GC Thread#0" [stack: 0x00007ff1e1657000,0x00007ff1e1757000] [id=31717]
  0x00007ff1dc027800 GCTaskThread "GC Thread#1" [stack: 0x00007ff1e1555000,0x00007ff1e1655000] [id=31718]
  0x00007ff1dc029800 GCTaskThread "GC Thread#2" [stack: 0x00007ff1e1453000,0x00007ff1e1553000] [id=31719]
  0x00007ff1dc02b000 GCTaskThread "GC Thread#3" [stack: 0x00007ff1e1351000,0x00007ff1e1451000] [id=31720]
  0x00007ff1dc059800 ConcurrentGCThread "G1 Main Marker" [stack: 0x00007ff1e0193000,0x00007ff1e0293000] [id=31726]
  0x00007ff1dc05b000 ConcurrentGCThread "G1 Marker#0" [stack: 0x00007ff1e0091000,0x00007ff1e0191000] [id=31727]
  0x00007ff1dc032800 ConcurrentGCThread "G1 Refine#0" [stack: 0x00007ff1e0b45000,0x00007ff1e0c45000] [id=31724]
  0x00007ff1dc030800 ConcurrentGCThread "G1 Refine#1" [stack: 0x00007ff1e0c47000,0x00007ff1e0d47000] [id=31723]
  0x00007ff1dc02f000 ConcurrentGCThread "G1 Refine#2" [stack: 0x00007ff1e0d49000,0x00007ff1e0e49000] [id=31722]
  0x00007ff1dc02d000 ConcurrentGCThread "G1 Refine#3" [stack: 0x00007ff1e0e4b000,0x00007ff1e0f4b000] [id=31721]
  0x00007ff1dc034000 ConcurrentGCThread "G1 Young RemSet Sampling" [stack: 0x00007ff1e0a43000,0x00007ff1e0b43000] [id=31725]

Threads with active compile tasks:

VM state:not at safepoint (normal execution)

VM Mutex/Monitor currently owned by a thread: None

Heap address: 0x0000000085200000, size: 1966 MB, Compressed Oops mode: 32-bit
Narrow klass base: 0x0000000000000000, Narrow klass shift: 3
Compressed class space size: 1073741824 Address: 0x0000000100000000

Heap:
 garbage-first heap   total 126976K, used 5088K [0x0000000085200000, 0x00000000853003e0, 0x0000000100000000)
  region size 1024K, 5 young (5120K), 2 survivors (2048K)
 Metaspace       used 10205K, capacity 10461K, committed 10624K, reserved 1058816K
  class space    used 787K, capacity 853K, committed 896K, reserved 1048576K
Heap Regions: E=young(eden), S=young(survivor), O=old, HS=humongous(starts), HC=humongous(continues), CS=collection set, F=free, A=archive, TS=gc time stamp, AC=allocation context, TAMS=top-at-mark-start (previous, next)
|   0|0x0000000085200000, 0x00000000852f8200, 0x0000000085300000| 96%| O|  |TS  1|AC  0|TAMS 0x0000000085200000, 0x0000000085200000|
|   1|0x0000000085300000, 0x0000000085300000, 0x0000000085400000|  0%| F|  |TS  0|AC  0|TAMS 0x0000000085300000, 0x0000000085300000|
|   2|0x0000000085400000, 0x0000000085400000, 0x0000000085500000|  0%| F|  |TS  0|AC  0|TAMS 0x0000000085400000, 0x0000000085400000|
|   3|0x0000000085500000, 0x0000000085500000, 0x0000000085600000|  0%| F|  |TS  0|AC  0|TAMS 0x0000000085500000, 0x0000000085500000|
|   4|0x0000000085600000, 0x0000000085600000, 0x0000000085700000|  0%| F|  |TS  0|AC  0|TAMS 0x0000000085600000, 0x0000000085600000|
|   5|0x0000000085700000, 0x0000000085700000, 0x0000000085800000|  0%| F|  |TS  0|AC  0|TAMS 0x0000000085700000, 0x0000000085700000|
|   6|0x0000000085800000, 0x0000000085800000, 0x0000000085900000|  0%| F|  |TS  0|AC  0|TAMS 0x0000000085800000, 0x0000000085800000|
|   7|0x0000000085900000, 0x0000000085900000, 0x0000000085a00000|  0%| F|  |TS  0|AC  0|TAMS 0x0000000085900000, 0x0000000085900000|
|   8|0x0000000085a00000, 0x0000000085a00000, 0x0000000085b00000|  0%| F|  |TS  0|AC  0|TAMS 0x0000000085a00000, 0x0000000085a00000|
|   9|0x0000000085b00000, 0x0000000085b00000, 0x0000000085c00000|  0%| F|  |TS  0|AC  0|TAMS 0x0000000085b00000, 0x0000000085b00000|
|  10|0x0000000085c00000, 0x0000000085c00000, 0x0000000085d00000|  0%| F|  |TS  0|AC  0|TAMS 0x0000000085c00000, 0x0000000085c00000|
|  11|0x0000000085d00000, 0x0000000085d00000, 0x0000000085e00000|  0%| F|  |TS  0|AC  0|TAMS 0x0000000085d00000, 0x0000000085d00000|
|  12|0x0000000085e00000, 0x0000000085e00000, 0x0000000085f00000|  0%| F|  |TS  0|AC  0|TAMS 0x0000000085e00000, 0x0000000085e00000|
|  13|0x0000000085f00000, 0x0000000085f00000, 0x0000000086000000|  0%| F|  |TS  0|AC  0|TAMS 0x0000000085f00000, 0x0000000085f00000|
|  14|0x0000000086000000, 0x0000000086000000, 0x0000000086100000|  0%| F|  |TS  0|AC  0|TAMS 0x0000000086000000, 0x0000000086000000|
|  15|0x0000000086100000, 0x0000000086100000, 0x0000000086200000|  0%| F|  |TS  0|AC  0|TAMS 0x0000000086100000, 0x0000000086100000|
|  16|0x0000000086200000, 0x0000000086200000, 0x0000000086300000|  0%| F|  |TS  0|AC  0|TAMS 0x0000000086200000, 0x0000000086200000|
|  17|0x0000000086300000, 0x0000000086300000, 0x0000000086400000|  0%| F|  |TS  0|AC  0|TAMS 0x0000000086300000, 0x0000000086300000|
|  18|0x0000000086400000, 0x0000000086400000, 0x0000000086500000|  0%| F|  |TS  0|AC  0|TAMS 0x0000000086400000, 0x0000000086400000|
|  19|0x0000000086500000, 0x0000000086500000, 0x0000000086600000|  0%| F|  |TS  0|AC  0|TAMS 0x0000000086500000, 0x0000000086500000|
|  20|0x0000000086600000, 0x0000000086600000, 0x0000000086700000|  0%| F|  |TS  0|AC  0|TAMS 0x0000000086600000, 0x0000000086600000|
|  21|0x0000000086700000, 0x0000000086700000, 0x0000000086800000|  0%| F|  |TS  0|AC  0|TAMS 0x0000000086700000, 0x0000000086700000|
|  22|0x0000000086800000, 0x0000000086800000, 0x0000000086900000|  0%| F|  |TS  0|AC  0|TAMS 0x0000000086800000, 0x0000000086800000|
|  23|0x0000000086900000, 0x0000000086900000, 0x0000000086a00000|  0%| F|  |TS  0|AC  0|TAMS 0x0000000086900000, 0x0000000086900000|
|  24|0x0000000086a00000, 0x0000000086a00000, 0x0000000086b00000|  0%| F|  |TS  0|AC  0|TAMS 0x0000000086a00000, 0x0000000086a00000|
|  25|0x0000000086b00000, 0x0000000086b00000, 0x0000000086c00000|  0%| F|  |TS  0|AC  0|TAMS 0x0000000086b00000, 0x0000000086b00000|
|  26|0x0000000086c00000, 0x0000000086c00000, 0x0000000086d00000|  0%| F|  |TS  0|AC  0|TAMS 0x0000000086c00000, 0x0000000086c00000|
|  27|0x0000000086d00000, 0x0000000086d00000, 0x0000000086e00000|  0%| F|  |TS  0|AC  0|TAMS 0x0000000086d00000, 0x0000000086d00000|
|  28|0x0000000086e00000, 0x0000000086e00000, 0x0000000086f00000|  0%| F|  |TS  0|AC  0|TAMS 0x0000000086e00000, 0x0000000086e00000|
|  29|0x0000000086f00000, 0x0000000086f00000, 0x0000000087000000|  0%| F|  |TS  0|AC  0|TAMS 0x0000000086f00000, 0x0000000086f00000|
|  30|0x0000000087000000, 0x0000000087000000, 0x0000000087100000|  0%| F|  |TS  0|AC  0|TAMS 0x0000000087000000, 0x0000000087000000|
|  31|0x0000000087100000, 0x0000000087100000, 0x0000000087200000|  0%| F|  |TS  0|AC  0|TAMS 0x0000000087100000, 0x0000000087100000|
|  32|0x0000000087200000, 0x0000000087200000, 0x0000000087300000|  0%| F|  |TS  0|AC  0|TAMS 0x0000000087200000, 0x0000000087200000|
|  33|0x0000000087300000, 0x0000000087300000, 0x0000000087400000|  0%| F|  |TS  0|AC  0|TAMS 0x0000000087300000, 0x0000000087300000|
|  34|0x0000000087400000, 0x0000000087400000, 0x0000000087500000|  0%| F|  |TS  0|AC  0|TAMS 0x0000000087400000, 0x0000000087400000|
|  35|0x0000000087500000, 0x0000000087500000, 0x0000000087600000|  0%| F|  |TS  0|AC  0|TAMS 0x0000000087500000, 0x0000000087500000|
|  36|0x0000000087600000, 0x0000000087600000, 0x0000000087700000|  0%| F|  |TS  0|AC  0|TAMS 0x0000000087600000, 0x0000000087600000|
|  37|0x0000000087700000, 0x0000000087700000, 0x0000000087800000|  0%| F|  |TS  0|AC  0|TAMS 0x0000000087700000, 0x0000000087700000|
|  38|0x0000000087800000, 0x0000000087800000, 0x0000000087900000|  0%| F|  |TS  0|AC  0|TAMS 0x0000000087800000, 0x0000000087800000|
|  39|0x0000000087900000, 0x0000000087900000, 0x0000000087a00000|  0%| F|  |TS  0|AC  0|TAMS 0x0000000087900000, 0x0000000087900000|
|  40|0x0000000087a00000, 0x0000000087a00000, 0x0000000087b00000|  0%| F|  |TS  0|AC  0|TAMS 0x0000000087a00000, 0x0000000087a00000|
|  41|0x0000000087b00000, 0x0000000087b00000, 0x0000000087c00000|  0%| F|  |TS  0|AC  0|TAMS 0x0000000087b00000, 0x0000000087b00000|
|  42|0x0000000087c00000, 0x0000000087c00000, 0x0000000087d00000|  0%| F|  |TS  0|AC  0|TAMS 0x0000000087c00000, 0x0000000087c00000|
|  43|0x0000000087d00000, 0x0000000087d00000, 0x0000000087e00000|  0%| F|  |TS  0|AC  0|TAMS 0x0000000087d00000, 0x0000000087d00000|
|  44|0x0000000087e00000, 0x0000000087e00000, 0x0000000087f00000|  0%| F|  |TS  0|AC  0|TAMS 0x0000000087e00000, 0x0000000087e00000|
|  45|0x0000000087f00000, 0x0000000087f00000, 0x0000000088000000|  0%| F|  |TS  0|AC  0|TAMS 0x0000000087f00000, 0x0000000087f00000|
|  46|0x0000000088000000, 0x0000000088000000, 0x0000000088100000|  0%| F|  |TS  0|AC  0|TAMS 0x0000000088000000, 0x0000000088000000|
|  47|0x0000000088100000, 0x0000000088100000, 0x0000000088200000|  0%| F|  |TS  0|AC  0|TAMS 0x0000000088100000, 0x0000000088100000|
|  48|0x0000000088200000, 0x0000000088200000, 0x0000000088300000|  0%| F|  |TS  0|AC  0|TAMS 0x0000000088200000, 0x0000000088200000|
|  49|0x0000000088300000, 0x0000000088300000, 0x0000000088400000|  0%| F|  |TS  0|AC  0|TAMS 0x0000000088300000, 0x0000000088300000|
|  50|0x0000000088400000, 0x0000000088400000, 0x0000000088500000|  0%| F|  |TS  0|AC  0|TAMS 0x0000000088400000, 0x0000000088400000|
|  51|0x0000000088500000, 0x0000000088500000, 0x0000000088600000|  0%| F|  |TS  0|AC  0|TAMS 0x0000000088500000, 0x0000000088500000|
|  52|0x0000000088600000, 0x0000000088600000, 0x0000000088700000|  0%| F|  |TS  0|AC  0|TAMS 0x0000000088600000, 0x0000000088600000|
|  53|0x0000000088700000, 0x0000000088700000, 0x0000000088800000|  0%| F|  |TS  0|AC  0|TAMS 0x0000000088700000, 0x0000000088700000|
|  54|0x0000000088800000, 0x0000000088800000, 0x0000000088900000|  0%| F|  |TS  0|AC  0|TAMS 0x0000000088800000, 0x0000000088800000|
|  55|0x0000000088900000, 0x0000000088900000, 0x0000000088a00000|  0%| F|  |TS  0|AC  0|TAMS 0x0000000088900000, 0x0000000088900000|
|  56|0x0000000088a00000, 0x0000000088a00000, 0x0000000088b00000|  0%| F|  |TS  0|AC  0|TAMS 0x0000000088a00000, 0x0000000088a00000|
|  57|0x0000000088b00000, 0x0000000088b00000, 0x0000000088c00000|  0%| F|  |TS  0|AC  0|TAMS 0x0000000088b00000, 0x0000000088b00000|
|  58|0x0000000088c00000, 0x0000000088c00000, 0x0000000088d00000|  0%| F|  |TS  0|AC  0|TAMS 0x0000000088c00000, 0x0000000088c00000|
|  59|0x0000000088d00000, 0x0000000088d00000, 0x0000000088e00000|  0%| F|  |TS  0|AC  0|TAMS 0x0000000088d00000, 0x0000000088d00000|
|  60|0x0000000088e00000, 0x0000000088e00000, 0x0000000088f00000|  0%| F|  |TS  0|AC  0|TAMS 0x0000000088e00000, 0x0000000088e00000|
|  61|0x0000000088f00000, 0x0000000088f00000, 0x0000000089000000|  0%| F|  |TS  0|AC  0|TAMS 0x0000000088f00000, 0x0000000088f00000|
|  62|0x0000000089000000, 0x0000000089000000, 0x0000000089100000|  0%| F|  |TS  0|AC  0|TAMS 0x0000000089000000, 0x0000000089000000|
|  63|0x0000000089100000, 0x0000000089100000, 0x0000000089200000|  0%| F|  |TS  0|AC  0|TAMS 0x0000000089100000, 0x0000000089100000|
|  64|0x0000000089200000, 0x0000000089200000, 0x0000000089300000|  0%| F|  |TS  0|AC  0|TAMS 0x0000000089200000, 0x0000000089200000|
|  65|0x0000000089300000, 0x0000000089300000, 0x0000000089400000|  0%| F|  |TS  0|AC  0|TAMS 0x0000000089300000, 0x0000000089300000|
|  66|0x0000000089400000, 0x0000000089400000, 0x0000000089500000|  0%| F|  |TS  0|AC  0|TAMS 0x0000000089400000, 0x0000000089400000|
|  67|0x0000000089500000, 0x0000000089500000, 0x0000000089600000|  0%| F|  |TS  0|AC  0|TAMS 0x0000000089500000, 0x0000000089500000|
|  68|0x0000000089600000, 0x0000000089600000, 0x0000000089700000|  0%| F|  |TS  0|AC  0|TAMS 0x0000000089600000, 0x0000000089600000|
|  69|0x0000000089700000, 0x0000000089700000, 0x0000000089800000|  0%| F|  |TS  0|AC  0|TAMS 0x0000000089700000, 0x0000000089700000|
|  70|0x0000000089800000, 0x0000000089800000, 0x0000000089900000|  0%| F|  |TS  0|AC  0|TAMS 0x0000000089800000, 0x0000000089800000|
|  71|0x0000000089900000, 0x0000000089900000, 0x0000000089a00000|  0%| F|  |TS  0|AC  0|TAMS 0x0000000089900000, 0x0000000089900000|
|  72|0x0000000089a00000, 0x0000000089a00000, 0x0000000089b00000|  0%| F|  |TS  0|AC  0|TAMS 0x0000000089a00000, 0x0000000089a00000|
|  73|0x0000000089b00000, 0x0000000089b00000, 0x0000000089c00000|  0%| F|  |TS  0|AC  0|TAMS 0x0000000089b00000, 0x0000000089b00000|
|  74|0x0000000089c00000, 0x0000000089c00000, 0x0000000089d00000|  0%| F|  |TS  0|AC  0|TAMS 0x0000000089c00000, 0x0000000089c00000|
|  75|0x0000000089d00000, 0x0000000089d00000, 0x0000000089e00000|  0%| F|  |TS  0|AC  0|TAMS 0x0000000089d00000, 0x0000000089d00000|
|  76|0x0000000089e00000, 0x0000000089e00000, 0x0000000089f00000|  0%| F|  |TS  0|AC  0|TAMS 0x0000000089e00000, 0x0000000089e00000|
|  77|0x0000000089f00000, 0x0000000089f00000, 0x000000008a000000|  0%| F|  |TS  0|AC  0|TAMS 0x0000000089f00000, 0x0000000089f00000|
|  78|0x000000008a000000, 0x000000008a000000, 0x000000008a100000|  0%| F|  |TS  0|AC  0|TAMS 0x000000008a000000, 0x000000008a000000|
|  79|0x000000008a100000, 0x000000008a100000, 0x000000008a200000|  0%| F|  |TS  0|AC  0|TAMS 0x000000008a100000, 0x000000008a100000|
|  80|0x000000008a200000, 0x000000008a200000, 0x000000008a300000|  0%| F|  |TS  0|AC  0|TAMS 0x000000008a200000, 0x000000008a200000|
|  81|0x000000008a300000, 0x000000008a300000, 0x000000008a400000|  0%| F|  |TS  0|AC  0|TAMS 0x000000008a300000, 0x000000008a300000|
|  82|0x000000008a400000, 0x000000008a400000, 0x000000008a500000|  0%| F|  |TS  0|AC  0|TAMS 0x000000008a400000, 0x000000008a400000|
|  83|0x000000008a500000, 0x000000008a500000, 0x000000008a600000|  0%| F|  |TS  0|AC  0|TAMS 0x000000008a500000, 0x000000008a500000|
|  84|0x000000008a600000, 0x000000008a600000, 0x000000008a700000|  0%| F|  |TS  0|AC  0|TAMS 0x000000008a600000, 0x000000008a600000|
|  85|0x000000008a700000, 0x000000008a700000, 0x000000008a800000|  0%| F|  |TS  0|AC  0|TAMS 0x000000008a700000, 0x000000008a700000|
|  86|0x000000008a800000, 0x000000008a800000, 0x000000008a900000|  0%| F|  |TS  0|AC  0|TAMS 0x000000008a800000, 0x000000008a800000|
|  87|0x000000008a900000, 0x000000008a900000, 0x000000008aa00000|  0%| F|  |TS  0|AC  0|TAMS 0x000000008a900000, 0x000000008a900000|
|  88|0x000000008aa00000, 0x000000008aa00000, 0x000000008ab00000|  0%| F|  |TS  0|AC  0|TAMS 0x000000008aa00000, 0x000000008aa00000|
|  89|0x000000008ab00000, 0x000000008ab00000, 0x000000008ac00000|  0%| F|  |TS  0|AC  0|TAMS 0x000000008ab00000, 0x000000008ab00000|
|  90|0x000000008ac00000, 0x000000008ac00000, 0x000000008ad00000|  0%| F|  |TS  0|AC  0|TAMS 0x000000008ac00000, 0x000000008ac00000|
|  91|0x000000008ad00000, 0x000000008ad00000, 0x000000008ae00000|  0%| F|  |TS  0|AC  0|TAMS 0x000000008ad00000, 0x000000008ad00000|
|  92|0x000000008ae00000, 0x000000008ae00000, 0x000000008af00000|  0%| F|  |TS  0|AC  0|TAMS 0x000000008ae00000, 0x000000008ae00000|
|  93|0x000000008af00000, 0x000000008af00000, 0x000000008b000000|  0%| F|  |TS  0|AC  0|TAMS 0x000000008af00000, 0x000000008af00000|
|  94|0x000000008b000000, 0x000000008b000000, 0x000000008b100000|  0%| F|  |TS  0|AC  0|TAMS 0x000000008b000000, 0x000000008b000000|
|  95|0x000000008b100000, 0x000000008b100000, 0x000000008b200000|  0%| F|  |TS  0|AC  0|TAMS 0x000000008b100000, 0x000000008b100000|
|  96|0x000000008b200000, 0x000000008b200000, 0x000000008b300000|  0%| F|  |TS  0|AC  0|TAMS 0x000000008b200000, 0x000000008b200000|
|  97|0x000000008b300000, 0x000000008b300000, 0x000000008b400000|  0%| F|  |TS  0|AC  0|TAMS 0x000000008b300000, 0x000000008b300000|
|  98|0x000000008b400000, 0x000000008b400000, 0x000000008b500000|  0%| F|  |TS  0|AC  0|TAMS 0x000000008b400000, 0x000000008b400000|
|  99|0x000000008b500000, 0x000000008b500000, 0x000000008b600000|  0%| F|  |TS  0|AC  0|TAMS 0x000000008b500000, 0x000000008b500000|
| 100|0x000000008b600000, 0x000000008b600000, 0x000000008b700000|  0%| F|  |TS  0|AC  0|TAMS 0x000000008b600000, 0x000000008b600000|
| 101|0x000000008b700000, 0x000000008b700000, 0x000000008b800000|  0%| F|  |TS  0|AC  0|TAMS 0x000000008b700000, 0x000000008b700000|
| 102|0x000000008b800000, 0x000000008b800000, 0x000000008b900000|  0%| F|  |TS  0|AC  0|TAMS 0x000000008b800000, 0x000000008b800000|
| 103|0x000000008b900000, 0x000000008b900000, 0x000000008ba00000|  0%| F|  |TS  0|AC  0|TAMS 0x000000008b900000, 0x000000008b900000|
| 104|0x000000008ba00000, 0x000000008ba00000, 0x000000008bb00000|  0%| F|  |TS  0|AC  0|TAMS 0x000000008ba00000, 0x000000008ba00000|
| 105|0x000000008bb00000, 0x000000008bb00000, 0x000000008bc00000|  0%| F|  |TS  0|AC  0|TAMS 0x000000008bb00000, 0x000000008bb00000|
| 106|0x000000008bc00000, 0x000000008bc00000, 0x000000008bd00000|  0%| F|  |TS  0|AC  0|TAMS 0x000000008bc00000, 0x000000008bc00000|
| 107|0x000000008bd00000, 0x000000008bd00000, 0x000000008be00000|  0%| F|  |TS  0|AC  0|TAMS 0x000000008bd00000, 0x000000008bd00000|
| 108|0x000000008be00000, 0x000000008bf00000, 0x000000008bf00000|100%| S|CS|TS  1|AC  0|TAMS 0x000000008be00000, 0x000000008be00000|
| 109|0x000000008bf00000, 0x000000008c000000, 0x000000008c000000|100%| S|CS|TS  1|AC  0|TAMS 0x000000008bf00000, 0x000000008bf00000|
| 110|0x000000008c000000, 0x000000008c000000, 0x000000008c100000|  0%| F|  |TS  1|AC  0|TAMS 0x000000008c000000, 0x000000008c000000|
| 111|0x000000008c100000, 0x000000008c100000, 0x000000008c200000|  0%| F|  |TS  1|AC  0|TAMS 0x000000008c100000, 0x000000008c100000|
| 112|0x000000008c200000, 0x000000008c200000, 0x000000008c300000|  0%| F|  |TS  1|AC  0|TAMS 0x000000008c200000, 0x000000008c200000|
| 113|0x000000008c300000, 0x000000008c300000, 0x000000008c400000|  0%| F|  |TS  1|AC  0|TAMS 0x000000008c300000, 0x000000008c300000|
| 114|0x000000008c400000, 0x000000008c400000, 0x000000008c500000|  0%| F|  |TS  1|AC  0|TAMS 0x000000008c400000, 0x000000008c400000|
| 115|0x000000008c500000, 0x000000008c500000, 0x000000008c600000|  0%| F|  |TS  1|AC  0|TAMS 0x000000008c500000, 0x000000008c500000|
| 116|0x000000008c600000, 0x000000008c600000, 0x000000008c700000|  0%| F|  |TS  1|AC  0|TAMS 0x000000008c600000, 0x000000008c600000|
| 117|0x000000008c700000, 0x000000008c700000, 0x000000008c800000|  0%| F|  |TS  1|AC  0|TAMS 0x000000008c700000, 0x000000008c700000|
| 118|0x000000008c800000, 0x000000008c800000, 0x000000008c900000|  0%| F|  |TS  1|AC  0|TAMS 0x000000008c800000, 0x000000008c800000|
| 119|0x000000008c900000, 0x000000008c900000, 0x000000008ca00000|  0%| F|  |TS  1|AC  0|TAMS 0x000000008c900000, 0x000000008c900000|
| 120|0x000000008ca00000, 0x000000008ca00000, 0x000000008cb00000|  0%| F|  |TS  1|AC  0|TAMS 0x000000008ca00000, 0x000000008ca00000|
| 121|0x000000008cb00000, 0x000000008cb80800, 0x000000008cc00000| 50%| E|  |TS  1|AC  0|TAMS 0x000000008cb00000, 0x000000008cb00000|
| 122|0x000000008cc00000, 0x000000008cd00000, 0x000000008cd00000|100%| E|CS|TS  1|AC  0|TAMS 0x000000008cc00000, 0x000000008cc00000|
| 123|0x000000008cd00000, 0x000000008ce00000, 0x000000008ce00000|100%| E|CS|TS  1|AC  0|TAMS 0x000000008cd00000, 0x000000008cd00000|

Card table byte_map: [0x00007ff1c3653000,0x00007ff1c3a2a000] byte_map_base: 0x00007ff1c322a000

Marking Bits (Prev, Next): (CMBitMap*) 0x00007ff1dc058840, (CMBitMap*) 0x00007ff1dc058878
 Prev Bits: [0x00007ff1c13c4000, 0x00007ff1c327c000)
 Next Bits: [0x00007ff19a148000, 0x00007ff19c000000)

Polling page: 0x00007ff1e4fb4000

CodeHeap 'non-profiled nmethods': size=120032Kb used=271Kb max_used=271Kb free=119760Kb
 bounds [0x00007ff1cb4f2000, 0x00007ff1cb762000, 0x00007ff1d2a2a000]
CodeHeap 'profiled nmethods': size=120032Kb used=1341Kb max_used=1341Kb free=118690Kb
 bounds [0x00007ff1c3fba000, 0x00007ff1c422a000, 0x00007ff1cb4f2000]
CodeHeap 'non-nmethods': size=5696Kb used=1485Kb max_used=1505Kb free=4210Kb
 bounds [0x00007ff1c3a2a000, 0x00007ff1c3c9a000, 0x00007ff1c3fba000]
 total_blobs=1818 nmethods=800 adapters=761
 compilation: enabled

Compilation events (10 events):
Event: 0.593 Thread 0x00007ff1dc15e000  793       3       sun.misc.Unsafe::putAddress (9 bytes)
Event: 0.594 Thread 0x00007ff1dc15e000 nmethod 793 0x00007ff1c4107f90 code [0x00007ff1c4108140, 0x00007ff1c4108470]
Event: 0.594 Thread 0x00007ff1dc15e000  798       3       java.util.HashMap::keySet (25 bytes)
Event: 0.594 Thread 0x00007ff1dc15e000 nmethod 798 0x00007ff1c4108590 code [0x00007ff1c4108760, 0x00007ff1c4108b70]
Event: 0.594 Thread 0x00007ff1dc15e000  799       3       java.util.HashMap$KeySet::iterator (12 bytes)
Event: 0.594 Thread 0x00007ff1dc15e000 nmethod 799 0x00007ff1c4108c90 code [0x00007ff1c4108e60, 0x00007ff1c4109108]
Event: 0.594 Thread 0x00007ff1dc15e000  800       3       java.util.HashMap$KeyIterator::<init> (11 bytes)
Event: 0.595 Thread 0x00007ff1dc15e000 nmethod 800 0x00007ff1c4109210 code [0x00007ff1c41093c0, 0x00007ff1c4109588]
Event: 0.622 Thread 0x00007ff1dc15a000 nmethod 744 0x00007ff1cb52ec90 code [0x00007ff1cb52ef40, 0x00007ff1cb530dc0]
Event: 0.622 Thread 0x00007ff1dc15a000  757       4       java.lang.StringLatin1::replace (196 bytes)

GC Heap History (2 events):
Event: 0.529 GC heap before
{Heap before GC invocations=0 (full 0):
 garbage-first heap   total 126976K, used 14336K [0x0000000085200000, 0x00000000853003e0, 0x0000000100000000)
  region size 1024K, 14 young (14336K), 0 survivors (0K)
 Metaspace       used 9654K, capacity 9857K, committed 10112K, reserved 1058816K
  class space    used 731K, capacity 781K, committed 896K, reserved 1048576K
}
Event: 0.534 GC heap after
{Heap after GC invocations=1 (full 0):
 garbage-first heap   total 126976K, used 3040K [0x0000000085200000, 0x00000000853003e0, 0x0000000100000000)
  region size 1024K, 2 young (2048K), 2 survivors (2048K)
 Metaspace       used 9654K, capacity 9857K, committed 10112K, reserved 1058816K
  class space    used 731K, capacity 781K, committed 896K, reserved 1048576K
}

Deoptimization events (0 events):
No events

Classes redefined (0 events):
No events

Internal exceptions (10 events):
Event: 0.250 Thread 0x00007ff1dc011000 Exception <a 'sun/nio/fs/UnixException'{0x000000008c86e490}> (0x000000008c86e490) thrown at [/build/java9-openjdk/src/jdk9u-jdk-9.0.4+11/hotspot/src/share/vm/prims/jni.cpp, line 604]
Event: 0.255 Thread 0x00007ff1dc011000 Exception <a 'sun/nio/fs/UnixException'{0x000000008c877ca0}> (0x000000008c877ca0) thrown at [/build/java9-openjdk/src/jdk9u-jdk-9.0.4+11/hotspot/src/share/vm/prims/jni.cpp, line 604]
Event: 0.256 Thread 0x00007ff1dc011000 Exception <a 'sun/nio/fs/UnixException'{0x000000008c87c080}> (0x000000008c87c080) thrown at [/build/java9-openjdk/src/jdk9u-jdk-9.0.4+11/hotspot/src/share/vm/prims/jni.cpp, line 604]
Event: 0.328 Thread 0x00007ff1dc011000 Exception <a 'sun/nio/fs/UnixException'{0x000000008c64aee8}> (0x000000008c64aee8) thrown at [/build/java9-openjdk/src/jdk9u-jdk-9.0.4+11/hotspot/src/share/vm/prims/jni.cpp, line 604]
Event: 0.329 Thread 0x00007ff1dc011000 Exception <a 'sun/nio/fs/UnixException'{0x000000008c64edf8}> (0x000000008c64edf8) thrown at [/build/java9-openjdk/src/jdk9u-jdk-9.0.4+11/hotspot/src/share/vm/prims/jni.cpp, line 604]
Event: 0.398 Thread 0x00007ff1dc011000 Exception <a 'java/lang/NoSuchMethodError'{0x000000008c6e0ae8}: java.lang.invoke.DirectMethodHandle$Holder.invokeStatic(Ljava/lang/Object;JII)V> (0x000000008c6e0ae8) thrown at [/build/java9-openjdk/src/jdk9u-jdk-9.0.4+11/hotspot/src/share/vm/interpreter/l
Event: 0.404 Thread 0x00007ff1dc011000 Exception <a 'sun/nio/fs/UnixException'{0x000000008c5319e0}> (0x000000008c5319e0) thrown at [/build/java9-openjdk/src/jdk9u-jdk-9.0.4+11/hotspot/src/share/vm/prims/jni.cpp, line 604]
Event: 0.405 Thread 0x00007ff1dc011000 Exception <a 'sun/nio/fs/UnixException'{0x000000008c535968}> (0x000000008c535968) thrown at [/build/java9-openjdk/src/jdk9u-jdk-9.0.4+11/hotspot/src/share/vm/prims/jni.cpp, line 604]
Event: 0.418 Thread 0x00007ff1dc011000 Exception <a 'sun/nio/fs/UnixException'{0x000000008c559d88}> (0x000000008c559d88) thrown at [/build/java9-openjdk/src/jdk9u-jdk-9.0.4+11/hotspot/src/share/vm/prims/jni.cpp, line 604]
Event: 0.565 Thread 0x00007ff1dc011000 Exception <a 'java/lang/NoSuchMethodError'{0x000000008cb0cfd0}: java.lang.invoke.DirectMethodHandle$Holder.invokeInterface(Ljava/lang/Object;Ljava/lang/Object;Ljava/lang/Object;)I> (0x000000008cb0cfd0) thrown at [/build/java9-openjdk/src/jdk9u-jdk-9.0.4+1

Events (10 events):
Event: 0.586 loading class Util
Event: 0.586 loading class Util done
Event: 0.587 loading class org/lwjgl/system/APIUtil$Encoder
Event: 0.587 loading class org/lwjgl/system/APIUtil$Encoder done
Event: 0.588 loading class org/lwjgl/system/APIUtil$Encoder
Event: 0.588 loading class org/lwjgl/system/APIUtil$Encoder done
Event: 0.588 loading class org/lwjgl/system/libc/LibCStdlib
Event: 0.588 loading class org/lwjgl/system/libc/LibCStdlib done
Event: 0.593 loading class org/lwjgl/opengl/GL$ICDStatic$WriteOnce
Event: 0.593 loading class org/lwjgl/opengl/GL$ICDStatic$WriteOnce done


Dynamic libraries:
85200000-8ce00000 rw-p 00000000 00:00 0 
8ce00000-100000000 ---p 00000000 00:00 0 
100000000-1000e0000 rw-p 00000000 00:00 0 
1000e0000-140000000 ---p 00000000 00:00 0 
55688c93b000-55688c93c000 r-xp 00000000 08:08 279043                     /usr/lib/jvm/java-9-openjdk/bin/java
55688cb3c000-55688cb3d000 r--p 00001000 08:08 279043                     /usr/lib/jvm/java-9-openjdk/bin/java
55688cb3d000-55688cb3e000 rw-p 00002000 08:08 279043                     /usr/lib/jvm/java-9-openjdk/bin/java
55688d332000-55688d353000 rw-p 00000000 00:00 0                          [heap]
7ff15cd9e000-7ff15cf1e000 rw-p 00000000 00:00 0 
7ff15cf1e000-7ff15cf9e000 ---p 00000000 00:00 0 
7ff15cf9e000-7ff15cfde000 rw-s 00000000 08:04 3575942                    /home/david/#3575942 (deleted)
7ff15cfde000-7ff15d049000 r-xp 00000000 00:2c 404013                     /tmp/lwjgldavid/3.1.6-build-14/liblwjgl_opengl.so
7ff15d049000-7ff15d248000 ---p 0006b000 00:2c 404013                     /tmp/lwjgldavid/3.1.6-build-14/liblwjgl_opengl.so
7ff15d248000-7ff15d249000 r--p 0006a000 00:2c 404013                     /tmp/lwjgldavid/3.1.6-build-14/liblwjgl_opengl.so
7ff15d249000-7ff15d24a000 rw-p 0006b000 00:2c 404013                     /tmp/lwjgldavid/3.1.6-build-14/liblwjgl_opengl.so
7ff15d24a000-7ff15e5fb000 rw-p 00000000 00:00 0 
7ff15e5fb000-7ff15e603000 r-xp 00000000 08:08 33619                      /usr/lib/libpciaccess.so.0.11.1
7ff15e603000-7ff15e803000 ---p 00008000 08:08 33619                      /usr/lib/libpciaccess.so.0.11.1
7ff15e803000-7ff15e804000 r--p 00008000 08:08 33619                      /usr/lib/libpciaccess.so.0.11.1
7ff15e804000-7ff15e805000 rw-p 00009000 08:08 33619                      /usr/lib/libpciaccess.so.0.11.1
7ff15e805000-7ff15e80c000 r-xp 00000000 08:08 33639                      /usr/lib/libdrm_nouveau.so.2.0.0
7ff15e80c000-7ff15ea0b000 ---p 00007000 08:08 33639                      /usr/lib/libdrm_nouveau.so.2.0.0
7ff15ea0b000-7ff15ea0c000 r--p 00006000 08:08 33639                      /usr/lib/libdrm_nouveau.so.2.0.0
7ff15ea0c000-7ff15ea0d000 rw-p 00007000 08:08 33639                      /usr/lib/libdrm_nouveau.so.2.0.0
7ff15ea0d000-7ff15ea18000 r-xp 00000000 08:08 33633                      /usr/lib/libdrm_radeon.so.1.0.1
7ff15ea18000-7ff15ec17000 ---p 0000b000 08:08 33633                      /usr/lib/libdrm_radeon.so.1.0.1
7ff15ec17000-7ff15ec18000 r--p 0000a000 08:08 33633                      /usr/lib/libdrm_radeon.so.1.0.1
7ff15ec18000-7ff15ec19000 rw-p 0000b000 08:08 33633                      /usr/lib/libdrm_radeon.so.1.0.1
7ff15ec19000-7ff15ec3c000 r-xp 00000000 08:08 33634                      /usr/lib/libdrm_intel.so.1.0.0
7ff15ec3c000-7ff15ee3b000 ---p 00023000 08:08 33634                      /usr/lib/libdrm_intel.so.1.0.0
7ff15ee3b000-7ff15ee3c000 r--p 00022000 08:08 33634                      /usr/lib/libdrm_intel.so.1.0.0
7ff15ee3c000-7ff15ee3d000 rw-p 00023000 08:08 33634                      /usr/lib/libdrm_intel.so.1.0.0
7ff15ee3d000-7ff15f6c6000 r-xp 00000000 08:08 138956                     /usr/lib/dri/i965_dri.so
7ff15f6c6000-7ff15f8c5000 ---p 00889000 08:08 138956                     /usr/lib/dri/i965_dri.so
7ff15f8c5000-7ff15f916000 r--p 00888000 08:08 138956                     /usr/lib/dri/i965_dri.so
7ff15f916000-7ff15f920000 rw-p 008d9000 08:08 138956                     /usr/lib/dri/i965_dri.so
7ff15f920000-7ff15f9c5000 rw-p 00000000 00:00 0 
7ff15f9c5000-7ff15f9f4000 r-xp 00000000 08:08 13951                      /usr/lib/libexpat.so.1.6.7
7ff15f9f4000-7ff15fbf4000 ---p 0002f000 08:08 13951                      /usr/lib/libexpat.so.1.6.7
7ff15fbf4000-7ff15fbf6000 r--p 0002f000 08:08 13951                      /usr/lib/libexpat.so.1.6.7
7ff15fbf6000-7ff15fbf7000 rw-p 00031000 08:08 13951                      /usr/lib/libexpat.so.1.6.7
7ff15fbf7000-7ff15fbf8000 r-xp 00000000 08:08 33789                      /usr/lib/libxshmfence.so.1.0.0
7ff15fbf8000-7ff15fdf7000 ---p 00001000 08:08 33789                      /usr/lib/libxshmfence.so.1.0.0
7ff15fdf7000-7ff15fdf8000 r--p 00000000 08:08 33789                      /usr/lib/libxshmfence.so.1.0.0
7ff15fdf8000-7ff15fdf9000 rw-p 00001000 08:08 33789                      /usr/lib/libxshmfence.so.1.0.0
7ff15fdf9000-7ff15fdff000 r-xp 00000000 08:08 32562                      /usr/lib/libxcb-sync.so.1.0.0
7ff15fdff000-7ff15fffe000 ---p 00006000 08:08 32562                      /usr/lib/libxcb-sync.so.1.0.0
7ff15fffe000-7ff15ffff000 r--p 00005000 08:08 32562                      /usr/lib/libxcb-sync.so.1.0.0
7ff15ffff000-7ff160000000 rw-p 00006000 08:08 32562                      /usr/lib/libxcb-sync.so.1.0.0
7ff160000000-7ff160021000 rw-p 00000000 00:00 0 
7ff160021000-7ff164000000 ---p 00000000 00:00 0 
7ff164000000-7ff164021000 rw-p 00000000 00:00 0 
7ff164021000-7ff168000000 ---p 00000000 00:00 0 
7ff168000000-7ff168021000 rw-p 00000000 00:00 0 
7ff168021000-7ff16c000000 ---p 00000000 00:00 0 
7ff16c000000-7ff16c021000 rw-p 00000000 00:00 0 
7ff16c021000-7ff170000000 ---p 00000000 00:00 0 
7ff17000c000-7ff17000e000 r-xp 00000000 08:08 32554                      /usr/lib/libxcb-present.so.0.0.0
7ff17000e000-7ff17020d000 ---p 00002000 08:08 32554                      /usr/lib/libxcb-present.so.0.0.0
7ff17020d000-7ff17020e000 r--p 00001000 08:08 32554                      /usr/lib/libxcb-present.so.0.0.0
7ff17020e000-7ff17020f000 rw-p 00002000 08:08 32554                      /usr/lib/libxcb-present.so.0.0.0
7ff17020f000-7ff170212000 r-xp 00000000 08:08 32563                      /usr/lib/libxcb-dri3.so.0.0.0
7ff170212000-7ff170411000 ---p 00003000 08:08 32563                      /usr/lib/libxcb-dri3.so.0.0.0
7ff170411000-7ff170412000 r--p 00002000 08:08 32563                      /usr/lib/libxcb-dri3.so.0.0.0
7ff170412000-7ff170413000 rw-p 00003000 08:08 32563                      /usr/lib/libxcb-dri3.so.0.0.0
7ff170413000-7ff170415000 r-xp 00000000 08:08 33783                      /usr/lib/libXdamage.so.1.1.0
7ff170415000-7ff170614000 ---p 00002000 08:08 33783                      /usr/lib/libXdamage.so.1.1.0
7ff170614000-7ff170615000 r--p 00001000 08:08 33783                      /usr/lib/libXdamage.so.1.1.0
7ff170615000-7ff170616000 rw-p 00002000 08:08 33783                      /usr/lib/libXdamage.so.1.1.0
7ff170616000-7ff17061a000 r-xp 00000000 08:08 32574                      /usr/lib/libxcb-dri2.so.0.0.0
7ff17061a000-7ff170819000 ---p 00004000 08:08 32574                      /usr/lib/libxcb-dri2.so.0.0.0
7ff170819000-7ff17081a000 r--p 00003000 08:08 32574                      /usr/lib/libxcb-dri2.so.0.0.0
7ff17081a000-7ff17081b000 rw-p 00004000 08:08 32574                      /usr/lib/libxcb-dri2.so.0.0.0
7ff17081b000-7ff170834000 r-xp 00000000 08:08 32587                      /usr/lib/libxcb-glx.so.0.0.0
7ff170834000-7ff170a33000 ---p 00019000 08:08 32587                      /usr/lib/libxcb-glx.so.0.0.0
7ff170a33000-7ff170a35000 r--p 00018000 08:08 32587                      /usr/lib/libxcb-glx.so.0.0.0
7ff170a35000-7ff170a36000 rw-p 0001a000 08:08 32587                      /usr/lib/libxcb-glx.so.0.0.0
7ff170a36000-7ff170a47000 r-xp 00000000 08:08 33646                      /usr/lib/libdrm.so.2.4.0
7ff170a47000-7ff170c46000 ---p 00011000 08:08 33646                      /usr/lib/libdrm.so.2.4.0
7ff170c46000-7ff170c47000 r--p 00010000 08:08 33646                      /usr/lib/libdrm.so.2.4.0
7ff170c47000-7ff170c48000 rw-p 00011000 08:08 33646                      /usr/lib/libdrm.so.2.4.0
7ff170c48000-7ff170c74000 r-xp 00000000 08:08 33904                      /usr/lib/libglapi.so.0.0.0
7ff170c74000-7ff170e73000 ---p 0002c000 08:08 33904                      /usr/lib/libglapi.so.0.0.0
7ff170e73000-7ff170e77000 r--p 0002b000 08:08 33904                      /usr/lib/libglapi.so.0.0.0
7ff170e77000-7ff170e78000 rw-p 0002f000 08:08 33904                      /usr/lib/libglapi.so.0.0.0
7ff170e78000-7ff170e79000 rw-p 00000000 00:00 0 
7ff170e79000-7ff170ee9000 r-xp 00000000 08:08 33911                      /usr/lib/libGLX_mesa.so.0.0.0
7ff170ee9000-7ff1710e8000 ---p 00070000 08:08 33911                      /usr/lib/libGLX_mesa.so.0.0.0
7ff1710e8000-7ff1710eb000 r--p 0006f000 08:08 33911                      /usr/lib/libGLX_mesa.so.0.0.0
7ff1710eb000-7ff1710ec000 rw-p 00072000 08:08 33911                      /usr/lib/libGLX_mesa.so.0.0.0
7ff1710ec000-7ff17115a000 r-xp 00000000 08:08 33931                      /usr/lib/libGLdispatch.so.0.0.0
7ff17115a000-7ff171359000 ---p 0006e000 08:08 33931                      /usr/lib/libGLdispatch.so.0.0.0
7ff171359000-7ff171381000 r--p 0006d000 08:08 33931                      /usr/lib/libGLdispatch.so.0.0.0
7ff171381000-7ff171382000 rw-p 00095000 08:08 33931                      /usr/lib/libGLdispatch.so.0.0.0
7ff171382000-7ff1713a2000 rw-p 00000000 00:00 0 
7ff1713a2000-7ff1713b2000 r-xp 00000000 08:08 33934                      /usr/lib/libGLX.so.0.0.0
7ff1713b2000-7ff1715b1000 ---p 00010000 08:08 33934                      /usr/lib/libGLX.so.0.0.0
7ff1715b1000-7ff1715b2000 r--p 0000f000 08:08 33934                      /usr/lib/libGLX.so.0.0.0
7ff1715b2000-7ff1715b3000 rw-p 00010000 08:08 33934                      /usr/lib/libGLX.so.0.0.0
7ff1715b3000-7ff1715d3000 rw-p 00000000 00:00 0 
7ff1715d3000-7ff171643000 r-xp 00000000 08:08 33935                      /usr/lib/libGL.so.1.0.0
7ff171643000-7ff171842000 ---p 00070000 08:08 33935                      /usr/lib/libGL.so.1.0.0
7ff171842000-7ff17185c000 r--p 0006f000 08:08 33935                      /usr/lib/libGL.so.1.0.0
7ff17185c000-7ff17185d000 rw-p 00089000 08:08 33935                      /usr/lib/libGL.so.1.0.0
7ff17185d000-7ff17185e000 rw-p 00000000 00:00 0 
7ff17185e000-7ff17185f000 r-xp 00000000 08:08 33463                      /usr/lib/libX11-xcb.so.1.0.0
7ff17185f000-7ff171a5e000 ---p 00001000 08:08 33463                      /usr/lib/libX11-xcb.so.1.0.0
7ff171a5e000-7ff171a5f000 r--p 00000000 08:08 33463                      /usr/lib/libX11-xcb.so.1.0.0
7ff171a5f000-7ff171a60000 rw-p 00001000 08:08 33463                      /usr/lib/libX11-xcb.so.1.0.0
7ff171a60000-7ff171a62000 r-xp 00000000 08:08 34981                      /usr/lib/libXinerama.so.1.0.0
7ff171a62000-7ff171c61000 ---p 00002000 08:08 34981                      /usr/lib/libXinerama.so.1.0.0
7ff171c61000-7ff171c62000 r--p 00001000 08:08 34981                      /usr/lib/libXinerama.so.1.0.0
7ff171c62000-7ff171c63000 rw-p 00002000 08:08 34981                      /usr/lib/libXinerama.so.1.0.0
7ff171c63000-7ff171c68000 r-xp 00000000 08:08 33778                      /usr/lib/libXfixes.so.3.1.0
7ff171c68000-7ff171e67000 ---p 00005000 08:08 33778                      /usr/lib/libXfixes.so.3.1.0
7ff171e67000-7ff171e68000 r--p 00004000 08:08 33778                      /usr/lib/libXfixes.so.3.1.0
7ff171e68000-7ff171e69000 rw-p 00005000 08:08 33778                      /usr/lib/libXfixes.so.3.1.0
7ff171e69000-7ff171e72000 r-xp 00000000 08:08 35041                      /usr/lib/libXcursor.so.1.0.2
7ff171e72000-7ff172071000 ---p 00009000 08:08 35041                      /usr/lib/libXcursor.so.1.0.2
7ff172071000-7ff172072000 r--p 00008000 08:08 35041                      /usr/lib/libXcursor.so.1.0.2
7ff172072000-7ff172073000 rw-p 00009000 08:08 35041                      /usr/lib/libXcursor.so.1.0.2
7ff172073000-7ff17207c000 r-xp 00000000 08:08 34082                      /usr/lib/libXrender.so.1.3.0
7ff17207c000-7ff17227c000 ---p 00009000 08:08 34082                      /usr/lib/libXrender.so.1.3.0
7ff17227c000-7ff17227d000 r--p 00009000 08:08 34082                      /usr/lib/libXrender.so.1.3.0
7ff17227d000-7ff17227e000 rw-p 0000a000 08:08 34082                      /usr/lib/libXrender.so.1.3.0
7ff17227e000-7ff172288000 r-xp 00000000 08:08 34990                      /usr/lib/libXrandr.so.2.2.0
7ff172288000-7ff172487000 ---p 0000a000 08:08 34990                      /usr/lib/libXrandr.so.2.2.0
7ff172487000-7ff172488000 r--p 00009000 08:08 34990                      /usr/lib/libXrandr.so.2.2.0
7ff172488000-7ff172489000 rw-p 0000a000 08:08 34990                      /usr/lib/libXrandr.so.2.2.0
7ff172489000-7ff172498000 r-xp 00000000 08:08 35607                      /usr/lib/libXi.so.6.1.0
7ff172498000-7ff172698000 ---p 0000f000 08:08 35607                      /usr/lib/libXi.so.6.1.0
7ff172698000-7ff172699000 r--p 0000f000 08:08 35607                      /usr/lib/libXi.so.6.1.0
7ff172699000-7ff17269a000 rw-p 00010000 08:08 35607                      /usr/lib/libXi.so.6.1.0
7ff17269a000-7ff1726ab000 r-xp 00000000 08:08 33613                      /usr/lib/libXext.so.6.4.0
7ff1726ab000-7ff1728aa000 ---p 00011000 08:08 33613                      /usr/lib/libXext.so.6.4.0
7ff1728aa000-7ff1728ab000 r--p 00010000 08:08 33613                      /usr/lib/libXext.so.6.4.0
7ff1728ab000-7ff1728ac000 rw-p 00011000 08:08 33613                      /usr/lib/libXext.so.6.4.0
7ff1728ac000-7ff1728b1000 r-xp 00000000 08:08 33776                      /usr/lib/libXxf86vm.so.1.0.0
7ff1728b1000-7ff172ab0000 ---p 00005000 08:08 33776                      /usr/lib/libXxf86vm.so.1.0.0
7ff172ab0000-7ff172ab1000 r--p 00004000 08:08 33776                      /usr/lib/libXxf86vm.so.1.0.0
7ff172ab1000-7ff172ab2000 rw-p 00005000 08:08 33776                      /usr/lib/libXxf86vm.so.1.0.0
7ff172ab2000-7ff172ab7000 r-xp 00000000 08:08 27704                      /usr/lib/libXdmcp.so.6.0.0
7ff172ab7000-7ff172cb6000 ---p 00005000 08:08 27704                      /usr/lib/libXdmcp.so.6.0.0
7ff172cb6000-7ff172cb7000 r--p 00004000 08:08 27704                      /usr/lib/libXdmcp.so.6.0.0
7ff172cb7000-7ff172cb8000 rw-p 00005000 08:08 27704                      /usr/lib/libXdmcp.so.6.0.0
7ff172cb8000-7ff172cba000 r-xp 00000000 08:08 27717                      /usr/lib/libXau.so.6.0.0
7ff172cba000-7ff172eba000 ---p 00002000 08:08 27717                      /usr/lib/libXau.so.6.0.0
7ff172eba000-7ff172ebb000 r--p 00002000 08:08 27717                      /usr/lib/libXau.so.6.0.0
7ff172ebb000-7ff172ebc000 rw-p 00003000 08:08 27717                      /usr/lib/libXau.so.6.0.0
7ff172ebc000-7ff172ee3000 r-xp 00000000 08:08 32553                      /usr/lib/libxcb.so.1.1.0
7ff172ee3000-7ff1730e3000 ---p 00027000 08:08 32553                      /usr/lib/libxcb.so.1.1.0
7ff1730e3000-7ff1730e4000 r--p 00027000 08:08 32553                      /usr/lib/libxcb.so.1.1.0
7ff1730e4000-7ff1730e5000 rw-p 00028000 08:08 32553                      /usr/lib/libxcb.so.1.1.0
7ff1730e5000-7ff17321e000 r-xp 00000000 08:08 33462                      /usr/lib/libX11.so.6.3.0
7ff17321e000-7ff17341e000 ---p 00139000 08:08 33462                      /usr/lib/libX11.so.6.3.0
7ff17341e000-7ff17341f000 r--p 00139000 08:08 33462                      /usr/lib/libX11.so.6.3.0
7ff17341f000-7ff173424000 rw-p 0013a000 08:08 33462                      /usr/lib/libX11.so.6.3.0
7ff173424000-7ff17345a000 r-xp 00000000 00:2c 401991                     /tmp/lwjgldavid/3.1.6-build-14/libglfw.so
7ff17345a000-7ff173659000 ---p 00036000 00:2c 401991                     /tmp/lwjgldavid/3.1.6-build-14/libglfw.so
7ff173659000-7ff17365a000 r--p 00035000 00:2c 401991                     /tmp/lwjgldavid/3.1.6-build-14/libglfw.so
7ff17365a000-7ff17365b000 rw-p 00036000 00:2c 401991                     /tmp/lwjgldavid/3.1.6-build-14/libglfw.so
7ff17365b000-7ff17367c000 rw-p 00000000 00:00 0 
7ff17367c000-7ff1736d0000 r-xp 00000000 00:2c 401990                     /tmp/lwjgldavid/3.1.6-build-14/liblwjgl.so
7ff1736d0000-7ff1738d0000 ---p 00054000 00:2c 401990                     /tmp/lwjgldavid/3.1.6-build-14/liblwjgl.so
7ff1738d0000-7ff1738d1000 r--p 00054000 00:2c 401990                     /tmp/lwjgldavid/3.1.6-build-14/liblwjgl.so
7ff1738d1000-7ff1738d2000 rw-p 00055000 00:2c 401990                     /tmp/lwjgldavid/3.1.6-build-14/liblwjgl.so
7ff1738d2000-7ff1738d3000 ---p 00000000 00:00 0 
7ff1738d3000-7ff1739d4000 rw-p 00000000 00:00 0 
7ff1739d4000-7ff1739d8000 ---p 00000000 00:00 0 
7ff1739d8000-7ff173ad5000 rw-p 00000000 00:00 0 
7ff173ad5000-7ff173ad9000 ---p 00000000 00:00 0 
7ff173ad9000-7ff173bd6000 rw-p 00000000 00:00 0 
7ff173bd6000-7ff173bec000 r-xp 00000000 08:08 279064                     /usr/lib/jvm/java-9-openjdk/lib/libnet.so
7ff173bec000-7ff173dec000 ---p 00016000 08:08 279064                     /usr/lib/jvm/java-9-openjdk/lib/libnet.so
7ff173dec000-7ff173ded000 r--p 00016000 08:08 279064                     /usr/lib/jvm/java-9-openjdk/lib/libnet.so
7ff173ded000-7ff173dee000 rw-p 00017000 08:08 279064                     /usr/lib/jvm/java-9-openjdk/lib/libnet.so
7ff173dee000-7ff173dff000 r-xp 00000000 08:08 279062                     /usr/lib/jvm/java-9-openjdk/lib/libnio.so
7ff173dff000-7ff173ffe000 ---p 00011000 08:08 279062                     /usr/lib/jvm/java-9-openjdk/lib/libnio.so
7ff173ffe000-7ff173fff000 r--p 00010000 08:08 279062                     /usr/lib/jvm/java-9-openjdk/lib/libnio.so
7ff173fff000-7ff174000000 rw-p 00011000 08:08 279062                     /usr/lib/jvm/java-9-openjdk/lib/libnio.so
7ff174000000-7ff174301000 rw-p 00000000 00:00 0 
7ff174301000-7ff178000000 ---p 00000000 00:00 0 
7ff178000000-7ff178338000 rw-p 00000000 00:00 0 
7ff178338000-7ff17c000000 ---p 00000000 00:00 0 
7ff17c000000-7ff17c021000 rw-p 00000000 00:00 0 
7ff17c021000-7ff180000000 ---p 00000000 00:00 0 
7ff180000000-7ff18031a000 rw-p 00000000 00:00 0 
7ff18031a000-7ff184000000 ---p 00000000 00:00 0 
7ff184000000-7ff184021000 rw-p 00000000 00:00 0 
7ff184021000-7ff188000000 ---p 00000000 00:00 0 
7ff188000000-7ff188021000 rw-p 00000000 00:00 0 
7ff188021000-7ff18c000000 ---p 00000000 00:00 0 
7ff18c000000-7ff18c021000 rw-p 00000000 00:00 0 
7ff18c021000-7ff190000000 ---p 00000000 00:00 0 
7ff190000000-7ff190021000 rw-p 00000000 00:00 0 
7ff190021000-7ff194000000 ---p 00000000 00:00 0 
7ff194000000-7ff194021000 rw-p 00000000 00:00 0 
7ff194021000-7ff198000000 ---p 00000000 00:00 0 
7ff198007000-7ff198047000 r-xs 00000000 08:04 3575942                    /home/david/#3575942 (deleted)
7ff198047000-7ff19804b000 ---p 00000000 00:00 0 
7ff19804b000-7ff198148000 rw-p 00000000 00:00 0 
7ff198148000-7ff19a148000 rwxp 00000000 00:00 0 
7ff19a148000-7ff19a338000 rw-p 00000000 00:00 0 
7ff19a338000-7ff19c000000 ---p 00000000 00:00 0 
7ff19c000000-7ff19c021000 rw-p 00000000 00:00 0 
7ff19c021000-7ff1a0000000 ---p 00000000 00:00 0 
7ff1a0000000-7ff1a0021000 rw-p 00000000 00:00 0 
7ff1a0021000-7ff1a4000000 ---p 00000000 00:00 0 
7ff1a4000000-7ff1a4021000 rw-p 00000000 00:00 0 
7ff1a4021000-7ff1a8000000 ---p 00000000 00:00 0 
7ff1a8000000-7ff1a8021000 rw-p 00000000 00:00 0 
7ff1a8021000-7ff1ac000000 ---p 00000000 00:00 0 
7ff1ac000000-7ff1ac021000 rw-p 00000000 00:00 0 
7ff1ac021000-7ff1b0000000 ---p 00000000 00:00 0 
7ff1b0000000-7ff1b0021000 rw-p 00000000 00:00 0 
7ff1b0021000-7ff1b4000000 ---p 00000000 00:00 0 
7ff1b4000000-7ff1b4021000 rw-p 00000000 00:00 0 
7ff1b4021000-7ff1b8000000 ---p 00000000 00:00 0 
7ff1b8000000-7ff1b8021000 rw-p 00000000 00:00 0 
7ff1b8021000-7ff1bc000000 ---p 00000000 00:00 0 
7ff1bc000000-7ff1bc021000 rw-p 00000000 00:00 0 
7ff1bc021000-7ff1c0000000 ---p 00000000 00:00 0 
7ff1c0001000-7ff1c0011000 rw-s 00000000 00:2e 404007                     /i915 (deleted)
7ff1c0011000-7ff1c0042000 rw-p 00000000 00:00 0 
7ff1c0042000-7ff1c0046000 ---p 00000000 00:00 0 
7ff1c0046000-7ff1c0143000 rw-p 00000000 00:00 0 
7ff1c0143000-7ff1c0147000 ---p 00000000 00:00 0 
7ff1c0147000-7ff1c0244000 rw-p 00000000 00:00 0 
7ff1c0244000-7ff1c0248000 ---p 00000000 00:00 0 
7ff1c0248000-7ff1c0345000 rw-p 00000000 00:00 0 
7ff1c0345000-7ff1c0349000 ---p 00000000 00:00 0 
7ff1c0349000-7ff1c0446000 rw-p 00000000 00:00 0 
7ff1c0446000-7ff1c044a000 ---p 00000000 00:00 0 
7ff1c044a000-7ff1c0547000 rw-p 00000000 00:00 0 
7ff1c0547000-7ff1c054b000 ---p 00000000 00:00 0 
7ff1c054b000-7ff1c0648000 rw-p 00000000 00:00 0 
7ff1c0648000-7ff1c0649000 ---p 00000000 00:00 0 
7ff1c0649000-7ff1c0fc0000 rw-p 00000000 00:00 0 
7ff1c0fc0000-7ff1c15b4000 rw-p 00000000 00:00 0 
7ff1c15b4000-7ff1c327c000 ---p 00000000 00:00 0 
7ff1c327c000-7ff1c32ba000 rw-p 00000000 00:00 0 
7ff1c32ba000-7ff1c3653000 ---p 00000000 00:00 0 
7ff1c3653000-7ff1c3691000 rw-p 00000000 00:00 0 
7ff1c3691000-7ff1c3a2a000 ---p 00000000 00:00 0 
7ff1c3a2a000-7ff1c3c9a000 rwxp 00000000 00:00 0 
7ff1c3c9a000-7ff1c3fba000 ---p 00000000 00:00 0 
7ff1c3fba000-7ff1c422a000 rwxp 00000000 00:00 0 
7ff1c422a000-7ff1cb4f2000 ---p 00000000 00:00 0 
7ff1cb4f2000-7ff1cb762000 rwxp 00000000 00:00 0 
7ff1cb762000-7ff1d2a2a000 ---p 00000000 00:00 0 
7ff1d2a2a000-7ff1dc000000 r--s 00000000 08:08 279090                     /usr/lib/jvm/java-9-openjdk/lib/modules
7ff1dc000000-7ff1dc9f9000 rw-p 00000000 00:00 0 
7ff1dc9f9000-7ff1e0000000 ---p 00000000 00:00 0 
7ff1e000c000-7ff1e008f000 rw-p 00000000 00:00 0 
7ff1e008f000-7ff1e0090000 ---p 00000000 00:00 0 
7ff1e0090000-7ff1e0191000 rw-p 00000000 00:00 0 
7ff1e0191000-7ff1e0192000 ---p 00000000 00:00 0 
7ff1e0192000-7ff1e0293000 rw-p 00000000 00:00 0 
7ff1e0293000-7ff1e066a000 ---p 00000000 00:00 0 
7ff1e066a000-7ff1e06a8000 rw-p 00000000 00:00 0 
7ff1e06a8000-7ff1e0a41000 ---p 00000000 00:00 0 
7ff1e0a41000-7ff1e0a42000 ---p 00000000 00:00 0 
7ff1e0a42000-7ff1e0b43000 rw-p 00000000 00:00 0 
7ff1e0b43000-7ff1e0b44000 ---p 00000000 00:00 0 
7ff1e0b44000-7ff1e0c45000 rw-p 00000000 00:00 0 
7ff1e0c45000-7ff1e0c46000 ---p 00000000 00:00 0 
7ff1e0c46000-7ff1e0d47000 rw-p 00000000 00:00 0 
7ff1e0d47000-7ff1e0d48000 ---p 00000000 00:00 0 
7ff1e0d48000-7ff1e0e49000 rw-p 00000000 00:00 0 
7ff1e0e49000-7ff1e0e4a000 ---p 00000000 00:00 0 
7ff1e0e4a000-7ff1e134f000 rw-p 00000000 00:00 0 
7ff1e134f000-7ff1e1350000 ---p 00000000 00:00 0 
7ff1e1350000-7ff1e1451000 rw-p 00000000 00:00 0 
7ff1e1451000-7ff1e1452000 ---p 00000000 00:00 0 
7ff1e1452000-7ff1e1553000 rw-p 00000000 00:00 0 
7ff1e1553000-7ff1e1554000 ---p 00000000 00:00 0 
7ff1e1554000-7ff1e1655000 rw-p 00000000 00:00 0 
7ff1e1655000-7ff1e1656000 ---p 00000000 00:00 0 
7ff1e1656000-7ff1e175c000 rw-p 00000000 00:00 0 
7ff1e175c000-7ff1e1842000 ---p 00000000 00:00 0 
7ff1e1842000-7ff1e1847000 rw-p 00000000 00:00 0 
7ff1e1847000-7ff1e192d000 ---p 00000000 00:00 0 
7ff1e192d000-7ff1e1932000 r-xp 00000000 08:08 279063                     /usr/lib/jvm/java-9-openjdk/lib/libjimage.so
7ff1e1932000-7ff1e1b31000 ---p 00005000 08:08 279063                     /usr/lib/jvm/java-9-openjdk/lib/libjimage.so
7ff1e1b31000-7ff1e1b32000 r--p 00004000 08:08 279063                     /usr/lib/jvm/java-9-openjdk/lib/libjimage.so
7ff1e1b32000-7ff1e1b33000 rw-p 00005000 08:08 279063                     /usr/lib/jvm/java-9-openjdk/lib/libjimage.so
7ff1e1b33000-7ff1e1b3a000 r-xp 00000000 08:08 279065                     /usr/lib/jvm/java-9-openjdk/lib/libzip.so
7ff1e1b3a000-7ff1e1d39000 ---p 00007000 08:08 279065                     /usr/lib/jvm/java-9-openjdk/lib/libzip.so
7ff1e1d39000-7ff1e1d3a000 r--p 00006000 08:08 279065                     /usr/lib/jvm/java-9-openjdk/lib/libzip.so
7ff1e1d3a000-7ff1e1d3b000 rw-p 00007000 08:08 279065                     /usr/lib/jvm/java-9-openjdk/lib/libzip.so
7ff1e1d3b000-7ff1e1d46000 r-xp 00000000 08:08 2956                       /usr/lib/libnss_files-2.27.so
7ff1e1d46000-7ff1e1f45000 ---p 0000b000 08:08 2956                       /usr/lib/libnss_files-2.27.so
7ff1e1f45000-7ff1e1f46000 r--p 0000a000 08:08 2956                       /usr/lib/libnss_files-2.27.so
7ff1e1f46000-7ff1e1f47000 rw-p 0000b000 08:08 2956                       /usr/lib/libnss_files-2.27.so
7ff1e1f47000-7ff1e1f4d000 rw-p 00000000 00:00 0 
7ff1e1f4d000-7ff1e1f79000 r-xp 00000000 08:08 279066                     /usr/lib/jvm/java-9-openjdk/lib/libjava.so
7ff1e1f79000-7ff1e2178000 ---p 0002c000 08:08 279066                     /usr/lib/jvm/java-9-openjdk/lib/libjava.so
7ff1e2178000-7ff1e2179000 r--p 0002b000 08:08 279066                     /usr/lib/jvm/java-9-openjdk/lib/libjava.so
7ff1e2179000-7ff1e217a000 rw-p 0002c000 08:08 279066                     /usr/lib/jvm/java-9-openjdk/lib/libjava.so
7ff1e217a000-7ff1e217b000 rw-p 00000000 00:00 0 
7ff1e217b000-7ff1e2188000 r-xp 00000000 08:08 279067                     /usr/lib/jvm/java-9-openjdk/lib/libverify.so
7ff1e2188000-7ff1e2387000 ---p 0000d000 08:08 279067                     /usr/lib/jvm/java-9-openjdk/lib/libverify.so
7ff1e2387000-7ff1e2389000 r--p 0000c000 08:08 279067                     /usr/lib/jvm/java-9-openjdk/lib/libverify.so
7ff1e2389000-7ff1e238a000 rw-p 0000e000 08:08 279067                     /usr/lib/jvm/java-9-openjdk/lib/libverify.so
7ff1e238a000-7ff1e2391000 r-xp 00000000 08:08 2947                       /usr/lib/librt-2.27.so
7ff1e2391000-7ff1e2590000 ---p 00007000 08:08 2947                       /usr/lib/librt-2.27.so
7ff1e2590000-7ff1e2591000 r--p 00006000 08:08 2947                       /usr/lib/librt-2.27.so
7ff1e2591000-7ff1e2592000 rw-p 00007000 08:08 2947                       /usr/lib/librt-2.27.so
7ff1e2592000-7ff1e25a9000 r-xp 00000000 08:08 4540                       /usr/lib/libgcc_s.so.1
7ff1e25a9000-7ff1e27a8000 ---p 00017000 08:08 4540                       /usr/lib/libgcc_s.so.1
7ff1e27a8000-7ff1e27a9000 r--p 00016000 08:08 4540                       /usr/lib/libgcc_s.so.1
7ff1e27a9000-7ff1e27aa000 rw-p 00017000 08:08 4540                       /usr/lib/libgcc_s.so.1
7ff1e27aa000-7ff1e293d000 r-xp 00000000 08:08 200                        /usr/lib/libm-2.27.so
7ff1e293d000-7ff1e2b3d000 ---p 00193000 08:08 200                        /usr/lib/libm-2.27.so
7ff1e2b3d000-7ff1e2b3e000 r--p 00193000 08:08 200                        /usr/lib/libm-2.27.so
7ff1e2b3e000-7ff1e2b3f000 rw-p 00194000 08:08 200                        /usr/lib/libm-2.27.so
7ff1e2b3f000-7ff1e2cb8000 r-xp 00000000 08:08 2931                       /usr/lib/libstdc++.so.6.0.25
7ff1e2cb8000-7ff1e2eb8000 ---p 00179000 08:08 2931                       /usr/lib/libstdc++.so.6.0.25
7ff1e2eb8000-7ff1e2ec4000 r--p 00179000 08:08 2931                       /usr/lib/libstdc++.so.6.0.25
7ff1e2ec4000-7ff1e2ec5000 rw-p 00185000 08:08 2931                       /usr/lib/libstdc++.so.6.0.25
7ff1e2ec5000-7ff1e2ec8000 rw-p 00000000 00:00 0 
7ff1e2ec8000-7ff1e3e5a000 r-xp 00000000 08:08 279092                     /usr/lib/jvm/java-9-openjdk/lib/server/libjvm.so
7ff1e3e5a000-7ff1e4059000 ---p 00f92000 08:08 279092                     /usr/lib/jvm/java-9-openjdk/lib/server/libjvm.so
7ff1e4059000-7ff1e4111000 r--p 00f91000 08:08 279092                     /usr/lib/jvm/java-9-openjdk/lib/server/libjvm.so
7ff1e4111000-7ff1e4146000 rw-p 01049000 08:08 279092                     /usr/lib/jvm/java-9-openjdk/lib/server/libjvm.so
7ff1e4146000-7ff1e418e000 rw-p 00000000 00:00 0 
7ff1e418e000-7ff1e41a7000 r-xp 00000000 08:08 3028                       /usr/lib/libpthread-2.27.so
7ff1e41a7000-7ff1e43a6000 ---p 00019000 08:08 3028                       /usr/lib/libpthread-2.27.so
7ff1e43a6000-7ff1e43a7000 r--p 00018000 08:08 3028                       /usr/lib/libpthread-2.27.so
7ff1e43a7000-7ff1e43a8000 rw-p 00019000 08:08 3028                       /usr/lib/libpthread-2.27.so
7ff1e43a8000-7ff1e43ac000 rw-p 00000000 00:00 0 
7ff1e43ac000-7ff1e43af000 r-xp 00000000 08:08 2938                       /usr/lib/libdl-2.27.so
7ff1e43af000-7ff1e45ae000 ---p 00003000 08:08 2938                       /usr/lib/libdl-2.27.so
7ff1e45ae000-7ff1e45af000 r--p 00002000 08:08 2938                       /usr/lib/libdl-2.27.so
7ff1e45af000-7ff1e45b0000 rw-p 00003000 08:08 2938                       /usr/lib/libdl-2.27.so
7ff1e45b0000-7ff1e45c6000 r-xp 00000000 08:08 348                        /usr/lib/libz.so.1.2.11
7ff1e45c6000-7ff1e47c5000 ---p 00016000 08:08 348                        /usr/lib/libz.so.1.2.11
7ff1e47c5000-7ff1e47c6000 r--p 00015000 08:08 348                        /usr/lib/libz.so.1.2.11
7ff1e47c6000-7ff1e47c7000 rw-p 00016000 08:08 348                        /usr/lib/libz.so.1.2.11
7ff1e47c7000-7ff1e497a000 r-xp 00000000 08:08 3006                       /usr/lib/libc-2.27.so
7ff1e497a000-7ff1e4b79000 ---p 001b3000 08:08 3006                       /usr/lib/libc-2.27.so
7ff1e4b79000-7ff1e4b7d000 r--p 001b2000 08:08 3006                       /usr/lib/libc-2.27.so
7ff1e4b7d000-7ff1e4b7f000 rw-p 001b6000 08:08 3006                       /usr/lib/libc-2.27.so
7ff1e4b7f000-7ff1e4b83000 rw-p 00000000 00:00 0 
7ff1e4b83000-7ff1e4b92000 r-xp 00000000 08:08 279091                     /usr/lib/jvm/java-9-openjdk/lib/jli/libjli.so
7ff1e4b92000-7ff1e4d91000 ---p 0000f000 08:08 279091                     /usr/lib/jvm/java-9-openjdk/lib/jli/libjli.so
7ff1e4d91000-7ff1e4d92000 r--p 0000e000 08:08 279091                     /usr/lib/jvm/java-9-openjdk/lib/jli/libjli.so
7ff1e4d92000-7ff1e4d93000 rw-p 0000f000 08:08 279091                     /usr/lib/jvm/java-9-openjdk/lib/jli/libjli.so
7ff1e4d93000-7ff1e4db8000 r-xp 00000000 08:08 3007                       /usr/lib/ld-2.27.so
7ff1e4dc2000-7ff1e4dc3000 rw-s 00000000 00:05 404017                     /memfd:xshmfence (deleted)
7ff1e4dc3000-7ff1e4dc4000 r-xp 00000000 00:00 0 
7ff1e4dc4000-7ff1e4dc8000 rw-s 00000000 00:2e 404012                     /i915 (deleted)
7ff1e4dc8000-7ff1e4dcd000 rw-s 00000000 00:2e 404011                     /i915 (deleted)
7ff1e4dcd000-7ff1e4dd1000 rw-s 00000000 00:2e 401999                     /i915 (deleted)
7ff1e4dd1000-7ff1e4e8e000 rw-p 00000000 00:00 0 
7ff1e4e8e000-7ff1e4e8f000 ---p 00000000 00:00 0 
7ff1e4e8f000-7ff1e4e90000 rw-p 00000000 00:00 0 
7ff1e4e90000-7ff1e4e94000 ---p 00000000 00:00 0 
7ff1e4e94000-7ff1e4f91000 rw-p 00000000 00:00 0 
7ff1e4f91000-7ff1e4f92000 r-xp 00000000 00:00 0 
7ff1e4f93000-7ff1e4f94000 rwxp 00000000 00:00 0 
7ff1e4f94000-7ff1e4f98000 rw-s 00000000 00:2e 401997                     /i915 (deleted)
7ff1e4f98000-7ff1e4f9d000 rw-s 00000000 00:2e 401996                     /i915 (deleted)
7ff1e4f9d000-7ff1e4f9e000 r-xp 00000000 00:00 0 
7ff1e4f9e000-7ff1e4fa4000 rw-p 00000000 00:00 0 
7ff1e4fa4000-7ff1e4fab000 ---p 00000000 00:00 0 
7ff1e4fab000-7ff1e4fb3000 rw-s 00000000 00:2c 401981                     /tmp/hsperfdata_david/31715
7ff1e4fb3000-7ff1e4fb4000 rw-p 00000000 00:00 0 
7ff1e4fb4000-7ff1e4fb5000 r--p 00000000 00:00 0 
7ff1e4fb5000-7ff1e4fb7000 rw-p 00000000 00:00 0 
7ff1e4fb7000-7ff1e4fb8000 r--p 00024000 08:08 3007                       /usr/lib/ld-2.27.so
7ff1e4fb8000-7ff1e4fb9000 rw-p 00025000 08:08 3007                       /usr/lib/ld-2.27.so
7ff1e4fb9000-7ff1e4fba000 rw-p 00000000 00:00 0 
7ffec3586000-7ffec35a7000 rw-p 00000000 00:00 0                          [stack]
7ffec35b5000-7ffec35b8000 r--p 00000000 00:00 0                          [vvar]
7ffec35b8000-7ffec35ba000 r-xp 00000000 00:00 0                          [vdso]

VM Arguments:
jvm_args: -Dorg.lwjgl.util.Debug=true 
java_command: Main
java_class_path (initial): lwjgl/lwjgl-stb-natives-linux.jar:lwjgl/lwjgl-glfw-natives-windows.jar:lwjgl/lwjgl-assimp-javadoc.jar:lwjgl/lwjgl-glfw-sources.jar:lwjgl/lwjgl-glfw-javadoc.jar:lwjgl/lwjgl-openal-natives-macos.jar:lwjgl/lwjgl-natives-windows.jar:lwjgl/lwjgl-opengl-sources.jar:lwjgl/lwjgl-opengl-javadoc.jar:lwjgl/lwjgl-stb.jar:lwjgl/lwjgl-glfw.jar:lwjgl/lwjgl-stb-natives-macos.jar:lwjgl/lwjgl-natives-linux.jar:lwjgl/lwjgl-stb-natives-windows.jar:lwjgl/lwjgl-assimp.jar:lwjgl/lwjgl-javadoc.jar:lwjgl/lwjgl-openal.jar:lwjgl/lwjgl-stb-javadoc.jar:lwjgl/lwjgl-assimp-natives-windows.jar:lwjgl/lwjgl-assimp-natives-macos.jar:lwjgl/lwjgl-openal-sources.jar:lwjgl/lwjgl-natives-macos.jar:lwjgl/lwjgl-stb-sources.jar:lwjgl/lwjgl-openal-javadoc.jar:lwjgl/lwjgl-glfw-natives-linux.jar:lwjgl/lwjgl-assimp-sources.jar:lwjgl/lwjgl-assimp-natives-linux.jar:lwjgl/lwjgl-opengl-natives-macos.jar:lwjgl/lwjgl-openal-natives-linux.jar:lwjgl/lwjgl-glfw-natives-macos.jar:lwjgl/lwjgl-opengl.jar:lwjgl/lwjgl-opengl-natives-windows.jar:lwjgl/lwjgl-opengl-natives-linux.jar:lwjgl/lwjgl.jar:lwjgl/lwjgl-sources.jar:lwjgl/lwjgl-openal-natives-windows.jar:bin/
Launcher Type: SUN_STANDARD

Logging:
Log output configuration:
#0: stdout all=warning uptime,level,tags
#1: stderr all=off uptime,level,tags

Environment Variables:
PATH=/home/david/bin:/home/david/.local/bin:/usr/local/sbin:/usr/local/bin:/usr/bin:/usr/lib/jvm/default/bin:/usr/bin/site_perl:/usr/bin/vendor_perl:/usr/bin/core_perl
SHELL=/bin/bash
DISPLAY=:0

Signal Handlers:
SIGSEGV: [libjvm.so+0xd33b50], sa_mask[0]=11111111011111111101111111111110, sa_flags=SA_RESTART|SA_SIGINFO
SIGBUS: [libjvm.so+0xd33b50], sa_mask[0]=11111111011111111101111111111110, sa_flags=SA_RESTART|SA_SIGINFO
SIGFPE: [libjvm.so+0xd33b50], sa_mask[0]=11111111011111111101111111111110, sa_flags=SA_RESTART|SA_SIGINFO
SIGPIPE: [libjvm.so+0xb360d0], sa_mask[0]=11111111011111111101111111111110, sa_flags=SA_RESTART|SA_SIGINFO
SIGXFSZ: [libjvm.so+0xb360d0], sa_mask[0]=11111111011111111101111111111110, sa_flags=SA_RESTART|SA_SIGINFO
SIGILL: [libjvm.so+0xd33b50], sa_mask[0]=11111111011111111101111111111110, sa_flags=SA_RESTART|SA_SIGINFO
SIGUSR2: [libjvm.so+0xb35f60], sa_mask[0]=00000000000000000000000000000000, sa_flags=SA_RESTART|SA_SIGINFO
SIGHUP: [libjvm.so+0xb36190], sa_mask[0]=11111111011111111101111111111110, sa_flags=SA_RESTART|SA_SIGINFO
SIGINT: [libjvm.so+0xb36190], sa_mask[0]=11111111011111111101111111111110, sa_flags=SA_RESTART|SA_SIGINFO
SIGTERM: [libjvm.so+0xb36190], sa_mask[0]=11111111011111111101111111111110, sa_flags=SA_RESTART|SA_SIGINFO
SIGQUIT: [libjvm.so+0xb36190], sa_mask[0]=11111111011111111101111111111110, sa_flags=SA_RESTART|SA_SIGINFO


---------------  S Y S T E M  ---------------

OS:NAME="Arch Linux"
PRETTY_NAME="Arch Linux"
ID=arch
ID_LIKE=archlinux
ANSI_COLOR="0;36"
HOME_URL="https://www.archlinux.org/"
SUPPORT_URL="https://bbs.archlinux.org/"
BUG_REPORT_URL="https://bugs.archlinux.org/"
uname:Linux 4.16.7-1-ARCH #1 SMP PREEMPT Wed May 2 21:12:36 UTC 2018 x86_64
libc:glibc 2.27 NPTL 2.27 
rlimit: STACK 8192k, CORE infinity, NPROC 31124, NOFILE 4096, AS infinity
load average:0.41 0.37 0.40

/proc/meminfo:
MemTotal:        8049332 kB
MemFree:         6346044 kB
MemAvailable:    6913816 kB
Buffers:           38176 kB
Cached:           515732 kB
SwapCached:            0 kB
Active:           881308 kB
Inactive:         648872 kB
Active(anon):     661508 kB
Inactive(anon):    97632 kB
Active(file):     219800 kB
Inactive(file):   551240 kB
Unevictable:           0 kB
Mlocked:               0 kB
SwapTotal:       8290300 kB
SwapFree:        8290300 kB
Dirty:               168 kB
Writeback:             0 kB
AnonPages:        976340 kB
Mapped:           267100 kB
Shmem:             99172 kB
Slab:              69996 kB
SReclaimable:      40112 kB
SUnreclaim:        29884 kB
KernelStack:        6112 kB
PageTables:        12792 kB
NFS_Unstable:          0 kB
Bounce:                0 kB
WritebackTmp:          0 kB
CommitLimit:    12314964 kB
Committed_AS:    3134336 kB
VmallocTotal:   34359738367 kB
VmallocUsed:           0 kB
VmallocChunk:          0 kB
HardwareCorrupted:     0 kB
AnonHugePages:         0 kB
ShmemHugePages:        0 kB
ShmemPmdMapped:        0 kB
HugePages_Total:       0
HugePages_Free:        0
HugePages_Rsvd:        0
HugePages_Surp:        0
Hugepagesize:       2048 kB
Hugetlb:               0 kB
DirectMap4k:      105920 kB
DirectMap2M:     5015552 kB
DirectMap1G:     4194304 kB


CPU:total 4 (initial active 4) (2 cores per cpu, 2 threads per core) family 6 model 69 stepping 1, cmov, cx8, fxsr, mmx, sse, sse2, sse3, ssse3, sse4.1, sse4.2, popcnt, avx, avx2, aes, clmul, erms, lzcnt, ht, tsc, tscinvbit, bmi1, bmi2, fma
CPU Model and flags from /proc/cpuinfo:
model name	: Intel(R) Core(TM) i5-4200U CPU @ 1.60GHz
flags		: fpu vme de pse tsc msr pae mce cx8 apic sep mtrr pge mca cmov pat pse36 clflush dts acpi mmx fxsr sse sse2 ss ht tm pbe syscall nx pdpe1gb rdtscp lm constant_tsc arch_perfmon pebs bts rep_good nopl xtopology nonstop_tsc cpuid aperfmperf pni pclmulqdq dtes64 monitor ds_cpl vmx est tm2 ssse3 sdbg fma cx16 xtpr pdcm pcid sse4_1 sse4_2 movbe popcnt aes xsave avx f16c rdrand lahf_lm abm cpuid_fault epb invpcid_single pti tpr_shadow vnmi flexpriority ept vpid fsgsbase tsc_adjust bmi1 avx2 smep bmi2 erms invpcid xsaveopt dtherm ida arat pln pts

Memory: 4k page, physical 8049332k(6346044k free), swap 8290300k(8290300k free)

vm_info: OpenJDK 64-Bit Server VM (9.0.4+11) for linux-amd64 JRE (9.0.4+11), built on Feb  3 2018 14:14:59 by "builduser" with gcc 7.3.0

END.
