#
# A fatal error has been detected by the Java Runtime Environment:
#
#  SIGSEGV (0xb) at pc=0x00007f0effc8eee5, pid=5855, tid=5879
#
# JRE version: OpenJDK Runtime Environment (9.0+11) (build 9.0.4+11)
# Java VM: OpenJDK 64-Bit Server VM (9.0.4+11, mixed mode, tiered, compressed oops, g1 gc, linux-amd64)
# Problematic frame:
# C  [liblwjgl_opengl.so+0x46ee5]  Java_org_lwjgl_opengl_GL11_glViewport+0x15
#
# Core dump will be written. Default location: Core dumps may be processed with "/usr/lib/systemd/systemd-coredump %P %u %g %s %t %c %h %e" (or dumping to /home/david/Dropbox/ICS12/cancer/core.5855)
#
# If you would like to submit a bug report, please visit:
#   http://bugreport.java.com/bugreport/crash.jsp
# The crash happened outside the Java Virtual Machine in native code.
# See problematic frame for where to report the bug.
#

---------------  S U M M A R Y ------------

Command Line: -Dorg.lwjgl.util.Debug=true Main

Host: Intel(R) Core(TM) i5-4200U CPU @ 1.60GHz, 4 cores, 7G, Arch Linux
Time: Tue May  8 10:18:30 2018 UTC elapsed time: 1 seconds (0d 0h 0m 1s)

---------------  T H R E A D  ---------------

Current thread (0x00007f0f808ef000):  JavaThread "Thread-0" [_thread_in_native, id=5879, stack(0x00007f0eff907000,0x00007f0effa08000)]

Stack: [0x00007f0eff907000,0x00007f0effa08000],  sp=0x00007f0effa05ee8,  free space=1019k
Native frames: (J=compiled Java code, A=aot compiled Java code, j=interpreted, Vv=VM code, C=native code)
C  [liblwjgl_opengl.so+0x46ee5]  Java_org_lwjgl_opengl_GL11_glViewport+0x15
j  Main.lambda$init$0(JII)V+4
j  Main$$Lambda$18.invoke(JII)V+4
j  org.lwjgl.glfw.GLFWWindowSizeCallbackI.callback(J)V+13
v  ~StubRoutines::call_stub
V  [libjvm.so+0x82d589]
V  [libjvm.so+0x84cb92]
V  [libjvm.so+0x84f49a]
C  [liblwjgl.so+0x2f933]

Java frames: (J=compiled Java code, j=interpreted, Vv=VM code)
j  org.lwjgl.opengl.GL11.glViewport(IIII)V+0
j  Main.lambda$init$0(JII)V+4
j  Main$$Lambda$18.invoke(JII)V+4
j  org.lwjgl.glfw.GLFWWindowSizeCallbackI.callback(J)V+13
v  ~StubRoutines::call_stub
j  org.lwjgl.system.JNI.invokeV(J)V+0
j  org.lwjgl.glfw.GLFW.glfwPollEvents()V+8
j  Main$2.run()V+10
v  ~StubRoutines::call_stub

siginfo: si_signo: 11 (SIGSEGV), si_code: 1 (SEGV_MAPERR), si_addr: 0x0000000000004268

Register to memory mapping:

RAX=0x0000000000000000 is an unknown value
RBX={method} {0x00007f0f37cebb18} 'glViewport' '(IIII)V' in 'org/lwjgl/opengl/GL11'
RCX=0x00000000000002fe is an unknown value
RDX=0x00000000000001c5 is an unknown value
RSP=0x00007f0effa05ee8 is pointing into the stack for thread: 0x00007f0f808ef000
RBP=0x00007f0effa05f58 is pointing into the stack for thread: 0x00007f0f808ef000
RSI=0x0000000000000000 is an unknown value
RDI=0x0000000000000000 is an unknown value
R8 =0x00000000000001c5 is an unknown value
R9 =0x00000000000002fe is an unknown value
R10=0x0000000000000000 is an unknown value
R11=0x000000008bf0bbf8 is an oop
java.lang.Class 
{0x000000008bf0bbf8} - klass: 'java/lang/Class'
R12=0x0000000000000000 is an unknown value
R13=0x00007f0f37cebb10 is pointing into metadata
R14=0x00007f0effa05f90 is pointing into the stack for thread: 0x00007f0f808ef000
R15=0x00007f0f808ef000 is a thread


Registers:
RAX=0x0000000000000000, RBX=0x00007f0f37cebb18, RCX=0x00000000000002fe, RDX=0x00000000000001c5
RSP=0x00007f0effa05ee8, RBP=0x00007f0effa05f58, RSI=0x0000000000000000, RDI=0x0000000000000000
R8 =0x00000000000001c5, R9 =0x00000000000002fe, R10=0x0000000000000000, R11=0x000000008bf0bbf8
R12=0x0000000000000000, R13=0x00007f0f37cebb10, R14=0x00007f0effa05f90, R15=0x00007f0f808ef000
RIP=0x00007f0effc8eee5, EFLAGS=0x0000000000010283, CSGSFS=0x002b000000000033, ERR=0x0000000000000004
  TRAPNO=0x000000000000000e

Top of Stack: (sp=0x00007f0effa05ee8)
0x00007f0effa05ee8:   00007f0f67a42ab5 00007f0effa05f58
0x00007f0effa05ef8:   00007f0f67a4280a 00007f0f379425a8
0x00007f0effa05f08:   00007f0f67a427d3 00007f0effa05f10
0x00007f0effa05f18:   00007f0f37cebb10 00007f0effa05f90 

Instructions: (pc=0x00007f0effc8eee5)
0x00007f0effc8eec5:   8b 80 b8 33 00 00 5b ff e0 66 90 48 8b 07 41 89
0x00007f0effc8eed5:   d2 89 ce 44 89 c2 44 89 c9 44 89 d7 48 8b 40 18
0x00007f0effc8eee5:   48 8b 80 68 42 00 00 ff e0 66 90 48 8b 07 41 89
0x00007f0effc8eef5:   d2 89 ce 44 89 c2 4c 89 c9 44 89 d7 48 8b 40 18 


---------------  P R O C E S S  ---------------

Java Threads: ( => current thread )
=>0x00007f0f808ef000 JavaThread "Thread-0" [_thread_in_native, id=5879, stack(0x00007f0eff907000,0x00007f0effa08000)]
  0x00007f0f80216000 JavaThread "Service Thread" daemon [_thread_blocked, id=5877, stack(0x00007f0f36652000,0x00007f0f36753000)]
  0x00007f0f8019d000 JavaThread "Common-Cleaner" daemon [_thread_blocked, id=5876, stack(0x00007f0f36753000,0x00007f0f36854000)]
  0x00007f0f80160000 JavaThread "Sweeper thread" daemon [_thread_blocked, id=5875, stack(0x00007f0f36c7e000,0x00007f0f36d7f000)]
  0x00007f0f8015e000 JavaThread "C1 CompilerThread2" daemon [_thread_blocked, id=5874, stack(0x00007f0f36d7f000,0x00007f0f36e80000)]
  0x00007f0f8015c000 JavaThread "C2 CompilerThread1" daemon [_thread_blocked, id=5873, stack(0x00007f0f36e80000,0x00007f0f36f81000)]
  0x00007f0f8015a000 JavaThread "C2 CompilerThread0" daemon [_thread_blocked, id=5872, stack(0x00007f0f36f81000,0x00007f0f37082000)]
  0x00007f0f80158800 JavaThread "Signal Dispatcher" daemon [_thread_blocked, id=5871, stack(0x00007f0f37082000,0x00007f0f37183000)]
  0x00007f0f8013e800 JavaThread "Finalizer" daemon [_thread_blocked, id=5870, stack(0x00007f0f37183000,0x00007f0f37284000)]
  0x00007f0f80136000 JavaThread "Reference Handler" daemon [_thread_blocked, id=5869, stack(0x00007f0f37284000,0x00007f0f37385000)]
  0x00007f0f80011000 JavaThread "main" [_thread_in_native, id=5856, stack(0x00007f0f87afc000,0x00007f0f87bfb000)]

Other Threads:
  0x00007f0f8012c800 VMThread "VM Thread" [stack: 0x00007f0f37387000,0x00007f0f37487000] [id=5868]
  0x00007f0f80218800 WatcherThread [stack: 0x00007f0f36552000,0x00007f0f36652000] [id=5878]
  0x00007f0f80026000 GCTaskThread "GC Thread#0" [stack: 0x00007f0f842c3000,0x00007f0f843c3000] [id=5857]
  0x00007f0f80027800 GCTaskThread "GC Thread#1" [stack: 0x00007f0f841c1000,0x00007f0f842c1000] [id=5858]
  0x00007f0f80029800 GCTaskThread "GC Thread#2" [stack: 0x00007f0f840bf000,0x00007f0f841bf000] [id=5859]
  0x00007f0f8002b000 GCTaskThread "GC Thread#3" [stack: 0x00007f0f6792a000,0x00007f0f67a2a000] [id=5860]
  0x00007f0f80059800 ConcurrentGCThread "G1 Main Marker" [stack: 0x00007f0f64106000,0x00007f0f64206000] [id=5866]
  0x00007f0f8005b000 ConcurrentGCThread "G1 Marker#0" [stack: 0x00007f0f64004000,0x00007f0f64104000] [id=5867]
  0x00007f0f80032800 ConcurrentGCThread "G1 Refine#0" [stack: 0x00007f0f6711e000,0x00007f0f6721e000] [id=5864]
  0x00007f0f80030800 ConcurrentGCThread "G1 Refine#1" [stack: 0x00007f0f67220000,0x00007f0f67320000] [id=5863]
  0x00007f0f8002f000 ConcurrentGCThread "G1 Refine#2" [stack: 0x00007f0f67322000,0x00007f0f67422000] [id=5862]
  0x00007f0f8002d000 ConcurrentGCThread "G1 Refine#3" [stack: 0x00007f0f67424000,0x00007f0f67524000] [id=5861]
  0x00007f0f80034000 ConcurrentGCThread "G1 Young RemSet Sampling" [stack: 0x00007f0f6701c000,0x00007f0f6711c000] [id=5865]

Threads with active compile tasks:

VM state:not at safepoint (normal execution)

VM Mutex/Monitor currently owned by a thread: None

Heap address: 0x0000000085200000, size: 1966 MB, Compressed Oops mode: 32-bit
Narrow klass base: 0x0000000000000000, Narrow klass shift: 3
Compressed class space size: 1073741824 Address: 0x0000000100000000

Heap:
 garbage-first heap   total 126976K, used 5073K [0x0000000085200000, 0x00000000853003e0, 0x0000000100000000)
  region size 1024K, 5 young (5120K), 2 survivors (2048K)
 Metaspace       used 10214K, capacity 10461K, committed 10624K, reserved 1058816K
  class space    used 786K, capacity 853K, committed 896K, reserved 1048576K
Heap Regions: E=young(eden), S=young(survivor), O=old, HS=humongous(starts), HC=humongous(continues), CS=collection set, F=free, A=archive, TS=gc time stamp, AC=allocation context, TAMS=top-at-mark-start (previous, next)
|   0|0x0000000085200000, 0x00000000852f4600, 0x0000000085300000| 95%| O|  |TS  1|AC  0|TAMS 0x0000000085200000, 0x0000000085200000|
|   1|0x0000000085300000, 0x0000000085300000, 0x0000000085400000|  0%| F|  |TS  0|AC  0|TAMS 0x0000000085300000, 0x0000000085300000|
|   2|0x0000000085400000, 0x0000000085400000, 0x0000000085500000|  0%| F|  |TS  0|AC  0|TAMS 0x0000000085400000, 0x0000000085400000|
|   3|0x0000000085500000, 0x0000000085500000, 0x0000000085600000|  0%| F|  |TS  0|AC  0|TAMS 0x0000000085500000, 0x0000000085500000|
|   4|0x0000000085600000, 0x0000000085600000, 0x0000000085700000|  0%| F|  |TS  0|AC  0|TAMS 0x0000000085600000, 0x0000000085600000|
|   5|0x0000000085700000, 0x0000000085700000, 0x0000000085800000|  0%| F|  |TS  0|AC  0|TAMS 0x0000000085700000, 0x0000000085700000|
|   6|0x0000000085800000, 0x0000000085800000, 0x0000000085900000|  0%| F|  |TS  0|AC  0|TAMS 0x0000000085800000, 0x0000000085800000|
|   7|0x0000000085900000, 0x0000000085900000, 0x0000000085a00000|  0%| F|  |TS  0|AC  0|TAMS 0x0000000085900000, 0x0000000085900000|
|   8|0x0000000085a00000, 0x0000000085a00000, 0x0000000085b00000|  0%| F|  |TS  0|AC  0|TAMS 0x0000000085a00000, 0x0000000085a00000|
|   9|0x0000000085b00000, 0x0000000085b00000, 0x0000000085c00000|  0%| F|  |TS  0|AC  0|TAMS 0x0000000085b00000, 0x0000000085b00000|
|  10|0x0000000085c00000, 0x0000000085c00000, 0x0000000085d00000|  0%| F|  |TS  0|AC  0|TAMS 0x0000000085c00000, 0x0000000085c00000|
|  11|0x0000000085d00000, 0x0000000085d00000, 0x0000000085e00000|  0%| F|  |TS  0|AC  0|TAMS 0x0000000085d00000, 0x0000000085d00000|
|  12|0x0000000085e00000, 0x0000000085e00000, 0x0000000085f00000|  0%| F|  |TS  0|AC  0|TAMS 0x0000000085e00000, 0x0000000085e00000|
|  13|0x0000000085f00000, 0x0000000085f00000, 0x0000000086000000|  0%| F|  |TS  0|AC  0|TAMS 0x0000000085f00000, 0x0000000085f00000|
|  14|0x0000000086000000, 0x0000000086000000, 0x0000000086100000|  0%| F|  |TS  0|AC  0|TAMS 0x0000000086000000, 0x0000000086000000|
|  15|0x0000000086100000, 0x0000000086100000, 0x0000000086200000|  0%| F|  |TS  0|AC  0|TAMS 0x0000000086100000, 0x0000000086100000|
|  16|0x0000000086200000, 0x0000000086200000, 0x0000000086300000|  0%| F|  |TS  0|AC  0|TAMS 0x0000000086200000, 0x0000000086200000|
|  17|0x0000000086300000, 0x0000000086300000, 0x0000000086400000|  0%| F|  |TS  0|AC  0|TAMS 0x0000000086300000, 0x0000000086300000|
|  18|0x0000000086400000, 0x0000000086400000, 0x0000000086500000|  0%| F|  |TS  0|AC  0|TAMS 0x0000000086400000, 0x0000000086400000|
|  19|0x0000000086500000, 0x0000000086500000, 0x0000000086600000|  0%| F|  |TS  0|AC  0|TAMS 0x0000000086500000, 0x0000000086500000|
|  20|0x0000000086600000, 0x0000000086600000, 0x0000000086700000|  0%| F|  |TS  0|AC  0|TAMS 0x0000000086600000, 0x0000000086600000|
|  21|0x0000000086700000, 0x0000000086700000, 0x0000000086800000|  0%| F|  |TS  0|AC  0|TAMS 0x0000000086700000, 0x0000000086700000|
|  22|0x0000000086800000, 0x0000000086800000, 0x0000000086900000|  0%| F|  |TS  0|AC  0|TAMS 0x0000000086800000, 0x0000000086800000|
|  23|0x0000000086900000, 0x0000000086900000, 0x0000000086a00000|  0%| F|  |TS  0|AC  0|TAMS 0x0000000086900000, 0x0000000086900000|
|  24|0x0000000086a00000, 0x0000000086a00000, 0x0000000086b00000|  0%| F|  |TS  0|AC  0|TAMS 0x0000000086a00000, 0x0000000086a00000|
|  25|0x0000000086b00000, 0x0000000086b00000, 0x0000000086c00000|  0%| F|  |TS  0|AC  0|TAMS 0x0000000086b00000, 0x0000000086b00000|
|  26|0x0000000086c00000, 0x0000000086c00000, 0x0000000086d00000|  0%| F|  |TS  0|AC  0|TAMS 0x0000000086c00000, 0x0000000086c00000|
|  27|0x0000000086d00000, 0x0000000086d00000, 0x0000000086e00000|  0%| F|  |TS  0|AC  0|TAMS 0x0000000086d00000, 0x0000000086d00000|
|  28|0x0000000086e00000, 0x0000000086e00000, 0x0000000086f00000|  0%| F|  |TS  0|AC  0|TAMS 0x0000000086e00000, 0x0000000086e00000|
|  29|0x0000000086f00000, 0x0000000086f00000, 0x0000000087000000|  0%| F|  |TS  0|AC  0|TAMS 0x0000000086f00000, 0x0000000086f00000|
|  30|0x0000000087000000, 0x0000000087000000, 0x0000000087100000|  0%| F|  |TS  0|AC  0|TAMS 0x0000000087000000, 0x0000000087000000|
|  31|0x0000000087100000, 0x0000000087100000, 0x0000000087200000|  0%| F|  |TS  0|AC  0|TAMS 0x0000000087100000, 0x0000000087100000|
|  32|0x0000000087200000, 0x0000000087200000, 0x0000000087300000|  0%| F|  |TS  0|AC  0|TAMS 0x0000000087200000, 0x0000000087200000|
|  33|0x0000000087300000, 0x0000000087300000, 0x0000000087400000|  0%| F|  |TS  0|AC  0|TAMS 0x0000000087300000, 0x0000000087300000|
|  34|0x0000000087400000, 0x0000000087400000, 0x0000000087500000|  0%| F|  |TS  0|AC  0|TAMS 0x0000000087400000, 0x0000000087400000|
|  35|0x0000000087500000, 0x0000000087500000, 0x0000000087600000|  0%| F|  |TS  0|AC  0|TAMS 0x0000000087500000, 0x0000000087500000|
|  36|0x0000000087600000, 0x0000000087600000, 0x0000000087700000|  0%| F|  |TS  0|AC  0|TAMS 0x0000000087600000, 0x0000000087600000|
|  37|0x0000000087700000, 0x0000000087700000, 0x0000000087800000|  0%| F|  |TS  0|AC  0|TAMS 0x0000000087700000, 0x0000000087700000|
|  38|0x0000000087800000, 0x0000000087800000, 0x0000000087900000|  0%| F|  |TS  0|AC  0|TAMS 0x0000000087800000, 0x0000000087800000|
|  39|0x0000000087900000, 0x0000000087900000, 0x0000000087a00000|  0%| F|  |TS  0|AC  0|TAMS 0x0000000087900000, 0x0000000087900000|
|  40|0x0000000087a00000, 0x0000000087a00000, 0x0000000087b00000|  0%| F|  |TS  0|AC  0|TAMS 0x0000000087a00000, 0x0000000087a00000|
|  41|0x0000000087b00000, 0x0000000087b00000, 0x0000000087c00000|  0%| F|  |TS  0|AC  0|TAMS 0x0000000087b00000, 0x0000000087b00000|
|  42|0x0000000087c00000, 0x0000000087c00000, 0x0000000087d00000|  0%| F|  |TS  0|AC  0|TAMS 0x0000000087c00000, 0x0000000087c00000|
|  43|0x0000000087d00000, 0x0000000087d00000, 0x0000000087e00000|  0%| F|  |TS  0|AC  0|TAMS 0x0000000087d00000, 0x0000000087d00000|
|  44|0x0000000087e00000, 0x0000000087e00000, 0x0000000087f00000|  0%| F|  |TS  0|AC  0|TAMS 0x0000000087e00000, 0x0000000087e00000|
|  45|0x0000000087f00000, 0x0000000087f00000, 0x0000000088000000|  0%| F|  |TS  0|AC  0|TAMS 0x0000000087f00000, 0x0000000087f00000|
|  46|0x0000000088000000, 0x0000000088000000, 0x0000000088100000|  0%| F|  |TS  0|AC  0|TAMS 0x0000000088000000, 0x0000000088000000|
|  47|0x0000000088100000, 0x0000000088100000, 0x0000000088200000|  0%| F|  |TS  0|AC  0|TAMS 0x0000000088100000, 0x0000000088100000|
|  48|0x0000000088200000, 0x0000000088200000, 0x0000000088300000|  0%| F|  |TS  0|AC  0|TAMS 0x0000000088200000, 0x0000000088200000|
|  49|0x0000000088300000, 0x0000000088300000, 0x0000000088400000|  0%| F|  |TS  0|AC  0|TAMS 0x0000000088300000, 0x0000000088300000|
|  50|0x0000000088400000, 0x0000000088400000, 0x0000000088500000|  0%| F|  |TS  0|AC  0|TAMS 0x0000000088400000, 0x0000000088400000|
|  51|0x0000000088500000, 0x0000000088500000, 0x0000000088600000|  0%| F|  |TS  0|AC  0|TAMS 0x0000000088500000, 0x0000000088500000|
|  52|0x0000000088600000, 0x0000000088600000, 0x0000000088700000|  0%| F|  |TS  0|AC  0|TAMS 0x0000000088600000, 0x0000000088600000|
|  53|0x0000000088700000, 0x0000000088700000, 0x0000000088800000|  0%| F|  |TS  0|AC  0|TAMS 0x0000000088700000, 0x0000000088700000|
|  54|0x0000000088800000, 0x0000000088800000, 0x0000000088900000|  0%| F|  |TS  0|AC  0|TAMS 0x0000000088800000, 0x0000000088800000|
|  55|0x0000000088900000, 0x0000000088900000, 0x0000000088a00000|  0%| F|  |TS  0|AC  0|TAMS 0x0000000088900000, 0x0000000088900000|
|  56|0x0000000088a00000, 0x0000000088a00000, 0x0000000088b00000|  0%| F|  |TS  0|AC  0|TAMS 0x0000000088a00000, 0x0000000088a00000|
|  57|0x0000000088b00000, 0x0000000088b00000, 0x0000000088c00000|  0%| F|  |TS  0|AC  0|TAMS 0x0000000088b00000, 0x0000000088b00000|
|  58|0x0000000088c00000, 0x0000000088c00000, 0x0000000088d00000|  0%| F|  |TS  0|AC  0|TAMS 0x0000000088c00000, 0x0000000088c00000|
|  59|0x0000000088d00000, 0x0000000088d00000, 0x0000000088e00000|  0%| F|  |TS  0|AC  0|TAMS 0x0000000088d00000, 0x0000000088d00000|
|  60|0x0000000088e00000, 0x0000000088e00000, 0x0000000088f00000|  0%| F|  |TS  0|AC  0|TAMS 0x0000000088e00000, 0x0000000088e00000|
|  61|0x0000000088f00000, 0x0000000088f00000, 0x0000000089000000|  0%| F|  |TS  0|AC  0|TAMS 0x0000000088f00000, 0x0000000088f00000|
|  62|0x0000000089000000, 0x0000000089000000, 0x0000000089100000|  0%| F|  |TS  0|AC  0|TAMS 0x0000000089000000, 0x0000000089000000|
|  63|0x0000000089100000, 0x0000000089100000, 0x0000000089200000|  0%| F|  |TS  0|AC  0|TAMS 0x0000000089100000, 0x0000000089100000|
|  64|0x0000000089200000, 0x0000000089200000, 0x0000000089300000|  0%| F|  |TS  0|AC  0|TAMS 0x0000000089200000, 0x0000000089200000|
|  65|0x0000000089300000, 0x0000000089300000, 0x0000000089400000|  0%| F|  |TS  0|AC  0|TAMS 0x0000000089300000, 0x0000000089300000|
|  66|0x0000000089400000, 0x0000000089400000, 0x0000000089500000|  0%| F|  |TS  0|AC  0|TAMS 0x0000000089400000, 0x0000000089400000|
|  67|0x0000000089500000, 0x0000000089500000, 0x0000000089600000|  0%| F|  |TS  0|AC  0|TAMS 0x0000000089500000, 0x0000000089500000|
|  68|0x0000000089600000, 0x0000000089600000, 0x0000000089700000|  0%| F|  |TS  0|AC  0|TAMS 0x0000000089600000, 0x0000000089600000|
|  69|0x0000000089700000, 0x0000000089700000, 0x0000000089800000|  0%| F|  |TS  0|AC  0|TAMS 0x0000000089700000, 0x0000000089700000|
|  70|0x0000000089800000, 0x0000000089800000, 0x0000000089900000|  0%| F|  |TS  0|AC  0|TAMS 0x0000000089800000, 0x0000000089800000|
|  71|0x0000000089900000, 0x0000000089900000, 0x0000000089a00000|  0%| F|  |TS  0|AC  0|TAMS 0x0000000089900000, 0x0000000089900000|
|  72|0x0000000089a00000, 0x0000000089a00000, 0x0000000089b00000|  0%| F|  |TS  0|AC  0|TAMS 0x0000000089a00000, 0x0000000089a00000|
|  73|0x0000000089b00000, 0x0000000089b00000, 0x0000000089c00000|  0%| F|  |TS  0|AC  0|TAMS 0x0000000089b00000, 0x0000000089b00000|
|  74|0x0000000089c00000, 0x0000000089c00000, 0x0000000089d00000|  0%| F|  |TS  0|AC  0|TAMS 0x0000000089c00000, 0x0000000089c00000|
|  75|0x0000000089d00000, 0x0000000089d00000, 0x0000000089e00000|  0%| F|  |TS  0|AC  0|TAMS 0x0000000089d00000, 0x0000000089d00000|
|  76|0x0000000089e00000, 0x0000000089e00000, 0x0000000089f00000|  0%| F|  |TS  0|AC  0|TAMS 0x0000000089e00000, 0x0000000089e00000|
|  77|0x0000000089f00000, 0x0000000089f00000, 0x000000008a000000|  0%| F|  |TS  0|AC  0|TAMS 0x0000000089f00000, 0x0000000089f00000|
|  78|0x000000008a000000, 0x000000008a000000, 0x000000008a100000|  0%| F|  |TS  0|AC  0|TAMS 0x000000008a000000, 0x000000008a000000|
|  79|0x000000008a100000, 0x000000008a100000, 0x000000008a200000|  0%| F|  |TS  0|AC  0|TAMS 0x000000008a100000, 0x000000008a100000|
|  80|0x000000008a200000, 0x000000008a200000, 0x000000008a300000|  0%| F|  |TS  0|AC  0|TAMS 0x000000008a200000, 0x000000008a200000|
|  81|0x000000008a300000, 0x000000008a300000, 0x000000008a400000|  0%| F|  |TS  0|AC  0|TAMS 0x000000008a300000, 0x000000008a300000|
|  82|0x000000008a400000, 0x000000008a400000, 0x000000008a500000|  0%| F|  |TS  0|AC  0|TAMS 0x000000008a400000, 0x000000008a400000|
|  83|0x000000008a500000, 0x000000008a500000, 0x000000008a600000|  0%| F|  |TS  0|AC  0|TAMS 0x000000008a500000, 0x000000008a500000|
|  84|0x000000008a600000, 0x000000008a600000, 0x000000008a700000|  0%| F|  |TS  0|AC  0|TAMS 0x000000008a600000, 0x000000008a600000|
|  85|0x000000008a700000, 0x000000008a700000, 0x000000008a800000|  0%| F|  |TS  0|AC  0|TAMS 0x000000008a700000, 0x000000008a700000|
|  86|0x000000008a800000, 0x000000008a800000, 0x000000008a900000|  0%| F|  |TS  0|AC  0|TAMS 0x000000008a800000, 0x000000008a800000|
|  87|0x000000008a900000, 0x000000008a900000, 0x000000008aa00000|  0%| F|  |TS  0|AC  0|TAMS 0x000000008a900000, 0x000000008a900000|
|  88|0x000000008aa00000, 0x000000008aa00000, 0x000000008ab00000|  0%| F|  |TS  0|AC  0|TAMS 0x000000008aa00000, 0x000000008aa00000|
|  89|0x000000008ab00000, 0x000000008ab00000, 0x000000008ac00000|  0%| F|  |TS  0|AC  0|TAMS 0x000000008ab00000, 0x000000008ab00000|
|  90|0x000000008ac00000, 0x000000008ac00000, 0x000000008ad00000|  0%| F|  |TS  0|AC  0|TAMS 0x000000008ac00000, 0x000000008ac00000|
|  91|0x000000008ad00000, 0x000000008ad00000, 0x000000008ae00000|  0%| F|  |TS  0|AC  0|TAMS 0x000000008ad00000, 0x000000008ad00000|
|  92|0x000000008ae00000, 0x000000008ae00000, 0x000000008af00000|  0%| F|  |TS  0|AC  0|TAMS 0x000000008ae00000, 0x000000008ae00000|
|  93|0x000000008af00000, 0x000000008af00000, 0x000000008b000000|  0%| F|  |TS  0|AC  0|TAMS 0x000000008af00000, 0x000000008af00000|
|  94|0x000000008b000000, 0x000000008b000000, 0x000000008b100000|  0%| F|  |TS  0|AC  0|TAMS 0x000000008b000000, 0x000000008b000000|
|  95|0x000000008b100000, 0x000000008b100000, 0x000000008b200000|  0%| F|  |TS  0|AC  0|TAMS 0x000000008b100000, 0x000000008b100000|
|  96|0x000000008b200000, 0x000000008b200000, 0x000000008b300000|  0%| F|  |TS  0|AC  0|TAMS 0x000000008b200000, 0x000000008b200000|
|  97|0x000000008b300000, 0x000000008b300000, 0x000000008b400000|  0%| F|  |TS  0|AC  0|TAMS 0x000000008b300000, 0x000000008b300000|
|  98|0x000000008b400000, 0x000000008b400000, 0x000000008b500000|  0%| F|  |TS  0|AC  0|TAMS 0x000000008b400000, 0x000000008b400000|
|  99|0x000000008b500000, 0x000000008b500000, 0x000000008b600000|  0%| F|  |TS  0|AC  0|TAMS 0x000000008b500000, 0x000000008b500000|
| 100|0x000000008b600000, 0x000000008b600000, 0x000000008b700000|  0%| F|  |TS  0|AC  0|TAMS 0x000000008b600000, 0x000000008b600000|
| 101|0x000000008b700000, 0x000000008b700000, 0x000000008b800000|  0%| F|  |TS  0|AC  0|TAMS 0x000000008b700000, 0x000000008b700000|
| 102|0x000000008b800000, 0x000000008b800000, 0x000000008b900000|  0%| F|  |TS  0|AC  0|TAMS 0x000000008b800000, 0x000000008b800000|
| 103|0x000000008b900000, 0x000000008b900000, 0x000000008ba00000|  0%| F|  |TS  0|AC  0|TAMS 0x000000008b900000, 0x000000008b900000|
| 104|0x000000008ba00000, 0x000000008ba00000, 0x000000008bb00000|  0%| F|  |TS  0|AC  0|TAMS 0x000000008ba00000, 0x000000008ba00000|
| 105|0x000000008bb00000, 0x000000008bb00000, 0x000000008bc00000|  0%| F|  |TS  0|AC  0|TAMS 0x000000008bb00000, 0x000000008bb00000|
| 106|0x000000008bc00000, 0x000000008bc00000, 0x000000008bd00000|  0%| F|  |TS  0|AC  0|TAMS 0x000000008bc00000, 0x000000008bc00000|
| 107|0x000000008bd00000, 0x000000008bd00000, 0x000000008be00000|  0%| F|  |TS  0|AC  0|TAMS 0x000000008bd00000, 0x000000008bd00000|
| 108|0x000000008be00000, 0x000000008bf00000, 0x000000008bf00000|100%| S|CS|TS  1|AC  0|TAMS 0x000000008be00000, 0x000000008be00000|
| 109|0x000000008bf00000, 0x000000008c000000, 0x000000008c000000|100%| S|CS|TS  1|AC  0|TAMS 0x000000008bf00000, 0x000000008bf00000|
| 110|0x000000008c000000, 0x000000008c000000, 0x000000008c100000|  0%| F|  |TS  1|AC  0|TAMS 0x000000008c000000, 0x000000008c000000|
| 111|0x000000008c100000, 0x000000008c100000, 0x000000008c200000|  0%| F|  |TS  1|AC  0|TAMS 0x000000008c100000, 0x000000008c100000|
| 112|0x000000008c200000, 0x000000008c200000, 0x000000008c300000|  0%| F|  |TS  1|AC  0|TAMS 0x000000008c200000, 0x000000008c200000|
| 113|0x000000008c300000, 0x000000008c300000, 0x000000008c400000|  0%| F|  |TS  1|AC  0|TAMS 0x000000008c300000, 0x000000008c300000|
| 114|0x000000008c400000, 0x000000008c400000, 0x000000008c500000|  0%| F|  |TS  1|AC  0|TAMS 0x000000008c400000, 0x000000008c400000|
| 115|0x000000008c500000, 0x000000008c500000, 0x000000008c600000|  0%| F|  |TS  1|AC  0|TAMS 0x000000008c500000, 0x000000008c500000|
| 116|0x000000008c600000, 0x000000008c600000, 0x000000008c700000|  0%| F|  |TS  1|AC  0|TAMS 0x000000008c600000, 0x000000008c600000|
| 117|0x000000008c700000, 0x000000008c700000, 0x000000008c800000|  0%| F|  |TS  1|AC  0|TAMS 0x000000008c700000, 0x000000008c700000|
| 118|0x000000008c800000, 0x000000008c800000, 0x000000008c900000|  0%| F|  |TS  1|AC  0|TAMS 0x000000008c800000, 0x000000008c800000|
| 119|0x000000008c900000, 0x000000008c900000, 0x000000008ca00000|  0%| F|  |TS  1|AC  0|TAMS 0x000000008c900000, 0x000000008c900000|
| 120|0x000000008ca00000, 0x000000008ca00000, 0x000000008cb00000|  0%| F|  |TS  1|AC  0|TAMS 0x000000008ca00000, 0x000000008ca00000|
| 121|0x000000008cb00000, 0x000000008cc00000, 0x000000008cc00000|100%| E|  |TS  1|AC  0|TAMS 0x000000008cb00000, 0x000000008cb00000|
| 122|0x000000008cc00000, 0x000000008cd00000, 0x000000008cd00000|100%| E|CS|TS  1|AC  0|TAMS 0x000000008cc00000, 0x000000008cc00000|
| 123|0x000000008cd00000, 0x000000008ce00000, 0x000000008ce00000|100%| E|CS|TS  1|AC  0|TAMS 0x000000008cd00000, 0x000000008cd00000|

Card table byte_map: [0x00007f0f66495000,0x00007f0f6686c000] byte_map_base: 0x00007f0f6606c000

Marking Bits (Prev, Next): (CMBitMap*) 0x00007f0f80058840, (CMBitMap*) 0x00007f0f80058878
 Prev Bits: [0x00007f0f64206000, 0x00007f0f660be000)
 Next Bits: [0x00007f0f3e148000, 0x00007f0f40000000)

Polling page: 0x00007f0f87c20000

CodeHeap 'non-profiled nmethods': size=120032Kb used=271Kb max_used=271Kb free=119760Kb
 bounds [0x00007f0f6f4f2000, 0x00007f0f6f762000, 0x00007f0f76a2a000]
CodeHeap 'profiled nmethods': size=120032Kb used=1386Kb max_used=1386Kb free=118645Kb
 bounds [0x00007f0f67fba000, 0x00007f0f6822a000, 0x00007f0f6f4f2000]
CodeHeap 'non-nmethods': size=5696Kb used=1485Kb max_used=1511Kb free=4210Kb
 bounds [0x00007f0f67a2a000, 0x00007f0f67c9a000, 0x00007f0f67fba000]
 total_blobs=1835 nmethods=825 adapters=761
 compilation: enabled

Compilation events (10 events):
Event: 1.025 Thread 0x00007f0f8015e000  821       1       java.io.FileDescriptor::access$100 (5 bytes)
Event: 1.025 Thread 0x00007f0f8015e000 nmethod 821 0x00007f0f6f535610 code [0x00007f0f6f5357c0, 0x00007f0f6f5358b0]
Event: 1.206 Thread 0x00007f0f8015e000  822       3       sun.nio.cs.US_ASCII$Encoder::encodeLoop (28 bytes)
Event: 1.208 Thread 0x00007f0f8015e000 nmethod 822 0x00007f0f68113310 code [0x00007f0f68113500, 0x00007f0f68113a38]
Event: 1.390 Thread 0x00007f0f8015e000  823       1       java.nio.Buffer::remaining (10 bytes)
Event: 1.390 Thread 0x00007f0f8015e000 nmethod 823 0x00007f0f6f535990 code [0x00007f0f6f535b40, 0x00007f0f6f535c50]
Event: 1.423 Thread 0x00007f0f8015e000  824  s    3       java.io.BufferedOutputStream::flush (12 bytes)
Event: 1.424 Thread 0x00007f0f8015e000 nmethod 824 0x00007f0f68113b90 code [0x00007f0f68113d60, 0x00007f0f68114258]
Event: 1.424 Thread 0x00007f0f8015e000  825       3       java.io.BufferedOutputStream::flushBuffer (29 bytes)
Event: 1.425 Thread 0x00007f0f8015e000 nmethod 825 0x00007f0f68114390 code [0x00007f0f68114540, 0x00007f0f681147a8]

GC Heap History (2 events):
Event: 0.504 GC heap before
{Heap before GC invocations=0 (full 0):
 garbage-first heap   total 126976K, used 14336K [0x0000000085200000, 0x00000000853003e0, 0x0000000100000000)
  region size 1024K, 14 young (14336K), 0 survivors (0K)
 Metaspace       used 9655K, capacity 9857K, committed 10112K, reserved 1058816K
  class space    used 730K, capacity 781K, committed 896K, reserved 1048576K
}
Event: 0.509 GC heap after
{Heap after GC invocations=1 (full 0):
 garbage-first heap   total 126976K, used 3025K [0x0000000085200000, 0x00000000853003e0, 0x0000000100000000)
  region size 1024K, 2 young (2048K), 2 survivors (2048K)
 Metaspace       used 9655K, capacity 9857K, committed 10112K, reserved 1058816K
  class space    used 730K, capacity 781K, committed 896K, reserved 1048576K
}

Deoptimization events (0 events):
No events

Classes redefined (0 events):
No events

Internal exceptions (10 events):
Event: 0.224 Thread 0x00007f0f80011000 Exception <a 'java/lang/NoSuchMethodError'{0x000000008c9e0050}: java.lang.Object.lambda$union$2(Ljava/util/regex/Pattern$CharPredicate;I)Z> (0x000000008c9e0050) thrown at [/build/java9-openjdk/src/jdk9u-jdk-9.0.4+11/hotspot/src/share/vm/interpreter/linkRe
Event: 0.227 Thread 0x00007f0f80011000 Exception <a 'java/lang/NoSuchMethodError'{0x000000008c9fa740}: java.lang.invoke.DirectMethodHandle$Holder.invokeStatic(Ljava/lang/Object;Ljava/lang/Object;)I> (0x000000008c9fa740) thrown at [/build/java9-openjdk/src/jdk9u-jdk-9.0.4+11/hotspot/src/share/v
Event: 0.231 Thread 0x00007f0f80011000 Exception <a 'java/lang/NoSuchMethodError'{0x000000008c8087c8}: method resolution failed> (0x000000008c8087c8) thrown at [/build/java9-openjdk/src/jdk9u-jdk-9.0.4+11/hotspot/src/share/vm/prims/methodHandles.cpp, line 1256]
Event: 0.232 Thread 0x00007f0f80011000 Exception <a 'java/lang/NoSuchMethodError'{0x000000008c80c410}: method resolution failed> (0x000000008c80c410) thrown at [/build/java9-openjdk/src/jdk9u-jdk-9.0.4+11/hotspot/src/share/vm/prims/methodHandles.cpp, line 1256]
Event: 0.232 Thread 0x00007f0f80011000 Exception <a 'java/lang/NoSuchMethodError'{0x000000008c80f910}: java.lang.invoke.DelegatingMethodHandle$Holder.delegate(Ljava/lang/Object;Ljava/lang/Object;ILjava/lang/Object;)V> (0x000000008c80f910) thrown at [/build/java9-openjdk/src/jdk9u-jdk-9.0.4+11/
Event: 0.233 Thread 0x00007f0f80011000 Exception <a 'java/lang/NoSuchMethodError'{0x000000008c813618}: java.lang.invoke.DirectMethodHandle$Holder.invokeSpecial(Ljava/lang/Object;Ljava/lang/Object;Ljava/lang/Object;)I> (0x000000008c813618) thrown at [/build/java9-openjdk/src/jdk9u-jdk-9.0.4+11/
Event: 0.234 Thread 0x00007f0f80011000 Exception <a 'java/lang/NoSuchMethodError'{0x000000008c81a640}: java.lang.invoke.DirectMethodHandle$Holder.invokeStaticInit(Ljava/lang/Object;Ljava/lang/Object;Ljava/lang/Object;)Ljava/lang/Object;> (0x000000008c81a640) thrown at [/build/java9-openjdk/src
Event: 0.373 Thread 0x00007f0f80011000 Exception <a 'java/lang/NoSuchMethodError'{0x000000008c6e3d88}: java.lang.invoke.DirectMethodHandle$Holder.invokeStatic(Ljava/lang/Object;JII)V> (0x000000008c6e3d88) thrown at [/build/java9-openjdk/src/jdk9u-jdk-9.0.4+11/hotspot/src/share/vm/interpreter/l
Event: 0.391 Thread 0x00007f0f80011000 Exception <a 'sun/nio/fs/UnixException'{0x000000008c55e928}> (0x000000008c55e928) thrown at [/build/java9-openjdk/src/jdk9u-jdk-9.0.4+11/hotspot/src/share/vm/prims/jni.cpp, line 604]
Event: 0.534 Thread 0x00007f0f80011000 Exception <a 'java/lang/NoSuchMethodError'{0x000000008cb10a08}: java.lang.invoke.DirectMethodHandle$Holder.invokeInterface(Ljava/lang/Object;Ljava/lang/Object;Ljava/lang/Object;)I> (0x000000008cb10a08) thrown at [/build/java9-openjdk/src/jdk9u-jdk-9.0.4+1

Events (10 events):
Event: 0.557 loading class org/lwjgl/opengl/GL$ICDStatic$WriteOnce
Event: 0.557 loading class org/lwjgl/opengl/GL$ICDStatic$WriteOnce done
Event: 0.558 loading class Util
Event: 0.558 loading class Util done
Event: 0.559 loading class org/lwjgl/system/APIUtil$Encoder
Event: 0.559 loading class org/lwjgl/system/APIUtil$Encoder done
Event: 0.559 loading class org/lwjgl/system/APIUtil$Encoder
Event: 0.559 loading class org/lwjgl/system/APIUtil$Encoder done
Event: 0.560 loading class org/lwjgl/system/libc/LibCStdlib
Event: 0.560 loading class org/lwjgl/system/libc/LibCStdlib done


Dynamic libraries:
85200000-8ce00000 rw-p 00000000 00:00 0 
8ce00000-100000000 ---p 00000000 00:00 0 
100000000-1000e0000 rw-p 00000000 00:00 0 
1000e0000-140000000 ---p 00000000 00:00 0 
562a0fb5a000-562a0fb5b000 r-xp 00000000 08:08 279043                     /usr/lib/jvm/java-9-openjdk/bin/java
562a0fd5b000-562a0fd5c000 r--p 00001000 08:08 279043                     /usr/lib/jvm/java-9-openjdk/bin/java
562a0fd5c000-562a0fd5d000 rw-p 00002000 08:08 279043                     /usr/lib/jvm/java-9-openjdk/bin/java
562a1118d000-562a111ae000 rw-p 00000000 00:00 0                          [heap]
7f0ef8000000-7f0ef8023000 rw-p 00000000 00:00 0 
7f0ef8023000-7f0efc000000 ---p 00000000 00:00 0 
7f0eff907000-7f0eff90b000 ---p 00000000 00:00 0 
7f0eff90b000-7f0effb88000 rw-p 00000000 00:00 0 
7f0effb88000-7f0effc08000 ---p 00000000 00:00 0 
7f0effc08000-7f0effc48000 rw-s 00000000 08:04 3579822                    /home/david/#3579822 (deleted)
7f0effc48000-7f0effcb3000 r-xp 00000000 00:2c 25306                      /tmp/lwjgldavid/3.1.6-build-14/liblwjgl_opengl.so
7f0effcb3000-7f0effeb2000 ---p 0006b000 00:2c 25306                      /tmp/lwjgldavid/3.1.6-build-14/liblwjgl_opengl.so
7f0effeb2000-7f0effeb3000 r--p 0006a000 00:2c 25306                      /tmp/lwjgldavid/3.1.6-build-14/liblwjgl_opengl.so
7f0effeb3000-7f0effeb4000 rw-p 0006b000 00:2c 25306                      /tmp/lwjgldavid/3.1.6-build-14/liblwjgl_opengl.so
7f0effeb4000-7f0f01265000 rw-p 00000000 00:00 0 
7f0f01265000-7f0f0126d000 r-xp 00000000 08:08 33619                      /usr/lib/libpciaccess.so.0.11.1
7f0f0126d000-7f0f0146d000 ---p 00008000 08:08 33619                      /usr/lib/libpciaccess.so.0.11.1
7f0f0146d000-7f0f0146e000 r--p 00008000 08:08 33619                      /usr/lib/libpciaccess.so.0.11.1
7f0f0146e000-7f0f0146f000 rw-p 00009000 08:08 33619                      /usr/lib/libpciaccess.so.0.11.1
7f0f0146f000-7f0f01476000 r-xp 00000000 08:08 33639                      /usr/lib/libdrm_nouveau.so.2.0.0
7f0f01476000-7f0f01675000 ---p 00007000 08:08 33639                      /usr/lib/libdrm_nouveau.so.2.0.0
7f0f01675000-7f0f01676000 r--p 00006000 08:08 33639                      /usr/lib/libdrm_nouveau.so.2.0.0
7f0f01676000-7f0f01677000 rw-p 00007000 08:08 33639                      /usr/lib/libdrm_nouveau.so.2.0.0
7f0f01677000-7f0f01682000 r-xp 00000000 08:08 33633                      /usr/lib/libdrm_radeon.so.1.0.1
7f0f01682000-7f0f01881000 ---p 0000b000 08:08 33633                      /usr/lib/libdrm_radeon.so.1.0.1
7f0f01881000-7f0f01882000 r--p 0000a000 08:08 33633                      /usr/lib/libdrm_radeon.so.1.0.1
7f0f01882000-7f0f01883000 rw-p 0000b000 08:08 33633                      /usr/lib/libdrm_radeon.so.1.0.1
7f0f01883000-7f0f018a6000 r-xp 00000000 08:08 33634                      /usr/lib/libdrm_intel.so.1.0.0
7f0f018a6000-7f0f01aa5000 ---p 00023000 08:08 33634                      /usr/lib/libdrm_intel.so.1.0.0
7f0f01aa5000-7f0f01aa6000 r--p 00022000 08:08 33634                      /usr/lib/libdrm_intel.so.1.0.0
7f0f01aa6000-7f0f01aa7000 rw-p 00023000 08:08 33634                      /usr/lib/libdrm_intel.so.1.0.0
7f0f01aa7000-7f0f02330000 r-xp 00000000 08:08 138956                     /usr/lib/dri/i965_dri.so
7f0f02330000-7f0f0252f000 ---p 00889000 08:08 138956                     /usr/lib/dri/i965_dri.so
7f0f0252f000-7f0f02580000 r--p 00888000 08:08 138956                     /usr/lib/dri/i965_dri.so
7f0f02580000-7f0f0258a000 rw-p 008d9000 08:08 138956                     /usr/lib/dri/i965_dri.so
7f0f0258a000-7f0f0262f000 rw-p 00000000 00:00 0 
7f0f0262f000-7f0f0265e000 r-xp 00000000 08:08 13951                      /usr/lib/libexpat.so.1.6.7
7f0f0265e000-7f0f0285e000 ---p 0002f000 08:08 13951                      /usr/lib/libexpat.so.1.6.7
7f0f0285e000-7f0f02860000 r--p 0002f000 08:08 13951                      /usr/lib/libexpat.so.1.6.7
7f0f02860000-7f0f02861000 rw-p 00031000 08:08 13951                      /usr/lib/libexpat.so.1.6.7
7f0f02861000-7f0f02862000 r-xp 00000000 08:08 33789                      /usr/lib/libxshmfence.so.1.0.0
7f0f02862000-7f0f02a61000 ---p 00001000 08:08 33789                      /usr/lib/libxshmfence.so.1.0.0
7f0f02a61000-7f0f02a62000 r--p 00000000 08:08 33789                      /usr/lib/libxshmfence.so.1.0.0
7f0f02a62000-7f0f02a63000 rw-p 00001000 08:08 33789                      /usr/lib/libxshmfence.so.1.0.0
7f0f02a63000-7f0f02a69000 r-xp 00000000 08:08 32562                      /usr/lib/libxcb-sync.so.1.0.0
7f0f02a69000-7f0f02c68000 ---p 00006000 08:08 32562                      /usr/lib/libxcb-sync.so.1.0.0
7f0f02c68000-7f0f02c69000 r--p 00005000 08:08 32562                      /usr/lib/libxcb-sync.so.1.0.0
7f0f02c69000-7f0f02c6a000 rw-p 00006000 08:08 32562                      /usr/lib/libxcb-sync.so.1.0.0
7f0f02c6a000-7f0f02c6c000 r-xp 00000000 08:08 32554                      /usr/lib/libxcb-present.so.0.0.0
7f0f02c6c000-7f0f02e6b000 ---p 00002000 08:08 32554                      /usr/lib/libxcb-present.so.0.0.0
7f0f02e6b000-7f0f02e6c000 r--p 00001000 08:08 32554                      /usr/lib/libxcb-present.so.0.0.0
7f0f02e6c000-7f0f02e6d000 rw-p 00002000 08:08 32554                      /usr/lib/libxcb-present.so.0.0.0
7f0f02e6d000-7f0f02e70000 r-xp 00000000 08:08 32563                      /usr/lib/libxcb-dri3.so.0.0.0
7f0f02e70000-7f0f0306f000 ---p 00003000 08:08 32563                      /usr/lib/libxcb-dri3.so.0.0.0
7f0f0306f000-7f0f03070000 r--p 00002000 08:08 32563                      /usr/lib/libxcb-dri3.so.0.0.0
7f0f03070000-7f0f03071000 rw-p 00003000 08:08 32563                      /usr/lib/libxcb-dri3.so.0.0.0
7f0f03071000-7f0f03073000 r-xp 00000000 08:08 33783                      /usr/lib/libXdamage.so.1.1.0
7f0f03073000-7f0f03272000 ---p 00002000 08:08 33783                      /usr/lib/libXdamage.so.1.1.0
7f0f03272000-7f0f03273000 r--p 00001000 08:08 33783                      /usr/lib/libXdamage.so.1.1.0
7f0f03273000-7f0f03274000 rw-p 00002000 08:08 33783                      /usr/lib/libXdamage.so.1.1.0
7f0f03274000-7f0f03278000 r-xp 00000000 08:08 32574                      /usr/lib/libxcb-dri2.so.0.0.0
7f0f03278000-7f0f03477000 ---p 00004000 08:08 32574                      /usr/lib/libxcb-dri2.so.0.0.0
7f0f03477000-7f0f03478000 r--p 00003000 08:08 32574                      /usr/lib/libxcb-dri2.so.0.0.0
7f0f03478000-7f0f03479000 rw-p 00004000 08:08 32574                      /usr/lib/libxcb-dri2.so.0.0.0
7f0f03479000-7f0f03492000 r-xp 00000000 08:08 32587                      /usr/lib/libxcb-glx.so.0.0.0
7f0f03492000-7f0f03691000 ---p 00019000 08:08 32587                      /usr/lib/libxcb-glx.so.0.0.0
7f0f03691000-7f0f03693000 r--p 00018000 08:08 32587                      /usr/lib/libxcb-glx.so.0.0.0
7f0f03693000-7f0f03694000 rw-p 0001a000 08:08 32587                      /usr/lib/libxcb-glx.so.0.0.0
7f0f03694000-7f0f036a5000 r-xp 00000000 08:08 33646                      /usr/lib/libdrm.so.2.4.0
7f0f036a5000-7f0f038a4000 ---p 00011000 08:08 33646                      /usr/lib/libdrm.so.2.4.0
7f0f038a4000-7f0f038a5000 r--p 00010000 08:08 33646                      /usr/lib/libdrm.so.2.4.0
7f0f038a5000-7f0f038a6000 rw-p 00011000 08:08 33646                      /usr/lib/libdrm.so.2.4.0
7f0f038a6000-7f0f038d2000 r-xp 00000000 08:08 33904                      /usr/lib/libglapi.so.0.0.0
7f0f038d2000-7f0f03ad1000 ---p 0002c000 08:08 33904                      /usr/lib/libglapi.so.0.0.0
7f0f03ad1000-7f0f03ad5000 r--p 0002b000 08:08 33904                      /usr/lib/libglapi.so.0.0.0
7f0f03ad5000-7f0f03ad6000 rw-p 0002f000 08:08 33904                      /usr/lib/libglapi.so.0.0.0
7f0f03ad6000-7f0f03ad7000 rw-p 00000000 00:00 0 
7f0f03ad7000-7f0f03b47000 r-xp 00000000 08:08 33911                      /usr/lib/libGLX_mesa.so.0.0.0
7f0f03b47000-7f0f03d46000 ---p 00070000 08:08 33911                      /usr/lib/libGLX_mesa.so.0.0.0
7f0f03d46000-7f0f03d49000 r--p 0006f000 08:08 33911                      /usr/lib/libGLX_mesa.so.0.0.0
7f0f03d49000-7f0f03d4a000 rw-p 00072000 08:08 33911                      /usr/lib/libGLX_mesa.so.0.0.0
7f0f03d4a000-7f0f03db8000 r-xp 00000000 08:08 33931                      /usr/lib/libGLdispatch.so.0.0.0
7f0f03db8000-7f0f03fb7000 ---p 0006e000 08:08 33931                      /usr/lib/libGLdispatch.so.0.0.0
7f0f03fb7000-7f0f03fdf000 r--p 0006d000 08:08 33931                      /usr/lib/libGLdispatch.so.0.0.0
7f0f03fdf000-7f0f03fe0000 rw-p 00095000 08:08 33931                      /usr/lib/libGLdispatch.so.0.0.0
7f0f03fe0000-7f0f04000000 rw-p 00000000 00:00 0 
7f0f04000000-7f0f04021000 rw-p 00000000 00:00 0 
7f0f04021000-7f0f08000000 ---p 00000000 00:00 0 
7f0f08000000-7f0f08021000 rw-p 00000000 00:00 0 
7f0f08021000-7f0f0c000000 ---p 00000000 00:00 0 
7f0f0c000000-7f0f0c021000 rw-p 00000000 00:00 0 
7f0f0c021000-7f0f10000000 ---p 00000000 00:00 0 
7f0f10000000-7f0f10021000 rw-p 00000000 00:00 0 
7f0f10021000-7f0f14000000 ---p 00000000 00:00 0 
7f0f14000000-7f0f143e1000 rw-p 00000000 00:00 0 
7f0f143e1000-7f0f18000000 ---p 00000000 00:00 0 
7f0f18000000-7f0f181d8000 rw-p 00000000 00:00 0 
7f0f181d8000-7f0f1c000000 ---p 00000000 00:00 0 
7f0f1c000000-7f0f1c021000 rw-p 00000000 00:00 0 
7f0f1c021000-7f0f20000000 ---p 00000000 00:00 0 
7f0f20000000-7f0f20436000 rw-p 00000000 00:00 0 
7f0f20436000-7f0f24000000 ---p 00000000 00:00 0 
7f0f24000000-7f0f24021000 rw-p 00000000 00:00 0 
7f0f24021000-7f0f28000000 ---p 00000000 00:00 0 
7f0f28000000-7f0f28021000 rw-p 00000000 00:00 0 
7f0f28021000-7f0f2c000000 ---p 00000000 00:00 0 
7f0f2c000000-7f0f2c021000 rw-p 00000000 00:00 0 
7f0f2c021000-7f0f30000000 ---p 00000000 00:00 0 
7f0f30000000-7f0f30021000 rw-p 00000000 00:00 0 
7f0f30021000-7f0f34000000 ---p 00000000 00:00 0 
7f0f34020000-7f0f34030000 r-xp 00000000 08:08 33934                      /usr/lib/libGLX.so.0.0.0
7f0f34030000-7f0f3422f000 ---p 00010000 08:08 33934                      /usr/lib/libGLX.so.0.0.0
7f0f3422f000-7f0f34230000 r--p 0000f000 08:08 33934                      /usr/lib/libGLX.so.0.0.0
7f0f34230000-7f0f34231000 rw-p 00010000 08:08 33934                      /usr/lib/libGLX.so.0.0.0
7f0f34231000-7f0f34251000 rw-p 00000000 00:00 0 
7f0f34251000-7f0f342c1000 r-xp 00000000 08:08 33935                      /usr/lib/libGL.so.1.0.0
7f0f342c1000-7f0f344c0000 ---p 00070000 08:08 33935                      /usr/lib/libGL.so.1.0.0
7f0f344c0000-7f0f344da000 r--p 0006f000 08:08 33935                      /usr/lib/libGL.so.1.0.0
7f0f344da000-7f0f344db000 rw-p 00089000 08:08 33935                      /usr/lib/libGL.so.1.0.0
7f0f344db000-7f0f344dc000 rw-p 00000000 00:00 0 
7f0f344dc000-7f0f344dd000 r-xp 00000000 08:08 33463                      /usr/lib/libX11-xcb.so.1.0.0
7f0f344dd000-7f0f346dc000 ---p 00001000 08:08 33463                      /usr/lib/libX11-xcb.so.1.0.0
7f0f346dc000-7f0f346dd000 r--p 00000000 08:08 33463                      /usr/lib/libX11-xcb.so.1.0.0
7f0f346dd000-7f0f346de000 rw-p 00001000 08:08 33463                      /usr/lib/libX11-xcb.so.1.0.0
7f0f346de000-7f0f346e0000 r-xp 00000000 08:08 34981                      /usr/lib/libXinerama.so.1.0.0
7f0f346e0000-7f0f348df000 ---p 00002000 08:08 34981                      /usr/lib/libXinerama.so.1.0.0
7f0f348df000-7f0f348e0000 r--p 00001000 08:08 34981                      /usr/lib/libXinerama.so.1.0.0
7f0f348e0000-7f0f348e1000 rw-p 00002000 08:08 34981                      /usr/lib/libXinerama.so.1.0.0
7f0f348e1000-7f0f348e6000 r-xp 00000000 08:08 33778                      /usr/lib/libXfixes.so.3.1.0
7f0f348e6000-7f0f34ae5000 ---p 00005000 08:08 33778                      /usr/lib/libXfixes.so.3.1.0
7f0f34ae5000-7f0f34ae6000 r--p 00004000 08:08 33778                      /usr/lib/libXfixes.so.3.1.0
7f0f34ae6000-7f0f34ae7000 rw-p 00005000 08:08 33778                      /usr/lib/libXfixes.so.3.1.0
7f0f34ae7000-7f0f34af0000 r-xp 00000000 08:08 35041                      /usr/lib/libXcursor.so.1.0.2
7f0f34af0000-7f0f34cef000 ---p 00009000 08:08 35041                      /usr/lib/libXcursor.so.1.0.2
7f0f34cef000-7f0f34cf0000 r--p 00008000 08:08 35041                      /usr/lib/libXcursor.so.1.0.2
7f0f34cf0000-7f0f34cf1000 rw-p 00009000 08:08 35041                      /usr/lib/libXcursor.so.1.0.2
7f0f34cf1000-7f0f34cfa000 r-xp 00000000 08:08 34082                      /usr/lib/libXrender.so.1.3.0
7f0f34cfa000-7f0f34efa000 ---p 00009000 08:08 34082                      /usr/lib/libXrender.so.1.3.0
7f0f34efa000-7f0f34efb000 r--p 00009000 08:08 34082                      /usr/lib/libXrender.so.1.3.0
7f0f34efb000-7f0f34efc000 rw-p 0000a000 08:08 34082                      /usr/lib/libXrender.so.1.3.0
7f0f34efc000-7f0f34f06000 r-xp 00000000 08:08 34990                      /usr/lib/libXrandr.so.2.2.0
7f0f34f06000-7f0f35105000 ---p 0000a000 08:08 34990                      /usr/lib/libXrandr.so.2.2.0
7f0f35105000-7f0f35106000 r--p 00009000 08:08 34990                      /usr/lib/libXrandr.so.2.2.0
7f0f35106000-7f0f35107000 rw-p 0000a000 08:08 34990                      /usr/lib/libXrandr.so.2.2.0
7f0f35107000-7f0f35116000 r-xp 00000000 08:08 35607                      /usr/lib/libXi.so.6.1.0
7f0f35116000-7f0f35316000 ---p 0000f000 08:08 35607                      /usr/lib/libXi.so.6.1.0
7f0f35316000-7f0f35317000 r--p 0000f000 08:08 35607                      /usr/lib/libXi.so.6.1.0
7f0f35317000-7f0f35318000 rw-p 00010000 08:08 35607                      /usr/lib/libXi.so.6.1.0
7f0f35318000-7f0f35329000 r-xp 00000000 08:08 33613                      /usr/lib/libXext.so.6.4.0
7f0f35329000-7f0f35528000 ---p 00011000 08:08 33613                      /usr/lib/libXext.so.6.4.0
7f0f35528000-7f0f35529000 r--p 00010000 08:08 33613                      /usr/lib/libXext.so.6.4.0
7f0f35529000-7f0f3552a000 rw-p 00011000 08:08 33613                      /usr/lib/libXext.so.6.4.0
7f0f3552a000-7f0f3552f000 r-xp 00000000 08:08 33776                      /usr/lib/libXxf86vm.so.1.0.0
7f0f3552f000-7f0f3572e000 ---p 00005000 08:08 33776                      /usr/lib/libXxf86vm.so.1.0.0
7f0f3572e000-7f0f3572f000 r--p 00004000 08:08 33776                      /usr/lib/libXxf86vm.so.1.0.0
7f0f3572f000-7f0f35730000 rw-p 00005000 08:08 33776                      /usr/lib/libXxf86vm.so.1.0.0
7f0f35730000-7f0f35735000 r-xp 00000000 08:08 27704                      /usr/lib/libXdmcp.so.6.0.0
7f0f35735000-7f0f35934000 ---p 00005000 08:08 27704                      /usr/lib/libXdmcp.so.6.0.0
7f0f35934000-7f0f35935000 r--p 00004000 08:08 27704                      /usr/lib/libXdmcp.so.6.0.0
7f0f35935000-7f0f35936000 rw-p 00005000 08:08 27704                      /usr/lib/libXdmcp.so.6.0.0
7f0f35936000-7f0f35938000 r-xp 00000000 08:08 27717                      /usr/lib/libXau.so.6.0.0
7f0f35938000-7f0f35b38000 ---p 00002000 08:08 27717                      /usr/lib/libXau.so.6.0.0
7f0f35b38000-7f0f35b39000 r--p 00002000 08:08 27717                      /usr/lib/libXau.so.6.0.0
7f0f35b39000-7f0f35b3a000 rw-p 00003000 08:08 27717                      /usr/lib/libXau.so.6.0.0
7f0f35b3a000-7f0f35b61000 r-xp 00000000 08:08 32553                      /usr/lib/libxcb.so.1.1.0
7f0f35b61000-7f0f35d61000 ---p 00027000 08:08 32553                      /usr/lib/libxcb.so.1.1.0
7f0f35d61000-7f0f35d62000 r--p 00027000 08:08 32553                      /usr/lib/libxcb.so.1.1.0
7f0f35d62000-7f0f35d63000 rw-p 00028000 08:08 32553                      /usr/lib/libxcb.so.1.1.0
7f0f35d63000-7f0f35e9c000 r-xp 00000000 08:08 33462                      /usr/lib/libX11.so.6.3.0
7f0f35e9c000-7f0f3609c000 ---p 00139000 08:08 33462                      /usr/lib/libX11.so.6.3.0
7f0f3609c000-7f0f3609d000 r--p 00139000 08:08 33462                      /usr/lib/libX11.so.6.3.0
7f0f3609d000-7f0f360a2000 rw-p 0013a000 08:08 33462                      /usr/lib/libX11.so.6.3.0
7f0f360a2000-7f0f360d8000 r-xp 00000000 00:2c 25287                      /tmp/lwjgldavid/3.1.6-build-14/libglfw.so
7f0f360d8000-7f0f362d7000 ---p 00036000 00:2c 25287                      /tmp/lwjgldavid/3.1.6-build-14/libglfw.so
7f0f362d7000-7f0f362d8000 r--p 00035000 00:2c 25287                      /tmp/lwjgldavid/3.1.6-build-14/libglfw.so
7f0f362d8000-7f0f362d9000 rw-p 00036000 00:2c 25287                      /tmp/lwjgldavid/3.1.6-build-14/libglfw.so
7f0f362d9000-7f0f362fa000 rw-p 00000000 00:00 0 
7f0f362fa000-7f0f3634e000 r-xp 00000000 00:2c 25286                      /tmp/lwjgldavid/3.1.6-build-14/liblwjgl.so
7f0f3634e000-7f0f3654e000 ---p 00054000 00:2c 25286                      /tmp/lwjgldavid/3.1.6-build-14/liblwjgl.so
7f0f3654e000-7f0f3654f000 r--p 00054000 00:2c 25286                      /tmp/lwjgldavid/3.1.6-build-14/liblwjgl.so
7f0f3654f000-7f0f36550000 rw-p 00055000 00:2c 25286                      /tmp/lwjgldavid/3.1.6-build-14/liblwjgl.so
7f0f36550000-7f0f36551000 ---p 00000000 00:00 0 
7f0f36551000-7f0f36652000 rw-p 00000000 00:00 0 
7f0f36652000-7f0f36656000 ---p 00000000 00:00 0 
7f0f36656000-7f0f36753000 rw-p 00000000 00:00 0 
7f0f36753000-7f0f36757000 ---p 00000000 00:00 0 
7f0f36757000-7f0f36854000 rw-p 00000000 00:00 0 
7f0f36854000-7f0f3686a000 r-xp 00000000 08:08 279064                     /usr/lib/jvm/java-9-openjdk/lib/libnet.so
7f0f3686a000-7f0f36a6a000 ---p 00016000 08:08 279064                     /usr/lib/jvm/java-9-openjdk/lib/libnet.so
7f0f36a6a000-7f0f36a6b000 r--p 00016000 08:08 279064                     /usr/lib/jvm/java-9-openjdk/lib/libnet.so
7f0f36a6b000-7f0f36a6c000 rw-p 00017000 08:08 279064                     /usr/lib/jvm/java-9-openjdk/lib/libnet.so
7f0f36a6c000-7f0f36a7d000 r-xp 00000000 08:08 279062                     /usr/lib/jvm/java-9-openjdk/lib/libnio.so
7f0f36a7d000-7f0f36c7c000 ---p 00011000 08:08 279062                     /usr/lib/jvm/java-9-openjdk/lib/libnio.so
7f0f36c7c000-7f0f36c7d000 r--p 00010000 08:08 279062                     /usr/lib/jvm/java-9-openjdk/lib/libnio.so
7f0f36c7d000-7f0f36c7e000 rw-p 00011000 08:08 279062                     /usr/lib/jvm/java-9-openjdk/lib/libnio.so
7f0f36c7e000-7f0f36c82000 ---p 00000000 00:00 0 
7f0f36c82000-7f0f36d7f000 rw-p 00000000 00:00 0 
7f0f36d7f000-7f0f36d83000 ---p 00000000 00:00 0 
7f0f36d83000-7f0f36e80000 rw-p 00000000 00:00 0 
7f0f36e80000-7f0f36e84000 ---p 00000000 00:00 0 
7f0f36e84000-7f0f36f81000 rw-p 00000000 00:00 0 
7f0f36f81000-7f0f36f85000 ---p 00000000 00:00 0 
7f0f36f85000-7f0f37082000 rw-p 00000000 00:00 0 
7f0f37082000-7f0f37086000 ---p 00000000 00:00 0 
7f0f37086000-7f0f37183000 rw-p 00000000 00:00 0 
7f0f37183000-7f0f37187000 ---p 00000000 00:00 0 
7f0f37187000-7f0f37284000 rw-p 00000000 00:00 0 
7f0f37284000-7f0f37288000 ---p 00000000 00:00 0 
7f0f37288000-7f0f37385000 rw-p 00000000 00:00 0 
7f0f37385000-7f0f37386000 ---p 00000000 00:00 0 
7f0f37386000-7f0f37cfd000 rw-p 00000000 00:00 0 
7f0f37cfd000-7f0f38000000 rw-p 00000000 00:00 0 
7f0f38000000-7f0f38021000 rw-p 00000000 00:00 0 
7f0f38021000-7f0f3c000000 ---p 00000000 00:00 0 
7f0f3c007000-7f0f3c047000 r-xs 00000000 08:04 3579822                    /home/david/#3579822 (deleted)
7f0f3c047000-7f0f3c148000 rw-p 00000000 00:00 0 
7f0f3c148000-7f0f3e148000 rwxp 00000000 00:00 0 
7f0f3e148000-7f0f3e338000 rw-p 00000000 00:00 0 
7f0f3e338000-7f0f40000000 ---p 00000000 00:00 0 
7f0f40000000-7f0f40021000 rw-p 00000000 00:00 0 
7f0f40021000-7f0f44000000 ---p 00000000 00:00 0 
7f0f44000000-7f0f44021000 rw-p 00000000 00:00 0 
7f0f44021000-7f0f48000000 ---p 00000000 00:00 0 
7f0f48000000-7f0f48021000 rw-p 00000000 00:00 0 
7f0f48021000-7f0f4c000000 ---p 00000000 00:00 0 
7f0f4c000000-7f0f4c021000 rw-p 00000000 00:00 0 
7f0f4c021000-7f0f50000000 ---p 00000000 00:00 0 
7f0f50000000-7f0f50021000 rw-p 00000000 00:00 0 
7f0f50021000-7f0f54000000 ---p 00000000 00:00 0 
7f0f54000000-7f0f54021000 rw-p 00000000 00:00 0 
7f0f54021000-7f0f58000000 ---p 00000000 00:00 0 
7f0f58000000-7f0f58021000 rw-p 00000000 00:00 0 
7f0f58021000-7f0f5c000000 ---p 00000000 00:00 0 
7f0f5c000000-7f0f5c021000 rw-p 00000000 00:00 0 
7f0f5c021000-7f0f60000000 ---p 00000000 00:00 0 
7f0f60000000-7f0f60021000 rw-p 00000000 00:00 0 
7f0f60021000-7f0f64000000 ---p 00000000 00:00 0 
7f0f64002000-7f0f64003000 ---p 00000000 00:00 0 
7f0f64003000-7f0f64104000 rw-p 00000000 00:00 0 
7f0f64104000-7f0f64105000 ---p 00000000 00:00 0 
7f0f64105000-7f0f643f6000 rw-p 00000000 00:00 0 
7f0f643f6000-7f0f660be000 ---p 00000000 00:00 0 
7f0f660be000-7f0f660fc000 rw-p 00000000 00:00 0 
7f0f660fc000-7f0f66495000 ---p 00000000 00:00 0 
7f0f66495000-7f0f664d3000 rw-p 00000000 00:00 0 
7f0f664d3000-7f0f66c43000 ---p 00000000 00:00 0 
7f0f66c43000-7f0f66c81000 rw-p 00000000 00:00 0 
7f0f66c81000-7f0f6701a000 ---p 00000000 00:00 0 
7f0f6701a000-7f0f6701b000 ---p 00000000 00:00 0 
7f0f6701b000-7f0f6711c000 rw-p 00000000 00:00 0 
7f0f6711c000-7f0f6711d000 ---p 00000000 00:00 0 
7f0f6711d000-7f0f6721e000 rw-p 00000000 00:00 0 
7f0f6721e000-7f0f6721f000 ---p 00000000 00:00 0 
7f0f6721f000-7f0f67320000 rw-p 00000000 00:00 0 
7f0f67320000-7f0f67321000 ---p 00000000 00:00 0 
7f0f67321000-7f0f67422000 rw-p 00000000 00:00 0 
7f0f67422000-7f0f67423000 ---p 00000000 00:00 0 
7f0f67423000-7f0f67928000 rw-p 00000000 00:00 0 
7f0f67928000-7f0f67929000 ---p 00000000 00:00 0 
7f0f67929000-7f0f67a2a000 rw-p 00000000 00:00 0 
7f0f67a2a000-7f0f67c9a000 rwxp 00000000 00:00 0 
7f0f67c9a000-7f0f67fba000 ---p 00000000 00:00 0 
7f0f67fba000-7f0f6822a000 rwxp 00000000 00:00 0 
7f0f6822a000-7f0f6f4f2000 ---p 00000000 00:00 0 
7f0f6f4f2000-7f0f6f762000 rwxp 00000000 00:00 0 
7f0f6f762000-7f0f76a2a000 ---p 00000000 00:00 0 
7f0f76a2a000-7f0f80000000 r--s 00000000 08:08 279090                     /usr/lib/jvm/java-9-openjdk/lib/modules
7f0f80000000-7f0f80d5c000 rw-p 00000000 00:00 0 
7f0f80d5c000-7f0f84000000 ---p 00000000 00:00 0 
7f0f84009000-7f0f840bd000 rw-p 00000000 00:00 0 
7f0f840bd000-7f0f840be000 ---p 00000000 00:00 0 
7f0f840be000-7f0f841bf000 rw-p 00000000 00:00 0 
7f0f841bf000-7f0f841c0000 ---p 00000000 00:00 0 
7f0f841c0000-7f0f842c1000 rw-p 00000000 00:00 0 
7f0f842c1000-7f0f842c2000 ---p 00000000 00:00 0 
7f0f842c2000-7f0f843c8000 rw-p 00000000 00:00 0 
7f0f843c8000-7f0f844ae000 ---p 00000000 00:00 0 
7f0f844ae000-7f0f844b3000 rw-p 00000000 00:00 0 
7f0f844b3000-7f0f84599000 ---p 00000000 00:00 0 
7f0f84599000-7f0f8459e000 r-xp 00000000 08:08 279063                     /usr/lib/jvm/java-9-openjdk/lib/libjimage.so
7f0f8459e000-7f0f8479d000 ---p 00005000 08:08 279063                     /usr/lib/jvm/java-9-openjdk/lib/libjimage.so
7f0f8479d000-7f0f8479e000 r--p 00004000 08:08 279063                     /usr/lib/jvm/java-9-openjdk/lib/libjimage.so
7f0f8479e000-7f0f8479f000 rw-p 00005000 08:08 279063                     /usr/lib/jvm/java-9-openjdk/lib/libjimage.so
7f0f8479f000-7f0f847a6000 r-xp 00000000 08:08 279065                     /usr/lib/jvm/java-9-openjdk/lib/libzip.so
7f0f847a6000-7f0f849a5000 ---p 00007000 08:08 279065                     /usr/lib/jvm/java-9-openjdk/lib/libzip.so
7f0f849a5000-7f0f849a6000 r--p 00006000 08:08 279065                     /usr/lib/jvm/java-9-openjdk/lib/libzip.so
7f0f849a6000-7f0f849a7000 rw-p 00007000 08:08 279065                     /usr/lib/jvm/java-9-openjdk/lib/libzip.so
7f0f849a7000-7f0f849b2000 r-xp 00000000 08:08 2956                       /usr/lib/libnss_files-2.27.so
7f0f849b2000-7f0f84bb1000 ---p 0000b000 08:08 2956                       /usr/lib/libnss_files-2.27.so
7f0f84bb1000-7f0f84bb2000 r--p 0000a000 08:08 2956                       /usr/lib/libnss_files-2.27.so
7f0f84bb2000-7f0f84bb3000 rw-p 0000b000 08:08 2956                       /usr/lib/libnss_files-2.27.so
7f0f84bb3000-7f0f84bb9000 rw-p 00000000 00:00 0 
7f0f84bb9000-7f0f84be5000 r-xp 00000000 08:08 279066                     /usr/lib/jvm/java-9-openjdk/lib/libjava.so
7f0f84be5000-7f0f84de4000 ---p 0002c000 08:08 279066                     /usr/lib/jvm/java-9-openjdk/lib/libjava.so
7f0f84de4000-7f0f84de5000 r--p 0002b000 08:08 279066                     /usr/lib/jvm/java-9-openjdk/lib/libjava.so
7f0f84de5000-7f0f84de6000 rw-p 0002c000 08:08 279066                     /usr/lib/jvm/java-9-openjdk/lib/libjava.so
7f0f84de6000-7f0f84de7000 rw-p 00000000 00:00 0 
7f0f84de7000-7f0f84df4000 r-xp 00000000 08:08 279067                     /usr/lib/jvm/java-9-openjdk/lib/libverify.so
7f0f84df4000-7f0f84ff3000 ---p 0000d000 08:08 279067                     /usr/lib/jvm/java-9-openjdk/lib/libverify.so
7f0f84ff3000-7f0f84ff5000 r--p 0000c000 08:08 279067                     /usr/lib/jvm/java-9-openjdk/lib/libverify.so
7f0f84ff5000-7f0f84ff6000 rw-p 0000e000 08:08 279067                     /usr/lib/jvm/java-9-openjdk/lib/libverify.so
7f0f84ff6000-7f0f84ffd000 r-xp 00000000 08:08 2947                       /usr/lib/librt-2.27.so
7f0f84ffd000-7f0f851fc000 ---p 00007000 08:08 2947                       /usr/lib/librt-2.27.so
7f0f851fc000-7f0f851fd000 r--p 00006000 08:08 2947                       /usr/lib/librt-2.27.so
7f0f851fd000-7f0f851fe000 rw-p 00007000 08:08 2947                       /usr/lib/librt-2.27.so
7f0f851fe000-7f0f85215000 r-xp 00000000 08:08 4540                       /usr/lib/libgcc_s.so.1
7f0f85215000-7f0f85414000 ---p 00017000 08:08 4540                       /usr/lib/libgcc_s.so.1
7f0f85414000-7f0f85415000 r--p 00016000 08:08 4540                       /usr/lib/libgcc_s.so.1
7f0f85415000-7f0f85416000 rw-p 00017000 08:08 4540                       /usr/lib/libgcc_s.so.1
7f0f85416000-7f0f855a9000 r-xp 00000000 08:08 200                        /usr/lib/libm-2.27.so
7f0f855a9000-7f0f857a9000 ---p 00193000 08:08 200                        /usr/lib/libm-2.27.so
7f0f857a9000-7f0f857aa000 r--p 00193000 08:08 200                        /usr/lib/libm-2.27.so
7f0f857aa000-7f0f857ab000 rw-p 00194000 08:08 200                        /usr/lib/libm-2.27.so
7f0f857ab000-7f0f85924000 r-xp 00000000 08:08 2931                       /usr/lib/libstdc++.so.6.0.25
7f0f85924000-7f0f85b24000 ---p 00179000 08:08 2931                       /usr/lib/libstdc++.so.6.0.25
7f0f85b24000-7f0f85b30000 r--p 00179000 08:08 2931                       /usr/lib/libstdc++.so.6.0.25
7f0f85b30000-7f0f85b31000 rw-p 00185000 08:08 2931                       /usr/lib/libstdc++.so.6.0.25
7f0f85b31000-7f0f85b34000 rw-p 00000000 00:00 0 
7f0f85b34000-7f0f86ac6000 r-xp 00000000 08:08 279092                     /usr/lib/jvm/java-9-openjdk/lib/server/libjvm.so
7f0f86ac6000-7f0f86cc5000 ---p 00f92000 08:08 279092                     /usr/lib/jvm/java-9-openjdk/lib/server/libjvm.so
7f0f86cc5000-7f0f86d7d000 r--p 00f91000 08:08 279092                     /usr/lib/jvm/java-9-openjdk/lib/server/libjvm.so
7f0f86d7d000-7f0f86db2000 rw-p 01049000 08:08 279092                     /usr/lib/jvm/java-9-openjdk/lib/server/libjvm.so
7f0f86db2000-7f0f86dfa000 rw-p 00000000 00:00 0 
7f0f86dfa000-7f0f86e13000 r-xp 00000000 08:08 3028                       /usr/lib/libpthread-2.27.so
7f0f86e13000-7f0f87012000 ---p 00019000 08:08 3028                       /usr/lib/libpthread-2.27.so
7f0f87012000-7f0f87013000 r--p 00018000 08:08 3028                       /usr/lib/libpthread-2.27.so
7f0f87013000-7f0f87014000 rw-p 00019000 08:08 3028                       /usr/lib/libpthread-2.27.so
7f0f87014000-7f0f87018000 rw-p 00000000 00:00 0 
7f0f87018000-7f0f8701b000 r-xp 00000000 08:08 2938                       /usr/lib/libdl-2.27.so
7f0f8701b000-7f0f8721a000 ---p 00003000 08:08 2938                       /usr/lib/libdl-2.27.so
7f0f8721a000-7f0f8721b000 r--p 00002000 08:08 2938                       /usr/lib/libdl-2.27.so
7f0f8721b000-7f0f8721c000 rw-p 00003000 08:08 2938                       /usr/lib/libdl-2.27.so
7f0f8721c000-7f0f87232000 r-xp 00000000 08:08 348                        /usr/lib/libz.so.1.2.11
7f0f87232000-7f0f87431000 ---p 00016000 08:08 348                        /usr/lib/libz.so.1.2.11
7f0f87431000-7f0f87432000 r--p 00015000 08:08 348                        /usr/lib/libz.so.1.2.11
7f0f87432000-7f0f87433000 rw-p 00016000 08:08 348                        /usr/lib/libz.so.1.2.11
7f0f87433000-7f0f875e6000 r-xp 00000000 08:08 3006                       /usr/lib/libc-2.27.so
7f0f875e6000-7f0f877e5000 ---p 001b3000 08:08 3006                       /usr/lib/libc-2.27.so
7f0f877e5000-7f0f877e9000 r--p 001b2000 08:08 3006                       /usr/lib/libc-2.27.so
7f0f877e9000-7f0f877eb000 rw-p 001b6000 08:08 3006                       /usr/lib/libc-2.27.so
7f0f877eb000-7f0f877ef000 rw-p 00000000 00:00 0 
7f0f877ef000-7f0f877fe000 r-xp 00000000 08:08 279091                     /usr/lib/jvm/java-9-openjdk/lib/jli/libjli.so
7f0f877fe000-7f0f879fd000 ---p 0000f000 08:08 279091                     /usr/lib/jvm/java-9-openjdk/lib/jli/libjli.so
7f0f879fd000-7f0f879fe000 r--p 0000e000 08:08 279091                     /usr/lib/jvm/java-9-openjdk/lib/jli/libjli.so
7f0f879fe000-7f0f879ff000 rw-p 0000f000 08:08 279091                     /usr/lib/jvm/java-9-openjdk/lib/jli/libjli.so
7f0f879ff000-7f0f87a24000 r-xp 00000000 08:08 3007                       /usr/lib/ld-2.27.so
7f0f87a2e000-7f0f87a2f000 rw-s 00000000 00:05 51244                      /memfd:xshmfence (deleted)
7f0f87a2f000-7f0f87a30000 r-xp 00000000 00:00 0 
7f0f87a30000-7f0f87a34000 rw-s 00000000 00:2e 51238                      /i915 (deleted)
7f0f87a34000-7f0f87a39000 rw-s 00000000 00:2e 51237                      /i915 (deleted)
7f0f87a39000-7f0f87a3d000 rw-s 00000000 00:2e 51228                      /i915 (deleted)
7f0f87a3d000-7f0f87afa000 rw-p 00000000 00:00 0 
7f0f87afa000-7f0f87afb000 ---p 00000000 00:00 0 
7f0f87afb000-7f0f87afc000 rw-p 00000000 00:00 0 
7f0f87afc000-7f0f87b00000 ---p 00000000 00:00 0 
7f0f87b00000-7f0f87bfd000 rw-p 00000000 00:00 0 
7f0f87bfd000-7f0f87bfe000 r-xp 00000000 00:00 0 
7f0f87bfe000-7f0f87bff000 rw-s 00000000 00:05 51249                      /memfd:xshmfence (deleted)
7f0f87bff000-7f0f87c00000 rwxp 00000000 00:00 0 
7f0f87c00000-7f0f87c04000 rw-s 00000000 00:2e 51226                      /i915 (deleted)
7f0f87c04000-7f0f87c09000 rw-s 00000000 00:2e 51225                      /i915 (deleted)
7f0f87c09000-7f0f87c0a000 r-xp 00000000 00:00 0 
7f0f87c0a000-7f0f87c10000 rw-p 00000000 00:00 0 
7f0f87c10000-7f0f87c17000 ---p 00000000 00:00 0 
7f0f87c17000-7f0f87c1f000 rw-s 00000000 00:2c 49686                      /tmp/hsperfdata_david/5855
7f0f87c1f000-7f0f87c20000 rw-p 00000000 00:00 0 
7f0f87c20000-7f0f87c21000 r--p 00000000 00:00 0 
7f0f87c21000-7f0f87c23000 rw-p 00000000 00:00 0 
7f0f87c23000-7f0f87c24000 r--p 00024000 08:08 3007                       /usr/lib/ld-2.27.so
7f0f87c24000-7f0f87c25000 rw-p 00025000 08:08 3007                       /usr/lib/ld-2.27.so
7f0f87c25000-7f0f87c26000 rw-p 00000000 00:00 0 
7ffc6b3b9000-7ffc6b3da000 rw-p 00000000 00:00 0                          [stack]
7ffc6b3f6000-7ffc6b3f9000 r--p 00000000 00:00 0                          [vvar]
7ffc6b3f9000-7ffc6b3fb000 r-xp 00000000 00:00 0                          [vdso]

VM Arguments:
jvm_args: -Dorg.lwjgl.util.Debug=true 
java_command: Main
java_class_path (initial): lwjgl/lwjgl-stb-natives-linux.jar:lwjgl/lwjgl-glfw-natives-windows.jar:lwjgl/lwjgl-assimp-javadoc.jar:lwjgl/lwjgl-glfw-sources.jar:lwjgl/lwjgl-glfw-javadoc.jar:lwjgl/lwjgl-openal-natives-macos.jar:lwjgl/lwjgl-natives-windows.jar:lwjgl/lwjgl-opengl-sources.jar:lwjgl/lwjgl-opengl-javadoc.jar:lwjgl/lwjgl-stb.jar:lwjgl/lwjgl-glfw.jar:lwjgl/lwjgl-stb-natives-macos.jar:lwjgl/lwjgl-natives-linux.jar:lwjgl/lwjgl-stb-natives-windows.jar:lwjgl/lwjgl-assimp.jar:lwjgl/lwjgl-javadoc.jar:lwjgl/lwjgl-openal.jar:lwjgl/lwjgl-stb-javadoc.jar:lwjgl/lwjgl-assimp-natives-windows.jar:lwjgl/lwjgl-assimp-natives-macos.jar:lwjgl/lwjgl-openal-sources.jar:lwjgl/lwjgl-natives-macos.jar:lwjgl/lwjgl-stb-sources.jar:lwjgl/lwjgl-openal-javadoc.jar:lwjgl/lwjgl-glfw-natives-linux.jar:lwjgl/lwjgl-assimp-sources.jar:lwjgl/lwjgl-assimp-natives-linux.jar:lwjgl/lwjgl-opengl-natives-macos.jar:lwjgl/lwjgl-openal-natives-linux.jar:lwjgl/lwjgl-glfw-natives-macos.jar:lwjgl/lwjgl-opengl.jar:lwjgl/lwjgl-opengl-natives-windows.jar:lwjgl/lwjgl-opengl-natives-linux.jar:lwjgl/lwjgl.jar:lwjgl/lwjgl-sources.jar:lwjgl/lwjgl-openal-natives-windows.jar:bin/
Launcher Type: SUN_STANDARD

Logging:
Log output configuration:
#0: stdout all=warning uptime,level,tags
#1: stderr all=off uptime,level,tags

Environment Variables:
PATH=/home/david/bin:/home/david/.local/bin:/usr/local/sbin:/usr/local/bin:/usr/bin:/usr/lib/jvm/default/bin:/usr/bin/site_perl:/usr/bin/vendor_perl:/usr/bin/core_perl
SHELL=/bin/bash
DISPLAY=:0

Signal Handlers:
SIGSEGV: [libjvm.so+0xd33b50], sa_mask[0]=11111111011111111101111111111110, sa_flags=SA_RESTART|SA_SIGINFO
SIGBUS: [libjvm.so+0xd33b50], sa_mask[0]=11111111011111111101111111111110, sa_flags=SA_RESTART|SA_SIGINFO
SIGFPE: [libjvm.so+0xd33b50], sa_mask[0]=11111111011111111101111111111110, sa_flags=SA_RESTART|SA_SIGINFO
SIGPIPE: [libjvm.so+0xb360d0], sa_mask[0]=11111111011111111101111111111110, sa_flags=SA_RESTART|SA_SIGINFO
SIGXFSZ: [libjvm.so+0xb360d0], sa_mask[0]=11111111011111111101111111111110, sa_flags=SA_RESTART|SA_SIGINFO
SIGILL: [libjvm.so+0xd33b50], sa_mask[0]=11111111011111111101111111111110, sa_flags=SA_RESTART|SA_SIGINFO
SIGUSR2: [libjvm.so+0xb35f60], sa_mask[0]=00000000000000000000000000000000, sa_flags=SA_RESTART|SA_SIGINFO
SIGHUP: [libjvm.so+0xb36190], sa_mask[0]=11111111011111111101111111111110, sa_flags=SA_RESTART|SA_SIGINFO
SIGINT: [libjvm.so+0xb36190], sa_mask[0]=11111111011111111101111111111110, sa_flags=SA_RESTART|SA_SIGINFO
SIGTERM: [libjvm.so+0xb36190], sa_mask[0]=11111111011111111101111111111110, sa_flags=SA_RESTART|SA_SIGINFO
SIGQUIT: [libjvm.so+0xb36190], sa_mask[0]=11111111011111111101111111111110, sa_flags=SA_RESTART|SA_SIGINFO


---------------  S Y S T E M  ---------------

OS:NAME="Arch Linux"
PRETTY_NAME="Arch Linux"
ID=arch
ID_LIKE=archlinux
ANSI_COLOR="0;36"
HOME_URL="https://www.archlinux.org/"
SUPPORT_URL="https://bbs.archlinux.org/"
BUG_REPORT_URL="https://bugs.archlinux.org/"
uname:Linux 4.16.7-1-ARCH #1 SMP PREEMPT Wed May 2 21:12:36 UTC 2018 x86_64
libc:glibc 2.27 NPTL 2.27 
rlimit: STACK 8192k, CORE infinity, NPROC 31124, NOFILE 4096, AS infinity
load average:0.27 0.24 0.19

/proc/meminfo:
MemTotal:        8049324 kB
MemFree:         5622276 kB
MemAvailable:    6559476 kB
Buffers:           68580 kB
Cached:           762292 kB
SwapCached:            0 kB
Active:          1368888 kB
Inactive:         842768 kB
Active(anon):    1007388 kB
Inactive(anon):    83272 kB
Active(file):     361500 kB
Inactive(file):   759496 kB
Unevictable:           0 kB
Mlocked:               0 kB
SwapTotal:       8290300 kB
SwapFree:        8290300 kB
Dirty:               424 kB
Writeback:             0 kB
AnonPages:       1380884 kB
Mapped:           298984 kB
Shmem:             84852 kB
Slab:             110480 kB
SReclaimable:      79256 kB
SUnreclaim:        31224 kB
KernelStack:        7280 kB
PageTables:        14648 kB
NFS_Unstable:          0 kB
Bounce:                0 kB
WritebackTmp:          0 kB
CommitLimit:    12314960 kB
Committed_AS:    4076924 kB
VmallocTotal:   34359738367 kB
VmallocUsed:           0 kB
VmallocChunk:          0 kB
HardwareCorrupted:     0 kB
AnonHugePages:         0 kB
ShmemHugePages:        0 kB
ShmemPmdMapped:        0 kB
HugePages_Total:       0
HugePages_Free:        0
HugePages_Rsvd:        0
HugePages_Surp:        0
Hugepagesize:       2048 kB
Hugetlb:               0 kB
DirectMap4k:      118208 kB
DirectMap2M:     3954688 kB
DirectMap1G:     5242880 kB


CPU:total 4 (initial active 4) (2 cores per cpu, 2 threads per core) family 6 model 69 stepping 1, cmov, cx8, fxsr, mmx, sse, sse2, sse3, ssse3, sse4.1, sse4.2, popcnt, avx, avx2, aes, clmul, erms, lzcnt, ht, tsc, tscinvbit, bmi1, bmi2, fma
CPU Model and flags from /proc/cpuinfo:
model name	: Intel(R) Core(TM) i5-4200U CPU @ 1.60GHz
flags		: fpu vme de pse tsc msr pae mce cx8 apic sep mtrr pge mca cmov pat pse36 clflush dts acpi mmx fxsr sse sse2 ss ht tm pbe syscall nx pdpe1gb rdtscp lm constant_tsc arch_perfmon pebs bts rep_good nopl xtopology nonstop_tsc cpuid aperfmperf pni pclmulqdq dtes64 monitor ds_cpl vmx est tm2 ssse3 sdbg fma cx16 xtpr pdcm pcid sse4_1 sse4_2 movbe popcnt aes xsave avx f16c rdrand lahf_lm abm cpuid_fault epb invpcid_single pti tpr_shadow vnmi flexpriority ept vpid fsgsbase tsc_adjust bmi1 avx2 smep bmi2 erms invpcid xsaveopt dtherm ida arat pln pts

Memory: 4k page, physical 8049324k(5622028k free), swap 8290300k(8290300k free)

vm_info: OpenJDK 64-Bit Server VM (9.0.4+11) for linux-amd64 JRE (9.0.4+11), built on Feb  3 2018 14:14:59 by "builduser" with gcc 7.3.0

END.
